C51 COMPILER V9.60.0.0   RL6449_SERIES_DDR2                                                04/23/2026 13:54:38 PAGE 1   


C51 COMPILER V9.60.0.0, COMPILATION OF MODULE RL6449_SERIES_DDR2
OBJECT MODULE PLACED IN .\Output\RL6449_Project\RL6449_Series_DDR2.obj
COMPILER INVOKED BY: C:\Keil_v5\C51\BIN\C51.EXE Kernel\Scaler\RL6449_Series_Scaler\Code\RL6449_Series_DDR2.c LARGE OPTIM
                    -IZE(9,SPEED) INCDIR(.\Output\RL6449_Project;.\Project\Header;.\Pcb;.\Panel;.\Kernel\Device\Header;.\Kernel\Common;.\Kern
                    -el\System\Header;.\Kernel\Scaler\ScalerFunction\Header;.\Kernel\Scaler\ScalerCommonFunction\Header;.\Kernel\Scaler\Scale
                    -rFunction\Lib\Header;.\Kernel\Scaler\ScalerCommonFunction\Lib\Header;.\Kernel\Scaler\RL6449_Series_Scaler\Header;.\Kerne
                    -l\Scaler\RL6449_Series_Scaler\Lib\Header;.\Kernel\Scaler\RL6449_Series_Common\Header;.\Kernel\Scaler\RL6449_Series_Commo
                    -n\Lib\Header;.\Kernel\User Common Function\Header;.\User\RTD Series\RTD2014Function\Header;.\User\RTD Series\RTD2014Osd\
                    -Header;.\User\RTD Factory\Header;.\User\None Series\NoneFunction\Header;.\User\None Series\NoneOsd\Header;.\User\None Fa
                    -ctory\Header;.\User\RTD Factory\Code) DEFINE(_PROJECT=_RL6449_PROJECT,_SCALER_TYPE=_RL6449_SERIES) DEBUG OBJECTEXTEND PR
                    -INT(.\Output\RL6449_Project\RL6449_Series_DDR2.lst) TABS(2) OBJECT(.\Output\RL6449_Project\RL6449_Series_DDR2.obj)

line level    source

   1          /********************************************************************************/
   2          /*   Copyright (c) 2021 Realtek Semiconductor Corp. All rights reserved.        */
   3          /*                                                                              */
   4          /*   SPDX-License-Identifier: LicenseRef-Realtek-Proprietary                    */
   5          /*                                                                              */
   6          /*   This software component is confidential and proprietary to Realtek         */
   7          /*   Semiconductor Corp. Disclosure, reproduction, redistribution, in whole     */
   8          /*   or in part, of this work and its derivatives without express permission    */
   9          /*   is prohibited.                                                             */
  10          /********************************************************************************/
  11          
  12          //----------------------------------------------------------------------------------------------------
  13          // ID Code      : RL6449_Series_DDR2.c No.0000
  14          // Update Note  :
  15          //----------------------------------------------------------------------------------------------------
  16          
  17          #include "ScalerFunctionInclude.h"
  18          
  19          #if(_MEMORY_TYPE_CONFIG == _MEMORY_DDR2)
  20          //****************************************************************************
  21          // DEFINITIONS / MACROS
  22          //****************************************************************************
  23          //--------------------------------------------------
  24          // DDR2 Data Rate
  25          //--------------------------------------------------
  26          #define _DDR2_DATA_RATE_1066M                               1066
  27          #define _DDR2_DATA_RATE_800M                                800
  28          #define _DDR2_DATA_RATE_667M                                667
  29          #define _DDR2_DATA_RATE_533M                                533
  30          
  31          // Total num of theoretical PLL PI(combination of PI & WRLVL)
  32          #define _TOT_THEO_PI_NUM                                    128
  33          
  34          //****************************************************************************
  35          // STRUCT / TYPE / ENUM DEFINITTIONS
  36          //****************************************************************************
  37          
  38          //****************************************************************************
  39          // CODE TABLES
  40          //****************************************************************************
  41          
  42          //****************************************************************************
  43          // VARIABLE DECLARATIONS
  44          //****************************************************************************
  45          // Default DDRPLL Phase
  46          StructDDR2PLLPI code tDDR2_PLL_PHASE[2] =
  47          {
C51 COMPILER V9.60.0.0   RL6449_SERIES_DDR2                                                04/23/2026 13:54:38 PAGE 2   

  48              // CLK,  CMD, DQS0, DQS1,  DQ0,  DQ1
  49              {0x3A, 0x40, 0x3A, 0x3A, 0x4C, 0x4C},
  50              {0x3A, 0x40, 0x3A, 0x3A, 0x4C, 0x4C}
  51          };
  52          
  53          //****************************************************************************
  54          // FUNCTION DECLARATIONS
  55          //****************************************************************************
  56          void ScalerDDR2PowerControl(bit bOn);
  57          void ScalerDDR2DCSysInitial(void);
  58          void ScalerDDR2DCPHYInitial(void);
  59          DWORD ScalerDDR2CalcWrlvlConfig(StructDDR2PLLPI code *pstDDR2PLLPhase);
  60          #if(_MEMORY_SIZE_CONFIG == _16M_16BIT_DDR2_2PCS)
  61          #if(_DISPLAY_ROTATION_SUPPORT == _ON)
  62          void ScalerDDR2RotationSetClientMux(void);
  63          #endif
  64          #endif
  65          
  66          //****************************************************************************
  67          // FUNCTION DEFINITIONS
  68          //****************************************************************************
  69          //--------------------------------------------------
  70          // Description  : DDR Power On/Off
  71          // Input Value  : None
  72          // Output Value : None
  73          //--------------------------------------------------
  74          void ScalerDDR2PowerControl(bit bOn)
  75          {
  76   1          if(bOn == _ON)
  77   1          {
  78   2              // Set MPLL CLK
  79   2              ScalerPLLSetMPLLFreq((DWORD)_MEMORY_PLL_CLOCK * 1000);
  80   2      
  81   2              // Set DDR PLL CLK
  82   2              ScalerPLLSetDDR2PLLFreq((DWORD)_MEMORY_DATA_RATE_SPEED * 1000);
  83   2      
  84   2              //------------------------------
  85   2              // DC Sys Initial
  86   2              //------------------------------
  87   2              ScalerDDR2DCSysInitial();
  88   2      
  89   2              //------------------------------
  90   2              // DC PHY Initial
  91   2              //------------------------------
  92   2              ScalerDDR2DCPHYInitial();
  93   2          }
  94   1          else
  95   1          {
  96   2              // Disable CLK output, Reset PLL, Disable PLL
  97   2              ScalerPLLDDR2PLLOutputCtrl(_DISABLE);
  98   2              ScalerPLLDDR2PLLCtrl(_DISABLE);
  99   2      
 100   2              // Power down MPLL
 101   2              ScalerSetBit(P0_F8_MPLL_WD, ~_BIT0, _BIT0);
 102   2          }
 103   1      }
 104          
 105          //--------------------------------------------------
 106          // Description  : DC Sys initial
 107          // Input Value  : None
 108          // Output Value : None
 109          //--------------------------------------------------
C51 COMPILER V9.60.0.0   RL6449_SERIES_DDR2                                                04/23/2026 13:54:38 PAGE 3   

 110          void ScalerDDR2DCSysInitial(void)
 111          {
 112   1          BYTE ucDDRSel = 0;
 113   1      
 114   1          for(ucDDRSel = _DDR2_DEV_SEQ_BEGIN; ucDDRSel < _DDR2_DEV_SEQ_END; ucDDRSel++)
 115   1          {
 116   2              // (_BIT1 | _BIT0): Page size selection: 00=512bytes, 01=1024bytes, 10=2048bytes, 11=4096bytes
 117   2              ScalerSetDWord(DDR2_GET_REG(P8A_04_DC_SYS_MISC3, ucDDRSel), 0x00010100);
 118   2      
 119   2              // Set DDR2 M1 Client Priority Counter
 120   2              // Cleint0 M1 FRC Capature
 121   2              ScalerSetDWord(DDR2_GET_REG(P8A_80_DC_DEBUG3, ucDDRSel), 0x0010002F);
 122   2      
 123   2              // Cleint2 M1 FRC Display
 124   2              ScalerSetDWord(DDR2_GET_REG(P8A_88_DC_PRIORITY3_CTRL2, ucDDRSel), 0x0020003F);
 125   2      
 126   2              // Cleint4 M1 OD Write
 127   2              ScalerSetDWord(DDR2_GET_REG(P8A_90_DC_PRIORITY3_CTRL4, ucDDRSel), 0x0040005F);
 128   2      
 129   2              // Cleint6 M1 OD Read
 130   2              ScalerSetDWord(DDR2_GET_REG(P8A_98_DC_PRIORITY3_CTRL6, ucDDRSel), 0x0050006F);
 131   2      
 132   2              // Set DDR2 M2 Client Priority Counter
 133   2              // Cleint1 M2 FRC Capature
 134   2              ScalerSetDWord(DDR2_GET_REG(P8A_84_DC_PRIORITY3_CTRL1, ucDDRSel), 0x0010002F);
 135   2      
 136   2              // Cleint3 M2 FRC Display
 137   2              ScalerSetDWord(DDR2_GET_REG(P8A_8C_DC_PRIORITY3_CTRL3, ucDDRSel), 0x0020003F);
 138   2      
 139   2              // Cleint5 M2 OD Write
 140   2              ScalerSetDWord(DDR2_GET_REG(P8A_94_DC_PRIORITY3_CTRL5, ucDDRSel), 0x0040005F);
 141   2      
 142   2              // Cleint8 M2 OD Read
 143   2              ScalerSetDWord(DDR2_GET_REG(P8A_A0_DC_PRIORITY3_CTRL8, ucDDRSel), 0x0050006F);
 144   2      
 145   2              // CleintB MCU Read/Write
 146   2              ScalerSetDWord(DDR2_GET_REG(P8A_AC_DC_PRIORITY3_CTRLB, ucDDRSel), 0x009F009F);
 147   2          }
 148   1      
 149   1      #if(_MEMORY_SIZE_CONFIG == _16M_16BIT_DDR2_1PC)
              
                  // Set DDR2 Clint Mux
                  ScalerSetByte(P37_B0_M_DOMAIN_CLIENT_MUX_CTRL0, ((_DDR2_PRIMARY_DEVICE == _DDR2_A) ? 0x00 : 0x33));
                  ScalerSetByte(P37_B1_M_DOMAIN_CLIENT_MUX_CTRL1, ((_DDR2_PRIMARY_DEVICE == _DDR2_A) ? 0x00 : 0x33));
              
              #elif(_MEMORY_SIZE_CONFIG == _16M_16BIT_DDR2_2PCS)
 156   1      
 157   1          // Set DDR2 Clint Mux
 158   1          ScalerSetByte(P37_B0_M_DOMAIN_CLIENT_MUX_CTRL0, 0x22);
 159   1          ScalerSetByte(P37_B1_M_DOMAIN_CLIENT_MUX_CTRL1, 0x22);
 160   1      #endif
 161   1      }
 162          
 163          //--------------------------------------------------
 164          // Description  : DC Phy initial
 165          // Input Value  : None
 166          // Output Value : None
 167          //--------------------------------------------------
 168          void ScalerDDR2DCPHYInitial(void)
 169          {
 170   1          BYTE ucDDRSel = 0;
 171   1      
C51 COMPILER V9.60.0.0   RL6449_SERIES_DDR2                                                04/23/2026 13:54:38 PAGE 4   

 172   1          for(ucDDRSel = _DDR2_DEV_SEQ_BEGIN; ucDDRSel < _DDR2_DEV_SEQ_END; ucDDRSel++)
 173   1          {
 174   2              //==============================
 175   2              // DLL Setting
 176   2              //==============================
 177   2              // PHY & MAC Frequency Ratio 1:2
 178   2              ScalerSetDWord(DDR2_GET_REG(P8F_D8_BIST_2TO1_0_3, ucDDRSel), 0xB0000000);
 179   2      
 180   2              // One cycele command output delay, RDQS gen mode: PUPD3, enable 3-point cal, fw_set_mode = 'b10.
 181   2              ScalerSetDWord(DDR2_GET_REG(P8F_7C_DPI_CTRL0_3, ucDDRSel), 0x01EF2056);
 182   2      
 183   2              // Enable CS Output One cycle Delay and Initial DQS/DQ Mux table
 184   2              ScalerSetDWord(DDR2_GET_REG(P8E_28_WRLVL_CTRL_3, ucDDRSel), 0x20000FF0);
 185   2              ScalerSetDWord(DDR2_GET_REG(P8E_28_WRLVL_CTRL_3, ucDDRSel), ((0x20000FF0 & 0xFFFCCCCF) | (~0xFFFCC
             -CCF & ScalerDDR2CalcWrlvlConfig(&(tDDR2_PLL_PHASE[ucDDRSel])))));
 186   2      
 187   2              //------------------------------
 188   2              // RDQS Enable
 189   2              //------------------------------
 190   2              // RDQS enable latency
 191   2              ScalerSetDWord(DDR2_GET_REG(P8E_54_READ_CTRL0_SET0_3, ucDDRSel), 0x0000000B); // slice_0: DQS_0
 192   2              ScalerSetDWord(DDR2_GET_REG(P8E_58_READ_CTRL0_SET1_3, ucDDRSel), 0x0000000B); // slice_1: DQS_1
 193   2              // Apply read delay setting
 194   2              ScalerSetDWord(DDR2_GET_REG(P8F_80_DPI_CTRL1_3, ucDDRSel), 0x0000000C);
 195   2      
 196   2              //------------------------------
 197   2              // Read DQ delay tap
 198   2              //------------------------------
 199   2              // RDQ delay tap - rising
 200   2              ScalerSetDWord(DDR2_GET_REG(P8E_B8_DQS_IN_DLY0_SET0_3, ucDDRSel), 0x05050505); // slice_0: DQ_03~D
             -Q_00
 201   2              ScalerSetDWord(DDR2_GET_REG(P8E_BC_DQS_IN_DLY0_SET1_3, ucDDRSel), 0x05050505); // slice_1: DQ_11~D
             -Q_08
 202   2              ScalerSetDWord(DDR2_GET_REG(P8E_C8_DQS_IN_DLY1_SET0_3, ucDDRSel), 0x05050505); // slice_0: DQ_07~D
             -Q_04
 203   2              ScalerSetDWord(DDR2_GET_REG(P8E_CC_DQS_IN_DLY1_SET1_3, ucDDRSel), 0x05050505); // slice_1: DQ_15~D
             -Q_12
 204   2              // RDQ delay tap - falling
 205   2              ScalerSetDWord(DDR2_GET_REG(P8E_D8_DQS_IN_DLY2_SET0_3, ucDDRSel), 0x05050505); // slice_0: DQ_03~D
             -Q_00
 206   2              ScalerSetDWord(DDR2_GET_REG(P8E_DC_DQS_IN_DLY2_SET1_3, ucDDRSel), 0x05050505); // slice_1: DQ_11~D
             -Q_08
 207   2              ScalerSetDWord(DDR2_GET_REG(P8E_E8_DQS_IN_DLY3_SET0_3, ucDDRSel), 0x05050505); // slice_0: DQ_07~D
             -Q_04
 208   2              ScalerSetDWord(DDR2_GET_REG(P8E_EC_DQS_IN_DLY3_SET1_3, ucDDRSel), 0x05050505); // slice_1: DQ_15~D
             -Q_12
 209   2              // Apply read delay setting
 210   2              ScalerSetDWord(DDR2_GET_REG(P8F_80_DPI_CTRL1_3, ucDDRSel), 0x0000000C);
 211   2      
 212   2              //------------------------------
 213   2              // Rx FIFO latency
 214   2              //------------------------------
 215   2              ScalerSetDWord(DDR2_GET_REG(P8E_64_READ_CTRL1_3, ucDDRSel), 0x0001000A);
 216   2              // Apply read delay setting
 217   2              ScalerSetDWord(DDR2_GET_REG(P8F_80_DPI_CTRL1_3, ucDDRSel), 0x0000000C);
 218   2      
 219   2              // Set fw_set_mode = 'b01
 220   2              ScalerSetDWord(DDR2_GET_REG(P8F_7C_DPI_CTRL0_3, ucDDRSel), 0x01EF2055);
 221   2      
 222   2              //------------------------------
 223   2              // Controller IO pad driving/ODT
 224   2              //------------------------------
C51 COMPILER V9.60.0.0   RL6449_SERIES_DDR2                                                04/23/2026 13:54:38 PAGE 5   

 225   2      
 226   2              // Set IO Pad Driving
 227   2              ScalerSetDWord(DDR2_GET_REG(P8F_24_PAD_CK_CTRL_3, ucDDRSel), 0x00C000C0);
 228   2              ScalerSetDWord(DDR2_GET_REG(P8F_28_PAD_CA_CTRL_3, ucDDRSel), 0xC0C0C0C0);
 229   2              // Set unbalanced DQS ODT for PUPD3
 230   2              ScalerSetDWord(DDR2_GET_REG(P8F_2C_PAD_DQS01_CTRL_3, ucDDRSel), 0x00609080);
 231   2              ScalerSetDWord(DDR2_GET_REG(P8F_34_PAD_DQ_CTRL_3, ucDDRSel), 0x50800080);
 232   2      
 233   2              // Set ODT enable interval
 234   2              ScalerSetDWord(DDR2_GET_REG(P8E_68_READ_CTRL2_SET0_3, ucDDRSel), 0x000000FC);
 235   2              ScalerSetDWord(DDR2_GET_REG(P8E_6C_READ_CTRL2_SET1_3, ucDDRSel), 0x000000FC);
 236   2      
 237   2      
 238   2              //==============================
 239   2              // DC PHY Setting
 240   2              //==============================
 241   2              //------------------------------
 242   2              // DDR timing setting
 243   2              //------------------------------
 244   2      #if(_MEMORY_DATA_RATE_SPEED > _DDR2_DATA_RATE_1066M)
 245   2              // DDR data rate: 1200 MHz
 246   2              ScalerSetDWord(DDR2_GET_REG(PA0_00_DC_PHY_TMCTRL0_0, ucDDRSel), 0x000F0A04);        // tRAS, CL, C
             -WL(N/A)
 247   2              ScalerSetDWord(DDR2_GET_REG(PA0_04_DC_PHY_TMCTRL1_0, ucDDRSel), 0x040A0822);        // tRRD, tRP, 
             -tRCDrd, tRC
 248   2              ScalerSetDWord(DDR2_GET_REG(PA0_08_DC_PHY_TMCTRL2_0, ucDDRSel), 0x00040912);        // tCCD, tRTP,
             - tWTR, tWR
 249   2              ScalerSetDWord(DDR2_GET_REG(PA0_0C_DC_PHY_TMCTRL3_0, ucDDRSel), 0x16094015);        // tFAW, tREFI
             -, tRFC
 250   2              ScalerSetDWord(DDR2_GET_REG(PA0_10_DC_PHY_TMCTRL4_0, ucDDRSel), 0x00000A02);        // tMOD, tMRD
 251   2              ScalerSetDWord(DDR2_GET_REG(PA0_14_DC_PHY_TMCTRL5_0, ucDDRSel), 0x00200400);        // tZQoper(N/A
             -), tZQinit(N/A)
 252   2              ScalerSetDWord(DDR2_GET_REG(PA0_18_DC_PHY_TMCTRL6_0, ucDDRSel), 0x00240080);        // tDLLK(N/A),
             - tZQCS(N/A)
 253   2              ScalerSetDWord(DDR2_GET_REG(PA0_44_DC_PHY_MOD_REG_0, ucDDRSel), 0x00420073);        // EMR1, MRS
 254   2              ScalerSetDWord(DDR2_GET_REG(PA0_48_DC_PHY_MOD23_REG_0, ucDDRSel), 0x00000080);      // EMR3, EMR2
 255   2              ScalerSetDWord(DDR2_GET_REG(PA0_38_DC_PHY_DC_MISC_0, ucDDRSel), 0x00000000);
 256   2              ScalerSetDWord(DDR2_GET_REG(PA0_2C_DC_PHY_DC_MIS_0, ucDDRSel), 0x00060008);         // tRCDwr, ddr
             -2_odt_dly, ddr_type = ddr2
 257   2              ScalerSetDWord(DDR2_GET_REG(PA3_90_DC_PHY_WEIGHT_BANK_0, ucDDRSel), 0x00081F38);    // Outstand re
             -order: bank weighting
 258   2      
 259   2      #elif(_MEMORY_DATA_RATE_SPEED > _DDR2_DATA_RATE_800M)
                      // DDR data rate: 1066 MHz
                      ScalerSetDWord(DDR2_GET_REG(PA0_00_DC_PHY_TMCTRL0_0, ucDDRSel), 0x000D0A04);        // tRAS, CL, C
             -WL(N/A)
                      ScalerSetDWord(DDR2_GET_REG(PA0_04_DC_PHY_TMCTRL1_0, ucDDRSel), 0x0308061E);        // tRRD, tRP, 
             -tRCDrd, tRC
                      ScalerSetDWord(DDR2_GET_REG(PA0_08_DC_PHY_TMCTRL2_0, ucDDRSel), 0x00040710);        // tCCD, tRTP,
             - tWTR, tWR
                      ScalerSetDWord(DDR2_GET_REG(PA0_0C_DC_PHY_TMCTRL3_0, ucDDRSel), 0x1208100F);        // tFAW, tREFI
             -, tRFC
                      ScalerSetDWord(DDR2_GET_REG(PA0_10_DC_PHY_TMCTRL4_0, ucDDRSel), 0x00000A02);        // tMOD, tMRD
                      ScalerSetDWord(DDR2_GET_REG(PA0_14_DC_PHY_TMCTRL5_0, ucDDRSel), 0x00200400);        // tZQoper(N/A
             -), tZQinit(N/A)
                      ScalerSetDWord(DDR2_GET_REG(PA0_18_DC_PHY_TMCTRL6_0, ucDDRSel), 0x00240080);        // tDLLK(N/A),
             - tZQCS(N/A)
                      ScalerSetDWord(DDR2_GET_REG(PA0_44_DC_PHY_MOD_REG_0, ucDDRSel), 0x00420E73);        // EMR1, MRS
                      ScalerSetDWord(DDR2_GET_REG(PA0_48_DC_PHY_MOD23_REG_0, ucDDRSel), 0x00000080);      // EMR3, EMR2
                      ScalerSetDWord(DDR2_GET_REG(PA0_38_DC_PHY_DC_MISC_0, ucDDRSel), 0x00000000);
                      ScalerSetDWord(DDR2_GET_REG(PA0_2C_DC_PHY_DC_MIS_0, ucDDRSel), 0x00060008);         // tRCDwr, ddr
             -2_odt_dly, ddr_type = ddr2
C51 COMPILER V9.60.0.0   RL6449_SERIES_DDR2                                                04/23/2026 13:54:38 PAGE 6   

                      ScalerSetDWord(DDR2_GET_REG(PA3_90_DC_PHY_WEIGHT_BANK_0, ucDDRSel), 0x00081F38);    // Outstand re
             -order: bank weighting
              
              #elif((_MEMORY_DATA_RATE_SPEED > _DDR2_DATA_RATE_667M) && (_MEMORY_DATA_RATE_SPEED <= _DDR2_DATA_RATE_800M
             -))
                      ScalerSetDWord(DDR2_GET_REG(PA0_00_DC_PHY_TMCTRL0_0, ucDDRSel), 0x000D0A04);        // tRAS, CL, C
             -WL(N/A)
                      ScalerSetDWord(DDR2_GET_REG(PA0_04_DC_PHY_TMCTRL1_0, ucDDRSel), 0x0308061E);        // tRRD, tRP, 
             -tRCDrd, tRC
                      ScalerSetDWord(DDR2_GET_REG(PA0_08_DC_PHY_TMCTRL2_0, ucDDRSel), 0x00040710);        // tCCD, tRTP,
             - tWTR, tWR
                      ScalerSetDWord(DDR2_GET_REG(PA0_0C_DC_PHY_TMCTRL3_0, ucDDRSel), 0x1204000F);        // tFAW, tREFI
             -, tRFC
                      ScalerSetDWord(DDR2_GET_REG(PA0_10_DC_PHY_TMCTRL4_0, ucDDRSel), 0x00000A02);        // tMOD, tMRD
                      ScalerSetDWord(DDR2_GET_REG(PA0_14_DC_PHY_TMCTRL5_0, ucDDRSel), 0x00200400);        // tZQoper(N/A
             -), tZQinit(N/A)
                      ScalerSetDWord(DDR2_GET_REG(PA0_18_DC_PHY_TMCTRL6_0, ucDDRSel), 0x00240080);        // tDLLK(N/A),
             - tZQCS(N/A)
                      ScalerSetDWord(DDR2_GET_REG(PA0_44_DC_PHY_MOD_REG_0, ucDDRSel), 0x00420E73);        // EMR1, MRS
                      ScalerSetDWord(DDR2_GET_REG(PA0_48_DC_PHY_MOD23_REG_0, ucDDRSel), 0x00000080);      // EMR3, EMR2
                      ScalerSetDWord(DDR2_GET_REG(PA0_38_DC_PHY_DC_MISC_0, ucDDRSel), 0x00000000);
                      ScalerSetDWord(DDR2_GET_REG(PA0_2C_DC_PHY_DC_MIS_0, ucDDRSel), 0x00060008);         // tRCDwr, ddr
             -2_odt_dly, ddr_type = ddr2
                      ScalerSetDWord(DDR2_GET_REG(PA3_90_DC_PHY_WEIGHT_BANK_0, ucDDRSel), 0x00081F38);    // Outstand re
             -order: bank weighting
              
              #elif((_MEMORY_DATA_RATE_SPEED > _DDR2_DATA_RATE_533M) && (_MEMORY_DATA_RATE_SPEED <= _DDR2_DATA_RATE_667M
             -))
                      ScalerSetDWord(DDR2_GET_REG(PA0_00_DC_PHY_TMCTRL0_0, ucDDRSel), 0x000D0A04);        // tRAS, CL, C
             -WL(N/A)
                      ScalerSetDWord(DDR2_GET_REG(PA0_04_DC_PHY_TMCTRL1_0, ucDDRSel), 0x0308061E);        // tRRD, tRP, 
             -tRCDrd, tRC
                      ScalerSetDWord(DDR2_GET_REG(PA0_08_DC_PHY_TMCTRL2_0, ucDDRSel), 0x00040710);        // tCCD, tRTP,
             - tWTR, tWR
                      ScalerSetDWord(DDR2_GET_REG(PA0_0C_DC_PHY_TMCTRL3_0, ucDDRSel), 0x1204000F);        // tFAW, tREFI
             -, tRFC
                      ScalerSetDWord(DDR2_GET_REG(PA0_10_DC_PHY_TMCTRL4_0, ucDDRSel), 0x00000A02);        // tMOD, tMRD
                      ScalerSetDWord(DDR2_GET_REG(PA0_14_DC_PHY_TMCTRL5_0, ucDDRSel), 0x00200400);        // tZQoper(N/A
             -), tZQinit(N/A)
                      ScalerSetDWord(DDR2_GET_REG(PA0_18_DC_PHY_TMCTRL6_0, ucDDRSel), 0x00240080);        // tDLLK(N/A),
             - tZQCS(N/A)
                      ScalerSetDWord(DDR2_GET_REG(PA0_44_DC_PHY_MOD_REG_0, ucDDRSel), 0x00420E73);        // EMR1, MRS
                      ScalerSetDWord(DDR2_GET_REG(PA0_48_DC_PHY_MOD23_REG_0, ucDDRSel), 0x00000080);      // EMR3, EMR2
                      ScalerSetDWord(DDR2_GET_REG(PA0_38_DC_PHY_DC_MISC_0, ucDDRSel), 0x00000000);
                      ScalerSetDWord(DDR2_GET_REG(PA0_2C_DC_PHY_DC_MIS_0, ucDDRSel), 0x00060008);         // tRCDwr, ddr
             -2_odt_dly, ddr_type = ddr2
                      ScalerSetDWord(DDR2_GET_REG(PA3_90_DC_PHY_WEIGHT_BANK_0, ucDDRSel), 0x00081F38);    // Outstand re
             -order: bank weighting
              
              #else
                      ScalerSetDWord(DDR2_GET_REG(PA0_00_DC_PHY_TMCTRL0_0, ucDDRSel), 0x000D0A04);        // tRAS, CL, C
             -WL(N/A)
                      ScalerSetDWord(DDR2_GET_REG(PA0_04_DC_PHY_TMCTRL1_0, ucDDRSel), 0x0308061E);        // tRRD, tRP, 
             -tRCDrd, tRC
                      ScalerSetDWord(DDR2_GET_REG(PA0_08_DC_PHY_TMCTRL2_0, ucDDRSel), 0x00040710);        // tCCD, tRTP,
             - tWTR, tWR
                      ScalerSetDWord(DDR2_GET_REG(PA0_0C_DC_PHY_TMCTRL3_0, ucDDRSel), 0x1204000F);        // tFAW, tREFI
             -, tRFC
                      ScalerSetDWord(DDR2_GET_REG(PA0_10_DC_PHY_TMCTRL4_0, ucDDRSel), 0x00000A02);        // tMOD, tMRD
                      ScalerSetDWord(DDR2_GET_REG(PA0_14_DC_PHY_TMCTRL5_0, ucDDRSel), 0x00200400);        // tZQoper(N/A
             -), tZQinit(N/A)
                      ScalerSetDWord(DDR2_GET_REG(PA0_18_DC_PHY_TMCTRL6_0, ucDDRSel), 0x00240080);        // tDLLK(N/A),
C51 COMPILER V9.60.0.0   RL6449_SERIES_DDR2                                                04/23/2026 13:54:38 PAGE 7   

             - tZQCS(N/A)
                      ScalerSetDWord(DDR2_GET_REG(PA0_44_DC_PHY_MOD_REG_0, ucDDRSel), 0x00420E73);        // EMR1, MRS
                      ScalerSetDWord(DDR2_GET_REG(PA0_48_DC_PHY_MOD23_REG_0, ucDDRSel), 0x00000080);      // EMR3, EMR2
                      ScalerSetDWord(DDR2_GET_REG(PA0_38_DC_PHY_DC_MISC_0, ucDDRSel), 0x00000000);
                      ScalerSetDWord(DDR2_GET_REG(PA0_2C_DC_PHY_DC_MIS_0, ucDDRSel), 0x00060008);         // tRCDwr, ddr
             -2_odt_dly, ddr_type = ddr2
                      ScalerSetDWord(DDR2_GET_REG(PA3_90_DC_PHY_WEIGHT_BANK_0, ucDDRSel), 0x00081F38);    // Outstand re
             -order: bank weighting
              #endif
 316   2      
 317   2              //------------------------------
 318   2              // Other DDR setting
 319   2              //------------------------------
 320   2      #if(_MEMORY_DATA_RATE_SPEED > _DDR2_DATA_RATE_1066M)
 321   2              // Disable Auto Precharge Function
 322   2              ScalerSetDWord(DDR2_GET_REG(PA0_40_DC_PHY_DC_DDR3_CTL_0, ucDDRSel), 0xC00C0000);        // Disable
             - 8-bank support
 323   2      #else
                      // Enable Auto Precharge Function
                      ScalerSetDWord(DDR2_GET_REG(PA0_40_DC_PHY_DC_DDR3_CTL_0, ucDDRSel), 0x000C0000);        // Disable
             - 8-bank support
              #endif
 327   2      
 328   2              ScalerSetDWord(DDR2_GET_REG(PA0_C0_DC_PHY_DUMMY_REG_0, ucDDRSel), 0x80000048);          // DDR2 pi
             -n mux, DDR FSM refresh cmd mask win
 329   2              // DDR die initialization
 330   2              ScalerSetDWord(DDR2_GET_REG(PA1_40_SYS_CMP_FAIL_READ_0_0, ucDDRSel), 0x00000048);
 331   2              ScalerSetDWord(DDR2_GET_REG(PA0_28_DC_PHY_DC_MIS2_0, ucDDRSel), 0x00000010);
 332   2      
 333   2              // Delay Time us [5,x] Waiting for DDR setting
 334   2              DELAY_5US();
 335   2      
 336   2              ScalerSetDWord(DDR2_GET_REG(PA6_00_DC_PHY_FIFO_ARB_0_0, ucDDRSel), 0x00000040);         // cmdq_fi
             -fo
 337   2              ScalerSetDWord(DDR2_GET_REG(PA6_F8_DC_PHY_CS_CTRL_0, ucDDRSel), 0x00000000);            // 2 pcs D
             -DR setting(N/A)
 338   2              ScalerSetDWord(DDR2_GET_REG(PA1_54_SYS_STS_1_0, ucDDRSel), 0x00000001);
 339   2              ScalerSetDWord(DDR2_GET_REG(PA4_98_DC_PHY_DC_SYS2_CTRL_0, ucDDRSel), 0x00000005);
 340   2      
 341   2              // Outstand Reorder Setting
 342   2              ScalerSetDWord(DDR2_GET_REG(PA3_80_DC_PHY_WEIGHT_ENABLE_0, ucDDRSel), 0x0000001D);      // Outstan
             -d reorder enable
 343   2              ScalerSetDWord(DDR2_GET_REG(PA3_88_DC_PHY_WEIGHT_DIERECTION_0, ucDDRSel), 0x00008200);  // Outstan
             -d reorder: direction weighting
 344   2          }
 345   1      }
 346          
 347          //--------------------------------------------------
 348          // Description  : Calculate write level config
 349          // Input Value  : pstDDR2PLLPhase
 350          // Output Value : DWORD (32bit) of register setting
 351          //--------------------------------------------------
 352          DWORD ScalerDDR2CalcWrlvlConfig(StructDDR2PLLPI code *pstDDR2PLLPhase)
 353          {
 354   1          StructDDR2PLLPI stTheoPI;
 355   1          DWORD ulWrlvlConfig = 0;
 356   1      
 357   1          stTheoPI.ucDQS0 = pstDDR2PLLPhase->ucDQS0 % _TOT_THEO_PI_NUM;
 358   1          stTheoPI.ucDQS1 = pstDDR2PLLPhase->ucDQS1 % _TOT_THEO_PI_NUM;
 359   1          stTheoPI.ucDQ0 = pstDDR2PLLPhase->ucDQ0 % _TOT_THEO_PI_NUM;
 360   1          stTheoPI.ucDQ1 = pstDDR2PLLPhase->ucDQ1 % _TOT_THEO_PI_NUM;
 361   1      
C51 COMPILER V9.60.0.0   RL6449_SERIES_DDR2                                                04/23/2026 13:54:38 PAGE 8   

 362   1          // DQS0
 363   1          ulWrlvlConfig |= ((stTheoPI.ucDQS0 < (53 + 0)) ? 0x00000000 :
 364   1                            ((stTheoPI.ucDQS0 < (21 + 64)) ? 0x00000010 :
 365   1                             ((stTheoPI.ucDQS0 < (53 + 64)) ? 0x00001000 : 0x00001010)));
 366   1          // DQS1
 367   1          ulWrlvlConfig |= ((stTheoPI.ucDQS1 < (53 + 0)) ? 0x00000000 :
 368   1                            ((stTheoPI.ucDQS1 < (21 + 64)) ? 0x00000020 :
 369   1                             ((stTheoPI.ucDQS1 < (53 + 64)) ? 0x00002000 : 0x00002020)));
 370   1          // DQ0
 371   1          ulWrlvlConfig |= ((stTheoPI.ucDQ0 < (53 + 0)) ? 0x00000000 :
 372   1                            ((stTheoPI.ucDQ0 < (21 + 64)) ? 0x00000100 :
 373   1                             ((stTheoPI.ucDQ0 < (53 + 64)) ? 0x00010000 : 0x00010100)));
 374   1          // DQ1
 375   1          ulWrlvlConfig |= ((stTheoPI.ucDQ1 < (53 + 0)) ? 0x00000000 :
 376   1                            ((stTheoPI.ucDQ1 < (21 + 64)) ? 0x00000200 :
 377   1                             ((stTheoPI.ucDQ1 < (53 + 64)) ? 0x00020000 : 0x00020200)));
 378   1      
 379   1          return ulWrlvlConfig;
 380   1      }
 381          
 382          #if(_MEMORY_SIZE_CONFIG == _16M_16BIT_DDR2_2PCS)
 383          #if(_DISPLAY_ROTATION_SUPPORT == _ON)
 384          //--------------------------------------------------
 385          // Description  : Switch display client mux for rotation
 386          // Input Value  : None
 387          // Output Value : None
 388          //--------------------------------------------------
 389          void ScalerDDR2RotationSetClientMux(void)
 390          {
 391   1          switch(GET_ROT_TYPE())
 392   1          {
 393   2              case _ROT_CW180:
 394   2      #if(_DISPLAY_HOR_MIRROR_SUPPORT == _ON)
                      case _ROT_VER_MIRROR:
              #endif
 397   2                  // _ROT_CW180, _ROT_VER_MIRROR: set disp client mux different from cap client
 398   2                  // M1
 399   2                  ScalerSetBit(P37_B0_M_DOMAIN_CLIENT_MUX_CTRL0, ~_BIT4, ((ScalerGetBit(P37_B0_M_DOMAIN_CLIENT_M
             -UX_CTRL0, _BIT0) == _BIT0) ? 0x00 : _BIT4));
 400   2                  // M2
 401   2                  ScalerSetBit(P37_B0_M_DOMAIN_CLIENT_MUX_CTRL0, ~_BIT5, ((ScalerGetBit(P37_B0_M_DOMAIN_CLIENT_M
             -UX_CTRL0, _BIT1) == _BIT1) ? 0x00 : _BIT5));
 402   2                  break;
 403   2      
 404   2              default:
 405   2                  // Other cases: set disp client mux as cap client
 406   2                  // M1
 407   2                  ScalerSetBit(P37_B0_M_DOMAIN_CLIENT_MUX_CTRL0, ~_BIT4, ((ScalerGetBit(P37_B0_M_DOMAIN_CLIENT_M
             -UX_CTRL0, _BIT0) == _BIT0) ? _BIT4 : 0x00));
 408   2                  // M2
 409   2                  ScalerSetBit(P37_B0_M_DOMAIN_CLIENT_MUX_CTRL0, ~_BIT5, ((ScalerGetBit(P37_B0_M_DOMAIN_CLIENT_M
             -UX_CTRL0, _BIT1) == _BIT1) ? _BIT5 : 0x00));
 410   2                  break;
 411   2          }
 412   1      }
 413          #endif
 414          #endif
 415          #endif // End of #if(_MEMORY_TYPE_CONFIG == _MEMORY_DDR2)


MODULE INFORMATION:   STATIC OVERLAYABLE
   CODE SIZE        =   2141    ----
C51 COMPILER V9.60.0.0   RL6449_SERIES_DDR2                                                04/23/2026 13:54:38 PAGE 9   

   CONSTANT SIZE    =     12    ----
   XDATA SIZE       =   ----      11
   PDATA SIZE       =   ----    ----
   DATA SIZE        =   ----    ----
   IDATA SIZE       =   ----    ----
   BIT SIZE         =   ----       1
END OF MODULE INFORMATION.


C51 COMPILATION COMPLETE.  0 WARNING(S),  0 ERROR(S)
