C51 COMPILER V9.60.0.0   RL6449_SERIES_COLOR                                               04/23/2026 13:54:37 PAGE 1   


C51 COMPILER V9.60.0.0, COMPILATION OF MODULE RL6449_SERIES_COLOR
OBJECT MODULE PLACED IN .\Output\RL6449_Project\RL6449_Series_Color.obj
COMPILER INVOKED BY: C:\Keil_v5\C51\BIN\C51.EXE Kernel\Scaler\RL6449_Series_Scaler\Code\RL6449_Series_Color.c LARGE OPTI
                    -MIZE(9,SPEED) INCDIR(.\Output\RL6449_Project;.\Project\Header;.\Pcb;.\Panel;.\Kernel\Device\Header;.\Kernel\Common;.\Ker
                    -nel\System\Header;.\Kernel\Scaler\ScalerFunction\Header;.\Kernel\Scaler\ScalerCommonFunction\Header;.\Kernel\Scaler\Scal
                    -erFunction\Lib\Header;.\Kernel\Scaler\ScalerCommonFunction\Lib\Header;.\Kernel\Scaler\RL6449_Series_Scaler\Header;.\Kern
                    -el\Scaler\RL6449_Series_Scaler\Lib\Header;.\Kernel\Scaler\RL6449_Series_Common\Header;.\Kernel\Scaler\RL6449_Series_Comm
                    -on\Lib\Header;.\Kernel\User Common Function\Header;.\User\RTD Series\RTD2014Function\Header;.\User\RTD Series\RTD2014Osd
                    -\Header;.\User\RTD Factory\Header;.\User\None Series\NoneFunction\Header;.\User\None Series\NoneOsd\Header;.\User\None F
                    -actory\Header;.\User\RTD Factory\Code) DEFINE(_PROJECT=_RL6449_PROJECT,_SCALER_TYPE=_RL6449_SERIES) DEBUG OBJECTEXTEND P
                    -RINT(.\Output\RL6449_Project\RL6449_Series_Color.lst) TABS(2) OBJECT(.\Output\RL6449_Project\RL6449_Series_Color.obj)

line level    source

   1          /********************************************************************************/
   2          /*   Copyright (c) 2021 Realtek Semiconductor Corp. All rights reserved.        */
   3          /*                                                                              */
   4          /*   SPDX-License-Identifier: LicenseRef-Realtek-Proprietary                    */
   5          /*                                                                              */
   6          /*   This software component is confidential and proprietary to Realtek         */
   7          /*   Semiconductor Corp. Disclosure, reproduction, redistribution, in whole     */
   8          /*   or in part, of this work and its derivatives without express permission    */
   9          /*   is prohibited.                                                             */
  10          /********************************************************************************/
  11          
  12          //----------------------------------------------------------------------------------------------------
  13          // ID Code      : RL6449_Series_Color.c No.0000
  14          // Update Note  :
  15          //----------------------------------------------------------------------------------------------------
  16          
  17          #include "ScalerFunctionInclude.h"
  18          
  19          //****************************************************************************
  20          // DEFINITIONS / MACROS
  21          //****************************************************************************
  22          #if(_D_DITHER_SUPPORT == _ON)
  23          #define _DDITHER_TEMPORAL_ENABLE                _ENABLE
  24          #endif // end of #if(_D_DITHER_SUPPORT == _ON)
  25          
  26          //****************************************************************************
  27          // STRUCT / TYPE / ENUM DEFINITTIONS
  28          //****************************************************************************
  29          
  30          //****************************************************************************
  31          // CODE TABLES
  32          //****************************************************************************
  33          
  34          //****************************************************************************
  35          // VARIABLE DECLARATIONS
  36          //****************************************************************************
  37          
  38          //****************************************************************************
  39          // FUNCTION DECLARATIONS
  40          //****************************************************************************
  41          #if(_D_DITHER_SUPPORT == _ON)
  42          void ScalerColorDDitherAdjust(BYTE code *pucDitherTable, BYTE code *pucSeqTable, BYTE code *pucTempoTable,
             - BYTE ucBankAddress);
  43          #endif
  44          
  45          #if(_UNIFORMITY_SUPPORT == _ON)
              void ScalerColorPanelUniformityInitial(void);
C51 COMPILER V9.60.0.0   RL6449_SERIES_COLOR                                               04/23/2026 13:54:37 PAGE 2   

              #endif
  48          
  49          #if(_LOCAL_DIMMING_SUPPORT == _ON)
              void ScalerColorPanelUniformityLDInitial(EnumUniformityModeSelect enumUniformityMode);
              #endif
  52          
  53          //****************************************************************************
  54          // FUNCTION DEFINITIONS
  55          //****************************************************************************
  56          #if(_D_DITHER_SUPPORT == _ON)
  57          //--------------------------------------------------
  58          // Description  : Adjust D Dither Common Setting
  59          // Input Value  :
  60          //                pucDitherTable : Dither Table Pointer
  61          //                pucSeqTable : Seq Table Pointer
  62          //                pucTempoTable : Temporal Table Pointer
  63          //                ucBankAddress : Bank Address
  64          // Output Value : None
  65          //--------------------------------------------------
  66          void ScalerColorDDitherAdjust(BYTE code *pucDitherTable, BYTE code *pucSeqTable, BYTE code *pucTempoTable,
             - BYTE ucBankAddress)
  67          {
  68   1          DWORD ulSettingOption = 0x00000000;
  69   1          BYTE ucKeepNFrame = _DDITHER_KEEP_1_FRAME;
  70   1      
  71   1          ScalerColorDDitherLoadDitherTable(pucDitherTable, ucBankAddress);
  72   1      
  73   1      #if((_D_DITHER_MULTI_SEQ_ENABLE == _ENABLE) || (_D_DITHER_SERIES_SEQ_ENABLE == _ENABLE) || (_D_DITHER_ADVA
             -NCE_SETTING_ENABLE == _ENABLE))
                  ScalerColorDDitherLoadSeqTable(pucSeqTable, 192, ucBankAddress);
              #else
  76   1          ScalerColorDDitherLoadSeqTable(pucSeqTable, 48, ucBankAddress);
  77   1      #endif
  78   1      
  79   1          ScalerColorDDitherLoadTempoTable(pucTempoTable, ucBankAddress);
  80   1      
  81   1      #if(((_D_DITHER_MULTI_SEQ_ENABLE == _ENABLE) && (_D_DITHER_SERIES_SEQ_ENABLE == _DISABLE)) ||\
  82   1          (_D_DITHER_SHARE_SEQ_ENABLE == _ENABLE) || (_D_DITHER_SEQ_INV_ENABLE == _ENABLE) ||\
  83   1          (_D_DITHER_V_FRAME_MOD == _ENABLE) || (_D_DITHER_H_FRAME_MOD == _ENABLE))
              
                  switch(_D_DITHER_SUPER_PIXEL_SIZE)
                  {
                      case _DDITHER_SUPER_PIXEL_2X2:
                          if(_PANEL_DISP_BIT_MODE == _PANEL_DISP_30_BIT)
                          {
                              ucKeepNFrame = _DDITHER_KEEP_4_FRAME;
                          }
                          else
                          {
                              ucKeepNFrame = _DDITHER_KEEP_16_FRAME;
                          }
                          break;
              
                      case _DDITHER_SUPER_PIXEL_2X4:
                      case _DDITHER_SUPER_PIXEL_4X2:
                          if(_PANEL_DISP_BIT_MODE == _PANEL_DISP_30_BIT)
                          {
                              ucKeepNFrame = _DDITHER_KEEP_2_FRAME;
                          }
                          else
                          {
                              ucKeepNFrame = _DDITHER_KEEP_8_FRAME;
C51 COMPILER V9.60.0.0   RL6449_SERIES_COLOR                                               04/23/2026 13:54:37 PAGE 3   

                          }
                          break;
              
                      case _DDITHER_SUPER_PIXEL_4X4:
                          if(_PANEL_DISP_BIT_MODE == _PANEL_DISP_30_BIT)
                          {
                              ucKeepNFrame = _DDITHER_KEEP_1_FRAME;
                          }
                          else
                          {
                              ucKeepNFrame = _DDITHER_KEEP_4_FRAME;
                          }
                          break;
              
                      case _DDITHER_SUPER_PIXEL_4X8:
                      case _DDITHER_SUPER_PIXEL_8X4:
                          if(_PANEL_DISP_BIT_MODE == _PANEL_DISP_30_BIT)
                          {
                              ucKeepNFrame = _DDITHER_KEEP_1_FRAME;
                          }
                          else
                          {
                              ucKeepNFrame = _DDITHER_KEEP_2_FRAME;
                          }
                          break;
              
                      default:
                          ucKeepNFrame = _DDITHER_KEEP_1_FRAME;
                          break;
                  }
              
              #endif
 139   1      
 140   1          ulSettingOption = (_DDITHER_TEMPORAL_ENABLE << 4) | (_D_DITHER_V_FRAME_MOD << 1) | _D_DITHER_H_FRAME_M
             -OD;
 141   1          ulSettingOption = ulSettingOption | (((DWORD)((ucKeepNFrame << 4) | _D_DITHER_SUPER_PIXEL_SIZE)) << 8)
             -;
 142   1          ulSettingOption = ulSettingOption | (((DWORD)((_D_DITHER_SERIES_SEQ_ENABLE << 3) | (_D_DITHER_MULTI_SE
             -Q_ENABLE << 2))) << 16);
 143   1          ulSettingOption = ulSettingOption | (((DWORD)((_D_DITHER_SHARE_SEQ_ENABLE << 3) | (_D_DITHER_SEQ_INV_E
             -NABLE << 1) | _D_DITHER_SEQ_INV_MODE)) << 24);
 144   1      
 145   1          ScalerColorDDitherLoadSetting(ulSettingOption);
 146   1      }
 147          #endif // #if(_D_DITHER_SUPPORT == _ON)
 148          
 149          #if(_UNIFORMITY_SUPPORT == _ON)
              //--------------------------------------------------
              // Description  : Initial Panel Uniformity Setting
              // Input Value  : None
              // Output Value : None
              //--------------------------------------------------
              void ScalerColorPanelUniformityInitial(void)
              {
                  ScalerSetBit(P34_00_UN_GLOBAL_CTRL, ~(_BIT6 | _BIT5 | _BIT4 | _BIT3), (((_PANEL_UNIFORMITY_HOR_INTERVA
             -L / 64) << 5) | ((_PANEL_UNIFORMITY_VER_INTERVAL / 64) << 3)));
              
              
                  ScalerSetByte(P34_02_UN_GAIN_LUT_HOR_GRIDS, _PANEL_UNIFORMITY_HOR_GRIDS);
                  ScalerSetByte(P34_03_UN_GAIN_LUT_VER_GRIDS, _PANEL_UNIFORMITY_VER_GRIDS);
                  ScalerSetByte(P34_04_UN_GAIN_LUT_HOR_OFFSET, _PANEL_UNIFORMITY_HOR_OFFSET);
                  ScalerSetByte(P34_05_UN_GAIN_LUT_VER_OFFSET, _PANEL_UNIFORMITY_VER_OFFSET);
C51 COMPILER V9.60.0.0   RL6449_SERIES_COLOR                                               04/23/2026 13:54:37 PAGE 4   

              }
              #endif // End of #if(_UNIFORMITY_SUPPORT == _ON)
 166          
 167          #if(_LOCAL_DIMMING_SUPPORT == _ON)
              //--------------------------------------------------
              // Description  : Initial Panel Uniformity local cdimming Setting
              // Input Value  : enumUniformityMode
              // Output Value : None
              //--------------------------------------------------
              void ScalerColorPanelUniformityLDInitial(EnumUniformityModeSelect enumUniformityMode)
              {
                  BYTE pucUNILUT[5] = {0x07, 0xFF, 0x77, 0xFF, 0xFF};
                  WORD usTemp = 0;
              
                  if(enumUniformityMode == _UNIFORMITY_OGC_MODE)
                  {
                      ScalerSetBit(P34_00_UN_GLOBAL_CTRL, ~(_BIT6 | _BIT5 | _BIT4 | _BIT3), (_BIT6 | _BIT4)); // only in
             -terval 128 in local dimming
                  }
                  else if(enumUniformityMode == _UNIFORMITY_PCM_MODE)
                  {
                      ScalerSetBit(P34_00_UN_GLOBAL_CTRL, ~(_BIT6 | _BIT5 | _BIT4 | _BIT3 | _BIT1), (_BIT6 | _BIT4 | _BI
             -T1)); // only interval 128 in local dimming
                  }
              
                  ScalerSetByte(P34_01_UN_MULTI_LUT_CTRL, 0x00); // only 1 level in local dimming
              
                  ScalerSetByte(P34_02_UN_GAIN_LUT_HOR_GRIDS, _PANEL_UNIFORMITY_LD_HOR_GRIDS);
                  ScalerSetByte(P34_03_UN_GAIN_LUT_VER_GRIDS, _PANEL_UNIFORMITY_LD_VER_GRIDS);
                  ScalerSetByte(P34_04_UN_GAIN_LUT_HOR_OFFSET, _PANEL_UNIFORMITY_LD_HOR_OFFSET);
                  ScalerSetByte(P34_05_UN_GAIN_LUT_VER_OFFSET, _PANEL_UNIFORMITY_LD_VER_OFFSET);
              
                  // Enable uniformity access
                  ScalerSetBit(P34_00_UN_GLOBAL_CTRL, ~_BIT2, _BIT2);
              
                  // Set uniformity gain initial
                  for(usTemp = 0; usTemp < 9280; usTemp++)
                  {
                      ScalerBurstWrite(pucUNILUT, 5, GET_CURRENT_BANK_NUMBER(), P34_08_UN_GAIN_LUT_ACCESS_PORT, _BURSTWR
             -ITE_DATA_COMMON, _BURSTWRITE_FROM_XRAM);
                  }
              
                  // Disable uniformity access
                  ScalerSetBit(P34_00_UN_GLOBAL_CTRL, ~_BIT2, 0x00);
              }
              #endif
 207          


MODULE INFORMATION:   STATIC OVERLAYABLE
   CODE SIZE        =    162    ----
   CONSTANT SIZE    =   ----    ----
   XDATA SIZE       =   ----      12
   PDATA SIZE       =   ----    ----
   DATA SIZE        =   ----    ----
   IDATA SIZE       =   ----    ----
   BIT SIZE         =   ----    ----
END OF MODULE INFORMATION.


C51 COMPILATION COMPLETE.  0 WARNING(S),  0 ERROR(S)
