C51 COMPILER V9.60.0.0   RL6449_SERIES_IDOMAIN                                             04/23/2026 13:54:46 PAGE 1   


C51 COMPILER V9.60.0.0, COMPILATION OF MODULE RL6449_SERIES_IDOMAIN
OBJECT MODULE PLACED IN .\Output\RL6449_Project\RL6449_Series_IDomain.obj
COMPILER INVOKED BY: C:\Keil_v5\C51\BIN\C51.EXE Kernel\Scaler\RL6449_Series_Scaler\Code\RL6449_Series_IDomain.c LARGE OP
                    -TIMIZE(9,SPEED) INCDIR(.\Output\RL6449_Project;.\Project\Header;.\Pcb;.\Panel;.\Kernel\Device\Header;.\Kernel\Common;.\K
                    -ernel\System\Header;.\Kernel\Scaler\ScalerFunction\Header;.\Kernel\Scaler\ScalerCommonFunction\Header;.\Kernel\Scaler\Sc
                    -alerFunction\Lib\Header;.\Kernel\Scaler\ScalerCommonFunction\Lib\Header;.\Kernel\Scaler\RL6449_Series_Scaler\Header;.\Ke
                    -rnel\Scaler\RL6449_Series_Scaler\Lib\Header;.\Kernel\Scaler\RL6449_Series_Common\Header;.\Kernel\Scaler\RL6449_Series_Co
                    -mmon\Lib\Header;.\Kernel\User Common Function\Header;.\User\RTD Series\RTD2014Function\Header;.\User\RTD Series\RTD2014O
                    -sd\Header;.\User\RTD Factory\Header;.\User\None Series\NoneFunction\Header;.\User\None Series\NoneOsd\Header;.\User\None
                    - Factory\Header;.\User\RTD Factory\Code) DEFINE(_PROJECT=_RL6449_PROJECT,_SCALER_TYPE=_RL6449_SERIES) DEBUG OBJECTEXTEND
                    - PRINT(.\Output\RL6449_Project\RL6449_Series_IDomain.lst) TABS(2) OBJECT(.\Output\RL6449_Project\RL6449_Series_IDomain.o
                    -bj)

line level    source

   1          /********************************************************************************/
   2          /*   Copyright (c) 2021 Realtek Semiconductor Corp. All rights reserved.        */
   3          /*                                                                              */
   4          /*   SPDX-License-Identifier: LicenseRef-Realtek-Proprietary                    */
   5          /*                                                                              */
   6          /*   This software component is confidential and proprietary to Realtek         */
   7          /*   Semiconductor Corp. Disclosure, reproduction, redistribution, in whole     */
   8          /*   or in part, of this work and its derivatives without express permission    */
   9          /*   is prohibited.                                                             */
  10          /********************************************************************************/
  11          
  12          //----------------------------------------------------------------------------------------------------
  13          // ID Code      : RL6449_Series_IDomain.c No.0000
  14          // Update Note  :
  15          //----------------------------------------------------------------------------------------------------
  16          
  17          #include "ScalerFunctionInclude.h"
  18          
  19          //****************************************************************************
  20          // DEFINITIONS / MACROS
  21          //****************************************************************************
  22          
  23          //****************************************************************************
  24          // STRUCT / TYPE / ENUM DEFINITTIONS
  25          //****************************************************************************
  26          
  27          //****************************************************************************
  28          // CODE TABLES
  29          //****************************************************************************
  30          
  31          //****************************************************************************
  32          // VARIABLE DECLARATIONS
  33          //****************************************************************************
  34          
  35          //****************************************************************************
  36          // FUNCTION DECLARATIONS
  37          //****************************************************************************
  38          bit ScalerIDomainCheckDigitalCapture(void);
  39          
  40          //****************************************************************************
  41          // FUNCTION DEFINITIONS
  42          //****************************************************************************
  43          //--------------------------------------------------
  44          // Description  : Check if to enable VGIP digital capture
  45          // Input Value  : N/A
  46          // Output Value : _TRUE or _FALSE
C51 COMPILER V9.60.0.0   RL6449_SERIES_IDOMAIN                                             04/23/2026 13:54:46 PAGE 2   

  47          //--------------------------------------------------
  48          bit ScalerIDomainCheckDigitalCapture(void)
  49          {
  50   1      #if(_PIXEL_SHIFT_SUPPORT == _ON)
              
              #if(_FREESYNC_SUPPORT == _ON)
                  if(GET_FREESYNC_ENABLED() == _TRUE)
                  {
                      return _TRUE;
                  }
              #endif
              
                  return _FALSE;
              
              #else
  62   1      
  63   1          return _TRUE;
  64   1      
  65   1      #endif
  66   1      }


MODULE INFORMATION:   STATIC OVERLAYABLE
   CODE SIZE        =      2    ----
   CONSTANT SIZE    =   ----    ----
   XDATA SIZE       =   ----    ----
   PDATA SIZE       =   ----    ----
   DATA SIZE        =   ----    ----
   IDATA SIZE       =   ----    ----
   BIT SIZE         =   ----    ----
END OF MODULE INFORMATION.


C51 COMPILATION COMPLETE.  0 WARNING(S),  0 ERROR(S)
