C51 COMPILER V9.60.0.0   RL6449_SERIES_SYNCPROC                                            04/23/2026 13:54:55 PAGE 1   


C51 COMPILER V9.60.0.0, COMPILATION OF MODULE RL6449_SERIES_SYNCPROC
OBJECT MODULE PLACED IN .\Output\RL6449_Project\RL6449_Series_SyncProc.obj
COMPILER INVOKED BY: C:\Keil_v5\C51\BIN\C51.EXE Kernel\Scaler\RL6449_Series_Scaler\Code\RL6449_Series_SyncProc.c LARGE O
                    -PTIMIZE(9,SPEED) INCDIR(.\Output\RL6449_Project;.\Project\Header;.\Pcb;.\Panel;.\Kernel\Device\Header;.\Kernel\Common;.\
                    -Kernel\System\Header;.\Kernel\Scaler\ScalerFunction\Header;.\Kernel\Scaler\ScalerCommonFunction\Header;.\Kernel\Scaler\S
                    -calerFunction\Lib\Header;.\Kernel\Scaler\ScalerCommonFunction\Lib\Header;.\Kernel\Scaler\RL6449_Series_Scaler\Header;.\K
                    -ernel\Scaler\RL6449_Series_Scaler\Lib\Header;.\Kernel\Scaler\RL6449_Series_Common\Header;.\Kernel\Scaler\RL6449_Series_C
                    -ommon\Lib\Header;.\Kernel\User Common Function\Header;.\User\RTD Series\RTD2014Function\Header;.\User\RTD Series\RTD2014
                    -Osd\Header;.\User\RTD Factory\Header;.\User\None Series\NoneFunction\Header;.\User\None Series\NoneOsd\Header;.\User\Non
                    -e Factory\Header;.\User\RTD Factory\Code) DEFINE(_PROJECT=_RL6449_PROJECT,_SCALER_TYPE=_RL6449_SERIES) DEBUG OBJECTEXTEN
                    -D PRINT(.\Output\RL6449_Project\RL6449_Series_SyncProc.lst) TABS(2) OBJECT(.\Output\RL6449_Project\RL6449_Series_SyncPro
                    -c.obj)

line level    source

   1          /********************************************************************************/
   2          /*   Copyright (c) 2021 Realtek Semiconductor Corp. All rights reserved.        */
   3          /*                                                                              */
   4          /*   SPDX-License-Identifier: LicenseRef-Realtek-Proprietary                    */
   5          /*                                                                              */
   6          /*   This software component is confidential and proprietary to Realtek         */
   7          /*   Semiconductor Corp. Disclosure, reproduction, redistribution, in whole     */
   8          /*   or in part, of this work and its derivatives without express permission    */
   9          /*   is prohibited.                                                             */
  10          /********************************************************************************/
  11          
  12          //----------------------------------------------------------------------------------------------------
  13          // ID Code      : RL6449_Series_SyncProc.c No.0000
  14          // Update Note  :
  15          //----------------------------------------------------------------------------------------------------
  16          
  17          #include "ScalerFunctionInclude.h"
  18          
  19          //****************************************************************************
  20          // DEFINITIONS / MACROS
  21          //****************************************************************************
  22          
  23          //****************************************************************************
  24          // STRUCT / TYPE / ENUM DEFINITTIONS
  25          //****************************************************************************
  26          
  27          //****************************************************************************
  28          // CODE TABLES
  29          //****************************************************************************
  30          
  31          //****************************************************************************
  32          // VARIABLE DECLARATIONS
  33          //****************************************************************************
  34          
  35          //****************************************************************************
  36          // FUNCTION DECLARATIONS
  37          //****************************************************************************
  38          
  39          //****************************************************************************
  40          // FUNCTION DEFINITIONS
  41          //****************************************************************************


MODULE INFORMATION:   STATIC OVERLAYABLE
   CODE SIZE        =   ----    ----
   CONSTANT SIZE    =   ----    ----
C51 COMPILER V9.60.0.0   RL6449_SERIES_SYNCPROC                                            04/23/2026 13:54:55 PAGE 2   

   XDATA SIZE       =   ----    ----
   PDATA SIZE       =   ----    ----
   DATA SIZE        =   ----    ----
   IDATA SIZE       =   ----    ----
   BIT SIZE         =   ----    ----
END OF MODULE INFORMATION.


C51 COMPILATION COMPLETE.  0 WARNING(S),  0 ERROR(S)
