C51 COMPILER V9.60.0.0   RL6449_SERIES_DISPLAYDPTX                                         04/23/2026 13:54:39 PAGE 1   


C51 COMPILER V9.60.0.0, COMPILATION OF MODULE RL6449_SERIES_DISPLAYDPTX
OBJECT MODULE PLACED IN .\Output\RL6449_Project\RL6449_Series_DisplayDPTx.obj
COMPILER INVOKED BY: C:\Keil_v5\C51\BIN\C51.EXE Kernel\Scaler\RL6449_Series_Scaler\Code\RL6449_Series_DisplayDPTx.c LARG
                    -E OPTIMIZE(9,SPEED) INCDIR(.\Output\RL6449_Project;.\Project\Header;.\Pcb;.\Panel;.\Kernel\Device\Header;.\Kernel\Common
                    -;.\Kernel\System\Header;.\Kernel\Scaler\ScalerFunction\Header;.\Kernel\Scaler\ScalerCommonFunction\Header;.\Kernel\Scale
                    -r\ScalerFunction\Lib\Header;.\Kernel\Scaler\ScalerCommonFunction\Lib\Header;.\Kernel\Scaler\RL6449_Series_Scaler\Header;
                    -.\Kernel\Scaler\RL6449_Series_Scaler\Lib\Header;.\Kernel\Scaler\RL6449_Series_Common\Header;.\Kernel\Scaler\RL6449_Serie
                    -s_Common\Lib\Header;.\Kernel\User Common Function\Header;.\User\RTD Series\RTD2014Function\Header;.\User\RTD Series\RTD2
                    -014Osd\Header;.\User\RTD Factory\Header;.\User\None Series\NoneFunction\Header;.\User\None Series\NoneOsd\Header;.\User\
                    -None Factory\Header;.\User\RTD Factory\Code) DEFINE(_PROJECT=_RL6449_PROJECT,_SCALER_TYPE=_RL6449_SERIES) DEBUG OBJECTEX
                    -TEND PRINT(.\Output\RL6449_Project\RL6449_Series_DisplayDPTx.lst) TABS(2) OBJECT(.\Output\RL6449_Project\RL6449_Series_D
                    -isplayDPTx.obj)

line level    source

   1          /********************************************************************************/
   2          /*   Copyright (c) 2021 Realtek Semiconductor Corp. All rights reserved.        */
   3          /*                                                                              */
   4          /*   SPDX-License-Identifier: LicenseRef-Realtek-Proprietary                    */
   5          /*                                                                              */
   6          /*   This software component is confidential and proprietary to Realtek         */
   7          /*   Semiconductor Corp. Disclosure, reproduction, redistribution, in whole     */
   8          /*   or in part, of this work and its derivatives without express permission    */
   9          /*   is prohibited.                                                             */
  10          /********************************************************************************/
  11          
  12          //----------------------------------------------------------------------------------------------------
  13          // ID Code      : RL6449_Series_DisplayDPTx.c No.0000
  14          // Update Note  :
  15          //----------------------------------------------------------------------------------------------------
  16          
  17          #include "ScalerFunctionInclude.h"
  18          
  19          #if(_PANEL_STYLE == _PANEL_DPTX)
  20          
  21          //****************************************************************************
  22          // DEFINITIONS / MACROS
  23          //****************************************************************************
  24          #define _DISPLAY_DP_TX_SKEW_LANE0                   0
  25          #define _DISPLAY_DP_TX_SKEW_LANE1                   2
  26          #define _DISPLAY_DP_TX_SKEW_LANE2                   4
  27          #define _DISPLAY_DP_TX_SKEW_LANE3                   6
  28          
  29          //****************************************************************************
  30          // STRUCT / TYPE / ENUM DEFINITTIONS
  31          //****************************************************************************
  32          
  33          //****************************************************************************
  34          // CODE TABLES
  35          //****************************************************************************
  36          BYTE code tDISPLAY_DPTX_DRV_RBR_HBR_TABLE[48] =
  37          {
  38              // Pre-emphasis->        0                    1                    2                    3
  39              // VoltageSwing
  40              /*    0    */      0x00, 0x04, 0x40,    0x03, 0x06, 0x42,    0x85, 0x0A, 0x36,    0x0F, 0x0F, 0xF5,
  41              /*    1    */      0x00, 0x06, 0x42,    0x21, 0x0E, 0x24,    0x1C, 0x0F, 0xFF,    0x1C, 0x0F, 0xFF,
  42              /*    2    */      0x00, 0x0E, 0x42,    0x1C, 0x0F, 0xFA,    0x1C, 0x0F, 0xFA,    0x1C, 0x0F, 0xFA,
  43              /*    3    */      0x00, 0x0F, 0x2D,    0x00, 0x0F, 0x2D,    0x00, 0x0F, 0x2D,    0x00, 0x0F, 0x2D,
  44          };
  45          
  46          BYTE code tDISPLAY_DPTX_DRV_HBR2_TABLE[48] =
C51 COMPILER V9.60.0.0   RL6449_SERIES_DISPLAYDPTX                                         04/23/2026 13:54:39 PAGE 2   

  47          {
  48              // Pre-emphasis->        0                    1                    2                    3
  49              // VoltageSwing
  50              /*    0    */      0x00, 0x03, 0x22,    0x0F, 0x0B, 0x61,    0x0F, 0x0C, 0x5A,    0x63, 0x0F, 0xBE,
  51              /*    1    */      0x00, 0x05, 0x33,    0x23, 0x0E, 0x67,    0xE0, 0x0F, 0x7F,    0xE0, 0x0F, 0x7F,
  52              /*    2    */      0x00, 0x07, 0x55,    0xE0, 0x0B, 0xFF,    0xE0, 0x0B, 0xFF,    0xE0, 0x0B, 0xFF,
  53              /*    3    */      0x00, 0x0F, 0x2D,    0x00, 0x0F, 0x2D,    0x00, 0x0F, 0x2D,    0x00, 0x0F, 0x2D,
  54          };
  55          
  56          //****************************************************************************
  57          // VARIABLE DECLARATIONS
  58          //****************************************************************************
  59          
  60          //****************************************************************************
  61          // FUNCTION DECLARATIONS
  62          //****************************************************************************
  63          void ScalerDisplayDPTxPollingHotPlug(WORD usNum);
  64          bit ScalerDisplayDPTxLinkSequence(void);
  65          void ScalerDisplayDPTxLinkConfigCheck(void);
  66          void ScalerDisplayDPTxCheckSSC(void);
  67          void ScalerDisplayDPTxStreamHanlder(bit bOutput);
  68          
  69          #if(_PANEL_DPTX_FORCE_OUTPUT_SUPPORT == _ON)
              void ScalerDisplayDPTxLinkSignalForceOutput(void);
              #endif
  72          
  73          void ScalerDisplayDPTxPowerSequenceProc(bit bLevel);
  74          void ScalerDisplayDPTxPhyInitial(void);
  75          void ScalerDisplayDPTxSSCSet(bit bSscEn);
  76          void ScalerDisplayDPTxPhy(bit bOn);
  77          void ScalerDisplayDPTxPLL(bit bOn);
  78          void ScalerDisplayDPTxPower(bit bOn);
  79          void ScalerDisplayDPTxSetLinkRate(void);
  80          void ScalerDisplayDPTxSetZ0(void);
  81          
  82          #if(_DISPLAY_DP_TX_PORT_1 == _ON)
  83          void ScalerDisplayDPTx1AuxPHYSet(BYTE ucMode);
  84          void ScalerDisplayDPTx1SetSignalLevel(EnumDisplayDPTxLane enumLaneX, BYTE ucVoltageSwing, BYTE ucPreEmphas
             -is);
  85          void ScalerDisplayDPTx1SignalInitialSetting(void);
  86          EnumDisplayDPTxTrainPattern ScalerDisplayDPTx1SetTp2PatternType(void);
  87          #endif // End of #if(_DISPLAY_DP_TX_PORT_1 == _ON)
  88          
  89          #if(_DISPLAY_DP_TX_PORT_2 == _ON)
              void ScalerDisplayDPTx2SetSignalLevel(EnumDisplayDPTxLane enumLaneX, BYTE ucVoltageSwing, BYTE ucPreEmphas
             -is);
              EnumDisplayDPTxTrainPattern ScalerDisplayDPTx2SetTp2PatternType(void);
              #endif // End of #if(_DISPLAY_DP_TX_PORT_2 == _ON)
  93          
  94          //****************************************************************************
  95          // FUNCTION DEFINITIONS
  96          //****************************************************************************
  97          //--------------------------------------------------
  98          // Description  : Wait for Dp Tx Htpdn
  99          // Input Value  : WORD usNum
 100          // Output Value : None
 101          //--------------------------------------------------
 102          void ScalerDisplayDPTxPollingHotPlug(WORD usNum)
 103          {
 104   1          WORD usTimeElapsed = 0;
 105   1          WORD usPreviousTime = 0;
 106   1          bit bHPCheck = _FALSE;
C51 COMPILER V9.60.0.0   RL6449_SERIES_DISPLAYDPTX                                         04/23/2026 13:54:39 PAGE 3   

 107   1          usPreviousTime = g_usTimerCounter;
 108   1      
 109   1          do
 110   1          {
 111   2              bHPCheck = _SUCCESS;
 112   2      
 113   2      #if(_PANEL_DPTX_LINK_SEQUENCE_SWAP == _OFF)
 114   2      #if(_DISPLAY_DP_TX_PORT_1 == _ON)
 115   2      
 116   2              if(ScalerGetBit(P9C_70_HPD_CTRL, _BIT2) == _BIT2)
 117   2              {
 118   3                  bHPCheck &= _SUCCESS;
 119   3      
 120   3      #if(_PANEL_DPTX_SET_HPD_DETECT_SEQUENCE == _HPD_DETECT_AFTER_PANEL_HPD_T2_TIME)
                          // Clear HPD IRQ Flag
                          ScalerSetByte(P9C_71_HPD_IRQ, 0xFE);
              #endif
 124   3      
 125   3                  // Panel DPTx Power Sequence Check Point
 126   3                  PCB_DPTX1_POWER_SEQUENCE(_DPTX_POWER_SEQUENCE_HPD_ON);
 127   3              }
 128   2              else
 129   2              {
 130   3      #if(((_PANEL_DPTX_VENDOR_SPECIFIC_TYPE & _PANEL_DPTX_VENDOR_SPECIFIC_004F1H) == _PANEL_DPTX_VENDOR_SPECIFI
             -C_004F1H) &&\
 131   3          (_DISPLAY_DP_TX_PORT_2 == _ON))
                          pData[0] = 0x01;
                          ScalerDisplayDPTx2NativeAuxWrite(0x00, 0x04, 0xF1, 1, pData);
              #endif
 135   3      
 136   3                  bHPCheck &= _FALSE;
 137   3              }
 138   2      #endif // End of #if(_DISPLAY_DP_TX_PORT_1 == _ON)
 139   2      
 140   2      #if(_DISPLAY_DP_TX_PORT_2 == _ON)
              
                      if(ScalerGetBit(P9E_70_HPD_CTRL, _BIT2) == _BIT2)
                      {
                          bHPCheck &= _SUCCESS;
              
              #if(_PANEL_DPTX_SET_HPD_DETECT_SEQUENCE == _HPD_DETECT_AFTER_PANEL_HPD_T2_TIME)
                          // Clear HPD IRQ Flag
                          ScalerSetByte(P9E_71_HPD_IRQ, 0xFE);
              #endif
              
                          // Panel DPTx Power Sequence Check Point
                          PCB_DPTX2_POWER_SEQUENCE(_DPTX_POWER_SEQUENCE_HPD_ON);
                      }
                      else
                      {
              #if(((_PANEL_DPTX_VENDOR_SPECIFIC_TYPE & _PANEL_DPTX_VENDOR_SPECIFIC_004F1H) == _PANEL_DPTX_VENDOR_SPECIFI
             -C_004F1H) &&\
                  (_DISPLAY_DP_TX_PORT_1 == _ON))
                          pData[0] = 0x01;
                          ScalerDisplayDPTx1NativeAuxWrite(0x00, 0x04, 0xF1, 1, pData);
              #endif
              
                          bHPCheck &= _FALSE;
                      }
              #endif // End of #if(_DISPLAY_DP_TX_PORT_2 == _ON)
 165   2      #else
              #if(_DISPLAY_DP_TX_PORT_2 == _ON)
C51 COMPILER V9.60.0.0   RL6449_SERIES_DISPLAYDPTX                                         04/23/2026 13:54:39 PAGE 4   

              
                      if(ScalerGetBit(P9E_70_HPD_CTRL, _BIT2) == _BIT2)
                      {
                          bHPCheck &= _SUCCESS;
              
              #if(_PANEL_DPTX_SET_HPD_DETECT_SEQUENCE == _HPD_DETECT_AFTER_PANEL_HPD_T2_TIME)
                          // Clear HPD IRQ Flag
                          ScalerSetByte(P9E_71_HPD_IRQ, 0xFE);
              #endif
              
                          // Panel DPTx Power Sequence Check Point
                          PCB_DPTX2_POWER_SEQUENCE(_DPTX_POWER_SEQUENCE_HPD_ON);
                      }
                      else
                      {
              #if(((_PANEL_DPTX_VENDOR_SPECIFIC_TYPE & _PANEL_DPTX_VENDOR_SPECIFIC_004F1H) == _PANEL_DPTX_VENDOR_SPECIFI
             -C_004F1H) &&\
                  (_DISPLAY_DP_TX_PORT_1 == _ON))
                          ScalerDisplayDPTx1NativeAuxWrite(0x00, 0x04, 0xF1, 1, 0x01);
              #endif
              
                          bHPCheck &= _FALSE;
                      }
              #endif // End of #if(_DISPLAY_DP_TX_PORT_2 == _ON)
              
              #if(_DISPLAY_DP_TX_PORT_1 == _ON)
              
                      if(ScalerGetBit(P9C_70_HPD_CTRL, _BIT2) == _BIT2)
                      {
                          bHPCheck &= _SUCCESS;
              
              #if(_PANEL_DPTX_SET_HPD_DETECT_SEQUENCE == _HPD_DETECT_AFTER_PANEL_HPD_T2_TIME)
                          // Clear HPD IRQ Flag
                          ScalerSetByte(P9C_71_HPD_IRQ, 0xFE);
              #endif
              
                          // Panel DPTx Power Sequence Check Point
                          PCB_DPTX1_POWER_SEQUENCE(_DPTX_POWER_SEQUENCE_HPD_ON);
                      }
                      else
                      {
              #if(((_PANEL_DPTX_VENDOR_SPECIFIC_TYPE & _PANEL_DPTX_VENDOR_SPECIFIC_004F1H) == _PANEL_DPTX_VENDOR_SPECIFI
             -C_004F1H) &&\
                  (_DISPLAY_DP_TX_PORT_2 == _ON))
                          ScalerDisplayDPTx2NativeAuxWrite(0x00, 0x04, 0xF1, 1, 0x01);
              #endif
              
                          bHPCheck &= _FALSE;
                      }
              #endif // End of #if(_DISPLAY_DP_TX_PORT_1 == _ON)
              #endif // End of #if(_PANEL_DPTX_LINK_SEQUENCE_SWAP == _OFF)
 216   2      
 217   2              if(usPreviousTime != g_usTimerCounter)
 218   2              {
 219   3                  usTimeElapsed++;
 220   3                  usPreviousTime = g_usTimerCounter;
 221   3              }
 222   2          }
 223   1          while((usTimeElapsed <= usNum) && (bHPCheck != _SUCCESS));
 224   1      
 225   1          DebugMessageCheck("eDP HPD Time", usTimeElapsed);
 226   1      }
C51 COMPILER V9.60.0.0   RL6449_SERIES_DISPLAYDPTX                                         04/23/2026 13:54:39 PAGE 5   

 227          
 228          //--------------------------------------------------
 229          // Description  : Settings for Dp Tx Link Sequence
 230          // Input Value  : None
 231          // Output Value : None
 232          //--------------------------------------------------
 233          bit ScalerDisplayDPTxLinkSequence(void)
 234          {
 235   1          bit bLTCheck = _SUCCESS;
 236   1          BYTE ucLTRetryNum = 0;
 237   1      
 238   1          do
 239   1          {
 240   2              bLTCheck = _SUCCESS;
 241   2      
 242   2              // Check DPTx Link Config
 243   2              ScalerDisplayDPTxLinkConfigCheck();
 244   2      
 245   2              // Check DPTx SSCG Status
 246   2              ScalerDisplayDPTxCheckSSC();
 247   2      
 248   2      #if((_PANEL_DPTX_8_LANE_LT_SYNCHRONIZE == _ON) && ((_DISPLAY_DP_TX_PORT_1 == _ON) && (_DISPLAY_DP_TX_PORT_
             -2 == _ON)))
              
                      // Set Dptx Link Training
                      ScalerDisplayDPTxLinkTraining();
              
                      if(GET_DISPLAY_DP_TX_LT_RESULT() == _DISPLAY_DP_TX_TRAINING_PASS)
                      {
                          bLTCheck = _SUCCESS;
                      }
                      else
                      {
                          bLTCheck = _FALSE;
                      }
              #else
 262   2      #if(_PANEL_DPTX_LINK_SEQUENCE_SWAP == _OFF)
 263   2      #if(_DISPLAY_DP_TX_PORT_1 == _ON)
 264   2      
 265   2              // Set Dptx1 Link Training
 266   2              ScalerDisplayDPTx1LinkTraining();
 267   2      
 268   2              if(GET_DISPLAY_DP_TX1_LT_RESULT() == _DISPLAY_DP_TX_TRAINING_PASS)
 269   2              {
 270   3                  bLTCheck &= _SUCCESS;
 271   3              }
 272   2              else
 273   2              {
 274   3                  bLTCheck &= _FALSE;
 275   3              }
 276   2      #endif // End of #if(_DISPLAY_DP_TX_PORT_1 == _ON)
 277   2      
 278   2      #if(_DISPLAY_DP_TX_PORT_2 == _ON)
              
                      // Set Dptx2 Link Training
                      ScalerDisplayDPTx2LinkTraining();
              
                      if(GET_DISPLAY_DP_TX2_LT_RESULT() == _DISPLAY_DP_TX_TRAINING_PASS)
                      {
                          bLTCheck &= _SUCCESS;
                      }
                      else
C51 COMPILER V9.60.0.0   RL6449_SERIES_DISPLAYDPTX                                         04/23/2026 13:54:39 PAGE 6   

                      {
                          bLTCheck &= _FALSE;
                      }
              #endif // End of #if(_DISPLAY_DP_TX_PORT_2 == _ON)
 292   2      #else
              #if(_DISPLAY_DP_TX_PORT_2 == _ON)
              
                      // Set Dptx2 Link Training
                      ScalerDisplayDPTx2LinkTraining();
              
                      if(GET_DISPLAY_DP_TX2_LT_RESULT() == _DISPLAY_DP_TX_TRAINING_PASS)
                      {
                          bLTCheck &= _SUCCESS;
                      }
                      else
                      {
                          bLTCheck &= _FALSE;
                      }
              #endif // End of #if(_DISPLAY_DP_TX_PORT_2 == _ON)
              
              #if(_DISPLAY_DP_TX_PORT_1 == _ON)
              
                      // Set Dptx1 Link Training
                      ScalerDisplayDPTx1LinkTraining();
              
                      if(GET_DISPLAY_DP_TX1_LT_RESULT() == _DISPLAY_DP_TX_TRAINING_PASS)
                      {
                          bLTCheck &= _SUCCESS;
                      }
                      else
                      {
                          bLTCheck &= _FALSE;
                      }
              #endif // End of #if(_DISPLAY_DP_TX_PORT_1 == _ON)
              #endif // End of #if(_PANEL_DPTX_LINK_SEQUENCE_SWAP == _OFF)
 323   2      #endif // End of #if((_PANEL_DPTX_8_LANE_LT_SYNCHRONIZE == _ON) && ((_DISPLAY_DP_TX_PORT_1 == _ON) && (_DI
             -SPLAY_DP_TX_PORT_2 == _ON)))
 324   2              ucLTRetryNum += 1;
 325   2      
 326   2              ScalerTimerDelayXms(5);
 327   2          }
 328   1          while((ucLTRetryNum < 5) && (bLTCheck != _SUCCESS));
 329   1      
 330   1      #if(_PANEL_DPTX_AUX_SET_TP_END_SEQUENCE == _TRAIN_PATTERN_END_AFTER_IDEL_PATTERN)
              #if(_DISPLAY_DP_TX_PORT_1 == _ON)
                  // Training Pattern End For Link Training
                  pData[0] = _DISPLAY_DP_TX_TP_NONE;
                  ScalerDisplayDPTx1NativeAuxWrite(0x00, 0x01, 0x02, 1, pData);
              #endif
              
              #if(_DISPLAY_DP_TX_PORT_2 == _ON)
                  // Training Pattern End For Link Training
                  pData[0] = _DISPLAY_DP_TX_TP_NONE;
                  ScalerDisplayDPTx2NativeAuxWrite(0x00, 0x01, 0x02, 1, pData);
              #endif
              #endif // End of #if(_PANEL_DPTX_AUX_SET_TP_END_SEQUENCE == _TRAIN_PATTERN_END_AFTER_IDEL_PATTERN)
 343   1      
 344   1          return bLTCheck;
 345   1      }
 346          
 347          //--------------------------------------------------
 348          // Description  : Check for Dp Tx Link Config
C51 COMPILER V9.60.0.0   RL6449_SERIES_DISPLAYDPTX                                         04/23/2026 13:54:39 PAGE 7   

 349          // Input Value  : None
 350          // Output Value : None
 351          //--------------------------------------------------
 352          void ScalerDisplayDPTxLinkConfigCheck(void)
 353          {
 354   1      #if(_PANEL_DPTX_LINK_SEQUENCE_SWAP == _OFF)
 355   1      #if(_DISPLAY_DP_TX_PORT_1 == _ON)
 356   1          SET_DISPLAY_DP_TX1_LINK_CONFIG(ScalerDisplayDPTx1LinkConfig());
 357   1      #endif
 358   1      
 359   1      #if(_DISPLAY_DP_TX_PORT_2 == _ON)
                  SET_DISPLAY_DP_TX2_LINK_CONFIG(ScalerDisplayDPTx2LinkConfig());
              #endif
 362   1      #else
              #if(_DISPLAY_DP_TX_PORT_2 == _ON)
                  SET_DISPLAY_DP_TX2_LINK_CONFIG(ScalerDisplayDPTx2LinkConfig());
              #endif
              
              #if(_DISPLAY_DP_TX_PORT_1 == _ON)
                  SET_DISPLAY_DP_TX1_LINK_CONFIG(ScalerDisplayDPTx1LinkConfig());
              #endif
              #endif // End of #if(_PANEL_DPTX_LINK_SEQUENCE_SWAP == _OFF)
 371   1      }
 372          
 373          //--------------------------------------------------
 374          // Description  : Setting for eDp Tx SSCG
 375          // Input Value  : None
 376          // Output Value : None
 377          //--------------------------------------------------
 378          void ScalerDisplayDPTxCheckSSC(void)
 379          {
 380   1          bit bDpTxSscEn = _ENABLE;
 381   1      
 382   1      #if(_PANEL_DPTX_LINK_SEQUENCE_SWAP == _OFF)
 383   1      #if(_DISPLAY_DP_TX_PORT_1 == _ON)
 384   1          bDpTxSscEn &= GET_DISPLAY_DP_TX1_DOWN_SPREAD();
 385   1      #endif
 386   1      
 387   1      #if(_DISPLAY_DP_TX_PORT_2 == _ON)
                  bDpTxSscEn &= GET_DISPLAY_DP_TX2_DOWN_SPREAD();
              #endif
 390   1      #else
              #if(_DISPLAY_DP_TX_PORT_2 == _ON)
                  bDpTxSscEn &= GET_DISPLAY_DP_TX2_DOWN_SPREAD();
              #endif
              
              #if(_DISPLAY_DP_TX_PORT_1 == _ON)
                  bDpTxSscEn &= GET_DISPLAY_DP_TX1_DOWN_SPREAD();
              #endif
              #endif // End of #if(_PANEL_DPTX_LINK_SEQUENCE_SWAP == _OFF)
 399   1      
 400   1      #if(_DEBUG_MESSAGE_CHECK_DISP_SETTING == _ON)
                  if(bDpTxSscEn == _ENABLE)
                  {
                      DebugMessageCheck("eDP Panel DPCD support SSCG", 0x00);
                  }
                  else
                  {
                      DebugMessageCheck("eDP Panel DPCD might not support SSCG", 0x00);
                  }
              #endif
 410   1      
C51 COMPILER V9.60.0.0   RL6449_SERIES_DISPLAYDPTX                                         04/23/2026 13:54:39 PAGE 8   

 411   1          bDpTxSscEn = (_PANEL_DPTX_SPREAD_RANGE != 0) ? ((_PANEL_DPTX_FORCE_SSCG_SUPPORT == _ON) ? _ENABLE : bD
             -pTxSscEn) : _DISABLE;
 412   1      
 413   1          SET_DISPLAY_DP_TX_SSCG_CONFIG(bDpTxSscEn);
 414   1      }
 415          
 416          //--------------------------------------------------
 417          // Description  : Settings for Dp Tx Stream Handler
 418          // Input Value  : None
 419          // Output Value : None
 420          //--------------------------------------------------
 421          void ScalerDisplayDPTxStreamHanlder(bit bOutput)
 422          {
 423   1      #if(_PANEL_DPTX_LINK_SEQUENCE_SWAP == _OFF)
 424   1      #if(_DISPLAY_DP_TX_PORT_1 == _ON)
 425   1          ScalerDisplayDPTx1VideoStreamOutput(bOutput);
 426   1      #endif
 427   1      
 428   1      #if(_DISPLAY_DP_TX_PORT_2 == _ON)
                  ScalerDisplayDPTx2VideoStreamOutput(bOutput);
              #endif
 431   1      #else
              #if(_DISPLAY_DP_TX_PORT_2 == _ON)
                  ScalerDisplayDPTx2VideoStreamOutput(bOutput);
              #endif
              
              #if(_DISPLAY_DP_TX_PORT_1 == _ON)
                  ScalerDisplayDPTx1VideoStreamOutput(bOutput);
              #endif
              #endif // End of #if(_PANEL_DPTX_LINK_SEQUENCE_SWAP == _OFF)
 440   1      }
 441          
 442          #if(_PANEL_DPTX_FORCE_OUTPUT_SUPPORT == _ON)
              //--------------------------------------------------
              // Description  : DP Tx Link TSignal Force Output
              // Input Value  :
              // Output Value :
              //--------------------------------------------------
              void ScalerDisplayDPTxLinkSignalForceOutput(void)
              {
              #if(_PANEL_DPTX_LINK_SEQUENCE_SWAP == _OFF)
              #if(_DISPLAY_DP_TX_PORT_1 == _ON)
                  ScalerDisplayDPTx1LinkForceOutput();
              #endif
              
              #if(_DISPLAY_DP_TX_PORT_2 == _ON)
                  ScalerDisplayDPTx2LinkForceOutput();
              #endif
              #else
              #if(_DISPLAY_DP_TX_PORT_2 == _ON)
                  ScalerDisplayDPTx2LinkForceOutput();
              #endif
              
              #if(_DISPLAY_DP_TX_PORT_1 == _ON)
                  ScalerDisplayDPTx1LinkForceOutput();
              #endif
              #endif // End of #if(_PANEL_DPTX_LINK_SEQUENCE_SWAP == _OFF)
              
              #if(_PANEL_DPTX_AUX_SET_TP_END_SEQUENCE == _TRAIN_PATTERN_END_AFTER_IDEL_PATTERN)
              #if(_DISPLAY_DP_TX_PORT_1 == _ON)
                  // Training Pattern End For Link Training
                  pData[0] = _DISPLAY_DP_TX_TP_NONE;
C51 COMPILER V9.60.0.0   RL6449_SERIES_DISPLAYDPTX                                         04/23/2026 13:54:39 PAGE 9   

                  ScalerDisplayDPTx1NativeAuxWrite(0x00, 0x01, 0x02, 1, pData);
              #endif
              
              #if(_DISPLAY_DP_TX_PORT_2 == _ON)
                  // Training Pattern End For Link Training
                  pData[0] = _DISPLAY_DP_TX_TP_NONE;
                  ScalerDisplayDPTx2NativeAuxWrite(0x00, 0x01, 0x02, 1, pData);
              #endif
              #endif // End of #if(_PANEL_DPTX_AUX_SET_TP_END_SEQUENCE == _TRAIN_PATTERN_END_AFTER_IDEL_PATTERN)
              }
              #endif
 483          
 484          //--------------------------------------------------
 485          // Description  : DP Tx Power Sequence Process
 486          // Input Value  :
 487          // Output Value :
 488          //--------------------------------------------------
 489          void ScalerDisplayDPTxPowerSequenceProc(bit bLevel)
 490          {
 491   1          bLevel = bLevel;
 492   1      
 493   1      #if(_PANEL_DPTX_LINK_SEQUENCE_SWAP == _OFF)
 494   1      #if(_DISPLAY_DP_TX_PORT_1 == _ON)
 495   1          PCB_DPTX1_POWER_SEQUENCE(bLevel);
 496   1      #endif
 497   1      
 498   1      #if(_DISPLAY_DP_TX_PORT_2 == _ON)
                  PCB_DPTX2_POWER_SEQUENCE(bLevel);
              #endif
 501   1      #else
              #if(_DISPLAY_DP_TX_PORT_2 == _ON)
                  PCB_DPTX2_POWER_SEQUENCE(bLevel);
              #endif
              
              #if(_DISPLAY_DP_TX_PORT_1 == _ON)
                  PCB_DPTX1_POWER_SEQUENCE(bLevel);
              #endif
              #endif // End of #if(_PANEL_DPTX_LINK_SEQUENCE_SWAP == _OFF)
 510   1      }
 511          
 512          //--------------------------------------------------
 513          // Description  : DP Tx Initial
 514          // Input Value  : None
 515          // Output Value : None
 516          //--------------------------------------------------
 517          void ScalerDisplayDPTxPhyInitial(void)
 518          {
 519   1          // Set DISP mode is Dp Tx
 520   1          ScalerSetBit(P39_00_LVDS_DISP_TYPE, ~(_BIT2 | _BIT1 | _BIT0), _BIT2);
 521   1      
 522   1          // Set Link Clk Source Selection of CKRD
 523   1          ScalerSetBit(P38_2A_VBY1_LCLK_SOURCE_CTRL, ~(_BIT3 | _BIT2 | _BIT1), 0x00);
 524   1      
 525   1          // Set Link Clk Source
 526   1          ScalerSetBit(P38_2A_VBY1_LCLK_SOURCE_CTRL, ~_BIT0, _BIT0);
 527   1      
 528   1          // Set Dptx Digital Phy Initial
 529   1          ScalerSetBit(P38_88_PHY0_TXBIST_00_L1, ~(_BIT4 | _BIT0), (_BIT4 | _BIT0));
 530   1      
 531   1          // Set eDP mode
 532   1          ScalerSetBit(P38_89_PHY0_TXBIST_01_H2, ~(_BIT6 | _BIT5 | _BIT4), (_BIT6 | _BIT5));
 533   1      
C51 COMPILER V9.60.0.0   RL6449_SERIES_DISPLAYDPTX                                         04/23/2026 13:54:39 PAGE 10  

 534   1          // Enable Vby1 Phy power
 535   1          ScalerDisplayDPTxAnalogPhyConrol(_ENABLE);
 536   1      
 537   1          // Initial Z0 for DPTx
 538   1          ScalerDisplayDPTxSetZ0();
 539   1      
 540   1          // Lane Skew Setting for 8 Lane
 541   1          ScalerSetBit(P38_85_PHY0_TXBIST_00_H2, ~(_BIT5 | _BIT4 | _BIT3 | _BIT2 | _BIT1 | _BIT0), ((_DISPLAY_DP
             -_TX_SKEW_LANE0 << 3) | _DISPLAY_DP_TX_SKEW_LANE1));
 542   1          ScalerSetByte(P38_86_PHY0_TXBIST_00_H1, ((_DISPLAY_DP_TX_SKEW_LANE2 << 5) | (_DISPLAY_DP_TX_SKEW_LANE3
             - << 2) | (_DISPLAY_DP_TX_SKEW_LANE0 >> 1)));
 543   1          ScalerSetByte(P38_87_PHY0_TXBIST_00_L2, ((_DISPLAY_DP_TX_SKEW_LANE0 << 7) | (_DISPLAY_DP_TX_SKEW_LANE1
             - << 4) | (_DISPLAY_DP_TX_SKEW_LANE2 << 1) | (_DISPLAY_DP_TX_SKEW_LANE3 >> 2)));
 544   1          ScalerSetBit(P38_88_PHY0_TXBIST_00_L1, ~(_BIT7 | _BIT6), (_DISPLAY_DP_TX_SKEW_LANE3 << 6));
 545   1      
 546   1          // Waiting for PHY initial
 547   1          ScalerTimerDelayXms(10);
 548   1      }
 549          
 550          //--------------------------------------------------
 551          // Description  : Dp Tx SSC Set
 552          // Input Value  :
 553          // Output Value :
 554          //--------------------------------------------------
 555          void ScalerDisplayDPTxSSCSet(bit bSscEn)
 556          {
 557   1          if(bSscEn == _ENABLE)
 558   1          {
 559   2              PDATA_WORD(0) = (WORD)((ScalerGetBit(P38_DC_DPTX_CMU12, 0x1F) << 4) | (ScalerGetByte(P38_DD_DPTX_C
             -MU13) >> 4));
 560   2              PDATA_WORD(1) = (WORD)((ScalerGetBit(P38_DD_DPTX_CMU13, 0x0F) << 8) | ScalerGetByte(P38_DE_DPTX_CM
             -U14));
 561   2      
 562   2              // Calculate SSC Frequency = 30~33k
 563   2              PDATA_WORD(3) = (((_EXT_XTAL / _DISPLAY_DP_TX_SSC_FREQ) + 2) & 0xFFFC);
 564   2      
 565   2              // Calculate SSC downspread
 566   2              PDATA_WORD(2) = ((((DWORD)PDATA_WORD(0) + 4) * 4096 + PDATA_WORD(1))) * 16 / 200 / PDATA_WORD(3) /
             - 15 * _PANEL_DPTX_SPREAD_RANGE;
 567   2      
 568   2              // Set SSC Frequency = 30~33k
 569   2              ScalerSetByte(P38_E0_DPTX_CMU16, (BYTE)(PDATA_WORD(3) >> 8));
 570   2              ScalerSetByte(P38_E1_DPTX_CMU17, (BYTE)PDATA_WORD(3));
 571   2      
 572   2              // Set SSC downspread
 573   2              ScalerSetByte(P38_E2_DPTX_CMU18, (BYTE)(PDATA_WORD(2) >> 8));
 574   2              ScalerSetByte(P38_E3_DPTX_CMU19, (BYTE)PDATA_WORD(2));
 575   2      
 576   2              // [5] 1: Enable SSC, 0: disable
 577   2              // [4] 0: 1st Order SDM, 1:2nd Order SDM
 578   2              // [3] 0: Triangular wave, 1: Square wave
 579   2              ScalerSetBit(P38_D5_DPTX_CMU5, ~(_BIT5 | _BIT4 | _BIT3), _BIT5);
 580   2          }
 581   1          else
 582   1          {
 583   2              // Disable SSC
 584   2              ScalerSetBit(P38_D5_DPTX_CMU5, ~_BIT5, 0x00);
 585   2          }
 586   1      }
 587          
 588          //--------------------------------------------------
 589          // Description  : Settings for Dp Tx Digital Phy
C51 COMPILER V9.60.0.0   RL6449_SERIES_DISPLAYDPTX                                         04/23/2026 13:54:39 PAGE 11  

 590          // Input Value  : _ON or _OFF
 591          // Output Value : None
 592          //--------------------------------------------------
 593          void ScalerDisplayDPTxPhy(bit bOn)
 594          {
 595   1          if(bOn == _ON)
 596   1          {
 597   2              // Set Dp Tx Digital Phy
 598   2              ScalerSetBit(P38_00_VIDEO_FORMAT_H, ~_BIT4, _BIT4);
 599   2      
 600   2              // Enable Digital Phy output
 601   2              ScalerSetByte(P38_8E_PHY0_TXBIST_02_H1, 0xFF);
 602   2          }
 603   1      
 604   1          else
 605   1          {
 606   2              // Disable Digital Phy output
 607   2              ScalerSetByte(P38_8E_PHY0_TXBIST_02_H1, 0x00);
 608   2      
 609   2              // Reset Dp Tx Digital Phy
 610   2              ScalerSetBit(P38_00_VIDEO_FORMAT_H, ~_BIT4, 0x00);
 611   2          }
 612   1      }
 613          
 614          //--------------------------------------------------
 615          // Description  : Dp Tx PLL Power Control
 616          // Input Value  : _ON or _OFF
 617          // Output Value : None
 618          //--------------------------------------------------
 619          void ScalerDisplayDPTxPLL(bit bOn)
 620          {
 621   1          if(bOn == _ON)
 622   1          {
 623   2              // Enable Vby1 and DPTx Clock
 624   2              ScalerSetBit(P1_DC_DCLK_GATED_CTRL2, ~_BIT1, _BIT1);
 625   2      
 626   2              // Power Up Dp Tx PLL for LCLK
 627   2              ScalerSetBit(P38_09_TRANSMIT_CONTROL_H2, ~_BIT6, _BIT6);
 628   2          }
 629   1      
 630   1          else
 631   1          {
 632   2              // Power Down Dp Tx PLL for LCLK
 633   2              ScalerSetBit(P38_09_TRANSMIT_CONTROL_H2, ~_BIT6, 0x00);
 634   2      
 635   2              // Disable Vby1 and DPTx Clock
 636   2              ScalerSetBit(P1_DC_DCLK_GATED_CTRL2, ~_BIT1, 0x00);
 637   2          }
 638   1      }
 639          
 640          //--------------------------------------------------
 641          // Description  : Dp Tx Power Control
 642          // Input Value  : _ON or _OFF
 643          // Output Value : None
 644          //--------------------------------------------------
 645          void ScalerDisplayDPTxPower(bit bOn)
 646          {
 647   1          if(bOn == _ON)
 648   1          {
 649   2              // Disable Weakly Pull Down
 650   2              ScalerSetByte(P38_C1_DPTX_RCVDET_BIAS_PULLDN1, 0x00);
 651   2      
C51 COMPILER V9.60.0.0   RL6449_SERIES_DISPLAYDPTX                                         04/23/2026 13:54:39 PAGE 12  

 652   2              // Power Up Dptx Digital Block: reg_en
 653   2              ScalerSetBit(P38_09_TRANSMIT_CONTROL_H2, ~_BIT7, _BIT7);
 654   2      
 655   2              // Disable Dptx Power Down Mode
 656   2              ScalerSetByte(P38_A3_DPTX_PHY_CTRL3, 0x00);
 657   2          }
 658   1      
 659   1          else
 660   1          {
 661   2              // Power Down Dptx Analog Block
 662   2              ScalerSetByte(P38_A1_DPTX_PHY_CTRL1, 0x00);
 663   2      
 664   2              // Enable Dptx Power Down Mode
 665   2              ScalerSetByte(P38_A3_DPTX_PHY_CTRL3, 0xFF);
 666   2      
 667   2              // Power Down Vby1 Digital Block
 668   2              ScalerSetBit(P38_09_TRANSMIT_CONTROL_H2, ~_BIT7, 0x00);
 669   2      
 670   2              // Enable Weakly Pull Down
 671   2              ScalerSetByte(P38_C1_DPTX_RCVDET_BIAS_PULLDN1, 0xFF);
 672   2          }
 673   1      }
 674          
 675          //--------------------------------------------------
 676          // Description  : Settings for Dp Tx VBy1 Link Rate
 677          // Input Value  : None
 678          // Output Value : None
 679          //--------------------------------------------------
 680          void ScalerDisplayDPTxSetLinkRate(void)
 681          {
 682   1      #if(_PANEL_DPTX_LINK_SEQUENCE_SWAP == _OFF)
 683   1      #if(_DISPLAY_DP_TX_PORT_1 == _ON)
 684   1          pData[0] = GET_DISPLAY_DP_TX1_LINK_RATE();
 685   1      #else
                  pData[0] = GET_DISPLAY_DP_TX2_LINK_RATE();
              #endif
 688   1      #else
              #if(_DISPLAY_DP_TX_PORT_2 == _ON)
                  pData[0] = GET_DISPLAY_DP_TX2_LINK_RATE();
              #else
                  pData[0] = GET_DISPLAY_DP_TX1_LINK_RATE();
              #endif
              #endif // End of #if(_PANEL_DPTX_LINK_SEQUENCE_SWAP == _OFF)
 695   1      
 696   1      }
 697          //--------------------------------------------------
 698          // Description  : Settings for Dp Tx Z0 Tunning
 699          // Input Value  : None
 700          // Output Value : None
 701          //--------------------------------------------------
 702          void ScalerDisplayDPTxSetZ0(void)
 703          {
 704   1          // Set Vby1 Z0 Value
 705   1          ScalerSetByte(P38_CC_DPTX_Z0_LANE7_6, 0x88);
 706   1          ScalerSetByte(P38_CD_DPTX_Z0_LANE5_4, 0x88);
 707   1          ScalerSetByte(P38_CE_DPTX_Z0_LANE3_2, 0x88);
 708   1          ScalerSetByte(P38_CF_DPTX_Z0_LANE1_0, 0x88);
 709   1      }
 710          
 711          #if(_DISPLAY_DP_TX_PORT_1 == _ON)
 712          //--------------------------------------------------
 713          // Description  : Dp Tx Aux PHY Set
C51 COMPILER V9.60.0.0   RL6449_SERIES_DISPLAYDPTX                                         04/23/2026 13:54:39 PAGE 13  

 714          // Input Value  :
 715          // Output Value :
 716          //--------------------------------------------------
 717          void ScalerDisplayDPTx1AuxPHYSet(BYTE ucMode)
 718          {
 719   1          if(ucMode == _DISPLAY_DP_TX_AUX_SINGLE_MODE)
 720   1          {
 721   2              // Set Aux Tx LDO
 722   2              ScalerSetBit(P9D_61_AUX_1, ~(_BIT7 | _BIT6 | _BIT5 | _BIT4), ((_PANEL_DPTX_AUX_SWING_LEVEL << 5) |
             - _BIT4));
 723   2      
 724   2              // Set ADJR P
 725   2              ScalerSetBit(P9D_61_AUX_1, ~(_BIT3 | _BIT2 | _BIT1 | _BIT0), 0x00);
 726   2      
 727   2              // [5]Enable Single-Ended Mode, [4:3]Aux Vth-->50mV, [0]Aux 50ohm auto K(Enable Big_Z0_P)
 728   2              ScalerSetBit(P9D_62_AUX_2, ~(_BIT5 | _BIT4 | _BIT3 | _BIT0), (_BIT5 | _BIT3 | _BIT0));
 729   2      
 730   2              // Enable Enlarge Z0-N and Set ADJR-N = 0
 731   2              ScalerSetBit(P9D_66_AUX_6, ~(_BIT4 | _BIT3 | _BIT2 | _BIT1 | _BIT0), _BIT4);
 732   2      
 733   2              // Set TX ADJR-P and ADJR-N
 734   2              ScalerSetByte(P9D_67_DIG_TX_03, 0x00);
 735   2          }
 736   1          else
 737   1          {
 738   2              // Set Aux Tx LDO, Rx Common Mode
 739   2              ScalerSetBit(P9D_61_AUX_1, ~(_BIT7 | _BIT6 | _BIT5 | _BIT4), ((_PANEL_DPTX_AUX_SWING_LEVEL << 5) |
             - _BIT4));
 740   2      
 741   2              // [5]Disable Single-Ended Mode, [4:3]Aux Vth-->50mV
 742   2              ScalerSetBit(P9D_62_AUX_2, ~(_BIT5 | _BIT4 | _BIT3), _BIT3);
 743   2      
 744   2      #if(_PANEL_DPTX_AUX_RX_BIG_Z0_ENABLE == _ENABLE)
 745   2              // Enable Big_Z0_P
 746   2              ScalerSetBit(P9D_62_AUX_2, ~_BIT0, _BIT0);
 747   2      
 748   2              // Set ADJR-P
 749   2              ScalerSetBit(P9D_61_AUX_1, ~(_BIT3 | _BIT2 | _BIT1 | _BIT0), (_BIT1 | _BIT0));
 750   2      
 751   2              // Enable Big_Z0_N and Set ADJR-N
 752   2              ScalerSetBit(P9D_66_AUX_6, ~(_BIT4 | _BIT3 | _BIT2 | _BIT1 | _BIT0), (_BIT4 | _BIT1 | _BIT0));
 753   2      #else
                      // Disable Big_Z0_P
                      ScalerSetBit(P9D_62_AUX_2, ~_BIT0, 0x00);
              
                      // Set ADJR-P
                      ScalerSetBit(P9D_61_AUX_1, ~(_BIT3 | _BIT2 | _BIT1 | _BIT0), _BIT3);
              
                      // Disable Big_Z0_N and Set ADJR-N
                      ScalerSetBit(P9D_66_AUX_6, ~(_BIT4 | _BIT3 | _BIT2 | _BIT1 | _BIT0), _BIT3);
              #endif
 763   2      
 764   2              // TX Z0 hand mode setting
 765   2              ScalerSetByte(P9D_67_DIG_TX_03, 0x88);
 766   2          }
 767   1      
 768   1          // Aux comm current select max
 769   1          ScalerSetBit(P9D_64_AUX_4, ~(_BIT7 | _BIT6), (_BIT7 | _BIT6));
 770   1      }
 771          
 772          //--------------------------------------------------
 773          // Description  : Dp Tx ML set VoltageSwing and PreEmphasis
C51 COMPILER V9.60.0.0   RL6449_SERIES_DISPLAYDPTX                                         04/23/2026 13:54:39 PAGE 14  

 774          // Input Value  : LaneX - 0~3 VoltageSwing - 0~3 PreEmphasis - 0~3
 775          // Output Value :
 776          //--------------------------------------------------
 777          void ScalerDisplayDPTx1SetSignalLevel(EnumDisplayDPTxLane enumLaneX, BYTE ucVoltageSwing, BYTE ucPreEmphas
             -is)
 778          {
 779   1          BYTE ucIndex = 0x00;
 780   1          BYTE *pucTable = 0x00;
 781   1      
 782   1      #if(_PANEL_DPTX_SET_LT_SIGNAL_LEVEL_MODE == _PANEL_DPTX_LT_MANUAL_MODE)
 783   1          ucVoltageSwing = _PANEL_DPTX_SWING_LEVEL;
 784   1          ucPreEmphasis = _PANEL_DPTX_PREEMPHASIS_LEVEL;
 785   1      #endif
 786   1      
 787   1          ucIndex = (ucVoltageSwing * 4 + ucPreEmphasis) * 3;
 788   1      
 789   1          if(_PANEL_DPTX_LINK_RATE == _PANEL_DPTX_LINK_HBR2)
 790   1          {
 791   2              pucTable = tDISPLAY_DPTX_DRV_HBR2_TABLE;
 792   2          }
 793   1          else
 794   1          {
 795   2              pucTable = tDISPLAY_DPTX_DRV_RBR_HBR_TABLE;
 796   2          }
 797   1      
 798   1          switch(enumLaneX)
 799   1          {
 800   2              case _DISPLAY_DP_TX_LANE_0: // VTX_lane0
 801   2      
 802   2                  // De-emphasis [9:8]
 803   2                  ScalerSetBit(P38_AD_DPTX_DEEMP_EN_LANE3_0H, ~(_BIT1 | _BIT0), (((pucTable[ucIndex + 1] & 0xF0)
             - >> 4)));
 804   2      
 805   2                  // De-emphasis [7:0]
 806   2                  ScalerSetByte(P38_B1_DPTX_DEEMP_EN_LANE0L, pucTable[ucIndex + 0]);
 807   2      
 808   2                  // Data [3:0]
 809   2                  ScalerSetBit(P38_B7_DPTX_DRV_DAC_DAT_LANE1_0, ~0x0F, (pucTable[ucIndex + 1] & 0x0F));
 810   2      
 811   2                  // Post1 [3:0]
 812   2                  ScalerSetBit(P38_BF_DPTX_DRV_DAC_POST1_LANE1_0, ~0x0F, ((pucTable[ucIndex + 2] & 0xF0) >> 4));
 813   2      
 814   2                  // Post0 [3:0]
 815   2                  ScalerSetBit(P38_BB_DPTX_DRV_DAC_POST0_LANE1_0, ~0x0F, (pucTable[ucIndex + 2] & 0x0F));
 816   2      
 817   2                  break;
 818   2      
 819   2              case _DISPLAY_DP_TX_LANE_1: // VTX_lane1
 820   2      
 821   2                  // De-emphasis [9:8]
 822   2                  ScalerSetBit(P38_AD_DPTX_DEEMP_EN_LANE3_0H, ~(_BIT3 | _BIT2), (((pucTable[ucIndex + 1] & 0xF0)
             - >> 4) << 2));
 823   2      
 824   2                  // De-emphasis [7:0]
 825   2                  ScalerSetByte(P38_B0_DPTX_DEEMP_EN_LANE1L, pucTable[ucIndex + 0]);
 826   2      
 827   2                  // Data [3:0]
 828   2                  ScalerSetBit(P38_B7_DPTX_DRV_DAC_DAT_LANE1_0, ~0xF0, ((pucTable[ucIndex + 1] & 0x0F) << 4));
 829   2      
 830   2                  // Post1 [3:0]
 831   2                  ScalerSetBit(P38_BF_DPTX_DRV_DAC_POST1_LANE1_0, ~0xF0, (pucTable[ucIndex + 2] & 0xF0));
 832   2      
C51 COMPILER V9.60.0.0   RL6449_SERIES_DISPLAYDPTX                                         04/23/2026 13:54:39 PAGE 15  

 833   2                  // Post0 [3:0]
 834   2                  ScalerSetBit(P38_BB_DPTX_DRV_DAC_POST0_LANE1_0, ~0xF0, ((pucTable[ucIndex + 2] & 0x0F) << 4));
 835   2      
 836   2                  break;
 837   2      
 838   2              case _DISPLAY_DP_TX_LANE_2: // VTX_lane2
 839   2      
 840   2                  // De-emphasis [9:8]
 841   2                  ScalerSetBit(P38_AD_DPTX_DEEMP_EN_LANE3_0H, ~(_BIT5 | _BIT4), (((pucTable[ucIndex + 1] & 0xF0)
             - >> 4) << 4));
 842   2      
 843   2                  // De-emphasis [7:0]
 844   2                  ScalerSetByte(P38_AF_DPTX_DEEMP_EN_LANE2L, pucTable[ucIndex + 0]);
 845   2      
 846   2                  // Data [3:0]
 847   2                  ScalerSetBit(P38_B6_DPTX_DRV_DAC_DAT_LANE3_2, ~0x0F, (pucTable[ucIndex + 1] & 0x0F));
 848   2      
 849   2                  // Post1 [3:0]
 850   2                  ScalerSetBit(P38_BE_DPTX_DRV_DAC_POST1_LANE3_2, ~0x0F, ((pucTable[ucIndex + 2] & 0xF0) >> 4));
 851   2      
 852   2                  // Post0 [3:0]
 853   2                  ScalerSetBit(P38_BA_DPTX_DRV_DAC_POST0_LANE3_2, ~0x0F, (pucTable[ucIndex + 2] & 0x0F));
 854   2      
 855   2                  break;
 856   2      
 857   2              case _DISPLAY_DP_TX_LANE_3: // VTX_lane3
 858   2      
 859   2                  // De-emphasis [9:8]
 860   2                  ScalerSetBit(P38_AD_DPTX_DEEMP_EN_LANE3_0H, ~(_BIT7 | _BIT6), (((pucTable[ucIndex + 1] & 0xF0)
             - >> 4) << 6));
 861   2      
 862   2                  // De-emphasis [7:0]
 863   2                  ScalerSetByte(P38_AE_DPTX_DEEMP_EN_LANE3L, pucTable[ucIndex + 0]);
 864   2      
 865   2                  // Data [3:0]
 866   2                  ScalerSetBit(P38_B6_DPTX_DRV_DAC_DAT_LANE3_2, ~0xF0, ((pucTable[ucIndex + 1] & 0x0F) << 4));
 867   2      
 868   2                  // Post1 [3:0]
 869   2                  ScalerSetBit(P38_BE_DPTX_DRV_DAC_POST1_LANE3_2, ~0xF0, (pucTable[ucIndex + 2] & 0xF0));
 870   2      
 871   2                  // Post0 [3:0]
 872   2                  ScalerSetBit(P38_BA_DPTX_DRV_DAC_POST0_LANE3_2, ~0xF0, ((pucTable[ucIndex + 2] & 0x0F) << 4));
 873   2      
 874   2                  break;
 875   2      
 876   2              default:
 877   2      
 878   2                  break;
 879   2          }
 880   1      }
 881          
 882          //--------------------------------------------------
 883          // Description  : Dp Tx Main Link Power on
 884          // Input Value  :
 885          // Output Value :
 886          //--------------------------------------------------
 887          void ScalerDisplayDPTx1SignalInitialSetting(void)
 888          {
 889   1      #if(_PANEL_DPTX_LANE_PN_SWAP == _ENABLE)
 890   1          // Set Swap For Lane PN
 891   1          ScalerSetBit(P38_80_DPTX_PN_SWAP1, ~(_BIT3 | _BIT2 | _BIT1 | _BIT0), (_BIT3 | _BIT2 | _BIT1 | _BIT0));
 892   1      #else
C51 COMPILER V9.60.0.0   RL6449_SERIES_DISPLAYDPTX                                         04/23/2026 13:54:39 PAGE 16  

                  // Set No Swap For Lane PN
                  ScalerSetBit(P38_80_DPTX_PN_SWAP1, ~(_BIT3 | _BIT2 | _BIT1 | _BIT0), 0x00);
              #endif
 896   1      
 897   1      #if(_PANEL_DPTX_LANE_SWAP == _ENABLE)
                  if(GET_DISPLAY_DP_TX1_LANE_NUM() == _DP_TWO_LANE)
                  {
                      // Set TX1 DPHY to APHY mux from MAC0 lane 0 1 --> 1 0
                      ScalerSetByte(P38_84_DPTX_LANE_SWAP1_0, 0x01);
                  }
                  else
                  {
                      // Set TX1 DPHY to APHY mux from MAC0 lane 0 1 2 3 --> 3 2 1 0
                      ScalerSetByte(P38_83_DPTX_LANE_SWAP3_2, 0x01);
                      ScalerSetByte(P38_84_DPTX_LANE_SWAP1_0, 0x23);
                  }
              #else
 910   1          // Set TX1 DPHY to APHY mux from MAC0 lane 0 1 2 3 --> 0 1 2 3
 911   1          ScalerSetByte(P38_83_DPTX_LANE_SWAP3_2, 0x32);
 912   1          ScalerSetByte(P38_84_DPTX_LANE_SWAP1_0, 0x10);
 913   1      #endif // End of #if(_PANEL_DPTX_LANE_SWAP ==  _ENABLE)
 914   1      
 915   1          // Set Lane Non-Swap for MAC0
 916   1          ScalerSetByte(P9C_13_DPTX_SFIFO_LANE_SWAP1, 0x1B);
 917   1      
 918   1          // Set Voltage Swing and pre-emphasis level 0
 919   1          ScalerDisplayDPTx1SignalReset();
 920   1      
 921   1          // Initial bist mode
 922   1          ScalerSetBit(P38_88_PHY0_TXBIST_00_L1, ~(_BIT3 | _BIT2), _BIT2);
 923   1      
 924   1          // Disable scrambling
 925   1          ScalerSetBit(P38_89_PHY0_TXBIST_01_H2, ~_BIT1, _BIT1);
 926   1      
 927   1          // DPTX power on TX driver and Enable output
 928   1          switch(GET_DISPLAY_DP_TX1_LANE_NUM())
 929   1          {
 930   2              case _DP_ONE_LANE: // VTX Lane0
 931   2      
 932   2                  // Set Mac 1 Lane
 933   2                  ScalerSetBit(P9C_A0_DP_MAC_CTRL, ~(_BIT1 | _BIT0), _BIT0);
 934   2      
 935   2                  // Dig PHY Set
 936   2                  ScalerSetBit(P9C_00_DP_PHY_CTRL, ~(_BIT7 | _BIT6 | _BIT5 | _BIT4), _BIT4);
 937   2      
 938   2                  // Reset Small FIFO Before Output Enable
 939   2                  ScalerSetBit(P9C_10_DPTX_SFIFO_CTRL0, ~_BIT7, 0x00);
 940   2                  ScalerSetBit(P9C_10_DPTX_SFIFO_CTRL0, ~_BIT7, _BIT7);
 941   2      
 942   2                  // Lane:0 power on
 943   2                  ScalerSetBit(P38_A1_DPTX_PHY_CTRL1, ~_BIT0, _BIT0);
 944   2      
 945   2                  break;
 946   2      
 947   2              case _DP_TWO_LANE: // VTX Lane0~1
 948   2      
 949   2                  // Set Mac 2 Lane
 950   2                  ScalerSetBit(P9C_A0_DP_MAC_CTRL, ~(_BIT1 | _BIT0), _BIT1);
 951   2      
 952   2                  // Dig PHY Set
 953   2                  ScalerSetBit(P9C_00_DP_PHY_CTRL, ~(_BIT7 | _BIT6 | _BIT5 | _BIT4), (_BIT5 | _BIT4));
 954   2      
C51 COMPILER V9.60.0.0   RL6449_SERIES_DISPLAYDPTX                                         04/23/2026 13:54:39 PAGE 17  

 955   2                  // Reset Small FIFO Before Output Enable
 956   2                  ScalerSetBit(P9C_10_DPTX_SFIFO_CTRL0, ~_BIT7, 0x00);
 957   2                  ScalerSetBit(P9C_10_DPTX_SFIFO_CTRL0, ~_BIT7, _BIT7);
 958   2      
 959   2                  // Lane:0-1 power on
 960   2                  ScalerSetBit(P38_A1_DPTX_PHY_CTRL1, ~(_BIT1 | _BIT0), (_BIT1 | _BIT0));
 961   2      
 962   2                  break;
 963   2      
 964   2              case _DP_FOUR_LANE: // VTX Lane0~3
 965   2      
 966   2                  // Set Mac 4 Lane
 967   2                  ScalerSetBit(P9C_A0_DP_MAC_CTRL, ~(_BIT1 | _BIT0), (_BIT1 | _BIT0));
 968   2      
 969   2                  // Dig PHY Set
 970   2                  ScalerSetBit(P9C_00_DP_PHY_CTRL, ~(_BIT7 | _BIT6 | _BIT5 | _BIT4), (_BIT7 | _BIT6 | _BIT5 | _B
             -IT4));
 971   2      
 972   2                  // Reset Small FIFO Before Output Enable
 973   2                  ScalerSetBit(P9C_10_DPTX_SFIFO_CTRL0, ~_BIT7, 0x00);
 974   2                  ScalerSetBit(P9C_10_DPTX_SFIFO_CTRL0, ~_BIT7, _BIT7);
 975   2      
 976   2                  // Lane:0-3 power on
 977   2                  ScalerSetBit(P38_A1_DPTX_PHY_CTRL1, ~(_BIT3 | _BIT2 | _BIT1 | _BIT0), (_BIT3 | _BIT2 | _BIT1 |
             - _BIT0));
 978   2      
 979   2                  break;
 980   2      
 981   2              default:
 982   2                  break;
 983   2          }
 984   1      }
 985          
 986          //--------------------------------------------------
 987          // Description  : Set TP2 Pattern Type
 988          // Input Value  : None
 989          // Output Value : _DISPLAY_DP_TX_TP_2 or _DISPLAY_DP_TX_TP_3
 990          //--------------------------------------------------
 991          EnumDisplayDPTxTrainPattern ScalerDisplayDPTx1SetTp2PatternType(void)
 992          {
 993   1          // Check TP3 Supported
 994   1          if(GET_DISPLAY_DP_TX1_TP3_SUPPORT() == _TRUE)
 995   1          {
 996   2              // Ser Repeat Bist Pattern
 997   2              ScalerSetBit(P38_85_PHY0_TXBIST_00_H2, ~_BIT7, _BIT7);
 998   2      
 999   2              // Set Packet Length
1000   2              ScalerSetByte(P38_8B_PHY0_TXBIST_01_L2, 0x20);
1001   2      
1002   2              // Main Link Switch to TPS3 Pattern
1003   2              ScalerSetBit(P38_89_PHY0_TXBIST_01_H2, ~_BIT7, _BIT7);
1004   2      
1005   2              // Set 8 Bits Mode
1006   2              ScalerSetBit(P38_88_PHY0_TXBIST_00_L1, ~(_BIT3 | _BIT2), _BIT3);
1007   2      
1008   2              return _DISPLAY_DP_TX_TP_3;
1009   2          }
1010   1          else
1011   1          {
1012   2              // Set 10 Bits Mode
1013   2              ScalerSetBit(P38_88_PHY0_TXBIST_00_L1, ~(_BIT3 | _BIT2), _BIT2);
1014   2      
C51 COMPILER V9.60.0.0   RL6449_SERIES_DISPLAYDPTX                                         04/23/2026 13:54:39 PAGE 18  

1015   2              // Main Link Switch to TPS2 Pattern
1016   2              ScalerSetBit(P38_88_PHY0_TXBIST_00_L1, ~_BIT5, 0x00);
1017   2      
1018   2              return _DISPLAY_DP_TX_TP_2;
1019   2          }
1020   1      }
1021          #endif // End of #if(_DISPLAY_DP_TX_PORT_1 == _ON)
1022          
1023          #if(_DISPLAY_DP_TX_PORT_2 == _ON)
              //--------------------------------------------------
              
              //--------------------------------------------------
              // Description  : Dp Tx ML set VoltageSwing and PreEmphasis
              // Input Value  : LaneX - 0~3 VoltageSwing - 0~3 PreEmphasis - 0~3
              // Output Value :
              //--------------------------------------------------
              void ScalerDisplayDPTx2SetSignalLevel(EnumDisplayDPTxLane enumLaneX, BYTE ucVoltageSwing, BYTE ucPreEmphas
             -is)
              {
                  BYTE ucIndex = 0x00;
                  BYTE *pucTable = 0x00;
              
              #if(_PANEL_DPTX_SET_LT_SIGNAL_LEVEL_MODE == _PANEL_DPTX_LT_MANUAL_MODE)
                  ucVoltageSwing = _PANEL_DPTX_SWING_LEVEL;
                  ucPreEmphasis = _PANEL_DPTX_PREEMPHASIS_LEVEL;
              #endif
              
                  ucIndex = (ucVoltageSwing * 4 + ucPreEmphasis) * 3;
              
                  if(_PANEL_DPTX_LINK_RATE == _PANEL_DPTX_LINK_HBR2)
                  {
                      pucTable = tDISPLAY_DPTX_DRV_HBR2_TABLE;
                  }
                  else
                  {
                      pucTable = tDISPLAY_DPTX_DRV_RBR_HBR_TABLE;
                  }
              
                  switch(enumLaneX)
                  {
                      case _DISPLAY_DP_TX_LANE_0: // VTX_lane4
              
                          // De-emphasis [9:8]
                          ScalerSetBit(P38_A8_DPTX_DEEMP_EN_LANE7_4H, ~(_BIT1 | _BIT0), (((pucTable[ucIndex + 1] & 0xF0)
             - >> 4)));
              
                          // De-emphasis [7:0]
                          ScalerSetByte(P38_AC_DPTX_DEEMP_EN_LANE4L, pucTable[ucIndex + 0]);
              
                          // Data [3:0]
                          ScalerSetBit(P38_B5_DPTX_DRV_DAC_DAT_LANE5_4, ~0x0F, (pucTable[ucIndex + 1] & 0x0F));
              
                          // Post1 [3:0]
                          ScalerSetBit(P38_BD_DPTX_DRV_DAC_POST1_LANE5_4, ~0x0F, ((pucTable[ucIndex + 2] & 0xF0) >> 4));
              
                          // Post0 [3:0]
                          ScalerSetBit(P38_B9_DPTX_DRV_DAC_POST0_LANE5_4, ~0x0F, (pucTable[ucIndex + 2] & 0x0F));
              
                          break;
              
                      case _DISPLAY_DP_TX_LANE_1: // VTX_lane5
              
C51 COMPILER V9.60.0.0   RL6449_SERIES_DISPLAYDPTX                                         04/23/2026 13:54:39 PAGE 19  

                          // De-emphasis [9:8]
                          ScalerSetBit(P38_A8_DPTX_DEEMP_EN_LANE7_4H, ~(_BIT3 | _BIT2), (((pucTable[ucIndex + 1] & 0xF0)
             - >> 4) << 2));
              
                          // De-emphasis [7:0]
                          ScalerSetByte(P38_AB_DPTX_DEEMP_EN_LANE5L, pucTable[ucIndex + 0]);
              
                          // Data [3:0]
                          ScalerSetBit(P38_B5_DPTX_DRV_DAC_DAT_LANE5_4, ~0xF0, ((pucTable[ucIndex + 1] & 0x0F) << 4));
              
                          // Post1 [3:0]
                          ScalerSetBit(P38_BD_DPTX_DRV_DAC_POST1_LANE5_4, ~0xF0, (pucTable[ucIndex + 2] & 0xF0));
              
                          // Post0 [3:0]
                          ScalerSetBit(P38_B9_DPTX_DRV_DAC_POST0_LANE5_4, ~0xF0, ((pucTable[ucIndex + 2] & 0x0F) << 4));
              
                          break;
              
                      case _DISPLAY_DP_TX_LANE_2: // VTX_lane6
              
                          // De-emphasis [9:8]
                          ScalerSetBit(P38_A8_DPTX_DEEMP_EN_LANE7_4H, ~(_BIT5 | _BIT4), (((pucTable[ucIndex + 1] & 0xF0)
             - >> 4) << 4));
              
                          // De-emphasis [7:0]
                          ScalerSetByte(P38_AA_DPTX_DEEMP_EN_LANE6L, pucTable[ucIndex + 0]);
              
                          // Data [3:0]
                          ScalerSetBit(P38_B4_DPTX_DRV_DAC_DAT_LANE7_6, ~0x0F, (pucTable[ucIndex + 1] & 0x0F));
              
                          // Post1 [3:0]
                          ScalerSetBit(P38_BC_DPTX_DRV_DAC_POST1_LANE7_6, ~0x0F, ((pucTable[ucIndex + 2] & 0xF0) >> 4));
              
                          // Post0 [3:0]
                          ScalerSetBit(P38_B8_DPTX_DRV_DAC_POST0_LANE7_6, ~0x0F, (pucTable[ucIndex + 2] & 0x0F));
              
                          break;
              
                      case _DISPLAY_DP_TX_LANE_3: // VTX_lane7
              
                          // De-emphasis [9:8]
                          ScalerSetBit(P38_A8_DPTX_DEEMP_EN_LANE7_4H, ~(_BIT7 | _BIT6), (((pucTable[ucIndex + 1] & 0xF0)
             - >> 4) << 6));
              
                          // De-emphasis [7:0]
                          ScalerSetByte(P38_A9_DPTX_DEEMP_EN_LANE7L, pucTable[ucIndex + 0]);
              
                          // Data [3:0]
                          ScalerSetBit(P38_B4_DPTX_DRV_DAC_DAT_LANE7_6, ~0xF0, ((pucTable[ucIndex + 1] & 0x0F) << 4));
              
                          // Post1 [3:0]
                          ScalerSetBit(P38_BC_DPTX_DRV_DAC_POST1_LANE7_6, ~0xF0, (pucTable[ucIndex + 2] & 0xF0));
              
                          // Post0 [3:0]
                          ScalerSetBit(P38_B8_DPTX_DRV_DAC_POST0_LANE7_6, ~0xF0, ((pucTable[ucIndex + 2] & 0x0F) << 4));
              
                          break;
              
                      default:
              
                          break;
                  }
C51 COMPILER V9.60.0.0   RL6449_SERIES_DISPLAYDPTX                                         04/23/2026 13:54:39 PAGE 20  

              }
              
              //--------------------------------------------------
              // Description  : Set TP2 Pattern Type
              // Input Value  : None
              // Output Value : _DISPLAY_DP_TX_TP_2 or _DISPLAY_DP_TX_TP_3
              //--------------------------------------------------
              EnumDisplayDPTxTrainPattern ScalerDisplayDPTx2SetTp2PatternType(void)
              {
                  // Check TP3 Supported
                  if(GET_DISPLAY_DP_TX2_TP3_SUPPORT() == _TRUE)
                  {
                      // Ser Repeat Bist Pattern
                      ScalerSetBit(P38_85_PHY0_TXBIST_00_H2, ~_BIT7, _BIT7);
              
                      // Set Packet Length
                      ScalerSetByte(P38_8B_PHY0_TXBIST_01_L2, 0x20);
              
                      // Main Link Switch to TPS3 Pattern
                      ScalerSetBit(P38_89_PHY0_TXBIST_01_H2, ~_BIT7, _BIT7);
              
                      // Switch APHY1 mux to DPHY0 port
                      ScalerDisplayDPTx2SetTps3PatternMux(_ON);
              
                      // Set 8 Bits Mode
                      ScalerSetBit(P38_88_PHY0_TXBIST_00_L1, ~(_BIT3 | _BIT2), _BIT3);
              
                      return _DISPLAY_DP_TX_TP_3;
                  }
                  else
                  {
                      // Set 10 Bits Mode
                      ScalerSetBit(P38_88_PHY0_TXBIST_00_L1, ~(_BIT3 | _BIT2), _BIT2);
              
                      // Main Link Switch to TPS2 Pattern
                      ScalerSetBit(P38_88_PHY0_TXBIST_00_L1, ~_BIT5, 0x00);
              
                      return _DISPLAY_DP_TX_TP_2;
                  }
              }
              #endif // End of #if(_DISPLAY_DP_TX_PORT_2 == _ON)
1175          #endif // End of #if(_PANEL_STYLE == _PANEL_DPTX)
*** WARNING C294 IN LINE 795 OF Kernel\Scaler\RL6449_Series_Scaler\Code\RL6449_Series_DisplayDPTx.c: unreachable code


MODULE INFORMATION:   STATIC OVERLAYABLE
   CODE SIZE        =   1249    ----
   CONSTANT SIZE    =     96    ----
   XDATA SIZE       =   ----       6
   PDATA SIZE       =   ----    ----
   DATA SIZE        =   ----    ----
   IDATA SIZE       =   ----    ----
   BIT SIZE         =   ----       9
END OF MODULE INFORMATION.


C51 COMPILATION COMPLETE.  1 WARNING(S),  0 ERROR(S)
