C51 COMPILER V9.60.0.0   RTD2014USERINTERFACEGLOBALDIMMING                                 04/23/2026 13:55:16 PAGE 1   


C51 COMPILER V9.60.0.0, COMPILATION OF MODULE RTD2014USERINTERFACEGLOBALDIMMING
OBJECT MODULE PLACED IN .\Output\RL6449_Project\RTD2014UserInterfaceGlobalDimming.obj
COMPILER INVOKED BY: C:\Keil_v5\C51\BIN\C51.EXE User\RTD Series\RTD2014Function\Code\RTD2014UserInterfaceGlobalDimming.c
                    - LARGE OPTIMIZE(9,SPEED) INCDIR(.\Output\RL6449_Project;.\Project\Header;.\Pcb;.\Panel;.\Kernel\Device\Header;.\Kernel\C
                    -ommon;.\Kernel\System\Header;.\Kernel\Scaler\ScalerFunction\Header;.\Kernel\Scaler\ScalerCommonFunction\Header;.\Kernel\
                    -Scaler\ScalerFunction\Lib\Header;.\Kernel\Scaler\ScalerCommonFunction\Lib\Header;.\Kernel\Scaler\RL6449_Series_Scaler\He
                    -ader;.\Kernel\Scaler\RL6449_Series_Scaler\Lib\Header;.\Kernel\Scaler\RL6449_Series_Common\Header;.\Kernel\Scaler\RL6449_
                    -Series_Common\Lib\Header;.\Kernel\User Common Function\Header;.\User\RTD Series\RTD2014Function\Header;.\User\RTD Series
                    -\RTD2014Osd\Header;.\User\RTD Factory\Header;.\User\None Series\NoneFunction\Header;.\User\None Series\NoneOsd\Header;.\
                    -User\None Factory\Header;.\User\RTD Factory\Code) DEFINE(_PROJECT=_RL6449_PROJECT,_SCALER_TYPE=_RL6449_SERIES) DEBUG OBJ
                    -ECTEXTEND PRINT(.\Output\RL6449_Project\RTD2014UserInterfaceGlobalDimming.lst) TABS(2) OBJECT(.\Output\RL6449_Project\RT
                    -D2014UserInterfaceGlobalDimming.obj)

line level    source

   1          /********************************************************************************/
   2          /*   The  Software  is  proprietary,  confidential,  and  valuable to Realtek   */
   3          /*   Semiconductor  Corporation  ("Realtek").  All  rights, including but not   */
   4          /*   limited  to  copyrights,  patents,  trademarks, trade secrets, mask work   */
   5          /*   rights, and other similar rights and interests, are reserved to Realtek.   */
   6          /*   Without  prior  written  consent  from  Realtek,  copying, reproduction,   */
   7          /*   modification,  distribution,  or  otherwise  is strictly prohibited. The   */
   8          /*   Software  shall  be  kept  strictly  in  confidence,  and  shall  not be   */
   9          /*   disclosed to or otherwise accessed by any third party.                     */
  10          /*   c<2003> - <2012>                                                           */
  11          /*   The Software is provided "AS IS" without any warranty of any kind,         */
  12          /*   express, implied, statutory or otherwise.                                  */
  13          /********************************************************************************/
  14          
  15          //----------------------------------------------------------------------------------------------------
  16          // ID Code      : RTD2014UserInterfaceLocalDimming.c
  17          // Update Note  :
  18          //----------------------------------------------------------------------------------------------------
  19          
  20          #define __USER_INTERFACE_GLOBAL_DIMMING__
  21          
  22          #include "UserCommonInclude.h"
  23          
  24          #if((_OSD_TYPE == _REALTEK_2014_OSD) && (_GLOBAL_DIMMING_SUPPORT == _ON))
              
              //****************************************************************************
              // DEFINITIONS / MACROS
              //****************************************************************************
              
              
              //****************************************************************************
              // STRUCT / TYPE / ENUM DEFINITTIONS
              //****************************************************************************
              
              
              //****************************************************************************
              // CODE TABLES
              //****************************************************************************
              
              
              //****************************************************************************
              // VARIABLE DECLARATIONS
              //****************************************************************************
              
              
              //****************************************************************************
C51 COMPILER V9.60.0.0   RTD2014USERINTERFACEGLOBALDIMMING                                 04/23/2026 13:55:16 PAGE 2   

              // FUNCTION DECLARATIONS
              //****************************************************************************
              void UserInterfaceGlobalDimmingAdjustPWM(WORD usPWMValue);
              void UserInterfaceGlobalDimmingAdjustPCM(void);
              
              //****************************************************************************
              // FUNCTION DEFINITIONS
              //****************************************************************************
              //--------------------------------------------------
              // Description  :
              // Input Value  : 0~ 2048
              // Output Value :
              //--------------------------------------------------
              void UserInterfaceGlobalDimmingAdjustPWM(WORD usPWMValue)
              {
                  WORD usNormPWM = 0;
              #if(_DEVICE_LED_DRIVER_TYPE != _DEVICE_LED_DRIVER_NONE)
                  usNormPWM = ((DWORD)usPWMValue * _DEVICE_LED_DRIVER_PWM_MAX) / _GD_PANEL_PWM_MAX;
                  ExternalDeviceInterfaceLedDriverPwm(_PANEL_PWM_LOCAL_ALL, usNormPWM, _DEVICE_CALI_OFF);
              #else
                  usNormPWM = ((DWORD)usPWMValue * _BACKLIGHT_MAX) / _GD_PANEL_PWM_MAX;
                  // Adjust backlight by changing PWM duty
                  PCB_BACKLIGHT_PWM(usNormPWM);
              #endif
              }
              
              //--------------------------------------------------
              // Description  : Adjust PCM in Global Dimming Mode
              // Input Value  : void
              // Output Value : void
              //--------------------------------------------------
              void UserInterfaceGlobalDimmingAdjustPCM(void)
              {
              #if(_SDR_TO_HDR_SUPPORT == _ON)
              
                  UserAdjustSDRToHDR(GET_OSD_SDR_TO_HDR());
              
              #else
              
              #if(_PCM_FUNCTION == _ON)
                  UserAdjustPCM(GET_OSD_PCM_STATUS());
              #endif
              
              #endif
              }
              
              //--------------------------------------------------
              // Description  : Get Global Dimming OSD Status
              // Input Value  : void
              // Output Value : _GD_ENABLE or _GD_DISABLE
              //--------------------------------------------------
              EnumGDStatus UserInterfaceGetGlobalDimmingStatus(void)
              {
                  return _GD_ENABLE;
              }
              #endif // End of #if((_OSD_TYPE == _REALTEK_2014_OSD) && (_Global_DIMMING_SUPPORT == _ON))
 103          


MODULE INFORMATION:   STATIC OVERLAYABLE
   CODE SIZE        =   ----    ----
   CONSTANT SIZE    =   ----    ----
C51 COMPILER V9.60.0.0   RTD2014USERINTERFACEGLOBALDIMMING                                 04/23/2026 13:55:16 PAGE 3   

   XDATA SIZE       =   ----    ----
   PDATA SIZE       =   ----    ----
   DATA SIZE        =   ----    ----
   IDATA SIZE       =   ----    ----
   BIT SIZE         =   ----    ----
END OF MODULE INFORMATION.


C51 COMPILATION COMPLETE.  0 WARNING(S),  0 ERROR(S)
