C51 COMPILER V9.60.0.0   RTD2014OSDWINDOW                                                  04/23/2026 13:55:22 PAGE 1   


C51 COMPILER V9.60.0.0, COMPILATION OF MODULE RTD2014OSDWINDOW
OBJECT MODULE PLACED IN .\Output\RL6449_Project\RTD2014OsdWindow.obj
COMPILER INVOKED BY: C:\Keil_v5\C51\BIN\C51.EXE User\RTD Series\RTD2014Osd\Code\RTD2014OsdWindow.c LARGE OPTIMIZE(9,SPEE
                    -D) INCDIR(.\Output\RL6449_Project;.\Project\Header;.\Pcb;.\Panel;.\Kernel\Device\Header;.\Kernel\Common;.\Kernel\System\
                    -Header;.\Kernel\Scaler\ScalerFunction\Header;.\Kernel\Scaler\ScalerCommonFunction\Header;.\Kernel\Scaler\ScalerFunction\
                    -Lib\Header;.\Kernel\Scaler\ScalerCommonFunction\Lib\Header;.\Kernel\Scaler\RL6449_Series_Scaler\Header;.\Kernel\Scaler\R
                    -L6449_Series_Scaler\Lib\Header;.\Kernel\Scaler\RL6449_Series_Common\Header;.\Kernel\Scaler\RL6449_Series_Common\Lib\Head
                    -er;.\Kernel\User Common Function\Header;.\User\RTD Series\RTD2014Function\Header;.\User\RTD Series\RTD2014Osd\Header;.\U
                    -ser\RTD Factory\Header;.\User\None Series\NoneFunction\Header;.\User\None Series\NoneOsd\Header;.\User\None Factory\Head
                    -er;.\User\RTD Factory\Code) DEFINE(_PROJECT=_RL6449_PROJECT,_SCALER_TYPE=_RL6449_SERIES) DEBUG OBJECTEXTEND PRINT(.\Outp
                    -ut\RL6449_Project\RTD2014OsdWindow.lst) TABS(2) OBJECT(.\Output\RL6449_Project\RTD2014OsdWindow.obj)

line level    source

   1          /********************************************************************************/
   2          /*   The  Software  is  proprietary,  confidential,  and  valuable to Realtek   */
   3          /*   Semiconductor  Corporation  ("Realtek").  All  rights, including but not   */
   4          /*   limited  to  copyrights,  patents,  trademarks, trade secrets, mask work   */
   5          /*   rights, and other similar rights and interests, are reserved to Realtek.   */
   6          /*   Without  prior  written  consent  from  Realtek,  copying, reproduction,   */
   7          /*   modification,  distribution,  or  otherwise  is strictly prohibited. The   */
   8          /*   Software  shall  be  kept  strictly  in  confidence,  and  shall  not be   */
   9          /*   disclosed to or otherwise accessed by any third party.                     */
  10          /*   c<2003> - <2012>                                                           */
  11          /*   The Software is provided "AS IS" without any warranty of any kind,         */
  12          /*   express, implied, statutory or otherwise.                                  */
  13          /********************************************************************************/
  14          
  15          //----------------------------------------------------------------------------------------------------
  16          // ID Code      : RTD2014OsdWindow.c
  17          // Update Note  :
  18          //----------------------------------------------------------------------------------------------------
  19          
  20          #define __RTD_OSDWINDOW__
  21          
  22          #include "UserCommonInclude.h"
  23          
  24          #if(_OSD_TYPE == _REALTEK_2014_OSD)
  25          
  26          //****************************************************************************
  27          // DEFINITIONS / MACROS
  28          //****************************************************************************
  29          
  30          //****************************************************************************
  31          // STRUCT / TYPE / ENUM DEFINITTIONS
  32          //****************************************************************************
  33          
  34          //****************************************************************************
  35          // CODE TABLES
  36          //****************************************************************************
  37          
  38          //****************************************************************************
  39          // VARIABLE DECLARATIONS
  40          //****************************************************************************
  41          
  42          //****************************************************************************
  43          // FUNCTION DECLARATIONS
  44          //****************************************************************************
  45          void OsdWindowDrawing(BYTE ucWindow, WORD usXStart, WORD usYStart, WORD usXEnd, WORD usYEnd, BYTE ucColor)
             -;
  46          void OsdWindowDrawingHighlight(BYTE ucWindow, WORD usXStart, WORD usYStart, WORD usXEnd, WORD usYEnd, BYTE
C51 COMPILER V9.60.0.0   RTD2014OSDWINDOW                                                  04/23/2026 13:55:22 PAGE 2   

             - ucColor, BYTE ucForegroundColor, BYTE ucBackgroundColor, BYTE ucENABLE);
  47          void OsdWindowDrawingByFont(BYTE ucWindow, BYTE ucRow, BYTE ucCol, BYTE ucWidth, BYTE ucHeight, BYTE ucCol
             -or);
  48          void OsdMenuDrawingHighlight(BYTE ucWindow,BYTE ucForegroundColor, BYTE ucBackgroundColor, BYTE ucENABLE);
  49          
  50          //***************************************************************************
  51          // FUNCTION DEFINITIONS
  52          //****************************************************************************
  53          //--------------------------------------------------
  54          // Description  :
  55          // Input Value  :
  56          // Output Value :
  57          //--------------------------------------------------
  58          void OsdWindowDrawing(BYTE ucWindow, WORD usXStart, WORD usYStart, WORD usXEnd, WORD usYEnd, BYTE ucColor)
  59          {
  60   1      #if(_OSD_ROTATE_FUNCTION == _OSD_ROTATE_SOFTWARE)
                  WORD xdata usTemp = 0;
                  WORD xdata usTemp1 = 0;
                  WORD xdata usTemp2 = 0;
                  usTemp  = usXEnd - usXStart;
                  usTemp1 = usYEnd - usYStart;
                  usTemp2 = usXStart;
              
                  if(GET_OSD_ROTATE_STATUS() == _OSD_ROTATE_DEGREE_90)
                  {
                      usXEnd = (g_ucOsdWidth * 18 - usYStart);
                      usXStart = usXEnd - usTemp1;
                      usYStart = usTemp2;
                      usYEnd = usYStart + usTemp;
                  }
                  else if(GET_OSD_ROTATE_STATUS() == _OSD_ROTATE_DEGREE_270)
                  {
                      usXStart = usYStart;
                      usYStart = (g_ucOsdHeight * 12) - usXEnd;
                      usXEnd = usXStart + usTemp1;
                      usYEnd = usYStart + usTemp;
                  }
                  else
                  {
                  }
              
              #elif(_OSD_ROTATE_FUNCTION == _OSD_ROTATE_HARDWARE)
  87   1          WORD xdata usTemp = 0;
  88   1          WORD xdata usTemp1 = 0;
  89   1          WORD xdata usTemp2 = 0;
  90   1          usTemp  = usXEnd - usXStart;
  91   1          usTemp1 = usYEnd - usYStart;
  92   1          usTemp2 = usXStart;
  93   1      
  94   1          if(GET_OSD_ROTATE_STATUS() == _OSD_ROTATE_DEGREE_90)
  95   1          {
  96   2              usXEnd = (g_ucOsdHeight * 18 - usYStart);
  97   2              usXStart = usXEnd - usTemp1;
  98   2              usYStart = usTemp2;
  99   2              usYEnd = usYStart + usTemp;
 100   2          }
 101   1          else if(GET_OSD_ROTATE_STATUS() == _OSD_ROTATE_DEGREE_270)
 102   1          {
 103   2              usXStart = usYStart;
 104   2              usYStart = (g_ucOsdWidth * 12) - usXEnd;
 105   2              usXEnd = usXStart + usTemp1;
 106   2              usYEnd = usYStart + usTemp;
C51 COMPILER V9.60.0.0   RTD2014OSDWINDOW                                                  04/23/2026 13:55:22 PAGE 3   

 107   2          }
 108   1          else if(GET_OSD_ROTATE_STATUS() == _OSD_ROTATE_DEGREE_180)
 109   1          {
 110   2              usXStart = (g_ucOsdWidth * 12) - usTemp - usXStart;
 111   2              usXEnd = usXStart + usTemp;
 112   2              usYStart = (g_ucOsdHeight * 18) - usTemp1 - usYStart;
 113   2              usYEnd = usYStart + usTemp1;
 114   2          }
 115   1          else
 116   1          {
 117   2          }
 118   1      
 119   1      #else // #if(_OSD_ROTATE_FUNCTION == _OSD_ROTATE_SOFTWARE)
              
              
              #endif
 123   1        if(ucWindow == _OSD_WINDOW_8)
 124   1        
 125   1      {
 126   2          SET_OSD_WINDOW_COLOR_BORDER(_CP_WHITE);
 127   2          SET_OSD_WINDOW_SHADOW_BORDER_PIXEL_WIDTH(2);
 128   2          SET_OSD_WINDOW_SHADOW_BORDER_PIXEL_HEIGHT(2);
 129   2          SET_OSD_WINDOW_BUTTON_ENABLE(_ENABLE);
 130   2          SET_OSD_WINDOW_BUTTON_TYPE(7);
 131   2      
 132   2        }
 133   1      
 134   1      
 135   1          SET_OSD_WINDOW_NUMBER(ucWindow);
 136   1          SET_OSD_WINDOW_COLOR(ucColor);
 137   1      
 138   1          SET_OSD_WINDOW_BLEND_ENABLE(_ENABLE);
 139   1          SET_OSD_WINDOW_ENABLE(_ENABLE);
 140   1          ScalerTimerWaitForEvent(_EVENT_DEN_STOP);
 141   1          ScalerOsdDrawWindow(usXStart, usYStart, usXEnd, usYEnd);
 142   1      }
 143          
 144          //--------------------------------------------------
 145          // Description  :
 146          // Input Value  :
 147          // Output Value :
 148          //--------------------------------------------------
 149          void OsdWindowDrawingHighlight(BYTE ucWindow, WORD usXStart, WORD usYStart, WORD usXEnd, WORD usYEnd, BYTE
             - ucColor, BYTE ucForegroundColor, BYTE ucBackgroundColor, BYTE ucENABLE)
 150          {
 151   1        if(ucENABLE == _DISABLE)
 152   1        {
 153   2          ScalerOsdWindowDisable(_OSD_WINDOW_4_7);
 154   2          ScalerOsdWindowDisable(_OSD_WINDOW_4_8);
 155   2          return;
 156   2        }
 157   1      
 158   1          OsdWindowDrawing(ucWindow, usXStart, usYStart, usXEnd, usYEnd, ucColor);
 159   1      
 160   1          ScalerOsdWindowHighlightFunction(ucENABLE, ucWindow, ucForegroundColor, ucBackgroundColor, _CP_BG);
 161   1      }
 162          
 163          void OsdMenuDrawingHighlight(BYTE ucWindow,BYTE ucForegroundColor, BYTE ucBackgroundColor, BYTE ucENABLE)
 164          {
 165   1      
 166   1        ScalerOsdWindowHighlightFunction(ucENABLE, ucWindow, ucForegroundColor, ucBackgroundColor, _CP_BG);
 167   1      
C51 COMPILER V9.60.0.0   RTD2014OSDWINDOW                                                  04/23/2026 13:55:22 PAGE 4   

 168   1      }
 169          
 170          //--------------------------------------------------
 171          // Description  :
 172          // Input Value  :
 173          // Output Value :
 174          //--------------------------------------------------
 175          void OsdWindowDrawingByFont(BYTE ucWindow, BYTE ucRow, BYTE ucCol, BYTE ucWidth, BYTE ucHeight, BYTE ucCol
             -or)
 176          {
 177   1          WORD usHstart = 0;
 178   1          WORD usHend = 0;
 179   1          WORD usVstart = 0;
 180   1          WORD usVend = 0;
 181   1      
 182   1          usHstart = ((WORD)ucCol * 12);
 183   1          usHend = usHstart + ((WORD)ucWidth * 12);
 184   1      
 185   1          if(ucRow > 0)
 186   1          {
 187   2              usVstart = (ucRow * 18);
 188   2          }
 189   1          usVend = usVstart + (18 * ucHeight);
 190   1      
 191   1          OsdWindowDrawing(ucWindow, usHstart, usVstart, usHend, usVend, ucColor);
 192   1      }
 193          
 194          
 195          #endif//#if(_OSD_TYPE == _REALTEK_2014_OSD)
 196          


MODULE INFORMATION:   STATIC OVERLAYABLE
   CODE SIZE        =    780    ----
   CONSTANT SIZE    =   ----    ----
   XDATA SIZE       =   ----      43
   PDATA SIZE       =   ----    ----
   DATA SIZE        =   ----    ----
   IDATA SIZE       =   ----    ----
   BIT SIZE         =   ----    ----
END OF MODULE INFORMATION.


C51 COMPILATION COMPLETE.  0 WARNING(S),  0 ERROR(S)
