C51 COMPILER V9.60.0.0   RTD2014DDCCI_AUTOALIGN                                            04/23/2026 13:55:23 PAGE 1   


C51 COMPILER V9.60.0.0, COMPILATION OF MODULE RTD2014DDCCI_AUTOALIGN
OBJECT MODULE PLACED IN .\Output\RL6449_Project\RTD2014Ddcci_AutoAlign.obj
COMPILER INVOKED BY: C:\Keil_v5\C51\BIN\C51.EXE User\RTD Series\RTD2014Osd\Code\RTD2014Ddcci_AutoAlign.c LARGE OPTIMIZE(
                    -9,SPEED) INCDIR(.\Output\RL6449_Project;.\Project\Header;.\Pcb;.\Panel;.\Kernel\Device\Header;.\Kernel\Common;.\Kernel\S
                    -ystem\Header;.\Kernel\Scaler\ScalerFunction\Header;.\Kernel\Scaler\ScalerCommonFunction\Header;.\Kernel\Scaler\ScalerFun
                    -ction\Lib\Header;.\Kernel\Scaler\ScalerCommonFunction\Lib\Header;.\Kernel\Scaler\RL6449_Series_Scaler\Header;.\Kernel\Sc
                    -aler\RL6449_Series_Scaler\Lib\Header;.\Kernel\Scaler\RL6449_Series_Common\Header;.\Kernel\Scaler\RL6449_Series_Common\Li
                    -b\Header;.\Kernel\User Common Function\Header;.\User\RTD Series\RTD2014Function\Header;.\User\RTD Series\RTD2014Osd\Head
                    -er;.\User\RTD Factory\Header;.\User\None Series\NoneFunction\Header;.\User\None Series\NoneOsd\Header;.\User\None Factor
                    -y\Header;.\User\RTD Factory\Code) DEFINE(_PROJECT=_RL6449_PROJECT,_SCALER_TYPE=_RL6449_SERIES) DEBUG OBJECTEXTEND PRINT(
                    -.\Output\RL6449_Project\RTD2014Ddcci_AutoAlign.lst) TABS(2) OBJECT(.\Output\RL6449_Project\RTD2014Ddcci_AutoAlign.obj)

line level    source

   1          /********************************************************************************/
   2          /*   The  Software  is  proprietary,  confidential,  and  valuable to Realtek   */
   3          /*   Semiconductor  Corporation  ("Realtek").  All  rights, including but not   */
   4          /*   limited  to  copyrights,  patents,  trademarks, trade secrets, mask work   */
   5          /*   rights, and other similar rights and interests, are reserved to Realtek.   */
   6          /*   Without  prior  written  consent  from  Realtek,  copying, reproduction,   */
   7          /*   modification,  distribution,  or  otherwise  is strictly prohibited. The   */
   8          /*   Software  shall  be  kept  strictly  in  confidence,  and  shall  not be   */
   9          /*   disclosed to or otherwise accessed by any third party.                     */
  10          /*   c<2003> - <2012>                                                           */
  11          /*   The Software is provided "AS IS" without any warranty of any kind,         */
  12          /*   express, implied, statutory or otherwise.                                  */
  13          /********************************************************************************/
  14          
  15          #define __RTD2011_ALIGN__
  16          
  17          #include "UserCommonInclude.h"
  18          
  19          #if(_OSD_TYPE == _REALTEK_2014_OSD)
  20          
  21          //****************************************************************************
  22          // VARIABLE DECLARATIONS
  23          //****************************************************************************
  24          
  25          BYTE Ct4500Flag = 0;
  26          //****************************************************************************
  27          // FUNCTION DECLARATIONS
  28          //****************************************************************************
  29          void CTXAlignControl(void);
  30          void RTDDdcciAutoAlignPro(void);
  31          //--------------------------------------------------
  32          // Description  : 
  33          // Input Value  : None
  34          // Output Value : None
  35          //--------------------------------------------------
  36          
  37          bit IS_OSD_RESET(void)
  38          {
  39   1        return ((g_pucDdcciRxBuf[4]==0xFF)&&(g_pucDdcciRxBuf[5]==0x01));
  40   1      }
  41          bit IS_AUTO_COLOR(void)
  42          {
  43   1        return ((g_pucDdcciRxBuf[4]==0xFF)&&(g_pucDdcciRxBuf[5]==0x02));
  44   1      }
  45          /********************************************************************/
  46          bit IS_TEST_LIGHTMAX(void)
  47          {
C51 COMPILER V9.60.0.0   RTD2014DDCCI_AUTOALIGN                                            04/23/2026 13:55:23 PAGE 2   

  48   1        return ((g_pucDdcciRxBuf[4]==0xFF)&&(g_pucDdcciRxBuf[5]==0x03));
  49   1      }
  50          
  51          bit IS_LOAD_RGB(void)
  52          {
  53   1        return ((g_pucDdcciRxBuf[4]==0xff)&&(g_pucDdcciRxBuf[5]==0x04));
  54   1      }
  55          
  56          bit IS_ALIGN_FINISH(void)
  57          {
  58   1        return ((g_pucDdcciRxBuf[4]==0xFF)&&(g_pucDdcciRxBuf[5]==0x05));
  59   1      }
  60          
  61          bit IS_START(void)
  62          {
  63   1        return ((g_pucDdcciRxBuf[4]==0xff)&&(g_pucDdcciRxBuf[5]==0xFF));
  64   1      }
  65          
  66          /*******************************************************************/
  67          
  68          bit IS_RGB_ADJ(void)
  69          {
  70   1        return ((g_pucDdcciRxBuf[4]==0x20)&&(g_pucDdcciRxBuf[5]==0x01));
  71   1      }
  72          
  73          /*******************************************************************/
  74          bit IS_SAVE_9300(void)
  75          {
  76   1        return ((g_pucDdcciRxBuf[4]==0x30)&&(g_pucDdcciRxBuf[5]==0x00));
  77   1      }
  78          
  79          bit IS_SAVE_7500(void)
  80          {
  81   1        return ((g_pucDdcciRxBuf[4]==0x30)&&(g_pucDdcciRxBuf[5]==0x01));
  82   1      }
  83          
  84          bit IS_SAVE_6500(void)
  85          {
  86   1        return ((g_pucDdcciRxBuf[4]==0x30)&&(g_pucDdcciRxBuf[5]==0x02));
  87   1      }
  88          
  89          bit IS_SAVE_5800(void)
  90          {
  91   1        return ((g_pucDdcciRxBuf[4]==0x30)&&(g_pucDdcciRxBuf[5]==0x03));
  92   1      }
  93          
  94          bit IS_SAVE_sRGB(void)
  95          {
  96   1        return ((g_pucDdcciRxBuf[4]==0x30)&&(g_pucDdcciRxBuf[5]==0x04));
  97   1      }
  98          
  99          bit IS_SAVE_USER(void)
 100          {
 101   1        return ((g_pucDdcciRxBuf[4]==0x30)&&(g_pucDdcciRxBuf[5]==0x05));
 102   1      }
 103          
 104          //*****************************************************
 105          
 106          //--------------------------------------------------
 107          // Description  : RTDDdccireply
 108          // Input Value  : None
 109          // Output Value : None
C51 COMPILER V9.60.0.0   RTD2014DDCCI_AUTOALIGN                                            04/23/2026 13:55:23 PAGE 3   

 110          //--------------------------------------------------
 111          extern void RTDDdccireply(BYTE Flag);
 112          
 113          //--------------------------------------------------
 114          // Description  : 
 115          // Input Value  : None
 116          // Output Value : None
 117          //--------------------------------------------------
 118          void RTDDdcciAutoAlignPro(void)
 119          {
 120   1        /************************FUNC***********************************/
 121   1        if(IS_OSD_RESET())
 122   1        {
 123   2          OsdDispOsdReset();
 124   2          RTDDdccireply(_TRUE);
 125   2        }
 126   1      
 127   1        if(IS_AUTO_COLOR())
 128   1        {
 129   2        
 130   2      #if(_VGA_SUPPORT != _ON)
 131   2          RTDDdccireply(0X02);
 132   2          return;
 133   2      #endif
 134   2          if(SysSourceGetSourceType() != _SOURCE_VGA)
 135   2          { 
 136   3            RTDDdccireply(_FALSE);
 137   3          }
 138   2          else
 139   2          {
 140   3          
 141   3      #if(_VGA_SUPPORT == _ON)    
                    OsdDisplayAutoBalanceProc();
                    RTDDdccireply(_TRUE);
              #endif
 145   3          }
 146   2        }
 147   1         /****************************CT**********************************/
 148   1         
 149   1         if(IS_TEST_LIGHTMAX())
 150   1         {
 151   2           if(ScalerTimerSearchActiveTimerEvent(_USER_TIMER_EVENT_BUININ_MSG))
 152   2           {
 153   3             ScalerTimerCancelTimerEvent(_USER_TIMER_EVENT_BUININ_MSG);
 154   3             RTDFactoryOsdFuncDisableOsd();
 155   3             ScalerDDomainPatternGenAdjustColor(255,255,255);
 156   3             ScalerDDomainPatternGenEnable(_ENABLE);
 157   3             ScalerDDomainBackgroundEnable(_DISABLE);
 158   3           
 159   3           }
 160   2           else
 161   2           {
 162   3             ScalerOsdDisableOsd();
 163   3           }
 164   2           SET_COLOR_TEMP_TYPE_USER_R(128);
 165   2           SET_COLOR_TEMP_TYPE_USER_G(128);
 166   2           SET_COLOR_TEMP_TYPE_USER_B(128);
 167   2           UserAdjustContrast(100);
 168   2           UserAdjustBacklight(100);
 169   2           RTDDdccireply(_TRUE);
 170   2         }
 171   1      
C51 COMPILER V9.60.0.0   RTD2014DDCCI_AUTOALIGN                                            04/23/2026 13:55:23 PAGE 4   

 172   1         if(IS_START())
 173   1         {
 174   2             
 175   2           RTDNVRamRestoreBriCon();
 176   2           RTDNVRamRestoreBacklight();
 177   2           UserAdjustBacklight(GET_OSD_BACKLIGHT());
 178   2           UserAdjustBrightness(GET_OSD_BRIGHTNESS());
 179   2           
 180   2           RTDDdccireply(_TRUE);
 181   2         }
 182   1         
 183   1         if(IS_LOAD_RGB())
 184   1         {
 185   2           SET_COLOR_TEMP_TYPE_USER_R(g_pucDdcciRxBuf[6]);
 186   2           SET_COLOR_TEMP_TYPE_USER_G(g_pucDdcciRxBuf[7]);
 187   2           SET_COLOR_TEMP_TYPE_USER_B(g_pucDdcciRxBuf[8]);   
 188   2      #if(_DEF_COLORFUL)
                   UserAdjustContrast(GetOsdValue(_MENU_FUN_CONTRAST));
              #else
 191   2           UserAdjustContrast(GET_OSD_CONTRAST());
 192   2      #endif
 193   2           RTDDdccireply(_TRUE);
 194   2         }
 195   1         
 196   1      
 197   1         /************************************R G B**************************/     
 198   1        if(IS_RGB_ADJ())
 199   1        {
 200   2          SET_COLOR_TEMP_TYPE_USER_R(g_pucDdcciRxBuf[6]);
 201   2          SET_COLOR_TEMP_TYPE_USER_G(g_pucDdcciRxBuf[7]);
 202   2          SET_COLOR_TEMP_TYPE_USER_B(g_pucDdcciRxBuf[8]);
 203   2      
 204   2      #if(_DEF_COLORFUL)
                   UserAdjustContrast(GetOsdValue(_MENU_FUN_CONTRAST));
              #else 
 207   2          UserAdjustContrast(GET_OSD_CONTRAST());
 208   2      #endif
 209   2          RTDDdccireply(_SUCCESS);
 210   2        }
 211   1          
 212   1        
 213   1        /***********************************SAVE****************************/
 214   1         if(IS_SAVE_9300())
 215   1         {
 216   2           SET_COLOR_TEMP_TYPE(_CT_9300);
 217   2           RTDNVRamSaveColorSetting(GET_COLOR_TEMP_TYPE());
 218   2           RTDDdccireply(_TRUE);
 219   2         }
 220   1         if(IS_SAVE_7500())
 221   1         {
 222   2           SET_COLOR_TEMP_TYPE(_CT_7500);
 223   2           RTDNVRamSaveColorSetting(GET_COLOR_TEMP_TYPE());
 224   2           RTDDdccireply(_TRUE);
 225   2         }
 226   1         if(IS_SAVE_6500())
 227   1         {
 228   2           SET_COLOR_TEMP_TYPE(_CT_6500);
 229   2           RTDNVRamSaveColorSetting(GET_COLOR_TEMP_TYPE());
 230   2           RTDDdccireply(_TRUE);
 231   2         }
 232   1         if(IS_SAVE_5800())
 233   1         {
C51 COMPILER V9.60.0.0   RTD2014DDCCI_AUTOALIGN                                            04/23/2026 13:55:23 PAGE 5   

 234   2           SET_COLOR_TEMP_TYPE(_CT_5800);
 235   2           RTDNVRamSaveColorSetting(GET_COLOR_TEMP_TYPE());
 236   2           RTDDdccireply(_TRUE);
 237   2         }
 238   1         if(IS_SAVE_sRGB())
 239   1         {
 240   2           SET_COLOR_TEMP_TYPE(_CT_SRGB);
 241   2           RTDNVRamSaveColorSetting(GET_COLOR_TEMP_TYPE());
 242   2           RTDDdccireply(_TRUE);
 243   2         }
 244   1         if(IS_SAVE_USER())
 245   1         {
 246   2           SET_COLOR_TEMP_TYPE(_CT_USER);
 247   2           RTDNVRamSaveColorSetting(GET_COLOR_TEMP_TYPE());
 248   2           RTDDdccireply(_TRUE);
 249   2        }
 250   1      
 251   1         if(IS_ALIGN_FINISH())
 252   1         {
 253   2          SET_COLOR_TEMP_TYPE(_CT_6500);
 254   2          RTDNVRamLoadColorSetting(GET_COLOR_TEMP_TYPE());
 255   2          SET_OSD_ALIGN_MODE(_ON);
 256   2          RTDDdccireply(_TRUE);
 257   2          RTDNVRamSaveOSDData();
 258   2          RTDFactoryMainMenu();
 259   2          ScalerTimerActiveTimerEvent(SEC(5), _USER_TIMER_EVENT_OSD_DISABLE);
 260   2      
 261   2        if(GET_OSD_BURNING_MODE() && SysModeGetModeState() == _MODE_STATUS_NOSIGNAL)
 262   2        {
 263   3          ScalerTimerActiveTimerEvent(SEC(0.01),_USER_TIMER_EVENT_BUININ_MSG);
 264   3          ScalerOsdEnableOsd();
 265   3          #if  (_BURNIN_MSG_MENU_SUPPORT==_ON)
 266   3          RTDBurnInMenu();
 267   3          #endif
 268   3        }
 269   2        }
 270   1      }
 271          
 272          bit FC_READ_R_GAIN()
 273          {
 274   1          return (g_pucDdcciRxBuf[3]==0x50&&g_pucDdcciRxBuf[4]==0x02);
 275   1      }
 276          
 277          bit FC_READ_G_GAIN()
 278          {
 279   1          return (g_pucDdcciRxBuf[3]==0x50&&g_pucDdcciRxBuf[4]==0x03);
 280   1      }
 281          
 282          bit FC_READ_B_GAIN()
 283          {
 284   1          return (g_pucDdcciRxBuf[3]==0x50&&g_pucDdcciRxBuf[4]==0x04);
 285   1      }
 286          
 287          bit FC_READ_CONTRAST()
 288          {
 289   1          return (g_pucDdcciRxBuf[3]==0x50&&g_pucDdcciRxBuf[4]==0x0e);
 290   1      }
 291          
 292          bit FC_READ_BRIGHTNESS()
 293          {
 294   1          return (g_pucDdcciRxBuf[3]==0x50&&g_pucDdcciRxBuf[4]==0x0d);
 295   1      }
C51 COMPILER V9.60.0.0   RTD2014DDCCI_AUTOALIGN                                            04/23/2026 13:55:23 PAGE 6   

 296          
 297          bit FC_ADJUST_R_GAIN()
 298          {
 299   1          return (g_pucDdcciRxBuf[3]==0x40&&g_pucDdcciRxBuf[4]==0x02);
 300   1      }
 301          
 302          bit FC_ADJUST_G_GAIN()
 303          {
 304   1        return (g_pucDdcciRxBuf[3]==0x40&&g_pucDdcciRxBuf[4]==0x03);
 305   1      }
 306          
 307          bit FC_ADJUST_B_GAIN()
 308          {
 309   1        return (g_pucDdcciRxBuf[3]==0x40&&g_pucDdcciRxBuf[4]==0x04);
 310   1      }
 311          
 312          bit FC_ADJUST_CONTRAST()
 313          {
 314   1        return (g_pucDdcciRxBuf[3]==0x40&&g_pucDdcciRxBuf[4]==0x01);
 315   1      }
 316          
 317          bit FC_ADJUST_BRIGHTNESS()
 318          {
 319   1        return (g_pucDdcciRxBuf[3]==0x40&&g_pucDdcciRxBuf[4]==0x00);
 320   1      }
 321          bit FC_AUTO_COLOR()
 322          {
 323   1        return (g_pucDdcciRxBuf[3]==0x0d&&g_pucDdcciRxBuf[4]==0x01);
 324   1      }
 325          bit FC_SAVE_9300()
 326          {
 327   1        return (g_pucDdcciRxBuf[3]==0x19&&g_pucDdcciRxBuf[4]==0x13);
 328   1      }
 329          
 330          bit FC_SAVE_6500()
 331          {
 332   1        return (g_pucDdcciRxBuf[3]==0x16&&g_pucDdcciRxBuf[4]==0x15);
 333   1      }
 334          bit FC_SAVE_USER()
 335          {
 336   1        return (g_pucDdcciRxBuf[3]==0x11&&g_pucDdcciRxBuf[4]==0x10);
 337   1      }
 338          bit FC_SAVE_7500()
 339          {
 340   1        return (g_pucDdcciRxBuf[3]==0x17&&g_pucDdcciRxBuf[4]==0x15);
 341   1      }
 342          bit FC_SAVE_5000()
 343          {
 344   1        return (g_pucDdcciRxBuf[3]==0x15&&g_pucDdcciRxBuf[4]==0x15);
 345   1      }
 346          
 347          bit FC_SAVE_sRGB()
 348          {
 349   1        return (g_pucDdcciRxBuf[3]==0x11&&g_pucDdcciRxBuf[4]==0x11);
 350   1      }
 351          
 352          bit FC_SAVE_8200()
 353          {
 354   1        return (g_pucDdcciRxBuf[3]==0x18&&g_pucDdcciRxBuf[4]==0x12);
 355   1      }
 356          
 357          bit FC_SAVE_11500()
C51 COMPILER V9.60.0.0   RTD2014DDCCI_AUTOALIGN                                            04/23/2026 13:55:23 PAGE 7   

 358          {
 359   1        return (g_pucDdcciRxBuf[3]==0x1B&&g_pucDdcciRxBuf[4]==0x15);
 360   1      }
 361          bit FC_ENTER_BURNIN()
 362          {
 363   1        return (g_pucDdcciRxBuf[3]==0x0d&&g_pucDdcciRxBuf[4]==0x04);
 364   1      }
 365          
 366          bit FC_EXIT_BURNIN()
 367          {
 368   1        return (g_pucDdcciRxBuf[3]==0x0d&&g_pucDdcciRxBuf[4]==0x05);
 369   1      }
 370          
 371          bit FC_ENTER_FACTORY()
 372          {
 373   1        return (g_pucDdcciRxBuf[3]==0x00&&g_pucDdcciRxBuf[4]==0x00);
 374   1      }
 375          
 376          bit FC_EXIT_FACTORY()
 377          {
 378   1        return (g_pucDdcciRxBuf[3]==0x00&&g_pucDdcciRxBuf[4]==0x01);
 379   1      }
 380          bit FC_SET_6500K()
 381          {
 382   1        return (g_pucDdcciRxBuf[3]== 0x06&& g_pucDdcciRxBuf[4] == 0x05);
 383   1      }
 384          bit FC_SET_7500K()
 385          {
 386   1        return (g_pucDdcciRxBuf[3] == 0x07&& g_pucDdcciRxBuf[4] == 0x05);
 387   1      }
 388          bit FC_SET_9300K()
 389          {
 390   1        return (g_pucDdcciRxBuf[3] == 0x09&& g_pucDdcciRxBuf[4] == 0x03);
 391   1      }
 392          bit FC_SET_USER()
 393          {
 394   1        return (g_pucDdcciRxBuf[3] == 0x01&& g_pucDdcciRxBuf[4] == 0x00);
 395   1      }
 396          bit FC_SET_5000K()
 397          {
 398   1        return (g_pucDdcciRxBuf[3] == 0x05&& g_pucDdcciRxBuf[4] == 0x05);
 399   1      }
 400          
 401          bit FC_SET_sRGB()
 402          {
 403   1        return (g_pucDdcciRxBuf[3] == 0x01&& g_pucDdcciRxBuf[4] == 0x01);
 404   1      }
 405          
 406          bit FC_Set_ColorMode_sRGB()
 407          {
 408   1        return (g_pucDdcciRxBuf[3] == 0x20 && g_pucDdcciRxBuf[4] == 0x01);
 409   1      }
 410          
 411          bit FC_Set_ColorMode_Normal()
 412          {
 413   1        return (g_pucDdcciRxBuf[3] == 0x20 && g_pucDdcciRxBuf[4] == 0x00);
 414   1      }
 415          
 416          bit FC_SET_8200()
 417          {
 418   1        return (g_pucDdcciRxBuf[3] == 0x08&& g_pucDdcciRxBuf[4] == 0x02);
 419   1      }
C51 COMPILER V9.60.0.0   RTD2014DDCCI_AUTOALIGN                                            04/23/2026 13:55:23 PAGE 8   

 420          bit FC_SET_11500()
 421          {
 422   1        return (g_pucDdcciRxBuf[3] == 0x0B&& g_pucDdcciRxBuf[4] == 0x05);
 423   1      }
 424          bit FC_GET_ADC_RGAIN()
 425          {
 426   1        return (g_pucDdcciRxBuf[3]==0x50&&g_pucDdcciRxBuf[4]==0x12);
 427   1      }
 428          bit FC_GET_ADC_GGAIN()
 429          {
 430   1        return (g_pucDdcciRxBuf[3]==0x50&&g_pucDdcciRxBuf[4]==0x13);
 431   1      }
 432          bit FC_GET_ADC_BGAIN()
 433          {
 434   1        return (g_pucDdcciRxBuf[3]==0x50&&g_pucDdcciRxBuf[4]==0x14);
 435   1      }
 436          
 437          bit FC_GET_ADC_ROFFSET()
 438          {
 439   1        return (g_pucDdcciRxBuf[3]==0x50&&g_pucDdcciRxBuf[4]==0x15);
 440   1      }
 441          bit FC_GET_ADC_GOFFSET()
 442          {
 443   1        return (g_pucDdcciRxBuf[3]==0x50&&g_pucDdcciRxBuf[4]==0x16);
 444   1      }
 445          bit FC_GET_ADC_BOFFSET()
 446          {
 447   1        return (g_pucDdcciRxBuf[3]==0x50&&g_pucDdcciRxBuf[4]==0x17);
 448   1      }
 449          bit FC_RESET_CMD()
 450          {
 451   1        return (g_pucDdcciRxBuf[3]==0x0E&&g_pucDdcciRxBuf[4]==0x00);
 452   1      }
 453          
 454          void CAlignSendAckCmd(BYTE Status)
 455          {
 456   1        g_pucDdcciRxBuf[0]=0x6E;
 457   1          g_pucDdcciTxBuf[1]=0x83;
 458   1        if(Status == _TRUE)
 459   1        {
 460   2          g_pucDdcciTxBuf[2] = 'e';
 461   2          g_pucDdcciTxBuf[3] = 'n';
 462   2          g_pucDdcciTxBuf[4] = 'a';
 463   2      
 464   2        }
 465   1        else
 466   1        {
 467   2          g_pucDdcciTxBuf[2] = 'e';
 468   2          g_pucDdcciTxBuf[3] = 'x'; 
 469   2          g_pucDdcciTxBuf[4] = 'a';
 470   2        }
 471   1      
 472   1        g_pucDdcciTxBuf[5] = UserCommonDdcciCalCheckSum();
 473   1        ScalerMcuDdcciSendData(g_pucDdcciTxBuf);
 474   1      }
 475          
 476          
 477          void CTXAlignControl(void)
 478          {
 479   1          BYTE value = 0;
 480   1        BYTE ucR_Gain,ucG_Gain,ucB_Gain;
 481   1      
C51 COMPILER V9.60.0.0   RTD2014DDCCI_AUTOALIGN                                            04/23/2026 13:55:23 PAGE 9   

 482   1          if(FC_READ_R_GAIN())
 483   1        {
 484   2            g_pucDdcciTxBuf[0] = 0x6E;
 485   2          g_pucDdcciTxBuf[1] = 0x83;
 486   2          g_pucDdcciTxBuf[2] = GET_COLOR_TEMP_TYPE_USER_R();
 487   2          g_pucDdcciTxBuf[3] = ' ';//0x4F;
 488   2          g_pucDdcciTxBuf[4] = ' ';//0x4F;
 489   2          g_pucDdcciTxBuf[5] = UserCommonDdcciCalCheckSum();
 490   2          ScalerMcuDdcciSendData(g_pucDdcciTxBuf);
 491   2        }
 492   1        else if(FC_READ_G_GAIN())
 493   1        {
 494   2            g_pucDdcciTxBuf[0] = 0x6E;
 495   2          g_pucDdcciTxBuf[1] = 0x83;
 496   2          g_pucDdcciTxBuf[2] = GET_COLOR_TEMP_TYPE_USER_G();
 497   2          g_pucDdcciTxBuf[3] = ' ';//0x4F;
 498   2          g_pucDdcciTxBuf[4] = ' ';//0x4F;
 499   2          g_pucDdcciTxBuf[5] = UserCommonDdcciCalCheckSum();
 500   2          ScalerMcuDdcciSendData(g_pucDdcciTxBuf);
 501   2        }
 502   1        else if(FC_READ_B_GAIN())
 503   1        {
 504   2            g_pucDdcciTxBuf[0] = 0x6E;
 505   2          g_pucDdcciTxBuf[1] = 0x83;
 506   2          g_pucDdcciTxBuf[2] = GET_COLOR_TEMP_TYPE_USER_B();
 507   2          g_pucDdcciTxBuf[3] = ' ';//0x4F;
 508   2          g_pucDdcciTxBuf[4] = ' ';//0x4F;
 509   2          g_pucDdcciTxBuf[5] = UserCommonDdcciCalCheckSum();
 510   2              ScalerMcuDdcciSendData(g_pucDdcciTxBuf);
 511   2        }
 512   1        else if(FC_READ_CONTRAST())
 513   1        {
 514   2          g_pucDdcciTxBuf[0] = 0x6E;
 515   2          g_pucDdcciTxBuf[1] = 0x83;
 516   2          g_pucDdcciTxBuf[2] = GET_OSD_CONTRAST();
 517   2          g_pucDdcciTxBuf[3] = ' ';//0x4F;
 518   2          g_pucDdcciTxBuf[4] = ' ';//0x4F;
 519   2          g_pucDdcciTxBuf[5] = UserCommonDdcciCalCheckSum();
 520   2          ScalerMcuDdcciSendData(g_pucDdcciTxBuf);
 521   2        }
 522   1        else if(FC_READ_BRIGHTNESS())
 523   1        {
 524   2          g_pucDdcciTxBuf[0] = 0x6E;
 525   2          g_pucDdcciTxBuf[1] = 0x83;
 526   2          g_pucDdcciTxBuf[2] = GET_OSD_BACKLIGHT();
 527   2          g_pucDdcciTxBuf[3] = ' ';//0x4F;
 528   2          g_pucDdcciTxBuf[4] = ' ';//0x4F;
 529   2          g_pucDdcciTxBuf[5] = UserCommonDdcciCalCheckSum();
 530   2          ScalerMcuDdcciSendData(g_pucDdcciTxBuf);
 531   2        }
 532   1        else if(FC_ADJUST_R_GAIN())
 533   1        {
 534   2          ucR_Gain=g_pucDdcciRxBuf[5];
 535   2          if((ucR_Gain >= 0) && (ucR_Gain <= 255))
 536   2          {
 537   3            CAlignSendAckCmd(_SUCCESS);
 538   3            SET_COLOR_TEMP_TYPE_USER_R(ucR_Gain);
 539   3            UserAdjustContrast(GET_OSD_CONTRAST());
 540   3          }
 541   2          g_pucDdcciTxBuf[0] = 0x6E;
 542   2          g_pucDdcciTxBuf[1] = 0x83;
 543   2          g_pucDdcciTxBuf[2] = 'w';
C51 COMPILER V9.60.0.0   RTD2014DDCCI_AUTOALIGN                                            04/23/2026 13:55:23 PAGE 10  

 544   2          g_pucDdcciTxBuf[3] = 'r';
 545   2          g_pucDdcciTxBuf[4] = 'g';
 546   2          g_pucDdcciTxBuf[5] = UserCommonDdcciCalCheckSum();
 547   2          ScalerMcuDdcciSendData(g_pucDdcciTxBuf);
 548   2        }
 549   1        else if(FC_ADJUST_G_GAIN())
 550   1        {
 551   2          ucG_Gain=g_pucDdcciRxBuf[5];
 552   2          if((ucG_Gain >= 0) && (ucG_Gain <= 255))
 553   2          {
 554   3            CAlignSendAckCmd(_SUCCESS);
 555   3            SET_COLOR_TEMP_TYPE_USER_G(ucG_Gain);
 556   3            UserAdjustContrast(GET_OSD_CONTRAST());
 557   3          }
 558   2          g_pucDdcciTxBuf[0] = 0x6E;
 559   2          g_pucDdcciTxBuf[1] = 0x83;
 560   2          g_pucDdcciTxBuf[2] = 'w';
 561   2          g_pucDdcciTxBuf[3] = 'g';
 562   2          g_pucDdcciTxBuf[4] = 'g';
 563   2          g_pucDdcciTxBuf[5] = UserCommonDdcciCalCheckSum();
 564   2          ScalerMcuDdcciSendData(g_pucDdcciTxBuf);
 565   2        }
 566   1        else if(FC_ADJUST_B_GAIN())
 567   1        {
 568   2          ucB_Gain=g_pucDdcciRxBuf[5];
 569   2          if((ucB_Gain >= 0) && (ucB_Gain <= 255))
 570   2          {
 571   3            SET_COLOR_TEMP_TYPE_USER_B(ucB_Gain);
 572   3            UserAdjustContrast(GET_OSD_CONTRAST());
 573   3          }
 574   2          g_pucDdcciTxBuf[0] = 0x6E;
 575   2          g_pucDdcciTxBuf[1] = 0x83;
 576   2          g_pucDdcciTxBuf[2] = 'w';
 577   2          g_pucDdcciTxBuf[3] = 'b';
 578   2          g_pucDdcciTxBuf[4] = 'g';
 579   2          g_pucDdcciTxBuf[5] = UserCommonDdcciCalCheckSum();
 580   2          ScalerMcuDdcciSendData(g_pucDdcciTxBuf);    
 581   2        }
 582   1        else if(FC_ADJUST_CONTRAST())
 583   1        {
 584   2          BYTE uctempData;
 585   2          uctempData=g_pucDdcciRxBuf[5];
 586   2          if((uctempData <= 100))
 587   2          {
 588   3            SET_OSD_CONTRAST(uctempData);
 589   3            UserAdjustContrast(GET_OSD_CONTRAST());
 590   3            
 591   3            g_pucDdcciTxBuf[2] = 'w';
 592   3            g_pucDdcciTxBuf[3] = 'c';
 593   3            g_pucDdcciTxBuf[4] = 'o';
 594   3          }
 595   2          else
 596   2          {
 597   3            g_pucDdcciTxBuf[2] = 'C';
 598   3            g_pucDdcciTxBuf[3] = 'O';
 599   3            g_pucDdcciTxBuf[4] = 'X';
 600   3          }
 601   2          g_pucDdcciTxBuf[1]=0x83;
 602   2          g_pucDdcciTxBuf[0]=0x6E;
 603   2          
 604   2          g_pucDdcciTxBuf[5] = UserCommonDdcciCalCheckSum();
 605   2          ScalerMcuDdcciSendData(g_pucDdcciTxBuf);
C51 COMPILER V9.60.0.0   RTD2014DDCCI_AUTOALIGN                                            04/23/2026 13:55:23 PAGE 11  

 606   2        }
 607   1        else if(FC_ADJUST_BRIGHTNESS())
 608   1        {
 609   2          BYTE uctempData;
 610   2          uctempData=g_pucDdcciRxBuf[5];
 611   2          if(uctempData <= 100)
 612   2          {
 613   3            SET_OSD_BACKLIGHT(uctempData);
 614   3            UserAdjustBacklight(GET_OSD_BACKLIGHT());
 615   3            g_pucDdcciTxBuf[2] = 'w';
 616   3            g_pucDdcciTxBuf[3] = 'b';
 617   3            g_pucDdcciTxBuf[4] = 'r';
 618   3          }
 619   2          else
 620   2          {
 621   3            g_pucDdcciTxBuf[2] = 'B';
 622   3            g_pucDdcciTxBuf[3] = 'R';
 623   3            g_pucDdcciTxBuf[4] = 'X';
 624   3          }
 625   2          g_pucDdcciTxBuf[1]=0x83;
 626   2          g_pucDdcciTxBuf[0]=0x6E;
 627   2          g_pucDdcciTxBuf[5] = UserCommonDdcciCalCheckSum();
 628   2          ScalerMcuDdcciSendData(g_pucDdcciTxBuf);
 629   2        }
 630   1        else if(FC_AUTO_COLOR())
 631   1        {
 632   2          if( (SysSourceGetInputPort() != _A0_INPUT_PORT)
 633   2      #if(_VGA_SUPPORT == _ON)
                    || (ScalerAutoDoWhiteBalance(_AUTO_TUNE_RGB) == _AUTO_SUCCESS) 
              #endif
 636   2            )                
 637   2          {
 638   3      #if(_VGA_SUPPORT == _ON)
                    ScalerAutoGetAutoColorResult(&g_stAdcData);
                    UserCommonNVRamSaveADCSetting(_COLOR_SPACE_RGB);
              #endif
 642   3            g_pucDdcciTxBuf[2] = 'a';//0; 
 643   3            g_pucDdcciTxBuf[3] = 'c';//0x4f;
 644   3            g_pucDdcciTxBuf[4] = 'o';//UserCommonDdcciCalCheckSum();   
 645   3      
 646   3          }
 647   2          else
 648   2          {
 649   3            g_pucDdcciTxBuf[2] = 'A';//0; 
 650   3            g_pucDdcciTxBuf[3] = 'C';//0x4f;
 651   3            g_pucDdcciTxBuf[4] = 'X';//UserCommonDdcciCalCheckSum();   
 652   3          }
 653   2              g_pucDdcciTxBuf[0]=0x6E;
 654   2              g_pucDdcciTxBuf[ 1 ]  = 0x83;
 655   2        
 656   2          g_pucDdcciTxBuf[5] = UserCommonDdcciCalCheckSum();
 657   2          ScalerMcuDdcciSendData(g_pucDdcciTxBuf);
 658   2      
 659   2        }
 660   1        else if(FC_ENTER_BURNIN())
 661   1        { 
 662   2          SET_OSD_FACTORY_MODE(_ON);
 663   2          SET_OSD_BURNING_MODE(_ON);
 664   2          TPVNVRamSaveFactoryDate();
*** WARNING C206 IN LINE 664 OF User\RTD Series\RTD2014Osd\Code\RTD2014Ddcci_AutoAlign.c: 'TPVNVRamSaveFactoryDate': mis
             -sing function-prototype
 665   2          UserInterfaceKeyPadLedControl(_LED_POWER_SAVING);
C51 COMPILER V9.60.0.0   RTD2014DDCCI_AUTOALIGN                                            04/23/2026 13:55:23 PAGE 12  

 666   2          g_pucDdcciTxBuf[0] = 0x6E;
 667   2          g_pucDdcciTxBuf[1] = 0x83;
 668   2          g_pucDdcciTxBuf[2] = 'b';
 669   2          g_pucDdcciTxBuf[3] = 'o';
 670   2          g_pucDdcciTxBuf[4] = 'n';
 671   2          g_pucDdcciTxBuf[5] = UserCommonDdcciCalCheckSum();
 672   2          ScalerMcuDdcciSendData(g_pucDdcciTxBuf);
 673   2        }
 674   1        else if(FC_EXIT_BURNIN())
 675   1        {
 676   2          SET_OSD_FACTORY_MODE(_OFF);
 677   2          SET_OSD_BURNING_MODE(_OFF);
 678   2          TPVNVRamSaveFactoryDate();
 679   2          UserInterfaceKeyPadLedControl(_LED_POWER_ACTIVE);
 680   2          SET_COLOR_TEMP_TYPE( _DEF_COLORTEMP);
 681   2          RTDNVRamLoadColorSetting(GET_COLOR_TEMP_TYPE());
 682   2          UserAdjustContrast(GET_OSD_CONTRAST());
 683   2          UserAdjustBacklight(GET_OSD_BACKLIGHT());
 684   2      
 685   2          g_pucDdcciTxBuf[0] = 0x6E;
 686   2          g_pucDdcciTxBuf[1] = 0x83;
 687   2          g_pucDdcciTxBuf[2] = 'b';
 688   2          g_pucDdcciTxBuf[3] = 'o';
 689   2          g_pucDdcciTxBuf[4] = 'f';
 690   2          g_pucDdcciTxBuf[5] = UserCommonDdcciCalCheckSum();
 691   2          ScalerMcuDdcciSendData(g_pucDdcciTxBuf);
 692   2        }
 693   1        else if(FC_ENTER_FACTORY())
 694   1        {
 695   2          CAlignSendAckCmd(_TRUE);
 696   2          SET_OSD_FACTORY_MODE(_ON);
 697   2          SET_OSD_BURNING_MODE(_ON);
 698   2          UserInterfaceKeyPadLedControl(_LED_POWER_SAVING);
 699   2          SET_COLOR_TEMP_TYPE( _DEF_COLORTEMP);
 700   2          RTDNVRamLoadColorSetting(GET_COLOR_TEMP_TYPE());
 701   2          UserAdjustContrast(GET_OSD_CONTRAST());
 702   2          UserAdjustBacklight(GET_OSD_BACKLIGHT());
 703   2        }
 704   1        else if(FC_EXIT_FACTORY())
 705   1        { 
 706   2          //SaveFactorySetting();
 707   2          CAlignSendAckCmd(_TRUE);
 708   2          SET_OSD_FACTORY_MODE(_OFF);
 709   2          SET_OSD_BURNING_MODE(_OFF);
 710   2          TPVNVRamSaveFactoryDate();        
 711   2          UserInterfaceKeyPadLedControl(_LED_POWER_ACTIVE);
 712   2          //ubAutoAlign = 0;
 713   2          SET_COLOR_TEMP_TYPE( _DEF_COLORTEMP);
 714   2          RTDNVRamLoadColorSetting(GET_COLOR_TEMP_TYPE());
 715   2          UserAdjustContrast(GET_OSD_CONTRAST());
 716   2          UserAdjustBacklight(GET_OSD_BACKLIGHT());
 717   2          if(Ct4500Flag==1)
 718   2          {
 719   3            Ct4500Flag=0;
 720   3            //SET_CT4500_STATUS(_ON);
 721   3          }
 722   2          else
 723   2          {
 724   3            //SET_CT4500_STATUS(_OFF);   
 725   3          }
 726   2          RTDNVRamSaveOSDData();
 727   2        }
C51 COMPILER V9.60.0.0   RTD2014DDCCI_AUTOALIGN                                            04/23/2026 13:55:23 PAGE 13  

 728   1        else if(FC_SET_6500K())
 729   1        {
 730   2          SET_COLOR_TEMP_TYPE( _CT_6500);
 731   2          RTDNVRamLoadColorSetting(GET_COLOR_TEMP_TYPE());
 732   2          UserAdjustContrast(GET_OSD_CONTRAST());
 733   2          UserAdjustBacklight(GET_OSD_BACKLIGHT());
 734   2          g_pucDdcciTxBuf[0]=0x6E;
 735   2          g_pucDdcciTxBuf[ 1 ]  = 0x83;
 736   2          g_pucDdcciTxBuf[ 2 ]  = 't';
 737   2          g_pucDdcciTxBuf[ 3 ]  = '6';
 738   2          g_pucDdcciTxBuf[ 4 ]  = '5';
 739   2          g_pucDdcciTxBuf[5] = UserCommonDdcciCalCheckSum();
 740   2          ScalerMcuDdcciSendData(g_pucDdcciTxBuf);
 741   2        }
 742   1        else if(FC_SET_7500K())
 743   1        {   
 744   2          SET_COLOR_TEMP_TYPE( _CT_7500);
 745   2          RTDNVRamLoadColorSetting(GET_COLOR_TEMP_TYPE());
 746   2          UserAdjustContrast(GET_OSD_CONTRAST());
 747   2          UserAdjustBacklight(GET_OSD_BACKLIGHT());
 748   2          g_pucDdcciTxBuf[0]=0x6E;
 749   2          g_pucDdcciTxBuf[ 1 ]  = 0x83;
 750   2          g_pucDdcciTxBuf[ 2 ]  = 't';
 751   2          g_pucDdcciTxBuf[ 3 ]  = '7';
 752   2          g_pucDdcciTxBuf[ 4 ]  = '5';
 753   2          g_pucDdcciTxBuf[5] = UserCommonDdcciCalCheckSum();
 754   2          ScalerMcuDdcciSendData(g_pucDdcciTxBuf);
 755   2        }
 756   1        else if(FC_SET_9300K())
 757   1        {
 758   2          SET_COLOR_TEMP_TYPE( _CT_9300);
 759   2          RTDNVRamLoadColorSetting(GET_COLOR_TEMP_TYPE());
 760   2          UserAdjustContrast(GET_OSD_CONTRAST());
 761   2          UserAdjustBacklight(GET_OSD_BACKLIGHT());
 762   2          g_pucDdcciTxBuf[0]=0x6E;
 763   2          g_pucDdcciTxBuf[ 1 ]  = 0x83;
 764   2          g_pucDdcciTxBuf[ 2 ]  = 't';
 765   2          g_pucDdcciTxBuf[ 3 ]  = '9';
 766   2          g_pucDdcciTxBuf[ 4]  = '3';
 767   2          g_pucDdcciTxBuf[5] = UserCommonDdcciCalCheckSum();
 768   2          ScalerMcuDdcciSendData(g_pucDdcciTxBuf);
 769   2        }
 770   1        else if(FC_SET_5000K())
 771   1        {
 772   2          SET_COLOR_TEMP_TYPE( _CT_5800);
 773   2          RTDNVRamLoadColorSetting(GET_COLOR_TEMP_TYPE());
 774   2          UserAdjustContrast(GET_OSD_CONTRAST());
 775   2          UserAdjustBacklight(GET_OSD_BACKLIGHT());
 776   2          g_pucDdcciTxBuf[0]=0x6E;
 777   2          g_pucDdcciTxBuf[ 1 ]  = 0x83;
 778   2          g_pucDdcciTxBuf[ 2 ]  = 't';
 779   2          g_pucDdcciTxBuf[ 3 ]  = '5';
 780   2          g_pucDdcciTxBuf[ 4 ]  = '5';
 781   2          g_pucDdcciTxBuf[5] = UserCommonDdcciCalCheckSum();
 782   2          ScalerMcuDdcciSendData(g_pucDdcciTxBuf);
 783   2      
 784   2        } 
 785   1        else if(FC_SET_8200())
 786   1        {
 787   2          //SET_COLOR_TEMP_TYPE( _CT_8200);
 788   2          RTDNVRamLoadColorSetting(GET_COLOR_TEMP_TYPE());
 789   2          UserAdjustContrast(GET_OSD_CONTRAST());
C51 COMPILER V9.60.0.0   RTD2014DDCCI_AUTOALIGN                                            04/23/2026 13:55:23 PAGE 14  

 790   2          UserAdjustBacklight(GET_OSD_BACKLIGHT());
 791   2          g_pucDdcciTxBuf[0]=0x6E;
 792   2          g_pucDdcciTxBuf[ 1 ]  = 0x83;
 793   2          g_pucDdcciTxBuf[ 2 ]  = 't';
 794   2          g_pucDdcciTxBuf[ 3 ]  = '8';
 795   2          g_pucDdcciTxBuf[ 4 ]  = '2';
 796   2          
 797   2          g_pucDdcciTxBuf[5] = UserCommonDdcciCalCheckSum();
 798   2          ScalerMcuDdcciSendData(g_pucDdcciTxBuf);
 799   2      
 800   2        }
 801   1        else if(FC_SET_11500())
 802   1        {
 803   2          //SET_COLOR_TEMP_TYPE( _CT_11500);
 804   2          RTDNVRamLoadColorSetting(GET_COLOR_TEMP_TYPE());
 805   2          UserAdjustContrast(GET_OSD_CONTRAST());
 806   2          UserAdjustBacklight(GET_OSD_BACKLIGHT());
 807   2          g_pucDdcciTxBuf[0]=0x6E;
 808   2          g_pucDdcciTxBuf[ 1 ]  = 0x83;
 809   2          g_pucDdcciTxBuf[ 2 ]  = 't';
 810   2          g_pucDdcciTxBuf[ 3 ]  = 'B';
 811   2          g_pucDdcciTxBuf[ 4 ]  = '5';
 812   2          
 813   2          g_pucDdcciTxBuf[5] = UserCommonDdcciCalCheckSum();
 814   2          ScalerMcuDdcciSendData(g_pucDdcciTxBuf);
 815   2      
 816   2        }
 817   1        else if(FC_SET_sRGB())
 818   1        {
 819   2          SET_COLOR_TEMP_TYPE( _CT_SRGB);
 820   2          RTDNVRamLoadColorSetting(GET_COLOR_TEMP_TYPE());
 821   2          UserAdjustContrast(GET_OSD_CONTRAST());
 822   2          UserAdjustBacklight(GET_OSD_BACKLIGHT());
 823   2          g_pucDdcciTxBuf[0]=0x6E;
 824   2          g_pucDdcciTxBuf[ 1 ]  = 0x83;
 825   2          g_pucDdcciTxBuf[ 2 ]  = 't';
 826   2          g_pucDdcciTxBuf[ 3 ]  = '1';
 827   2          g_pucDdcciTxBuf[ 4 ]  = '1';
 828   2          
 829   2          g_pucDdcciTxBuf[5] = UserCommonDdcciCalCheckSum();
 830   2          ScalerMcuDdcciSendData(g_pucDdcciTxBuf);
 831   2        }
 832   1        else if(FC_Set_ColorMode_sRGB())
 833   1        {
 834   2          SET_OSD_PCM_STATUS( _PCM_OSD_SRGB);
 835   2          UserAdjustBacklight(GET_OSD_BACKLIGHT());
 836   2          
 837   2          g_pucDdcciTxBuf[2]=0x73;
 838   2          g_pucDdcciTxBuf[3]=0x6f;
 839   2          g_pucDdcciTxBuf[4]=0x31;
 840   2      
 841   2          g_pucDdcciTxBuf[1]=0x83;
 842   2          g_pucDdcciTxBuf[0]=0x6E;
 843   2          g_pucDdcciTxBuf[5] = UserCommonDdcciCalCheckSum();
 844   2          ScalerMcuDdcciSendData(g_pucDdcciTxBuf);
 845   2        }
 846   1        else if(FC_Set_ColorMode_Normal())
 847   1        {
 848   2          SET_OSD_PCM_STATUS( _PCM_OSD_NATIVE);
 849   2          // SET_OSD_BACKLIGHT_SRGB(g_stVscSceneModeData.usBackLightSrgb);//ju
 850   2          RTDNVRamSaveOSDData();
 851   2          UserAdjustBacklight(GET_OSD_BACKLIGHT());
C51 COMPILER V9.60.0.0   RTD2014DDCCI_AUTOALIGN                                            04/23/2026 13:55:23 PAGE 15  

 852   2          OsdFuncColorPcmAdjust();
 853   2          //RTDFlashRestoreViewModeParameters();
 854   2          
 855   2          g_pucDdcciTxBuf[2]=0x73;
 856   2          g_pucDdcciTxBuf[3]=0x6f;
 857   2          g_pucDdcciTxBuf[4]=0x30;
 858   2          
 859   2          g_pucDdcciTxBuf[1]=0x83;
 860   2          g_pucDdcciTxBuf[0]=0x6E;
 861   2          g_pucDdcciTxBuf[5] = UserCommonDdcciCalCheckSum();
 862   2          ScalerMcuDdcciSendData(g_pucDdcciTxBuf);
 863   2        }
 864   1        else if(FC_SET_USER())
 865   1        {
 866   2      
 867   2        }
 868   1        else if(FC_SAVE_6500())
 869   1        {
 870   2      
 871   2          RTDNVRamSaveColorSetting(_CT_6500);
 872   2          g_pucDdcciTxBuf[0]=0x6E;
 873   2          g_pucDdcciTxBuf[ 1 ]  = 0x83;
 874   2          g_pucDdcciTxBuf[ 2 ]  = 's';
 875   2          g_pucDdcciTxBuf[ 3 ]  = '6';
 876   2          g_pucDdcciTxBuf[ 4 ]  = '5';
 877   2          g_pucDdcciTxBuf[5] = UserCommonDdcciCalCheckSum();
 878   2          ScalerMcuDdcciSendData(g_pucDdcciTxBuf);
 879   2      
 880   2        }
 881   1        else if(FC_SAVE_7500())
 882   1        {
 883   2          RTDNVRamSaveColorSetting(_CT_7500);
 884   2      
 885   2          g_pucDdcciTxBuf[0]=0x6E;
 886   2          g_pucDdcciTxBuf[ 1 ]  = 0x83;
 887   2          g_pucDdcciTxBuf[ 2 ]  = 's';
 888   2          g_pucDdcciTxBuf[ 3 ]  = '7';
 889   2          g_pucDdcciTxBuf[ 4 ]  = '5';
 890   2          g_pucDdcciTxBuf[5] = UserCommonDdcciCalCheckSum();
 891   2          ScalerMcuDdcciSendData(g_pucDdcciTxBuf);
 892   2        }
 893   1        else if(FC_SAVE_9300())
 894   1        {
 895   2          RTDNVRamSaveColorSetting(_CT_9300);
 896   2      
 897   2          g_pucDdcciTxBuf[0]=0x6E;
 898   2          g_pucDdcciTxBuf[ 1 ]  = 0x83;
 899   2          g_pucDdcciTxBuf[ 2 ]  = 's';
 900   2          g_pucDdcciTxBuf[ 3 ]  = '9';
 901   2          g_pucDdcciTxBuf[ 4 ]  = '3';
 902   2          g_pucDdcciTxBuf[5] = UserCommonDdcciCalCheckSum();
 903   2          ScalerMcuDdcciSendData(g_pucDdcciTxBuf);
 904   2            
 905   2        }
 906   1        else if(FC_SAVE_5000())
 907   1        {
 908   2      
 909   2          RTDNVRamSaveColorSetting(_CT_5800);
 910   2          g_pucDdcciTxBuf[0]=0x6E;
 911   2          g_pucDdcciTxBuf[ 1 ]  = 0x83;
 912   2          g_pucDdcciTxBuf[ 2 ]  = 's';
 913   2          g_pucDdcciTxBuf[ 3 ]  = '5';
C51 COMPILER V9.60.0.0   RTD2014DDCCI_AUTOALIGN                                            04/23/2026 13:55:23 PAGE 16  

 914   2          g_pucDdcciTxBuf[ 4 ]  = '5';
 915   2          g_pucDdcciTxBuf[5] = UserCommonDdcciCalCheckSum();
 916   2          ScalerMcuDdcciSendData(g_pucDdcciTxBuf);
 917   2          
 918   2        }
 919   1        else if(FC_SAVE_8200())
 920   1        {
 921   2        //  RTDNVRamSaveColorSetting(_CT_8200);
 922   2      
 923   2          g_pucDdcciTxBuf[0]=0x6E;
 924   2          g_pucDdcciTxBuf[ 1 ]  = 0x83;
 925   2          g_pucDdcciTxBuf[ 2 ]  = 's';
 926   2          g_pucDdcciTxBuf[ 3 ]  = '8';
 927   2          g_pucDdcciTxBuf[ 4 ]  = '2';
 928   2          g_pucDdcciTxBuf[5] = UserCommonDdcciCalCheckSum();
 929   2          ScalerMcuDdcciSendData(g_pucDdcciTxBuf);
 930   2          
 931   2          
 932   2        }
 933   1        else if(FC_SAVE_11500())
 934   1        {
 935   2        //  RTDNVRamSaveColorSetting(_CT_11500);
 936   2      
 937   2          g_pucDdcciTxBuf[0]=0x6E;
 938   2          g_pucDdcciTxBuf[ 1 ]  = 0x83;
 939   2          g_pucDdcciTxBuf[ 2 ]  = 's';
 940   2          g_pucDdcciTxBuf[ 3 ]  = 'B';
 941   2          g_pucDdcciTxBuf[ 4 ]  = '5';
 942   2          g_pucDdcciTxBuf[5] = UserCommonDdcciCalCheckSum();
 943   2          ScalerMcuDdcciSendData(g_pucDdcciTxBuf);
 944   2          
 945   2        }
 946   1        //RTDFlashRestoreViewModeParameters
 947   1        else if(FC_SAVE_sRGB())
 948   1        {
 949   2          RTDNVRamSaveColorSetting(_CT_SRGB);
 950   2          // SET_OSD_BACKLIGHT_SRGB(g_stVscSceneModeData.usBackLightSrgb);//ju
 951   2          RTDNVRamSaveOSDData();
 952   2          g_pucDdcciTxBuf[0]=0x6E;
 953   2          g_pucDdcciTxBuf[ 1 ]  = 0x83;
 954   2          g_pucDdcciTxBuf[ 2 ]  = 's';
 955   2          g_pucDdcciTxBuf[ 3 ]  = '1';
 956   2          g_pucDdcciTxBuf[ 4 ]  = '1';
 957   2          g_pucDdcciTxBuf[5] = UserCommonDdcciCalCheckSum();
 958   2          ScalerMcuDdcciSendData(g_pucDdcciTxBuf);
 959   2        }
 960   1        else if(FC_SAVE_USER())
 961   1        {
 962   2          RTDNVRamSaveColorSetting(_CT_USER);
 963   2      
 964   2          g_pucDdcciTxBuf[0]=0x6E;
 965   2          g_pucDdcciTxBuf[ 1 ]  = 0x83;
 966   2          g_pucDdcciTxBuf[ 2 ]  = 's';
 967   2          g_pucDdcciTxBuf[ 3 ]  = 'u';
 968   2          g_pucDdcciTxBuf[ 4 ]  = 's';
 969   2          g_pucDdcciTxBuf[5] = UserCommonDdcciCalCheckSum();
 970   2          ScalerMcuDdcciSendData(g_pucDdcciTxBuf);
 971   2        }   
 972   1        else if(FC_GET_ADC_RGAIN())
 973   1        {
 974   2          g_pucDdcciTxBuf[0]=0x6E;
 975   2          g_pucDdcciTxBuf[ 1 ]  = 0x83;
C51 COMPILER V9.60.0.0   RTD2014DDCCI_AUTOALIGN                                            04/23/2026 13:55:23 PAGE 17  

 976   2            g_pucDdcciTxBuf[ 2 ] =99;//UserPrefAdcRedGain;
 977   2      
 978   2            g_pucDdcciTxBuf[3]=' ';//0x4F;
 979   2            g_pucDdcciTxBuf[4]=' ';//0x4F;
 980   2            g_pucDdcciTxBuf[5] = UserCommonDdcciCalCheckSum();
 981   2            ScalerMcuDdcciSendData(g_pucDdcciTxBuf);
 982   2        }
 983   1        else if(FC_GET_ADC_GGAIN())
 984   1        {
 985   2          g_pucDdcciTxBuf[0]=0x6E;
 986   2          g_pucDdcciTxBuf[ 1 ]  = 0x83;
 987   2            g_pucDdcciTxBuf[ 2 ] =103;//UserPrefAdcGreenGain;
 988   2      
 989   2            g_pucDdcciTxBuf[3]=' ';//0x4F;
 990   2            g_pucDdcciTxBuf[4]=' ';//0x4F;
 991   2            g_pucDdcciTxBuf[5] = UserCommonDdcciCalCheckSum();
 992   2            ScalerMcuDdcciSendData(g_pucDdcciTxBuf);
 993   2        }
 994   1        else if(FC_GET_ADC_BGAIN())
 995   1        {
 996   2          g_pucDdcciTxBuf[0]=0x6E;
 997   2          g_pucDdcciTxBuf[ 1 ]  = 0x83;
 998   2          g_pucDdcciTxBuf[ 2 ] = 105;//UserPrefAdcBlueGain;
 999   2      
1000   2          g_pucDdcciTxBuf[3]=' ';//0x4F;
1001   2          g_pucDdcciTxBuf[4]=' ';//0x4F;
1002   2          g_pucDdcciTxBuf[5] = UserCommonDdcciCalCheckSum();
1003   2          ScalerMcuDdcciSendData(g_pucDdcciTxBuf);
1004   2        }
1005   1        else if(FC_GET_ADC_ROFFSET())
1006   1        {
1007   2          g_pucDdcciTxBuf[0]=0x6E;
1008   2          g_pucDdcciTxBuf[ 1 ]  = 0x83;
1009   2          g_pucDdcciTxBuf[ 2 ] =99;// UserPrefAdcRedOffset;
1010   2      
1011   2          g_pucDdcciTxBuf[3]=' ';//0x4F;
1012   2          g_pucDdcciTxBuf[4]=' ';//0x4F;
1013   2          g_pucDdcciTxBuf[5] = UserCommonDdcciCalCheckSum();
1014   2          ScalerMcuDdcciSendData(g_pucDdcciTxBuf);
1015   2        }
1016   1        else if(FC_GET_ADC_GOFFSET())
1017   1        {
1018   2          g_pucDdcciTxBuf[0]=0x6E;
1019   2          g_pucDdcciTxBuf[ 1 ]  = 0x83;
1020   2          g_pucDdcciTxBuf[ 2 ] =103;//UserPrefAdcGreenGain;
1021   2      
1022   2          g_pucDdcciTxBuf[3]=' ';//0x4F;
1023   2          g_pucDdcciTxBuf[4]=' ';//0x4F;
1024   2          g_pucDdcciTxBuf[5] = UserCommonDdcciCalCheckSum();
1025   2          ScalerMcuDdcciSendData(g_pucDdcciTxBuf);
1026   2        }
1027   1        else if(FC_GET_ADC_BOFFSET()) 
1028   1        {
1029   2          g_pucDdcciTxBuf[0]=0x6E;
1030   2          g_pucDdcciTxBuf[ 1 ]  = 0x83;
1031   2          g_pucDdcciTxBuf[ 2 ] =  105;//UserPrefAdcBlueGain;
1032   2      
1033   2          g_pucDdcciTxBuf[3]=' ';//0x4F;
1034   2          g_pucDdcciTxBuf[4]=' ';//0x4F;
1035   2          g_pucDdcciTxBuf[5] = UserCommonDdcciCalCheckSum();
1036   2          ScalerMcuDdcciSendData(g_pucDdcciTxBuf);
1037   2        }
C51 COMPILER V9.60.0.0   RTD2014DDCCI_AUTOALIGN                                            04/23/2026 13:55:23 PAGE 18  

1038   1        else if(FC_RESET_CMD())
1039   1        {
1040   2          OsdDispOsdReset();
1041   2          g_pucDdcciTxBuf[0]=0x83;
1042   2          g_pucDdcciTxBuf[1]= 0x00;
1043   2          g_pucDdcciTxBuf[2] =0x00;
1044   2          g_pucDdcciTxBuf[3]=0x00;
1045   2          //return 1;
1046   2        }
1047   1      }
1048          #endif //end of 
1049          
1050          
1051          
1052          
1053          
*** WARNING C294 IN LINE 134 OF User\RTD Series\RTD2014Osd\Code\RTD2014Ddcci_AutoAlign.c: unreachable code


MODULE INFORMATION:   STATIC OVERLAYABLE
   CODE SIZE        =   2800    ----
   CONSTANT SIZE    =   ----    ----
   XDATA SIZE       =      1       4
   PDATA SIZE       =   ----    ----
   DATA SIZE        =   ----    ----
   IDATA SIZE       =   ----    ----
   BIT SIZE         =   ----    ----
END OF MODULE INFORMATION.


C51 COMPILATION COMPLETE.  2 WARNING(S),  0 ERROR(S)
