C51 COMPILER V9.60.0.0   RTD2014DDCCI                                                      04/23/2026 13:55:18 PAGE 1   


C51 COMPILER V9.60.0.0, COMPILATION OF MODULE RTD2014DDCCI
OBJECT MODULE PLACED IN .\Output\RL6449_Project\RTD2014Ddcci.obj
COMPILER INVOKED BY: C:\Keil_v5\C51\BIN\C51.EXE User\RTD Series\RTD2014Osd\Code\RTD2014Ddcci.c LARGE OPTIMIZE(9,SPEED) I
                    -NCDIR(.\Output\RL6449_Project;.\Project\Header;.\Pcb;.\Panel;.\Kernel\Device\Header;.\Kernel\Common;.\Kernel\System\Head
                    -er;.\Kernel\Scaler\ScalerFunction\Header;.\Kernel\Scaler\ScalerCommonFunction\Header;.\Kernel\Scaler\ScalerFunction\Lib\
                    -Header;.\Kernel\Scaler\ScalerCommonFunction\Lib\Header;.\Kernel\Scaler\RL6449_Series_Scaler\Header;.\Kernel\Scaler\RL644
                    -9_Series_Scaler\Lib\Header;.\Kernel\Scaler\RL6449_Series_Common\Header;.\Kernel\Scaler\RL6449_Series_Common\Lib\Header;.
                    -\Kernel\User Common Function\Header;.\User\RTD Series\RTD2014Function\Header;.\User\RTD Series\RTD2014Osd\Header;.\User\
                    -RTD Factory\Header;.\User\None Series\NoneFunction\Header;.\User\None Series\NoneOsd\Header;.\User\None Factory\Header;.
                    -\User\RTD Factory\Code) DEFINE(_PROJECT=_RL6449_PROJECT,_SCALER_TYPE=_RL6449_SERIES) DEBUG OBJECTEXTEND PRINT(.\Output\R
                    -L6449_Project\RTD2014Ddcci.lst) TABS(2) OBJECT(.\Output\RL6449_Project\RTD2014Ddcci.obj)

line level    source

   1          /********************************************************************************/
   2          /*   The  Software  is  proprietary,  confidential,  and  valuable to Realtek   */
   3          /*   Semiconductor  Corporation  ("Realtek").  All  rights, including but not   */
   4          /*   limited  to  copyrights,  patents,  trademarks, trade secrets, mask work   */
   5          /*   rights, and other similar rights and interests, are reserved to Realtek.   */
   6          /*   Without  prior  written  consent  from  Realtek,  copying, reproduction,   */
   7          /*   modification,  distribution,  or  otherwise  is strictly prohibited. The   */
   8          /*   Software  shall  be  kept  strictly  in  confidence,  and  shall  not be   */
   9          /*   disclosed to or otherwise accessed by any third party.                     */
  10          /*   c<2003> - <2012>                                                           */
  11          /*   The Software is provided "AS IS" without any warranty of any kind,         */
  12          /*   express, implied, statutory or otherwise.                                  */
  13          /********************************************************************************/
  14          
  15          //----------------------------------------------------------------------------------------------------
  16          // ID Code      : RTD2014Ddcci.c No.0000
  17          // Update Note  :
  18          //----------------------------------------------------------------------------------------------------
  19          
  20          #define __RTD_DDCCI__
  21          
  22          #include "UserCommonInclude.h"
  23          
  24          #if(_OSD_TYPE == _REALTEK_2014_OSD)
  25          
  26          //****************************************************************************
  27          // DEFINITIONS / MACROS
  28          //****************************************************************************
  29          
  30          #define _DDCCI_FIRMWARE_VERSION                     0x01
  31          
  32          #define _DDCCI_BLACKLEVEL_DEFAULT                   0x50
  33          
  34          // RC
  35          #define _DDCCI_CMD_GETVCP_RC_NO_ERROR               0x00
  36          #define _DDCCI_CMD_GETVCP_RC_UNSUPPORTED            0x01
  37          
  38          // TP
  39          #define _DDCCI_CMD_GETVCP_TP_SET_PARAMETER          0x00
  40          #define _DDCCI_CMD_GETVCP_TP_MOMENTARY              0x01
  41          
  42          //--------------------------------------------------
  43          // Definitions of Contrast Range (Real Value)
  44          //--------------------------------------------------
  45          #define _COLORTEMP_USER_MAX                         255
  46          #define _COLORTEMP_USER_MIN                         0
  47          #define _COLORTEMP_USER_CENTER                      (((_COLORTEMP_USER_MAX - _COLORTEMP_USER_MIN) / 2) + _
C51 COMPILER V9.60.0.0   RTD2014DDCCI                                                      04/23/2026 13:55:18 PAGE 2   

             -COLORTEMP_USER_MIN)
  48          
  49          //--------------------------------------------------
  50          // For DDCCI Set Input Port
  51          //--------------------------------------------------
  52          #define _VGA_1                                      _A0_INPUT_PORT
  53          #define _DVI_1                                      _NO_INPUT_PORT
  54          #define _DVI_2                                      _NO_INPUT_PORT
  55          #define _DP_1                                       _D0_INPUT_PORT
  56          #define _DP_2                                       _NO_INPUT_PORT
  57          
  58          #if( _HDMI2_SUPPORT)
              #define _HDMI_1                                     _D3_INPUT_PORT
              #else
  61          #define _HDMI_1                                     _D1_INPUT_PORT
  62          #endif
  63          #define _HDMI_2                                     _D3_INPUT_PORT
  64          
  65          
  66          //****************************************************************************
  67          // STRUCT / TYPE / ENUM DEFINITTIONS
  68          //****************************************************************************
  69          #if 1
  70          BYTE code tCOLORPRESET_VALUE[] ={0x08, 0x06, 0x05, 0x0B, 0x0B, 0x0B};// {0x04, 0x05, 0x08,0x0B};
  71          #else
              BYTE code tCOLORPRESET_VALUE[] = {0x08, 0x06, 0x05, 0x04, 0x01, 0x0B, 0x02};
              #endif
  74          
  75          
  76          #if 1
  77          //BYTE code tLANGUAGEDEFINE[] = {0x02, 0x03, 0x0A, 0x08, 0x04, 0x05, 0x14};  _ENGLISH
  78          BYTE code tLANGUAGEDEFINE[] = {0x02, 0x04, 0x0A, 0x03, 0x05, 0x14, 0x08};
  79          BYTE code tDISPLAY_APPLICATION_VALUE[] = {0x00, 0x05, 0x03,0x09};
  80          #else
              BYTE code tLANGUAGEDEFINE[] = {0x02, 0x03, 0x04, 0x0a, 0x01, 0x0d, 0x06};
              #endif
  83          
  84          
  85          //****************************************************************************
  86          // VARIABLE DECLARATIONS
  87          //****************************************************************************
  88          BYTE g_ucDdcciRedBlackLevel   = _DDCCI_BLACKLEVEL_DEFAULT;
  89          BYTE g_ucDdcciGreenBlackLevel = _DDCCI_BLACKLEVEL_DEFAULT;
  90          BYTE g_ucDdcciBlueBlackLevel  = _DDCCI_BLACKLEVEL_DEFAULT;
  91          BYTE g_ucDdcciNewControlValue = 1;
  92          BYTE g_ucDdcciActiveValue;
  93          BYTE g_ucColorTempUnSupport;
  94          
  95          bit g_bForcePowSavStatus = _FALSE;
  96          
  97          //****************************************************************************
  98          // FUNCTION DECLARATIONS
  99          //****************************************************************************
 100          void UserDdcciHandler(void);
 101          void RTDDdcciGetVCPFeature(void);
 102          bit RTDDdcciSetVCPFeatureCheck(void);
 103          void RTDDdcciSetVCPFeature(void);
 104          void RTDDdcciResetAllSettings(void);
 105          void RTDDdcciColorReset(void);
 106          extern void RTDDdcciWEdidProc(void);
 107          extern void RTDDdcciAutoAlignPro(void);
 108          
C51 COMPILER V9.60.0.0   RTD2014DDCCI                                                      04/23/2026 13:55:18 PAGE 3   

 109          void RTDDdcciEdidProc(void);
 110          // extern void CTXWriteEdid( void);
 111          extern void CTXAlignControl(void);
 112          extern void CTXWriteEdid( void);
 113          
 114          //****************************************************************************
 115          // FUNCTION DEFINITIONS
 116          //****************************************************************************
 117          //--------------------------------------------------
 118          // Description  : DDC Handler Process
 119          // Input Value  : None
 120          // Output Value : None
 121          //--------------------------------------------------
 122          void RTDDdccireply(BYTE Flag)
 123          {
 124   1        g_pucDdcciTxBuf[0]=0x6e;//0x6F;
 125   1        g_pucDdcciTxBuf[1]=0x82;
 126   1        g_pucDdcciTxBuf[2]=0x02;
 127   1        g_pucDdcciTxBuf[3]=Flag;
 128   1        g_pucDdcciTxBuf[4] = UserCommonDdcciCalCheckSum();
 129   1        ScalerMcuDdcciSendData(g_pucDdcciTxBuf);
 130   1          
 131   1          ScalerMcuDdcciReleaseScl();
 132   1      }
 133          
 134          #if(_EDID_TABLE_LOCATED_IN_FLASH)
 135          bit RTDDdcciDdcCheck(BYTE *pucDDCRAM, WORD usSize)
 136          {
 137   1          WORD ucChksum = 0;
 138   1          BYTE usCount = 0;
 139   1      
 140   1          for(usCount = 0; usCount < 127; usCount++)
 141   1          {
 142   2              ucChksum += pucDDCRAM[usCount];
 143   2          }
 144   1      
 145   1          ucChksum = (256- ucChksum%256)%256; 
 146   1        
 147   1          // Checksum Check & EDID Header Check
 148   1          if((ucChksum != pucDDCRAM[127])
 149   1          || (pucDDCRAM[0] != 0x00) || (pucDDCRAM[1] != 0xFF)
 150   1          || (pucDDCRAM[2] != 0xFF) || (pucDDCRAM[3] != 0xFF)
 151   1          || (pucDDCRAM[4] != 0xFF) || (pucDDCRAM[5] != 0xFF)
 152   1          || (pucDDCRAM[6] != 0xFF) || (pucDDCRAM[7] != 0x00))
 153   1          {
 154   2              return _FALSE;
 155   2          }
 156   1      
 157   1          ucChksum = 0;
 158   1          if(usSize == 256)
 159   1          {
 160   2            for(usCount = 0; usCount < 127; usCount++)
 161   2                {
 162   3                ucChksum += pucDDCRAM[128+usCount];
 163   3                }
 164   2      
 165   2            ucChksum = (256- ucChksum%256)%256; 
 166   2          
 167   2            if(ucChksum != pucDDCRAM[255])
 168   2            {
 169   3            return _FALSE;
 170   3            }
C51 COMPILER V9.60.0.0   RTD2014DDCCI                                                      04/23/2026 13:55:18 PAGE 4   

 171   2          }
 172   1      
 173   1          return _TRUE;
 174   1      }
 175          #endif
 176          void UserDdcciHandler(void)
 177          {
 178   1          if(GET_OSD_DDCCI_STATUS() == _ON)
 179   1          {
 180   2              // Check if Data is needed to be received
 181   2              // Reply data to source according to the request
 182   2              if(GET_RUN_DDCCI_COMMAND() == _SUCCESS)
 183   2              {
 184   3                  switch(g_pucDdcciRxBuf[_DDCCI_COMMAND])
 185   3                  {
 186   4                      case _DDCCI_CMD_GET_VCP_FEATURE:
 187   4                          RTDDdcciGetVCPFeature();
 188   4                          break;
 189   4      
 190   4                      case _DDCCI_CMD_SET_VCP_FEATURE:
 191   4                          RTDDdcciSetVCPFeature();
 192   4                          break;
 193   4      
 194   4                      case _DDCCI_CMD_GET_TIMING_REPORT:
 195   4                          UserCommonDdcciGetTimingReport();
 196   4                          break;
 197   4      
 198   4                      case _DDCCI_CMD_SAVE_CURRENT_SETTINGS:
 199   4                          break;
 200   4      
 201   4                      case _DDCCI_CMD_CAPABILITIES_REQUEST:
 202   4                          UserCommonDdcciGetCapabilitiesRequest();
 203   4                          break;
 204   4                
 205   4                      case CTX_ALIGN:
 206   4                          CTXAlignControl();
 207   4                          break;
 208   4                
 209   4      #if(_ENABLE_WRITE_EDID_CTX==_ON)
 210   4              case CTX_WRITE_EDID:
 211   4                CTXWriteEdid();
 212   4                break;
 213   4      #endif
 214   4      
 215   4                      default:
 216   4                          UserCommonDdcciInitTx();
 217   4                          break;
 218   4                  }
 219   3      
 220   3            if(g_pucDdcciRxBuf[_DDCCI_SOURCE_OPCODE] == _DDCCI_OPCODE_VCP_AUTOALIGN || g_pucDdcciRxBuf[_DDCCI_SOURC
             -E_OPCODE] == _DDCCI_OPCODE_VCP_DISP_CALIBRATION)
 221   3              ScalerMcuDdcciReleaseScl();
 222   3      
 223   3                  UserCommonDdcciInitRx();
 224   3      
 225   3                  SET_RUN_DDCCI_COMMAND(_FAIL);
 226   3              }
 227   2          }
 228   1      #if((_DP_SUPPORT == _ON) && (_DP_MST_SUPPORT == _ON))
                  else
                  {
                      // Check if Data is needed to be received
C51 COMPILER V9.60.0.0   RTD2014DDCCI                                                      04/23/2026 13:55:18 PAGE 5   

                      // Reply data to source according to the request
                      if((GET_RUN_DDCCI_COMMAND() == _SUCCESS) && (UserInterfaceGetDpMSTCapablePort() != _DP_MST_NO_PORT
             -))
                      {
                          UserCommonDdcciInitTx();
                          SET_RUN_DDCCI_COMMAND(_FAIL);
                      }
                  }
              #endif
 240   1      }
 241          
 242          //--------------------------------------------------
 243          // Description  : DDCCI Get VCP Feature & VCP Feature Reply
 244          // Input Value  : None
 245          // Output Value : None
 246          //--------------------------------------------------
 247          void RTDDdcciGetVCPFeature(void)
 248          {
 249   1          BYTE pucTemp[2] = {0};
 250   1      #if (_ENABLE_WRITE_EDID_CTX==_ON)
 251   1            if(g_pucDdcciTxBuf[_DDCCI_SOURCE_OPCODE] == VCP_BOE_FACTORY_ALIGNMENT )//&& u8PageValue == 0)
 252   1            {
 253   2              
 254   2            }
 255   1             else
 256   1      #endif
 257   1            {
 258   2                g_pucDdcciTxBuf[_DDCCI_SOURCE] = _DDCCI_DEST_ADDRESS;
 259   2                g_pucDdcciTxBuf[_DDCCI_LENGTH] = _DDCCI_CONTROL_STATUS_FLAG | 0x08;
 260   2                g_pucDdcciTxBuf[_DDCCI_COMMAND] = _DDCCI_CMD_GET_VCP_FEATURE_REPLY;
 261   2                g_pucDdcciTxBuf[_DDCCI_RESULT_CODE] = _DDCCI_CMD_GETVCP_RC_NO_ERROR;
 262   2                g_pucDdcciTxBuf[_DDCCI_SINK_OPCODE] = g_pucDdcciRxBuf[_DDCCI_SOURCE_OPCODE];
 263   2            }
 264   1          switch(g_pucDdcciRxBuf[_DDCCI_SOURCE_OPCODE])
 265   1          {
 266   2      #if (_ENABLE_WRITE_EDID_CTX==_ON)
 267   2            case VCP_BOE_FACTORY_ALIGNMENT:
 268   2               CTXWriteEdid();
 269   2              break;
 270   2      #endif
 271   2      
 272   2        case _DDCCI_OPCODE_VCP_DDCPROC:
 273   2        {
 274   3            //  WORD udAddress;
 275   3            //  udAddress=((WORD)(256*g_pucDdcciRxBuf[4])+g_pucDdcciRxBuf[5]);
 276   3              
 277   3              
 278   3        ///**/flash area 
 279   3        /*
 280   3              UserCommonFlashRead(_EEPROM_HDCP_KEY_FLASH_BANK,(_MISC_PAGE) * _FLASH_PAGE_SIZE+127, 1, &g_pucDdcciTxB
             -uf[3]);
 281   3              UserCommonFlashRead(_EEPROM_HDCP_KEY_FLASH_BANK,(_MISC_PAGE) * _FLASH_PAGE_SIZE+255, 1, &g_pucDdcciTxB
             -uf[4]);
 282   3              UserCommonFlashRead(_EEPROM_HDCP_KEY_FLASH_BANK,(_MISC_PAGE) * _FLASH_PAGE_SIZE+383, 1, &g_pucDdcciTxB
             -uf[5]);
 283   3              UserCommonFlashRead(_EEPROM_HDCP_KEY_FLASH_BANK,(_MISC_PAGE) * _FLASH_PAGE_SIZE+511, 1, &g_pucDdcciTxB
             -uf[6]);
 284   3        */  
 285   3      #if((_A0_EMBEDDED_DDCRAM_LOCATION == _EDID_TABLE_LOCATION_FLASH))
              #if(_A0_INPUT_PORT_TYPE != _A0_NO_PORT)
                      g_pucDdcciTxBuf[3] = MCU_DDCRAM_A0[127];
              #endif
C51 COMPILER V9.60.0.0   RTD2014DDCCI                                                      04/23/2026 13:55:18 PAGE 6   

              #endif
 290   3        
 291   3      #if((_D0_EMBEDDED_DDCRAM_LOCATION == _EDID_TABLE_LOCATION_FLASH))
              #if(_D0_INPUT_PORT_TYPE == _D0_DVI_PORT)
                      g_pucDdcciTxBuf[4] = MCU_DDCRAM_D0[127];
                
              #elif(_D0_INPUT_PORT_TYPE >_D0_DVI_PORT)
                      g_pucDdcciTxBuf[5] = MCU_DDCRAM_D0[127];
                      g_pucDdcciTxBuf[6] = MCU_DDCRAM_D0[255];
              #endif
              #endif
 300   3        
 301   3      #if((_D1_EMBEDDED_DDCRAM_LOCATION == _EDID_TABLE_LOCATION_FLASH))
 302   3      #if(_D1_INPUT_PORT_TYPE == _D1_DVI_PORT)
                      g_pucDdcciTxBuf[4] = MCU_DDCRAM_D1[127];
              #elif(_D1_INPUT_PORT_TYPE > _D1_DVI_PORT)
 305   3              g_pucDdcciTxBuf[5] = MCU_DDCRAM_D1[127];
 306   3              g_pucDdcciTxBuf[6] = MCU_DDCRAM_D1[255];
 307   3      #endif
 308   3      #endif
 309   3        
 310   3              g_pucDdcciTxBuf[7]=0;
 311   3              g_pucDdcciTxBuf[8]=0;
 312   3              g_pucDdcciTxBuf[9]=0;
 313   3              g_pucDdcciTxBuf[10]=0;
 314   3              
 315   3              g_pucDdcciTxBuf[_DDCCI_LENGTH]=9;
 316   3              g_pucDdcciTxBuf[11] = UserCommonDdcciCalCheckSum();
 317   3              ScalerMcuDdcciSendData(g_pucDdcciTxBuf);
 318   3              //ScalerTimerActiveTimerEvent(SEC(0.5), _USER_TIMER_EVENT_OSD_DISABLE);
 319   3              //OsdDispDisableOsd();
 320   3              return;
 321   3        }
 322   2            break;
 323   2      
 324   2      
 325   2        
 326   2              case _DDCCI_OPCODE_VCP_NEW_CONTROL_VALUE:
 327   2                  UserCommonDdcciSetVCPReplyValue(_DDCCI_CMD_GETVCP_TP_SET_PARAMETER, 0x0002, g_ucDdcciNewContro
             -lValue);
 328   2                  break;
 329   2      
 330   2              case _DDCCI_OPCODE_VCP_FACTORY_RESET:
 331   2                  UserCommonDdcciSetVCPReplyValue(_DDCCI_CMD_GETVCP_TP_MOMENTARY, 0x0001, 0x00);
 332   2                  break;
 333   2      
 334   2              case _DDCCI_OPCODE_VCP_RECAL_BRI_CON:
 335   2                  UserCommonDdcciSetVCPReplyValue(_DDCCI_CMD_GETVCP_TP_MOMENTARY, 0x0001, 0x00);
 336   2                  break;
 337   2      
 338   2              case _DDCCI_OPCODE_VCP_GEOMETRY_RESET:
 339   2                  UserCommonDdcciSetVCPReplyValue(_DDCCI_CMD_GETVCP_TP_MOMENTARY, 0x0001, 0x00);
 340   2                  break;
 341   2      
 342   2              case _DDCCI_OPCODE_VCP_COLOR_RESET:
 343   2                  UserCommonDdcciSetVCPReplyValue(_DDCCI_CMD_GETVCP_TP_MOMENTARY, 0x0001, 0x00);
 344   2                  break;
 345   2      
 346   2              case _DDCCI_OPCODE_VCP_COLOR_TEMP_INCREMENT:
 347   2                  UserCommonDdcciSetVCPReplyValue(_DDCCI_CMD_GETVCP_TP_SET_PARAMETER, 0x0000, 100);
 348   2                  break;
 349   2            case _DDCCI_OPCODE_VCP_COLOR_TEMP_REQUEST:
C51 COMPILER V9.60.0.0   RTD2014DDCCI                                                      04/23/2026 13:55:18 PAGE 7   

 350   2      
 351   2                  switch(GET_COLOR_TEMP_TYPE())
 352   2                  {
 353   3                      //case _CT_SRGB:
 354   3                        //  UserCommonDdcciSetVCPReplyValue(_DDCCI_CMD_GETVCP_TP_SET_PARAMETER, (93 - 30), (40 -
             - 30));
 355   3                        //  break;
 356   3      
 357   3                      case _CT_9300:
 358   3                          UserCommonDdcciSetVCPReplyValue(_DDCCI_CMD_GETVCP_TP_SET_PARAMETER, (93 - 30), (93 - 3
             -0));
 359   3                          break;
 360   3      
 361   3      #if 0//(_CUSTOMER_TYPE==_HUASHUOHUI_CUSTOMER)
                      case _CT_7500:
                        UserCommonDdcciSetVCPReplyValue(_DDCCI_CMD_GETVCP_TP_SET_PARAMETER, (93 - 30), (65 - 30));
                        break;
              
                      case _CT_6500:
                        UserCommonDdcciSetVCPReplyValue(_DDCCI_CMD_GETVCP_TP_SET_PARAMETER, (93 - 30), (50 - 30));
                        break;
              #else
 370   3                      case _CT_7500:
 371   3                          UserCommonDdcciSetVCPReplyValue(_DDCCI_CMD_GETVCP_TP_SET_PARAMETER, (93 - 30), (75 - 3
             -0));
 372   3                          break;
 373   3      
 374   3                      case _CT_6500:
 375   3                          UserCommonDdcciSetVCPReplyValue(_DDCCI_CMD_GETVCP_TP_SET_PARAMETER, (93 - 30), (65 - 3
             -0));
 376   3                          break;
 377   3      #endif
 378   3      
 379   3                      //case _CT_5800:
 380   3                        //  UserCommonDdcciSetVCPReplyValue(_DDCCI_CMD_GETVCP_TP_SET_PARAMETER, (93 - 30), (50 -
             - 30));
 381   3                          //break;
 382   3      
 383   3                      default:
 384   3                          UserCommonDdcciSetVCPReplyValue(_DDCCI_CMD_GETVCP_TP_SET_PARAMETER, (93 - 30), (65 - 3
             -0));
 385   3                          break;
 386   3                  }
 387   2                  break;
 388   2      
 389   2      #if(_VGA_SUPPORT == _ON)
                      case _DDCCI_OPCODE_VCP_CLOCK:
              
              #if(_AUTO_CLOCK_SAVE_VALUE_OPTION == _CLOCK_SAVE_PERCENT_VALUE)
                          UserCommonDdcciSetVCPReplyValue(_DDCCI_CMD_GETVCP_TP_SET_PARAMETER, 100, GET_VGA_MODE_ADJUST_C
             -LOCK());
              #else
                          {
                              WORD usClockRangeMax = 0;
                              WORD usClockRangeMin = 0;
                              BYTE ucClock = 0;
              
                              usClockRangeMax = UserCommonAdjustGetAdcClockRange(_GET_CLOCKRANGE_MAX);
                              usClockRangeMin = UserCommonAdjustGetAdcClockRange(_GET_CLOCKRANGE_MIN);
                              ucClock = UserCommonAdjustRealValueToPercent(GET_VGA_MODE_ADJUST_CLOCK(), usClockRangeMax,
             - usClockRangeMin, (((usClockRangeMax - usClockRangeMin) / 2) + usClockRangeMin));
              
C51 COMPILER V9.60.0.0   RTD2014DDCCI                                                      04/23/2026 13:55:18 PAGE 8   

                              UserCommonDdcciSetVCPReplyValue(_DDCCI_CMD_GETVCP_TP_SET_PARAMETER, 100, ucClock);
                          }
              #endif
                          break;
              
              #endif // End of #if(_VGA_SUPPORT == _ON)
 410   2      
 411   2      #if 1
 412   2           case _DDCCI_OPCODE_VCP_BACKLIGHT:
 413   2                  UserCommonDdcciSetVCPReplyValue(_DDCCI_CMD_GETVCP_TP_SET_PARAMETER, 100,
 414   2                                                  (WORD)UserCommonAdjustRealValueToPercent(GET_OSD_BACKLIGHT(), 
             -_DDCCI_BACKLIGHT_MAX,_DDCCI_BACKLIGHT_MIN, _DDCCI_BACKLIGHT_CENTER));
 415   2                  break;
 416   2      
 417   2              case _DDCCI_OPCODE_VCP_CONTRAST:
 418   2      #if(_DEF_COLORFUL)
                    UserCommonDdcciSetVCPReplyValue(_DDCCI_CMD_GETVCP_TP_SET_PARAMETER, 100,
                                    (WORD)UserCommonAdjustRealValueToPercent(GetOsdValue(_MENU_FUN_CONTRAST), _DDCCI_CONTRAST_MAX,  
             -_DDCCI_CONTRAST_MIN,  _DDCCI_CONTRAST_CENTER));
              #else
 422   2                  UserCommonDdcciSetVCPReplyValue(_DDCCI_CMD_GETVCP_TP_SET_PARAMETER, 100,
 423   2                                                  (WORD)UserCommonAdjustRealValueToPercent(GET_OSD_CONTRAST(), _
             -DDCCI_CONTRAST_MAX,  _DDCCI_CONTRAST_MIN,  _DDCCI_CONTRAST_CENTER));
 424   2      #endif
 425   2            break;
 426   2      
 427   2              case _DDCCI_OPCODE_VCP_SELECT_COLOR_PRESET:
 428   2                  UserCommonDdcciSetVCPReplyValue(_DDCCI_CMD_GETVCP_TP_SET_PARAMETER, 0x000B,
 429   2                                                  tCOLORPRESET_VALUE[GET_COLOR_TEMP_TYPE()]);
 430   2                  break;
 431   2      
 432   2              case _DDCCI_OPCODE_VCP_DISPLAY_APPLICATION:
 433   2                  UserCommonDdcciSetVCPReplyValue(_DDCCI_CMD_GETVCP_TP_SET_PARAMETER, 0x0009,
 434   2                                                  tDISPLAY_APPLICATION_VALUE[GET_OSD_COLOR_EFFECT()]);
 435   2                  break;
 436   2      #else
                      case _DDCCI_OPCODE_VCP_BACKLIGHT:
                          UserCommonDdcciSetVCPReplyValue(_DDCCI_CMD_GETVCP_TP_SET_PARAMETER, 100,
                                                          (WORD)UserCommonAdjustRealValueToPercent(GET_OSD_BACKLIGHT(), 
             -_BACKLIGHT_MAX, _BACKLIGHT_MIN, _BACKLIGHT_CENTER));
                          break;
              
                      case _DDCCI_OPCODE_VCP_CONTRAST:
                          UserCommonDdcciSetVCPReplyValue(_DDCCI_CMD_GETVCP_TP_SET_PARAMETER, 100,
                                                          (WORD)UserCommonAdjustRealValueToPercent(GET_OSD_CONTRAST(), _
             -CONTRAST_MAX, _CONTRAST_MIN, _CONTRAST_CENTER));
                          break;
              
                      case _DDCCI_OPCODE_VCP_SELECT_COLOR_PRESET:
                          UserCommonDdcciSetVCPReplyValue(_DDCCI_CMD_GETVCP_TP_SET_PARAMETER, 0x000B,
                                                          tCOLORPRESET_VALUE[GET_COLOR_TEMP_TYPE()]);
                          break;
              #endif
 452   2      
 453   2              case _DDCCI_OPCODE_VCP_RED_GAIN:
 454   2                  pucTemp[0] = GET_COLOR_TEMP_TYPE();
 455   2      
 456   2                  if(GET_COLOR_TEMP_TYPE() != _CT_USER)
 457   2                  {
 458   3                      SET_COLOR_TEMP_TYPE(_CT_USER);
 459   3      
 460   3                      RTDNVRamLoadColorSetting(GET_COLOR_TEMP_TYPE());
C51 COMPILER V9.60.0.0   RTD2014DDCCI                                                      04/23/2026 13:55:18 PAGE 9   

 461   3                  }
 462   2      
 463   2                  pucTemp[1] = UserCommonAdjustRealValueToPercent(GET_COLOR_TEMP_TYPE_USER_R(),
 464   2                                                                  _COLORTEMP_USER_MAX,
 465   2                                                                  _COLORTEMP_USER_MIN,
 466   2                                                                  _COLORTEMP_USER_CENTER);
 467   2      
 468   2                  UserCommonDdcciSetVCPReplyValue(_DDCCI_CMD_GETVCP_TP_SET_PARAMETER, 100, pucTemp[1]);
 469   2      
 470   2                  SET_COLOR_TEMP_TYPE(pucTemp[0]);
 471   2      
 472   2                  RTDNVRamLoadColorSetting(GET_COLOR_TEMP_TYPE());
 473   2                  break;
 474   2      
 475   2              case _DDCCI_OPCODE_VCP_GREEN_GAIN:
 476   2                  pucTemp[0] = GET_COLOR_TEMP_TYPE();
 477   2      
 478   2                  if(GET_COLOR_TEMP_TYPE() != _CT_USER)
 479   2                  {
 480   3                      SET_COLOR_TEMP_TYPE(_CT_USER);
 481   3      
 482   3                      RTDNVRamLoadColorSetting(GET_COLOR_TEMP_TYPE());
 483   3                  }
 484   2      
 485   2                  pucTemp[1] = UserCommonAdjustRealValueToPercent(GET_COLOR_TEMP_TYPE_USER_G(),
 486   2                                                                  _COLORTEMP_USER_MAX,
 487   2                                                                  _COLORTEMP_USER_MIN,
 488   2                                                                  _COLORTEMP_USER_CENTER);
 489   2      
 490   2                  UserCommonDdcciSetVCPReplyValue(_DDCCI_CMD_GETVCP_TP_SET_PARAMETER, 100, pucTemp[1]);
 491   2      
 492   2                  SET_COLOR_TEMP_TYPE(pucTemp[0]);
 493   2      
 494   2                  RTDNVRamLoadColorSetting(GET_COLOR_TEMP_TYPE());
 495   2                  break;
 496   2      
 497   2              case _DDCCI_OPCODE_VCP_BLUE_GAIN:
 498   2                  pucTemp[0] = GET_COLOR_TEMP_TYPE();
 499   2      
 500   2                  if(GET_COLOR_TEMP_TYPE() != _CT_USER)
 501   2                  {
 502   3                      SET_COLOR_TEMP_TYPE(_CT_USER);
 503   3      
 504   3                      RTDNVRamLoadColorSetting(GET_COLOR_TEMP_TYPE());
 505   3                  }
 506   2      
 507   2                  pucTemp[1] = UserCommonAdjustRealValueToPercent(GET_COLOR_TEMP_TYPE_USER_B(),
 508   2                                                                  _COLORTEMP_USER_MAX,
 509   2                                                                  _COLORTEMP_USER_MIN,
 510   2                                                                  _COLORTEMP_USER_CENTER);
 511   2      
 512   2                  UserCommonDdcciSetVCPReplyValue(_DDCCI_CMD_GETVCP_TP_SET_PARAMETER, 100, pucTemp[1]);
 513   2      
 514   2                  SET_COLOR_TEMP_TYPE(pucTemp[0]);
 515   2      
 516   2                  RTDNVRamLoadColorSetting(GET_COLOR_TEMP_TYPE());
 517   2                  break;
 518   2      
 519   2              case _DDCCI_OPCODE_VCP_AUTO_SET_UP:
 520   2                  UserCommonDdcciSetVCPReplyValue(_DDCCI_CMD_GETVCP_TP_MOMENTARY, 0x0001, 0x00);
 521   2                  break;
 522   2      
C51 COMPILER V9.60.0.0   RTD2014DDCCI                                                      04/23/2026 13:55:18 PAGE 10  

 523   2      #if(_VGA_SUPPORT == _ON)
                      case _DDCCI_OPCODE_VCP_AUTO_COLOR:
                          UserCommonDdcciSetVCPReplyValue(_DDCCI_CMD_GETVCP_TP_SET_PARAMETER, 0x01, 0x01);
                          break;
              #endif
 528   2      
 529   2              case _DDCCI_OPCODE_VCP_HPOSITION:
 530   2      #if(_VGA_SUPPORT == _ON)
                          if(SysSourceGetSourceType() == _SOURCE_VGA)
                          {
                              UserCommonDdcciSetVCPReplyValue(_DDCCI_CMD_GETVCP_TP_SET_PARAMETER, 100, GET_VGA_MODE_ADJU
             -ST_H_POSITION());
                          }
                          else
              #endif
 537   2                  {
 538   3                      UserCommonDdcciSetVCPReplyValue(_DDCCI_CMD_GETVCP_TP_SET_PARAMETER, 100, GET_DIGITAL_H_POS
             -ITION());
 539   3                  }
 540   2      
 541   2                  break;
 542   2      
 543   2              case _DDCCI_OPCODE_VCP_VPOSITION:
 544   2      #if(_VGA_SUPPORT == _ON)
                          if(SysSourceGetSourceType() == _SOURCE_VGA)
                          {
                              UserCommonDdcciSetVCPReplyValue(_DDCCI_CMD_GETVCP_TP_SET_PARAMETER, 100, GET_VGA_MODE_ADJU
             -ST_V_POSITION());
                          }
                          else
              #endif
 551   2                  {
 552   3                      UserCommonDdcciSetVCPReplyValue(_DDCCI_CMD_GETVCP_TP_SET_PARAMETER, 100, GET_DIGITAL_V_POS
             -ITION());
 553   3                  }
 554   2                  break;
 555   2      
 556   2      #if(_VGA_SUPPORT == _ON)
                      case _DDCCI_OPCODE_VCP_CLOCK_PHASE:
                          UserCommonDdcciSetVCPReplyValue(_DDCCI_CMD_GETVCP_TP_SET_PARAMETER, 100, GET_VGA_MODE_ADJUST_P
             -HASE());
                          break;
              #endif
 561   2      
 562   2              case _DDCCI_OPCODE_VCP_ACTIVE_CONTROL:
 563   2                  break;
 564   2      
 565   2              case _DDCCI_OPCODE_VCP_INPUT_SOURCE:
 566   2                  UserCommonDdcciSetVCPReplyValue(_DDCCI_CMD_GETVCP_TP_SET_PARAMETER, 0x03, OsdDispJudgeSourceTy
             -pe());
 567   2                  break;
 568   2      
 569   2      #if(_AUDIO_SUPPORT == _ENABLE)
 570   2              case _DDCCI_OPCODE_VCP_AUDIO_VOLUME:
 571   2                  UserCommonDdcciSetVCPReplyValue(_DDCCI_CMD_GETVCP_TP_SET_PARAMETER, 100, GET_OSD_VOLUME());
 572   2                  break;
 573   2      #endif
 574   2      
 575   2              case _DDCCI_OPCODE_VCP_RED_BLACK_LEVEL:
 576   2                  UserCommonDdcciSetVCPReplyValue(_DDCCI_CMD_GETVCP_TP_SET_PARAMETER, 100, g_ucDdcciRedBlackLeve
             -l);
 577   2                  break;
C51 COMPILER V9.60.0.0   RTD2014DDCCI                                                      04/23/2026 13:55:18 PAGE 11  

 578   2      
 579   2              case _DDCCI_OPCODE_VCP_GREEN_BLACK_LEVEL:
 580   2                  UserCommonDdcciSetVCPReplyValue(_DDCCI_CMD_GETVCP_TP_SET_PARAMETER, 100, g_ucDdcciGreenBlackLe
             -vel);
 581   2                  break;
 582   2      
 583   2              case _DDCCI_OPCODE_VCP_BLUE_BLACK_LEVEL:
 584   2                  UserCommonDdcciSetVCPReplyValue(_DDCCI_CMD_GETVCP_TP_SET_PARAMETER, 100, g_ucDdcciBlueBlackLev
             -el);
 585   2                  break;
 586   2      
 587   2              case _DDCCI_OPCODE_VCP_PRODUCTKEY:
 588   2                  g_pucDdcciTxBuf[_DDCCI_LENGTH] = _DDCCI_CONTROL_STATUS_FLAG | 9;
 589   2                  g_pucDdcciTxBuf[_DDCCI_COMMAND] = _DDCCI_CMD_GET_VCP_FEATURE_REPLY;
 590   2                  break;
 591   2      
 592   2              case _DDCCI_OPCODE_VCP_HFREQ:
 593   2                  // PDATA_DWORD(0) = (DWORD)GET_INPUT_TIMING_HFREQ() * 100;
 594   2                  UserCommonDdcciSetVCPReplyValue(_DDCCI_CMD_GETVCP_TP_SET_PARAMETER, LOWORD(((DWORD)GET_INPUT_T
             -IMING_HFREQ() * 100)), HIWORD(((DWORD)GET_INPUT_TIMING_HFREQ() * 100)));
 595   2                  break;
 596   2      
 597   2              case _DDCCI_OPCODE_VCP_VFREQ:
 598   2                  UserCommonDdcciSetVCPReplyValue(_DDCCI_CMD_GETVCP_TP_SET_PARAMETER, 0xFFFF, GET_INPUT_TIMING_V
             -FREQ()*10);
 599   2                  break;
 600   2      
 601   2              case _DDCCI_OPCODE_VCP_PANEL_TYPE:
 602   2                  UserCommonDdcciSetVCPReplyValue(_DDCCI_CMD_GETVCP_TP_SET_PARAMETER, 0x01, 1);
 603   2                  break;
 604   2      
 605   2              case _DDCCI_OPCODE_VCP_MONITOR_TYPE:
 606   2                  UserCommonDdcciSetVCPReplyValue(_DDCCI_CMD_GETVCP_TP_SET_PARAMETER, 0x05, 3);
 607   2                  break;
 608   2      
 609   2              case _DDCCI_OPCODE_VCP_APPLICATION_ENABLE:
 610   2                  UserCommonDdcciSetVCPReplyValue(_DDCCI_CMD_GETVCP_TP_SET_PARAMETER, 0xFF, 0x5a);
 611   2                  break;
 612   2      
 613   2              case _DDCCI_OPCODE_VCP_CONTROLLER_TYPE:
 614   2                  UserCommonDdcciSetVCPReplyValue(_DDCCI_CMD_GETVCP_TP_SET_PARAMETER, 0x0000, 0x0009);
 615   2                  break;
 616   2      
 617   2              case _DDCCI_OPCODE_VCP_FW_LEVEL:
 618   2                  UserCommonDdcciSetVCPReplyValue(_DDCCI_CMD_GETVCP_TP_SET_PARAMETER, 0xFFFF, _DDCCI_FIRMWARE_VE
             -RSION);
 619   2                  break;
 620   2      
 621   2              case _DDCCI_OPCODE_VCP_OSD_ON_OFF:
 622   2      #if(_TRANSLATOR_SUPPORT == _OFF)
 623   2      
 624   2      #if _LONG_PRESS_MENU_LOCK_OSD_ENABLE
                    if(GET_OSD_LOCK()==_TRUE)
              #else
 627   2                  if(ScalerOsdGetOsdEnable() == _TRUE)
 628   2      #endif
 629   2            {
 630   3                      pucTemp[0] = 2;
 631   3                  }
 632   2                  else
 633   2      #endif
 634   2                  {
C51 COMPILER V9.60.0.0   RTD2014DDCCI                                                      04/23/2026 13:55:18 PAGE 12  

 635   3                      pucTemp[0] = 1;
 636   3                  }
 637   2                  UserCommonDdcciSetVCPReplyValue(_DDCCI_CMD_GETVCP_TP_SET_PARAMETER, 0x02, pucTemp[0]);
 638   2                  break;
 639   2      
 640   2              case _DDCCI_OPCODE_VCP_OSD_LANGUAGE:
 641   2                  UserCommonDdcciSetVCPReplyValue(_DDCCI_CMD_GETVCP_TP_SET_PARAMETER, 0x0D, tLANGUAGEDEFINE[GET_
             -OSD_LANGUAGE()]);
 642   2                  break;
 643   2      
 644   2              case _DDCCI_OPCODE_VCP_POWER_MODE:
 645   2                  if(SysPowerGetPowerStatus() == _POWER_STATUS_OFF)
 646   2                  {
 647   3                      pucTemp[0] = 4;
 648   3                  }
 649   2                  else if(SysPowerGetPowerStatus() == _POWER_STATUS_SAVING)
 650   2                  {
 651   3                      pucTemp[0] = 2;
 652   3                  }
 653   2                  else
 654   2                  {
 655   3                      pucTemp[0] = 1;
 656   3                  }
 657   2                  UserCommonDdcciSetVCPReplyValue(_DDCCI_CMD_GETVCP_TP_SET_PARAMETER, 0x0005, pucTemp[0]);
 658   2                  break;
 659   2      
 660   2              case _DDCCI_OPCODE_VCP_VERSION:
 661   2                  UserCommonDdcciSetVCPReplyValue(_DDCCI_CMD_GETVCP_TP_SET_PARAMETER, 0xFFFF, 0x0202);
 662   2                  break;
 663   2      
 664   2              case _DDCCI_OPCODE_VCP_SHARPNESS:
 665   2                  UserCommonDdcciSetVCPReplyValue(_DDCCI_CMD_GETVCP_TP_SET_PARAMETER, 0x0004, GET_OSD_SHARPNESS(
             -));
 666   2                  break;
 667   2      
 668   2              default:
 669   2                  g_pucDdcciTxBuf[_DDCCI_RESULT_CODE] = _DDCCI_CMD_GETVCP_RC_UNSUPPORTED;
 670   2                  break;
 671   2          }
 672   1        
 673   1      #if (_ENABLE_WRITE_EDID_CTX==_ON)
 674   1              if(g_pucDdcciRxBuf[_DDCCI_SOURCE_OPCODE] == VCP_BOE_FACTORY_ALIGNMENT )//&& u8PageValue == 0)
 675   1              {
 676   2                
 677   2              }
 678   1               else
 679   1      #endif
 680   1              {
 681   2                  g_pucDdcciTxBuf[_DDCCI_PRESENT_LOW_BYTE + 1] = UserCommonDdcciCalCheckSum();
 682   2                  ScalerMcuDdcciSendData(g_pucDdcciTxBuf);
 683   2              }
 684   1      }
 685          
 686          //--------------------------------------------------
 687          // Description  : Check DDCCI Set VCP Feature
 688          // Input Value  : None
 689          // Output Value : None
 690          //--------------------------------------------------
 691          bit RTDDdcciSetVCPFeatureCheck(void)
 692          {
 693   1        
 694   1          switch(g_pucDdcciRxBuf[_DDCCI_SOURCE_OPCODE])
C51 COMPILER V9.60.0.0   RTD2014DDCCI                                                      04/23/2026 13:55:18 PAGE 13  

 695   1          {
 696   2              case _DDCCI_OPCODE_VCP_FACTORY_RESET:
 697   2              case _DDCCI_OPCODE_VCP_RECAL_BRI_CON:
 698   2              case _DDCCI_OPCODE_VCP_GEOMETRY_RESET:
 699   2              case _DDCCI_OPCODE_VCP_COLOR_RESET:
 700   2      
 701   2                  if(g_pucDdcciRxBuf[_DDCCI_SET_LOW_BYTE] == 0)
 702   2                  {
 703   3                      return _FALSE;
 704   3                  }
 705   2      
 706   2                  break;
 707   2      
 708   2              case _DDCCI_OPCODE_VCP_NEW_CONTROL_VALUE:
 709   2              case _DDCCI_OPCODE_VCP_AUTO_SET_UP:
 710   2              case _DDCCI_OPCODE_VCP_AUTO_COLOR:
 711   2      
 712   2                  if((g_pucDdcciRxBuf[_DDCCI_SET_LOW_BYTE] == 0) || (g_pucDdcciRxBuf[_DDCCI_SET_LOW_BYTE] >= 3))
 713   2                  {
 714   3                      return _FALSE;
 715   3                  }
 716   2      
 717   2                  break;
 718   2      
 719   2              case _DDCCI_OPCODE_VCP_SELECT_COLOR_PRESET:
 720   2      
 721   2                  if((g_pucDdcciRxBuf[_DDCCI_SET_LOW_BYTE] == 0) || (g_pucDdcciRxBuf[_DDCCI_SET_LOW_BYTE] >= 0x0
             -E))
 722   2                  {
 723   3                      return _FALSE;
 724   3                  }
 725   2      
 726   2                  break;
 727   2      
 728   2              case _DDCCI_OPCODE_VCP_OSD_LANGUAGE:
 729   2      
 730   2                  if((g_pucDdcciRxBuf[_DDCCI_SET_LOW_BYTE] == 0) || (g_pucDdcciRxBuf[_DDCCI_SET_LOW_BYTE] >= 0x2
             -6))
 731   2                  {
 732   3                      return _FALSE;
 733   3                  }
 734   2      
 735   2                  break;
 736   2      
 737   2              case _DDCCI_OPCODE_VCP_POWER_MODE:
 738   2      
 739   2                  if((g_pucDdcciRxBuf[_DDCCI_SET_LOW_BYTE] == 0) || (g_pucDdcciRxBuf[_DDCCI_SET_LOW_BYTE] >= 0x0
             -6))
 740   2                  {
 741   3                      return _FALSE;
 742   3                  }
 743   2      
 744   2                  break;
 745   2      
 746   2              default:
 747   2                  break;
 748   2          }
 749   1      
 750   1          return _TRUE;
 751   1      }
 752          
 753          //--------------------------------------------------
C51 COMPILER V9.60.0.0   RTD2014DDCCI                                                      04/23/2026 13:55:18 PAGE 14  

 754          // Description  : DDCCI Set VCP Feature
 755          // Input Value  : None
 756          // Output Value : None
 757          //--------------------------------------------------
 758          void RTDDdcciSetVCPFeature(void)
 759          {
 760   1          BYTE ucTemp = 0;
 761   1      
 762   1          if(RTDDdcciSetVCPFeatureCheck() == _FAIL)
 763   1          {
 764   2              UserCommonDdcciInitTx();
 765   2          }
 766   1          else
 767   1          {
 768   2          
 769   2              switch(g_pucDdcciRxBuf[_DDCCI_SOURCE_OPCODE])
 770   2              {
 771   3      #if (_ENABLE_WRITE_EDID_CTX==_ON)
 772   3            case VCP_BOE_FACTORY_ALIGNMENT:
 773   3               CTXWriteEdid();
 774   3              break;
 775   3      #endif
 776   3      
 777   3          case _DDCCI_OPCODE_VCP_AUTOALIGN:
 778   3      
 779   3      
 780   3      
 781   3            RTDDdcciAutoAlignPro();
 782   3      
 783   3      
 784   3      
 785   3          break;
 786   3      
 787   3          case _DDCCI_OPCODE_VCP_DDCPROC:
 788   3            RTDDdcciEdidProc();
 789   3      
 790   3            break;
 791   3          
 792   3                  case _DDCCI_OPCODE_VCP_NEW_CONTROL_VALUE:
 793   3      
 794   3                      if(g_pucDdcciRxBuf[_DDCCI_SET_LOW_BYTE] == 0x01)
 795   3                      {
 796   4                          g_ucDdcciNewControlValue = 0x01;
 797   4                      }
 798   3      
 799   3                      break;
 800   3      
 801   3      #if(_SHARPNESS_SUPPORT == _ON)
 802   3                  case _DDCCI_OPCODE_VCP_SHARPNESS:
 803   3      
 804   3                      if(g_pucDdcciRxBuf[_DDCCI_SET_LOW_BYTE] > 4)
 805   3                      {
 806   4                          g_pucDdcciRxBuf[_DDCCI_SET_LOW_BYTE] = 4;
 807   4                      }
 808   3                      SET_OSD_SHARPNESS(g_pucDdcciRxBuf[_DDCCI_SET_LOW_BYTE]);
 809   3      
 810   3                      UserCommonAdjustSharpness(SysSourceGetInputPort());
 811   3                      SET_OSD_EVENT_MESSAGE(_OSDEVENT_SAVE_NVRAM_OSDUSERDATA_MSG);
 812   3      
 813   3                      break;
 814   3      #endif
 815   3      
C51 COMPILER V9.60.0.0   RTD2014DDCCI                                                      04/23/2026 13:55:18 PAGE 15  

 816   3                  case _DDCCI_OPCODE_VCP_INPUT_SOURCE:
 817   3      
 818   3                      if(g_pucDdcciRxBuf[_DDCCI_SET_LOW_BYTE] == 0x01)
 819   3                      {
 820   4                          SET_FORCE_POW_SAV_STATUS(_FALSE);
 821   4                          SysSourceSetScanType(_SOURCE_SWITCH_FIXED_PORT);
 822   4                          SysSourceSwitchInputPort(_VGA_1);
 823   4                          SysModeSetResetTarget(_MODE_ACTION_RESET_TO_SEARCH);
 824   4                      }
 825   3                      else if(g_pucDdcciRxBuf[_DDCCI_SET_LOW_BYTE] == 0x03)
 826   3                      {
 827   4                          SET_FORCE_POW_SAV_STATUS(_FALSE);
 828   4                          SysSourceSetScanType(_SOURCE_SWITCH_FIXED_PORT);
 829   4                          SysSourceSwitchInputPort(_DVI_1);
 830   4                          SysModeSetResetTarget(_MODE_ACTION_RESET_TO_SEARCH);
 831   4                      }
 832   3                      else if(g_pucDdcciRxBuf[_DDCCI_SET_LOW_BYTE] == 0x04)
 833   3                      {
 834   4                          SET_FORCE_POW_SAV_STATUS(_FALSE);
 835   4                          SysSourceSetScanType(_SOURCE_SWITCH_FIXED_PORT);
 836   4                          SysSourceSwitchInputPort(_DVI_2);
 837   4                          SysModeSetResetTarget(_MODE_ACTION_RESET_TO_SEARCH);
 838   4                      }
 839   3                      else if(g_pucDdcciRxBuf[_DDCCI_SET_LOW_BYTE] == 0x0F)
 840   3                      {
 841   4                          SET_FORCE_POW_SAV_STATUS(_FALSE);
 842   4                          SysSourceSetScanType(_SOURCE_SWITCH_FIXED_PORT);
 843   4                          SysSourceSwitchInputPort(_DP_1);
 844   4                          SysModeSetResetTarget(_MODE_ACTION_RESET_TO_SEARCH);
 845   4                      }
 846   3                      else if(g_pucDdcciRxBuf[_DDCCI_SET_LOW_BYTE] == 0x10)
 847   3                      {
 848   4                          SET_FORCE_POW_SAV_STATUS(_FALSE);
 849   4                          SysSourceSetScanType(_SOURCE_SWITCH_FIXED_PORT);
 850   4                          SysSourceSwitchInputPort(_DP_2);
 851   4                          SysModeSetResetTarget(_MODE_ACTION_RESET_TO_SEARCH);
 852   4                      }
 853   3                      else if(g_pucDdcciRxBuf[_DDCCI_SET_LOW_BYTE] == 0x11)
 854   3                      {
 855   4                          SET_FORCE_POW_SAV_STATUS(_FALSE);
 856   4                          SysSourceSetScanType(_SOURCE_SWITCH_FIXED_PORT);
 857   4                          SysSourceSwitchInputPort(_HDMI_1);
 858   4                          SysModeSetResetTarget(_MODE_ACTION_RESET_TO_SEARCH);
 859   4                      }
 860   3                      else if(g_pucDdcciRxBuf[_DDCCI_SET_LOW_BYTE] == 0x12)
 861   3                      {
 862   4                          SET_FORCE_POW_SAV_STATUS(_FALSE);
 863   4                          SysSourceSetScanType(_SOURCE_SWITCH_FIXED_PORT);
 864   4                          SysSourceSwitchInputPort(_HDMI_2);
 865   4                          SysModeSetResetTarget(_MODE_ACTION_RESET_TO_SEARCH);
 866   4                      }
 867   3                      break;
 868   3      
 869   3                  case _DDCCI_OPCODE_VCP_FACTORY_RESET:
 870   3      
 871   3                      RTDDdcciResetAllSettings();
 872   3      
 873   3      #if(_VGA_SUPPORT == _ON)
                              if(SysSourceGetSourceType() == _SOURCE_VGA)
                              {
                                  UserCommonAutoConfig();
                              }
C51 COMPILER V9.60.0.0   RTD2014DDCCI                                                      04/23/2026 13:55:18 PAGE 16  

                              else
              #endif
 880   3                      {
 881   4                          SET_DIGITAL_H_POSITION(50);
 882   4                          SET_DIGITAL_V_POSITION(50);
 883   4                          UserCommonAdjustHPosition(GET_DIGITAL_H_POSITION());
 884   4                          UserCommonAdjustVPosition(GET_DIGITAL_V_POSITION());
 885   4                      }
 886   3      
 887   3                      break;
 888   3      
 889   3                  case _DDCCI_OPCODE_VCP_RECAL_BRI_CON:
 890   3      
 891   3                      RTDNVRamRestoreBriCon();
 892   3                      RTDNVRamRestoreBacklight();
 893   3      
 894   3                      UserAdjustBacklight(GET_OSD_BACKLIGHT());
 895   3      
 896   3      #if(_CONTRAST_SUPPORT == _ON)
 897   3      
 898   3      #if(_DEF_COLORFUL)
                      UserAdjustContrast(GetOsdValue(_MENU_FUN_CONTRAST));
              #else
 901   3                      UserAdjustContrast(GET_OSD_CONTRAST());
 902   3      #endif
 903   3      
 904   3      #endif
 905   3      
 906   3      #if(_BRIGHTNESS_SUPPORT == _ON)
 907   3                      UserAdjustBrightness(GET_OSD_BRIGHTNESS());
 908   3      #endif
 909   3                      break;
 910   3      
 911   3                  case _DDCCI_OPCODE_VCP_GEOMETRY_RESET:
 912   3      
 913   3      #if(_VGA_SUPPORT == _ON)
                              if(SysSourceGetSourceType() == _SOURCE_VGA)
                              {
                                  UserCommonAutoConfig();
                                  SET_OSD_EVENT_MESSAGE(_OSDEVENT_SAVE_NVRAM_MODEUSERDATA_MSG);
                              }
                              else
              #endif
 921   3                      {
 922   4                          SET_DIGITAL_H_POSITION(50);
 923   4                          SET_DIGITAL_V_POSITION(50);
 924   4                          UserCommonAdjustHPosition(GET_DIGITAL_H_POSITION());
 925   4                          UserCommonAdjustVPosition(GET_DIGITAL_V_POSITION());
 926   4                      }
 927   3      
 928   3                      break;
 929   3      
 930   3                  case _DDCCI_OPCODE_VCP_COLOR_RESET:
 931   3      
 932   3                      RTDDdcciColorReset();
 933   3      
 934   3                      break;
 935   3      
 936   3                  case _DDCCI_OPCODE_VCP_COLOR_TEMP_REQUEST:
 937   3      
 938   3                      g_ucColorTempUnSupport = (g_pucDdcciRxBuf[_DDCCI_SET_LOW_BYTE] + 30);
 939   3                      if(g_ucColorTempUnSupport >= 93)
C51 COMPILER V9.60.0.0   RTD2014DDCCI                                                      04/23/2026 13:55:18 PAGE 17  

 940   3                      {
 941   4                          SET_COLOR_TEMP_TYPE(_CT_9300);
 942   4                      }
 943   3      #if 0//(_CUSTOMER_TYPE==_HUASHUOHUI_CUSTOMER)
                      else if((g_ucColorTempUnSupport < 80) && (g_ucColorTempUnSupport >= 65))
                      {
                        SET_COLOR_TEMP_TYPE(_CT_7500);
                      }
                      else if((g_ucColorTempUnSupport < 60) && (g_ucColorTempUnSupport >= 50))
                      {
                        SET_COLOR_TEMP_TYPE(_CT_6500);
                      }
                      else if((g_ucColorTempUnSupport < 60) && (g_ucColorTempUnSupport >= 50))
                              {
                                  SET_COLOR_TEMP_TYPE(_CT_5800);
                              }
              #else
 957   3                      else if((g_ucColorTempUnSupport < 80) && (g_ucColorTempUnSupport >= 70))
 958   3                      {
 959   4                          SET_COLOR_TEMP_TYPE(_CT_7500);
 960   4                      }
 961   3                      else if((g_ucColorTempUnSupport < 70) && (g_ucColorTempUnSupport >= 60))
 962   3                      {
 963   4                          SET_COLOR_TEMP_TYPE(_CT_6500);
 964   4                      }
 965   3                      
 966   3      #endif
 967   3              else
 968   3                      {
 969   4                          SET_COLOR_TEMP_TYPE(_CT_SRGB);
 970   4                      }
 971   3      
 972   3                      RTDNVRamLoadColorSetting(GET_COLOR_TEMP_TYPE());
 973   3      
 974   3      #if(_CONTRAST_SUPPORT == _ON)
 975   3      
 976   3      #if(_DEF_COLORFUL)
                      UserAdjustContrast(GetOsdValue(_MENU_FUN_CONTRAST));
              #else
 979   3                      UserAdjustContrast(GET_OSD_CONTRAST());
 980   3      #endif
 981   3      
 982   3      #endif
 983   3                      OsdDispDisableOsd();
 984   3      
 985   3                      break;
 986   3      
 987   3                  case _DDCCI_OPCODE_VCP_CLOCK:
 988   3      
 989   3      #if(_VGA_SUPPORT == _ON)
                              if(SysSourceGetSourceType() == _SOURCE_VGA)
                              {
                                  if(g_pucDdcciRxBuf[_DDCCI_SET_LOW_BYTE] > 100)
                                  {
                                      g_pucDdcciRxBuf[_DDCCI_SET_LOW_BYTE] = 100;
                                  }
              
              #if(_AUTO_CLOCK_SAVE_VALUE_OPTION == _CLOCK_SAVE_PERCENT_VALUE)
                                  SET_VGA_MODE_ADJUST_CLOCK(g_pucDdcciRxBuf[_DDCCI_SET_LOW_BYTE]);
              #else
                                  {
                                      WORD usClockRangeMax = 0;
C51 COMPILER V9.60.0.0   RTD2014DDCCI                                                      04/23/2026 13:55:18 PAGE 18  

                                      WORD usClockRangeMin = 0;
              
                                      usClockRangeMax = UserCommonAdjustGetAdcClockRange(_GET_CLOCKRANGE_MAX);
                                      usClockRangeMin = UserCommonAdjustGetAdcClockRange(_GET_CLOCKRANGE_MIN);
              
                                      SET_VGA_MODE_ADJUST_CLOCK(UserCommonAdjustPercentToRealValue(GET_VGA_MODE_ADJUST_C
             -LOCK(), usClockRangeMax, usClockRangeMin, (((usClockRangeMax - usClockRangeMin) / 2) + usClockRangeMin)));
                                  }
              #endif
                                  UserCommonAdjustClock(GET_VGA_MODE_ADJUST_CLOCK());
                                  SET_OSD_EVENT_MESSAGE(_OSDEVENT_SAVE_NVRAM_MODEUSERDATA_MSG);
                              }
              #endif // End of #if(_VGA_SUPPORT == _ON)
1014   3      
1015   3                      break;
1016   3      
1017   3                  case _DDCCI_OPCODE_VCP_BACKLIGHT:
1018   3      
1019   3                      if(g_pucDdcciRxBuf[_DDCCI_SET_LOW_BYTE] > 100)
1020   3                      {
1021   4                          g_pucDdcciRxBuf[_DDCCI_SET_LOW_BYTE] = 100;
1022   4                      }
1023   3      #if 1
1024   3              SET_OSD_BACKLIGHT(UserCommonAdjustPercentToRealValue(g_pucDdcciRxBuf[_DDCCI_SET_LOW_BYTE], _DDCCI_BACK
             -LIGHT_MAX, _DDCCI_BACKLIGHT_MIN, _DDCCI_BACKLIGHT_CENTER));
1025   3      #else
                              SET_OSD_BACKLIGHT(UserCommonAdjustPercentToRealValue(g_pucDdcciRxBuf[_DDCCI_SET_LOW_BYTE],
             - _BACKLIGHT_MAX, _BACKLIGHT_MIN, _BACKLIGHT_CENTER));
              #endif
1028   3                      UserAdjustBacklight(GET_OSD_BACKLIGHT());
1029   3                      SET_OSD_EVENT_MESSAGE(_OSDEVENT_SAVE_NVRAM_OSDUSERDATA_MSG);
1030   3      
1031   3                      break;
1032   3      
1033   3                  case _DDCCI_OPCODE_VCP_CONTRAST:
1034   3      
1035   3                      if(g_pucDdcciRxBuf[_DDCCI_SET_LOW_BYTE] > 100)
1036   3                      {
1037   4                          g_pucDdcciRxBuf[_DDCCI_SET_LOW_BYTE] = 100;
1038   4                      }
1039   3      #if 1
1040   3              SET_OSD_CONTRAST(UserCommonAdjustPercentToRealValue(g_pucDdcciRxBuf[_DDCCI_SET_LOW_BYTE],  _DDCCI_CONT
             -RAST_MAX,  _DDCCI_CONTRAST_MIN,  _DDCCI_CONTRAST_CENTER));
1041   3      #else
                              SET_OSD_CONTRAST(UserCommonAdjustPercentToRealValue(g_pucDdcciRxBuf[_DDCCI_SET_LOW_BYTE], 
             -_CONTRAST_MAX, _CONTRAST_MIN, _CONTRAST_CENTER));
              #endif
1044   3      
1045   3      #if(_CONTRAST_SUPPORT == _ON)
1046   3      
1047   3      #if(_DEF_COLORFUL)
                      UserAdjustContrast(GetOsdValue(_MENU_FUN_CONTRAST));
              #else
1050   3                      UserAdjustContrast(GET_OSD_CONTRAST());
1051   3      #endif
1052   3      
1053   3      #endif
1054   3                      SET_OSD_EVENT_MESSAGE(_OSDEVENT_SAVE_NVRAM_BRICON_MSG);
1055   3      
1056   3                      break;
1057   3      
1058   3                  case _DDCCI_OPCODE_VCP_SELECT_COLOR_PRESET:
C51 COMPILER V9.60.0.0   RTD2014DDCCI                                                      04/23/2026 13:55:18 PAGE 19  

1059   3      
1060   3                      switch(g_pucDdcciRxBuf[_DDCCI_SET_LOW_BYTE])
1061   3                      {
1062   4                          case 0x0B:
1063   4                              SET_COLOR_TEMP_TYPE(_CT_USER);
1064   4                              break;
1065   4      
1066   4                          case 0x06:
1067   4                  SET_COLOR_TEMP_TYPE(_CT_7500);//SET_COLOR_TEMP_TYPE(_CT_6500);
1068   4                              break;
1069   4      
1070   4                          case 0x08:
1071   4                              SET_COLOR_TEMP_TYPE(_CT_9300);
1072   4                              break;
1073   4      
1074   4                         // case 0x01:
1075   4                            //  SET_COLOR_TEMP_TYPE(_CT_SRGB);
1076   4                             // break;
1077   4      
1078   4                          case 0x05:
1079   4                  SET_COLOR_TEMP_TYPE(_CT_6500);//SET_COLOR_TEMP_TYPE(_CT_5800);
1080   4                              break;
1081   4      
1082   4                         // case 0x06:
1083   4                            //  SET_COLOR_TEMP_TYPE(_CT_7500);
1084   4                             // break;
1085   4                          /*
1086   4                          case 0x02:
1087   4                              SET_COLOR_TEMP_TYPE(_CT_OFF);
1088   4                              break;
1089   4                          */
1090   4                          default:
1091   4                              break;
1092   4                      }
1093   3      
1094   3                      RTDNVRamLoadColorSetting(GET_COLOR_TEMP_TYPE());
1095   3      
1096   3      #if(_CONTRAST_SUPPORT == _ON)
1097   3      
1098   3      #if(_DEF_COLORFUL)
                      UserAdjustContrast(GetOsdValue(_MENU_FUN_CONTRAST));
              #else
1101   3                      UserAdjustContrast(GET_OSD_CONTRAST());
1102   3      #endif
1103   3      
1104   3      #endif
1105   3                      OsdDispDisableOsd();
1106   3      
1107   3                      break;
1108   3      
1109   3                  case _DDCCI_OPCODE_VCP_RED_GAIN:
1110   3                      // Only write at customer color
1111   3                      if(GET_COLOR_TEMP_TYPE() != _CT_USER)
1112   3                      {
1113   4                          ucTemp = GET_COLOR_TEMP_TYPE();
1114   4      
1115   4                          SET_COLOR_TEMP_TYPE(_CT_USER);
1116   4      
1117   4                          RTDNVRamLoadColorSetting(GET_COLOR_TEMP_TYPE());
1118   4      
1119   4                          SET_COLOR_TEMP_TYPE_USER_R(UserCommonAdjustPercentToRealValue(g_pucDdcciRxBuf[_DDCCI_S
             -ET_LOW_BYTE],
C51 COMPILER V9.60.0.0   RTD2014DDCCI                                                      04/23/2026 13:55:18 PAGE 20  

1122   4                                                                                        _COLORTEMP_USER_MAX,
1122   4                                                                                        _COLORTEMP_USER_MIN,
1122   4                                                                                        _COLORTEMP_USER_CENTER))
             -;
1123   4      
1124   4                          RTDNVRamSaveColorSetting(GET_COLOR_TEMP_TYPE());
1125   4      
1126   4                          SET_COLOR_TEMP_TYPE(ucTemp);
1127   4      
1128   4                          RTDNVRamLoadColorSetting(GET_COLOR_TEMP_TYPE());
1129   4                      }
1130   3                      else
1131   3                      {
1132   4                          SET_COLOR_TEMP_TYPE_USER_R(UserCommonAdjustPercentToRealValue(g_pucDdcciRxBuf[_DDCCI_S
             -ET_LOW_BYTE],
1135   4                                                                                        _COLORTEMP_USER_MAX,
1135   4                                                                                        _COLORTEMP_USER_MIN,
1135   4                                                                                        _COLORTEMP_USER_CENTER))
             -;
1136   4      #if(_CONTRAST_SUPPORT == _ON)
1137   4      #if(_DEF_COLORFUL)
                        UserAdjustContrast(GetOsdValue(_MENU_FUN_CONTRAST));
              #else
1140   4                          UserAdjustContrast(GET_OSD_CONTRAST());
1141   4      #endif
1142   4      #endif
1143   4                          SET_OSD_EVENT_MESSAGE(_OSDEVENT_SAVE_NVRAM_COLORPROC_MSG);
1144   4                      }
1145   3      
1146   3                      break;
1147   3      
1148   3                  case _DDCCI_OPCODE_VCP_GREEN_GAIN:
1149   3                      // Only write at customer color
1150   3                      if(GET_COLOR_TEMP_TYPE() != _CT_USER)
1151   3                      {
1152   4                          ucTemp = GET_COLOR_TEMP_TYPE();
1153   4      
1154   4                          SET_COLOR_TEMP_TYPE(_CT_USER);
1155   4      
1156   4                          RTDNVRamLoadColorSetting(GET_COLOR_TEMP_TYPE());
1157   4      
1158   4                          SET_COLOR_TEMP_TYPE_USER_G(UserCommonAdjustPercentToRealValue(g_pucDdcciRxBuf[_DDCCI_S
             -ET_LOW_BYTE],
1161   4                                                                                        _COLORTEMP_USER_MAX,
1161   4                                                                                        _COLORTEMP_USER_MIN,
1161   4                                                                                        _COLORTEMP_USER_CENTER))
             -;
1162   4      
1163   4                          RTDNVRamSaveColorSetting(GET_COLOR_TEMP_TYPE());
1164   4      
1165   4                          SET_COLOR_TEMP_TYPE(ucTemp);
1166   4      
1167   4                          RTDNVRamLoadColorSetting(GET_COLOR_TEMP_TYPE());
1168   4                      }
1169   3                      else
1170   3                      {
1171   4                          SET_COLOR_TEMP_TYPE_USER_G(UserCommonAdjustPercentToRealValue(g_pucDdcciRxBuf[_DDCCI_S
             -ET_LOW_BYTE],
1174   4                                                                                        _COLORTEMP_USER_MAX,
1174   4                                                                                        _COLORTEMP_USER_MIN,
1174   4                                                                                        _COLORTEMP_USER_CENTER))
             -;
C51 COMPILER V9.60.0.0   RTD2014DDCCI                                                      04/23/2026 13:55:18 PAGE 21  

1175   4      #if(_CONTRAST_SUPPORT == _ON)
1176   4      
1177   4      #if(_DEF_COLORFUL)
                        UserAdjustContrast(GetOsdValue(_MENU_FUN_CONTRAST));
              #else
1180   4                          UserAdjustContrast(GET_OSD_CONTRAST());
1181   4      #endif
1182   4      
1183   4      #endif
1184   4      
1185   4                          SET_OSD_EVENT_MESSAGE(_OSDEVENT_SAVE_NVRAM_COLORPROC_MSG);
1186   4                      }
1187   3      
1188   3                      break;
1189   3      
1190   3                  case _DDCCI_OPCODE_VCP_BLUE_GAIN:
1191   3                      // Only write at customer color
1192   3                      if(GET_COLOR_TEMP_TYPE() != _CT_USER)
1193   3                      {
1194   4                          ucTemp = GET_COLOR_TEMP_TYPE();
1195   4      
1196   4                          SET_COLOR_TEMP_TYPE(_CT_USER);
1197   4      
1198   4                          RTDNVRamLoadColorSetting(GET_COLOR_TEMP_TYPE());
1199   4      
1200   4                          SET_COLOR_TEMP_TYPE_USER_B(UserCommonAdjustPercentToRealValue(g_pucDdcciRxBuf[_DDCCI_S
             -ET_LOW_BYTE],
1203   4                                                                                        _COLORTEMP_USER_MAX,
1203   4                                                                                        _COLORTEMP_USER_MIN,
1203   4                                                                                        _COLORTEMP_USER_CENTER))
             -;
1204   4      
1205   4                          RTDNVRamSaveColorSetting(GET_COLOR_TEMP_TYPE());
1206   4      
1207   4                          SET_COLOR_TEMP_TYPE(ucTemp);
1208   4      
1209   4                          RTDNVRamLoadColorSetting(GET_COLOR_TEMP_TYPE());
1210   4                      }
1211   3                      else
1212   3                      {
1213   4                          SET_COLOR_TEMP_TYPE_USER_B(UserCommonAdjustPercentToRealValue(g_pucDdcciRxBuf[_DDCCI_S
             -ET_LOW_BYTE],
1216   4                                                                                        _COLORTEMP_USER_MAX,
1216   4                                                                                        _COLORTEMP_USER_MIN,
1216   4                                                                                        _COLORTEMP_USER_CENTER))
             -;
1217   4      #if(_CONTRAST_SUPPORT == _ON)
1218   4      
1219   4      #if(_DEF_COLORFUL)
                                  UserAdjustContrast(GetOsdValue(_MENU_FUN_CONTRAST));
              #else
1222   4                UserAdjustContrast(GET_OSD_CONTRAST());
1223   4      #endif
1224   4      
1225   4      #endif
1226   4      
1227   4                          SET_OSD_EVENT_MESSAGE(_OSDEVENT_SAVE_NVRAM_COLORPROC_MSG);
1228   4                      }
1229   3      
1230   3                      break;
1231   3      
1232   3      #if(_VGA_SUPPORT == _ON)
C51 COMPILER V9.60.0.0   RTD2014DDCCI                                                      04/23/2026 13:55:18 PAGE 22  

                          case _DDCCI_OPCODE_VCP_AUTO_SET_UP:
              
                              if(SysSourceGetSourceType() == _SOURCE_VGA)
                              {
                                  if(g_pucDdcciRxBuf[_DDCCI_SET_LOW_BYTE] != 0)
                                  {
                                      SET_OSD_EVENT_MESSAGE(_OSDEVENT_DO_AUTO_CONFIG_MSG);
                                  }
                              }
              
                              break;
              #endif
1245   3      
1246   3                  case _DDCCI_OPCODE_VCP_HPOSITION:
1247   3      #if(_VGA_SUPPORT == _ON)
                              if(SysSourceGetSourceType() == _SOURCE_VGA)
                              {
                                  SET_VGA_MODE_ADJUST_H_POSITION(g_pucDdcciRxBuf[_DDCCI_SET_LOW_BYTE]);
                                  UserCommonAdjustHPosition(GET_VGA_MODE_ADJUST_H_POSITION());
                                  SET_OSD_EVENT_MESSAGE(_OSDEVENT_SAVE_NVRAM_MODEUSERDATA_MSG);
                              }
                              else
              #endif
1256   3                      {
1257   4                          SET_DIGITAL_H_POSITION(g_pucDdcciRxBuf[_DDCCI_SET_LOW_BYTE]);
1258   4                          UserCommonAdjustHPosition(GET_DIGITAL_H_POSITION());
1259   4                      }
1260   3                      break;
1261   3      
1262   3                  case _DDCCI_OPCODE_VCP_VPOSITION:
1263   3      #if(_VGA_SUPPORT == _ON)
                              if(SysSourceGetSourceType() == _SOURCE_VGA)
                              {
                                  if(abs(g_pucDdcciRxBuf[_DDCCI_SET_LOW_BYTE] - GET_VGA_MODE_ADJUST_V_POSITION()) > 50)
                                  {
                                      SET_VGA_MODE_ADJUST_V_POSITION(50);
                                  }
                                  SET_VGA_MODE_ADJUST_V_POSITION(g_pucDdcciRxBuf[_DDCCI_SET_LOW_BYTE]);
                                  UserCommonAdjustVPosition(GET_VGA_MODE_ADJUST_V_POSITION());
                                  SET_OSD_EVENT_MESSAGE(_OSDEVENT_SAVE_NVRAM_MODEUSERDATA_MSG);
                              }
                              else
              #endif
1276   3                      {
1277   4                          SET_DIGITAL_V_POSITION(g_pucDdcciRxBuf[_DDCCI_SET_LOW_BYTE]);
1278   4                          UserCommonAdjustVPosition(GET_DIGITAL_V_POSITION());
1279   4                      }
1280   3      
1281   3                      break;
1282   3      
1283   3      #if(_VGA_SUPPORT == _ON)
                          case _DDCCI_OPCODE_VCP_CLOCK_PHASE:
              
                              if(SysSourceGetSourceType() == _SOURCE_VGA)
                              {
                                  if(g_pucDdcciRxBuf[_DDCCI_SET_LOW_BYTE] > 100)
                                  {
                                      g_pucDdcciRxBuf[_DDCCI_SET_LOW_BYTE] = 100;
                                  }
              
                                  SET_VGA_MODE_ADJUST_PHASE(g_pucDdcciRxBuf[_DDCCI_SET_LOW_BYTE]);
              
C51 COMPILER V9.60.0.0   RTD2014DDCCI                                                      04/23/2026 13:55:18 PAGE 23  

                                  UserCommonAdjustPhase(GET_VGA_MODE_ADJUST_PHASE());
                                  SET_OSD_EVENT_MESSAGE(_OSDEVENT_SAVE_NVRAM_MODEUSERDATA_MSG);
                              }
              
                              break;
              #endif
1301   3      
1302   3                  case _DDCCI_OPCODE_VCP_ACTIVE_CONTROL:
1303   3      
1304   3                      g_ucDdcciActiveValue = g_pucDdcciRxBuf[_DDCCI_SET_LOW_BYTE];
1305   3      
1306   3                      break;
1307   3      
1308   3      #if(_AUDIO_SUPPORT == _ON)
1309   3                  case _DDCCI_OPCODE_VCP_AUDIO_VOLUME:
1310   3      
1311   3                      if(g_pucDdcciRxBuf[_DDCCI_SET_LOW_BYTE] > 100)
1312   3                      {
1313   4                          g_pucDdcciRxBuf[_DDCCI_SET_LOW_BYTE] = 100;
1314   4                      }
1315   3      
1316   3      #if 1
1317   3              SET_OSD_VOLUME_MUTE(_OFF);
1318   3              UserAdjustAudioMuteSwitch();
1319   3      #endif
1320   3                      SET_OSD_VOLUME(g_pucDdcciRxBuf[_DDCCI_SET_LOW_BYTE]);
1321   3                      UserAdjustAudioVolume(GET_OSD_VOLUME());
1322   3                      SET_OSD_EVENT_MESSAGE(_OSDEVENT_SAVE_NVRAM_OSDUSERDATA_MSG);
1323   3      
1324   3                      break;
1325   3      #endif // End of #if(_AUDIO_SUPPORT == _ON)
1326   3      
1327   3                  case _DDCCI_OPCODE_VCP_RED_BLACK_LEVEL:
1328   3      
1329   3                      g_ucDdcciRedBlackLevel = g_pucDdcciRxBuf[_DDCCI_SET_LOW_BYTE];
1330   3                      // UserAdjustBrightness(g_ucDdcciRedBlackLevel);                            // Please don'
             -t delete
1331   3      
1332   3                      break;
1333   3      
1334   3                  case _DDCCI_OPCODE_VCP_GREEN_BLACK_LEVEL:
1335   3      
1336   3                      g_ucDdcciGreenBlackLevel = g_pucDdcciRxBuf[_DDCCI_SET_LOW_BYTE];
1337   3                      // UserAdjustBrightness(g_ucDdcciGreenBlackLevel);                             // Please d
             -on't delete
1338   3      
1339   3                      break;
1340   3      
1341   3                  case _DDCCI_OPCODE_VCP_BLUE_BLACK_LEVEL:
1342   3      
1343   3                      g_ucDdcciBlueBlackLevel = g_pucDdcciRxBuf[_DDCCI_SET_LOW_BYTE];
1344   3                      // UserAdjustBrightness(g_ucDdcciGreenBlackLevel);                             // Please d
             -on't delete
1345   3      
1346   3                      break;
1347   3      
1348   3                  case _DDCCI_OPCODE_VCP_POWER_MODE:
1349   3      
1350   3                      if(g_pucDdcciRxBuf[_DDCCI_SET_LOW_BYTE] == 5)
1351   3                      {
1352   4                          SET_FORCE_POW_SAV_STATUS(_FALSE);
1353   4                          SysPowerSetTargetPowerStatus(_POWER_STATUS_OFF);
C51 COMPILER V9.60.0.0   RTD2014DDCCI                                                      04/23/2026 13:55:18 PAGE 24  

1354   4                      }
1355   3                      else if(g_pucDdcciRxBuf[_DDCCI_SET_LOW_BYTE] == 4)
1356   3                      {
1357   4                          SET_FORCE_POW_SAV_STATUS(_TRUE);
1358   4                          SysPowerSetTargetPowerStatus(_POWER_STATUS_SAVING);
1359   4                      }
1360   3                      else if(g_pucDdcciRxBuf[_DDCCI_SET_LOW_BYTE] == 1)
1361   3                      {
1362   4                          SET_FORCE_POW_SAV_STATUS(_FALSE);
1363   4                          SysPowerSetTargetPowerStatus(_POWER_STATUS_NORMAL);
1364   4                      }
1365   3      
1366   3                      break;
1367   3      
1368   3                  case _DDCCI_OPCODE_VCP_OSD_LANGUAGE:
1369   3      #if 1
1370   3              switch(g_pucDdcciRxBuf[_DDCCI_SET_LOW_BYTE])
1371   3              {
1372   4      #if _CHINESE_F_SUPPORT
                        case 0x01:
                          SET_OSD_LANGUAGE(_CHINESE_F);
                          break;
              #endif
1377   4      #if _ENGLISH_SUPPORT
1378   4                case 0x02:
1379   4                  SET_OSD_LANGUAGE(_ENGLISH);
1380   4                  break;
1381   4      #endif
1382   4      #if _FRENCH_SUPPORT
1383   4                case 0x03:
1384   4                  SET_OSD_LANGUAGE(_FRENCH);
1385   4                  break;
1386   4      #endif
1387   4      #if _JAPANESE_SUPPORT
                        case 0x06:
                          SET_OSD_LANGUAGE(_JAPANESE);
                          break;
              #endif
1392   4      #if _KOREAN_SUPPORT
1393   4                case 0x07:
1394   4                  SET_OSD_LANGUAGE(_KOREAN);
1395   4                  break;
1396   4      #endif
1397   4      #if _RUSSIAN_SUPPORT
                        case 0x09:
                          SET_OSD_LANGUAGE(_RUSSIAN);
                          break;
              #endif
1402   4      #if _SPANISH_SUPPORT
1403   4                case 0x0A:
1404   4                  SET_OSD_LANGUAGE(_SPANISH);//_GERMAN);
1405   4                  break;
1406   4      #endif
1407   4      #if _CHINESE_S_SUPPORT
1408   4                case 0x0D:
1409   4                  SET_OSD_LANGUAGE(_CHINESE_S);//_GERMAN);
1410   4                  break;
1411   4      #endif
1412   4      #if _PORTUGUESE_SUPPORT
                                  case 0x08:
                                      SET_OSD_LANGUAGE(_PORTUGUESE);//_ITALIAN);
                                      break;
C51 COMPILER V9.60.0.0   RTD2014DDCCI                                                      04/23/2026 13:55:18 PAGE 25  

              #endif
1417   4      #if _GERMAN_SUPPORT
1418   4                case 0x04:
1419   4                  SET_OSD_LANGUAGE(_GERMAN);//_PORTUGUESE);
1420   4                  break;
1421   4      #endif
1422   4      #if _ITALIAN_SUPPORT
1423   4                case 0x05:
1424   4                  SET_OSD_LANGUAGE(_ITALIAN);//_SPANISH);
1425   4                  break;
1426   4      #endif
1427   4      #if _DUTCH_SUPPORT
                        case 0x14:
                          SET_OSD_LANGUAGE(_DUTCH);
                          break;
              #endif
1432   4      
1433   4                default:
1434   4                  break;
1435   4              }
1436   3      #else
                              switch(g_pucDdcciRxBuf[_DDCCI_SET_LOW_BYTE])
                              {
                                  default:
                                      break;
                              }
              #endif
1443   3                      OsdDispDisableOsd();
1444   3                      SET_OSD_EVENT_MESSAGE(_OSDEVENT_SAVE_NVRAM_OSDUSERDATA_MSG);
1445   3      
1446   3                      break;
1447   3      
1448   3                  case _DDCCI_OPCODE_VCP_OSD_ON_OFF:
1449   3      
1450   3                      if(g_pucDdcciRxBuf[_DDCCI_SET_LOW_BYTE] == 1)
1451   3                      {
1452   4                          OsdDispDisableOsd();
1453   4                      }
1454   3                      else if(g_pucDdcciRxBuf[_DDCCI_SET_LOW_BYTE] == 2)
1455   3                      {
1456   4                          OsdFuncEnableOsd();
1457   4                      }
1458   3      
1459   3                      break;
1460   3      
1461   3      #if((_OGC_SUPPORT == _ON) || (_OCC_SUPPORT == _ON) || (_OGC_DICOM_SUPPORT == _ON))
1462   3                  case _DDCCI_OPCODE_VCP_DISP_CALIBRATION:
1463   3      
1464   3                      UserCommonDdcciDispCalibProcess();
1465   3      
1466   3                      break;
1467   3      #endif
1468   3      
1469   3                  default:
1470   3      
1471   3                      UserCommonDdcciInitTx();
1472   3      
1473   3                      break;
1474   3              }
1475   2          }
1476   1      }
1477          
C51 COMPILER V9.60.0.0   RTD2014DDCCI                                                      04/23/2026 13:55:18 PAGE 26  

1478          //--------------------------------------------------
1479          // Description  : Reset monitor
1480          // Input Value  : None
1481          // Output Value : None
1482          //--------------------------------------------------
1483          void RTDDdcciResetAllSettings(void)
1484          {
1485   1          UserCommonNVRamRestoreSystemData();
1486   1          RTDNVRamRestoreOSDData();
1487   1      
1488   1      #if(_VGA_SUPPORT == _ON)
                  UserCommonNVRamRestoreModeUserData();
              #endif
1491   1      
1492   1          if((UserCommonNVRamGetSystemData(_SEARCH_PORT) != SysSourceGetInputPort()) ||
1493   1             (UserCommonNVRamGetSystemData(_SOURCE_SCAN_TYPE) != SysSourceGetScanType()))
1494   1          {
1495   2              UserCommonNVRamSetSystemData(_SEARCH_PORT, SysSourceGetInputPort());
1496   2              UserCommonNVRamSetSystemData(_SOURCE_SCAN_TYPE, SysSourceGetScanType());
1497   2              UserCommonNVRamSaveSystemData();
1498   2          }
1499   1      
1500   1          RTDDdcciColorReset();
1501   1      }
1502          
1503          //--------------------------------------------------
1504          // Description  : Reset color to default
1505          // Input Value  : None
1506          // Output Value : None
1507          //--------------------------------------------------
1508          void RTDDdcciColorReset(void)
1509          {
1510   1          g_ucDdcciRedBlackLevel = _DDCCI_BLACKLEVEL_DEFAULT;
1511   1          g_ucDdcciGreenBlackLevel = _DDCCI_BLACKLEVEL_DEFAULT;
1512   1          g_ucDdcciBlueBlackLevel = _DDCCI_BLACKLEVEL_DEFAULT;
1513   1      
1514   1          RTDNVRamRestoreUserColorSetting();
1515   1          RTDNVRamLoadColorSetting(GET_COLOR_TEMP_TYPE());
1516   1      
1517   1          RTDNVRamRestoreBriCon();
1518   1          RTDNVRamRestoreBacklight();
1519   1      
1520   1          UserAdjustBacklight(GET_OSD_BACKLIGHT());
1521   1      
1522   1      #if(_CONTRAST_SUPPORT == _ON)
1523   1      
1524   1      #if(_DEF_COLORFUL)
                UserAdjustContrast(GetOsdValue(_MENU_FUN_CONTRAST));
              #else
1527   1          UserAdjustContrast(GET_OSD_CONTRAST());
1528   1      #endif
1529   1      
1530   1      #endif
1531   1      
1532   1      #if(_BRIGHTNESS_SUPPORT == _ON)
1533   1          UserAdjustBrightness(GET_OSD_BRIGHTNESS());
1534   1      #endif
1535   1      }
1536          
1537          
1538          void RTDDdcciEdidProc(void)
1539          {
C51 COMPILER V9.60.0.0   RTD2014DDCCI                                                      04/23/2026 13:55:18 PAGE 27  

1540   1        BYTE udAddress = 0;
1541   1        BYTE ucFlag = 0;
1542   1      
1543   1        ucFlag = (g_pucDdcciRxBuf[4]);
1544   1        udAddress = (g_pucDdcciRxBuf[5]);
1545   1      
1546   1        switch(ucFlag)
1547   1      
1548   1        {
1549   2          case 0xff:
1550   2            if(UserCommonFlashErasePage(_EDID_FLASH_BANK, _EDID_ADDRESS_FLASH))
1551   2              RTDDdccireply(_TRUE);       
1552   2            break;
1553   2            
1554   2          case 1:       
1555   2      #if(_A0_INPUT_PORT_TYPE != _A0_NO_PORT)
              #if(_A0_EMBEDDED_DDCRAM_LOCATION == _EDID_TABLE_LOCATION_FLASH)
                    memcpy(&MCU_DDCRAM_A0[udAddress], &g_pucDdcciRxBuf[6], 8);
                    RTDDdccireply(_TRUE); 
              #elif(_A0_EMBEDDED_DDCRAM_LOCATION == _EDID_TABLE_LOCATION_SYSTEM_EEPROM)
              #elif(_A0_EMBEDDED_DDCRAM_LOCATION == _EDID_TABLE_LOCATION_USER)
              #endif
              #else
1563   2            RTDDdccireply(_FALSE);  
1564   2      #endif
1565   2            break;
1566   2      
1567   2      
1568   2          case 2:       
1569   2      #if(_D0_INPUT_PORT_TYPE != _D0_NO_PORT)
              #if(_D0_EMBEDDED_DDCRAM_LOCATION == _EDID_TABLE_LOCATION_FLASH)
                    memcpy(&MCU_DDCRAM_D0[udAddress], &g_pucDdcciRxBuf[6], 8);
                    RTDDdccireply(_TRUE);   
              #elif(_D0_EMBEDDED_DDCRAM_LOCATION == _EDID_TABLE_LOCATION_SYSTEM_EEPROM) 
              #elif(_D0_EMBEDDED_DDCRAM_LOCATION == _EDID_TABLE_LOCATION_USER)
              #endif
              #else
1577   2          RTDDdccireply(_FALSE);  
1578   2      #endif
1579   2            break;
1580   2            
1581   2      
1582   2          case 3:     
1583   2      #if(_D1_INPUT_PORT_TYPE != _D1_NO_PORT)
1584   2      #if(_D1_EMBEDDED_DDCRAM_LOCATION == _EDID_TABLE_LOCATION_FLASH)
1585   2            memcpy(&MCU_DDCRAM_D1[udAddress], &g_pucDdcciRxBuf[6], 8);
1586   2            RTDDdccireply(_TRUE);   
1587   2      #elif(_D1_EMBEDDED_DDCRAM_LOCATION == _EDID_TABLE_LOCATION_SYSTEM_EEPROM)
              #elif(_D1_EMBEDDED_DDCRAM_LOCATION == _EDID_TABLE_LOCATION_USER)
              #endif
1590   2      #else
                  RTDDdccireply(_FALSE);  
              #endif
1593   2            break;
1594   2      
1595   2          case 4:       
1596   2      #if(_D2_INPUT_PORT_TYPE != _D2_NO_PORT)
1597   2      #if(_D2_EMBEDDED_DDCRAM_LOCATION == _EDID_TABLE_LOCATION_FLASH)
                    memcpy(&MCU_DDCRAM_D2[udAddress], &g_pucDdcciRxBuf[6], 8);
                    RTDDdccireply(_TRUE);
              #elif(_D2_EMBEDDED_DDCRAM_LOCATION == _EDID_TABLE_LOCATION_SYSTEM_EEPROM)
              #elif(_D2_EMBEDDED_DDCRAM_LOCATION == _EDID_TABLE_LOCATION_USER)
C51 COMPILER V9.60.0.0   RTD2014DDCCI                                                      04/23/2026 13:55:18 PAGE 28  

              #endif
1603   2      #else
                  RTDDdccireply(_FALSE);  
              #endif
1606   2            break;
1607   2      
1608   2          case 5:     
1609   2      #if(_D3_INPUT_PORT_TYPE != _D3_NO_PORT)
              #if(_D3_EMBEDDED_DDCRAM_LOCATION == _EDID_TABLE_LOCATION_FLASH)
                    memcpy(&MCU_DDCRAM_D3[udAddress], &g_pucDdcciRxBuf[6], 8);
                    RTDDdccireply(_TRUE); 
              #elif(_D3_EMBEDDED_DDCRAM_LOCATION == _EDID_TABLE_LOCATION_SYSTEM_EEPROM)
              #elif(_D3_EMBEDDED_DDCRAM_LOCATION == _EDID_TABLE_LOCATION_USER)
              #endif
              #else
1617   2          RTDDdccireply(_FALSE);  
1618   2      #endif
1619   2            break;
1620   2      
1621   2          case 0x80:
1622   2      #if(_A0_INPUT_PORT_TYPE != _A0_NO_PORT)
              #if(_A0_EMBEDDED_DDCRAM_LOCATION == _EDID_TABLE_LOCATION_FLASH)
                    if(UserCommonFlashWrite(_EDID_FLASH_BANK,_EDID_A0_ADDRESS_FLASH, _A0_EMBEDDED_DDCRAM_MAX_SIZE, MCU_DDCR
             -AM_A0))
                    {
                      if(UserCommonFlashRead(_EDID_FLASH_BANK,_EDID_A0_ADDRESS_FLASH, _A0_EMBEDDED_DDCRAM_MAX_SIZE, MCU_DDCR
             -AM_A0))
                      {
                        if(!RTDDdcciDdcCheck(MCU_DDCRAM_A0,_A0_EMBEDDED_DDCRAM_MAX_SIZE))
                        {
                          RTDDdccireply(_FALSE);        
                          return;
                        }
                      }
                    }
                    else
                    {   
                      return;
                    }
              #elif(_A0_EMBEDDED_DDCRAM_LOCATION == _EDID_TABLE_LOCATION_SYSTEM_EEPROM)
              #elif(_A0_EMBEDDED_DDCRAM_LOCATION == _EDID_TABLE_LOCATION_USER)
              #endif
              
              #endif
1644   2      
1645   2      #if(_D0_INPUT_PORT_TYPE != _D0_NO_PORT)
              #if(_D0_INPUT_PORT_TYPE ==_D0_DVI_PORT )
                    udAddress = 128;
              #else
                    udAddress = 256;
              #endif
              #if(_D0_EMBEDDED_DDCRAM_LOCATION == _EDID_TABLE_LOCATION_FLASH)
                    if(UserCommonFlashWrite(_EDID_FLASH_BANK,_EDID_D0_ADDRESS_FLASH, _D0_EMBEDDED_DDCRAM_MAX_SIZE, MCU_DDCR
             -AM_D0))
                    {
                      if(UserCommonFlashRead(_EDID_FLASH_BANK,_EDID_D0_ADDRESS_FLASH, _D0_EMBEDDED_DDCRAM_MAX_SIZE, MCU_DDCR
             -AM_D0))
                      {
                        if(!RTDDdcciDdcCheck(MCU_DDCRAM_D0,_D0_EMBEDDED_DDCRAM_MAX_SIZE))
                        {
                          RTDDdccireply(_FALSE);        
                          return;
C51 COMPILER V9.60.0.0   RTD2014DDCCI                                                      04/23/2026 13:55:18 PAGE 29  

                        }
                      }
                    }
                    else
                    {
                      return;
                    }
              #elif(_D0_EMBEDDED_DDCRAM_LOCATION == _EDID_TABLE_LOCATION_SYSTEM_EEPROM)
              #elif(_D0_EMBEDDED_DDCRAM_LOCATION == _EDID_TABLE_LOCATION_USER)
              #endif
                    
              #endif
1672   2            
1673   2      #if(_D1_INPUT_PORT_TYPE != _D1_NO_PORT)
1674   2      #if(_D1_EMBEDDED_DDCRAM_LOCATION == _EDID_TABLE_LOCATION_FLASH)
1675   2            if(UserCommonFlashWrite(_EDID_FLASH_BANK,_EDID_D1_ADDRESS_FLASH, _D1_EMBEDDED_DDCRAM_MAX_SIZE, MCU_DDCR
             -AM_D1))
1676   2            {
1677   3              if(UserCommonFlashRead(_EDID_FLASH_BANK,_EDID_D1_ADDRESS_FLASH, _D1_EMBEDDED_DDCRAM_MAX_SIZE, MCU_DDCR
             -AM_D1))
1678   3              {
1679   4                if(!RTDDdcciDdcCheck(MCU_DDCRAM_D1,_D1_EMBEDDED_DDCRAM_MAX_SIZE))
1680   4                {
1681   5                  RTDDdccireply(_FALSE);        
1682   5                  return;
1683   5                }
1684   4              }
1685   3            }
1686   2            else 
1687   2            {
1688   3              return;
1689   3            }
1690   2      #elif(_D1_EMBEDDED_DDCRAM_LOCATION == _EDID_TABLE_LOCATION_SYSTEM_EEPROM)
              #elif(_D1_EMBEDDED_DDCRAM_LOCATION == _EDID_TABLE_LOCATION_USER)
              #endif
1693   2      #endif
1694   2                    
1695   2      
1696   2      #if(_D2_INPUT_PORT_TYPE != _D2_NO_PORT)
1697   2      #if(_D2_EMBEDDED_DDCRAM_LOCATION == _EDID_TABLE_LOCATION_FLASH)       
                    if(UserCommonFlashWrite(_EDID_FLASH_BANK,_EDID_D2_ADDRESS_FLASH, _D2_EMBEDDED_DDCRAM_MAX_SIZE, MCU_DDCR
             -AM_D2))
                    {
                      if(UserCommonFlashRead(_EDID_FLASH_BANK,_EDID_D2_ADDRESS_FLASH, _D2_EMBEDDED_DDCRAM_MAX_SIZE, MCU_DDCR
             -AM_D2))
                      {
                        if(!RTDDdcciDdcCheck(MCU_DDCRAM_D2,_D2_EMBEDDED_DDCRAM_MAX_SIZE))
                        {
                          RTDDdccireply(_FALSE);        
                          return;
                        }
                      }
                    }
                    else
                    {
                      return;
                    }
              #elif(_D2_EMBEDDED_DDCRAM_LOCATION == _EDID_TABLE_LOCATION_SYSTEM_EEPROM)
              #elif(_D2_EMBEDDED_DDCRAM_LOCATION == _EDID_TABLE_LOCATION_USER)
              #endif
1716   2            
1717   2                    
C51 COMPILER V9.60.0.0   RTD2014DDCCI                                                      04/23/2026 13:55:18 PAGE 30  

1718   2      #endif
1719   2      
1720   2      #if(_D3_INPUT_PORT_TYPE != _D3_NO_PORT)
              #if(_D3_EMBEDDED_DDCRAM_LOCATION == _EDID_TABLE_LOCATION_FLASH)
                    if(UserCommonFlashWrite(_EDID_FLASH_BANK,_EDID_D3_ADDRESS_FLASH, _D3_EMBEDDED_DDCRAM_MAX_SIZE, MCU_DDCR
             -AM_D3))
                    {
                      if(UserCommonFlashRead(_EDID_FLASH_BANK,_EDID_D3_ADDRESS_FLASH, _D3_EMBEDDED_DDCRAM_MAX_SIZE, MCU_DDCR
             -AM_D3))
                      {
                        if(!RTDDdcciDdcCheck(MCU_DDCRAM_D3,_D3_EMBEDDED_DDCRAM_MAX_SIZE))
                        {
                          RTDDdccireply(_FALSE);        
                          return;
                        } 
                      }
                    }
                    else
                    {
                      return;
                    }
              #elif(_D3_EMBEDDED_DDCRAM_LOCATION == _EDID_TABLE_LOCATION_SYSTEM_EEPROM)
              #elif(_D3_EMBEDDED_DDCRAM_LOCATION == _EDID_TABLE_LOCATION_USER)
              #endif                        
              #endif
1741   2            RTDDdccireply(_TRUE);       
1742   2      
1743   2            break;
1744   2      
1745   2          default:
1746   2            break;
1747   2      
1748   2        }
1749   1      
1750   1      }
1751          
1752          #endif // End of #if(_OSD_TYPE == _REALTEK_2014_OSD)


MODULE INFORMATION:   STATIC OVERLAYABLE
   CODE SIZE        =   2853    ----
   CONSTANT SIZE    =     19    ----
   XDATA SIZE       =      6      10
   PDATA SIZE       =   ----    ----
   DATA SIZE        =   ----    ----
   IDATA SIZE       =   ----    ----
   BIT SIZE         =      1    ----
END OF MODULE INFORMATION.


C51 COMPILATION COMPLETE.  0 WARNING(S),  0 ERROR(S)
