C51 COMPILER V9.60.0.0   RTD2014USERADJUSTUNIFORMITY                                       04/23/2026 13:55:14 PAGE 1   


C51 COMPILER V9.60.0.0, COMPILATION OF MODULE RTD2014USERADJUSTUNIFORMITY
OBJECT MODULE PLACED IN .\Output\RL6449_Project\RTD2014UserAdjustUniformity.obj
COMPILER INVOKED BY: C:\Keil_v5\C51\BIN\C51.EXE User\RTD Series\RTD2014Function\Code\RTD2014UserAdjustUniformity.c LARGE
                    - OPTIMIZE(9,SPEED) INCDIR(.\Output\RL6449_Project;.\Project\Header;.\Pcb;.\Panel;.\Kernel\Device\Header;.\Kernel\Common;
                    -.\Kernel\System\Header;.\Kernel\Scaler\ScalerFunction\Header;.\Kernel\Scaler\ScalerCommonFunction\Header;.\Kernel\Scaler
                    -\ScalerFunction\Lib\Header;.\Kernel\Scaler\ScalerCommonFunction\Lib\Header;.\Kernel\Scaler\RL6449_Series_Scaler\Header;.
                    -\Kernel\Scaler\RL6449_Series_Scaler\Lib\Header;.\Kernel\Scaler\RL6449_Series_Common\Header;.\Kernel\Scaler\RL6449_Series
                    -_Common\Lib\Header;.\Kernel\User Common Function\Header;.\User\RTD Series\RTD2014Function\Header;.\User\RTD Series\RTD20
                    -14Osd\Header;.\User\RTD Factory\Header;.\User\None Series\NoneFunction\Header;.\User\None Series\NoneOsd\Header;.\User\N
                    -one Factory\Header;.\User\RTD Factory\Code) DEFINE(_PROJECT=_RL6449_PROJECT,_SCALER_TYPE=_RL6449_SERIES) DEBUG OBJECTEXT
                    -END PRINT(.\Output\RL6449_Project\RTD2014UserAdjustUniformity.lst) TABS(2) OBJECT(.\Output\RL6449_Project\RTD2014UserAdj
                    -ustUniformity.obj)

line level    source

   1          /********************************************************************************/
   2          /*   The  Software  is  proprietary,  confidential,  and  valuable to Realtek   */
   3          /*   Semiconductor  Corporation  ("Realtek").  All  rights, including but not   */
   4          /*   limited  to  copyrights,  patents,  trademarks, trade secrets, mask work   */
   5          /*   rights, and other similar rights and interests, are reserved to Realtek.   */
   6          /*   Without  prior  written  consent  from  Realtek,  copying, reproduction,   */
   7          /*   modification,  distribution,  or  otherwise  is strictly prohibited. The   */
   8          /*   Software  shall  be  kept  strictly  in  confidence,  and  shall  not be   */
   9          /*   disclosed to or otherwise accessed by any third party.                     */
  10          /*   c<2003> - <2012>                                                           */
  11          /*   The Software is provided "AS IS" without any warranty of any kind,         */
  12          /*   express, implied, statutory or otherwise.                                  */
  13          /********************************************************************************/
  14          
  15          //----------------------------------------------------------------------------------------------------
  16          // ID Code      : RTD2014UserAdjustUniformity.c No.0000
  17          // Update Note  :
  18          //----------------------------------------------------------------------------------------------------
  19          #define __USER_ADJUST_UNIFORMITY__
  20          
  21          #include "UserCommonInclude.h"
  22          
  23          #if((_OSD_TYPE == _REALTEK_2014_OSD) && (_UNIFORMITY_SUPPORT == _ON))
              
              //****************************************************************************
              // DEFINITIONS / MACROS
              //****************************************************************************
              
              
              //****************************************************************************
              // STRUCT / TYPE / ENUM DEFINITTIONS
              //****************************************************************************
              
              
              //****************************************************************************
              // CODE TABLES
              //****************************************************************************
              
              
              //****************************************************************************
              // VARIABLE DECLARATIONS
              //****************************************************************************
              
              //****************************************************************************
              // FUNCTION DECLARATIONS
              //****************************************************************************
C51 COMPILER V9.60.0.0   RTD2014USERADJUSTUNIFORMITY                                       04/23/2026 13:55:14 PAGE 2   

              void UserAdjustPanelUniformityMode(BYTE ucUniformity);
              
              //****************************************************************************
              // FUNCTION DEFINITIONS
              //****************************************************************************
              //--------------------------------------------------
              // Description  : Auto Recognize Panel Uniformity Mode, and Load Corresponding Panel Uniformity LUT
              // Input Value  : None
              // Output Value : None
              //--------------------------------------------------
              void UserAdjustPanelUniformityMode(BYTE ucUniformity)
              {
                  EnumUniformityTypeSelect enumPanelUniformityType = 0;
                  EnumUniformityModeSelect enumPanelUniformityMode = 0;
              
                  if(GET_OSD_PCM_STATUS() == _PCM_OSD_NATIVE)
                  {
                      enumPanelUniformityMode = _UNIFORMITY_OGC_MODE;
                  }
              #if(_OCC_SUPPORT == _ON)
                  else
                  {
                      enumPanelUniformityMode = _UNIFORMITY_PCM_MODE;
                  }
              #endif
              
                  switch(ucUniformity)
                  {
                      case _UNIFORMITY_OSD_TYPE1:
                          enumPanelUniformityType = _UNIFORMITY_TYPE1;
                          break;
              
              
                      case _UNIFORMITY_OSD_TYPE2:
                          enumPanelUniformityType = _UNIFORMITY_TYPE2;
                          break;
              
              
                      case _UNIFORMITY_OSD_TYPE3:
                          enumPanelUniformityType = _UNIFORMITY_TYPE3;
                          break;
              
              
                      case _UNIFORMITY_OSD_TYPE4:
                          enumPanelUniformityType = _UNIFORMITY_TYPE4;
                          break;
              
              
                      case _UNIFORMITY_OSD_TYPE5:
                          enumPanelUniformityType = _UNIFORMITY_TYPE5;
                          break;
              
              
                      case _UNIFORMITY_OSD_TYPE6:
                          enumPanelUniformityType = _UNIFORMITY_TYPE6;
                          break;
              
              
                      default:
                          break;
                  }
              
C51 COMPILER V9.60.0.0   RTD2014USERADJUSTUNIFORMITY                                       04/23/2026 13:55:14 PAGE 3   

                  UserCommonAdjustPanelUniformity(enumPanelUniformityType, enumPanelUniformityMode);
              }
              #endif // End of #if((_OSD_TYPE == _REALTEK_2014_OSD) && (_UNIFORMITY_SUPPORT == _ON))
 112          


MODULE INFORMATION:   STATIC OVERLAYABLE
   CODE SIZE        =   ----    ----
   CONSTANT SIZE    =   ----    ----
   XDATA SIZE       =   ----    ----
   PDATA SIZE       =   ----    ----
   DATA SIZE        =   ----    ----
   IDATA SIZE       =   ----    ----
   BIT SIZE         =   ----    ----
END OF MODULE INFORMATION.


C51 COMPILATION COMPLETE.  0 WARNING(S),  0 ERROR(S)
