C51 COMPILER V9.60.0.0   SCALERCOMMONDEBUG                                                 04/23/2026 13:54:17 PAGE 1   


C51 COMPILER V9.60.0.0, COMPILATION OF MODULE SCALERCOMMONDEBUG
OBJECT MODULE PLACED IN .\Output\RL6449_Project\ScalerCommonDebug.obj
COMPILER INVOKED BY: C:\Keil_v5\C51\BIN\C51.EXE Kernel\Scaler\ScalerCommonFunction\Code\ScalerCommonDebug.c LARGE OPTIMI
                    -ZE(9,SPEED) INCDIR(.\Output\RL6449_Project;.\Project\Header;.\Pcb;.\Panel;.\Kernel\Device\Header;.\Kernel\Common;.\Kerne
                    -l\System\Header;.\Kernel\Scaler\ScalerFunction\Header;.\Kernel\Scaler\ScalerCommonFunction\Header;.\Kernel\Scaler\Scaler
                    -Function\Lib\Header;.\Kernel\Scaler\ScalerCommonFunction\Lib\Header;.\Kernel\Scaler\RL6449_Series_Scaler\Header;.\Kernel
                    -\Scaler\RL6449_Series_Scaler\Lib\Header;.\Kernel\Scaler\RL6449_Series_Common\Header;.\Kernel\Scaler\RL6449_Series_Common
                    -\Lib\Header;.\Kernel\User Common Function\Header;.\User\RTD Series\RTD2014Function\Header;.\User\RTD Series\RTD2014Osd\H
                    -eader;.\User\RTD Factory\Header;.\User\None Series\NoneFunction\Header;.\User\None Series\NoneOsd\Header;.\User\None Fac
                    -tory\Header;.\User\RTD Factory\Code) DEFINE(_PROJECT=_RL6449_PROJECT,_SCALER_TYPE=_RL6449_SERIES) DEBUG OBJECTEXTEND PRI
                    -NT(.\Output\RL6449_Project\ScalerCommonDebug.lst) TABS(2) OBJECT(.\Output\RL6449_Project\ScalerCommonDebug.obj)

line level    source

   1          /********************************************************************************/
   2          /*   Copyright (c) 2021 Realtek Semiconductor Corp. All rights reserved.        */
   3          /*                                                                              */
   4          /*   SPDX-License-Identifier: LicenseRef-Realtek-Proprietary                    */
   5          /*                                                                              */
   6          /*   This software component is confidential and proprietary to Realtek         */
   7          /*   Semiconductor Corp. Disclosure, reproduction, redistribution, in whole     */
   8          /*   or in part, of this work and its derivatives without express permission    */
   9          /*   is prohibited.                                                             */
  10          /********************************************************************************/
  11          
  12          //----------------------------------------------------------------------------------------------------
  13          // ID Code      : ScalerCommonDebug.c No.0000
  14          // Update Note  :
  15          //----------------------------------------------------------------------------------------------------
  16          
  17          #define __SCALER_COMMON_DEBUG__
  18          
  19          #include "ScalerCommonFunctionInclude.h"
  20          
  21          //****************************************************************************
  22          // DEFINITIONS / MACROS
  23          //****************************************************************************
  24          #define _DATA_OUT_COUNT                           0x05
  25          
  26          #define _SCALER_DEBUG_BUF_LEN                     0x20 // 32
  27          #define _SCALER_DEBUG_DATA_COUNT                  0x18 // 24
  28          
  29          #define _SCALER_SET_SMBUS_BLOCK_PROTOCOL_CMD      0xC8
  30          #define _SCALER_GET_CURRENT_FW_VER_CMD            0xC9
  31          #define _SCALER_DUAL_BANK_BOOT_PROC_CMD           0xCA
  32          
  33          // Scaler Command Define
  34          #define _SCALER_WRITE_REGISTERS_CMD               0xBA
  35          #define _SCALER_READ_REGISTERS_CMD                0xBB
  36          
  37          // Error code
  38          #define _SCALER_DEBUG_NO_ERROR                    0x00
  39          #define _SCALER_DEBUG_DATA_LEN_ERROR              0xE1
  40          #define _SCALER_DEBUG_CHECKSUM_ERROR              0xE2
  41          
  42          #define _SCALER_GET_CURRENT_FW_VERSION_OP_CODE    0x01
  43          #define _SCALER_GET_FW_VERSION_LOCATE_OP_CODE     0x02
  44          #define _SCALER_GET_DUAL_BANK_INFO_OP_CODE        0x09
  45          
  46          #if(_DEBUG_MESSAGE_SUPPORT == _ON)
              #warning "NOTE: DEBUG MESSAGE SUPPORT ON!!"
C51 COMPILER V9.60.0.0   SCALERCOMMONDEBUG                                                 04/23/2026 13:54:17 PAGE 2   

              #endif
  49          
  50          #if(_DEBUG_IIC_BY_USERINTERFACE == _ON)
  51          #warning "NOTE: _DEBUG_IIC_BY_USERINTERFACE ON!!"
*** WARNING C320 IN LINE 51 OF Kernel\Scaler\ScalerCommonFunction\Code\ScalerCommonDebug.c: "NOTE: _DEBUG_IIC_BY_USERINT
             -ERFACE ON!!"
  52          #endif
  53          
  54          //****************************************************************************
  55          // STRUCT / TYPE / ENUM DEFINITTIONS
  56          //****************************************************************************
  57          
  58          
  59          //****************************************************************************
  60          // CODE TABLES
  61          //****************************************************************************
  62          
  63          //****************************************************************************
  64          // VARIABLE DECLARATIONS
  65          //****************************************************************************
  66          bit g_bRunCommand = _FALSE;
  67          BYTE g_pucDdcciData[_SCALER_DEBUG_BUF_LEN];
  68          BYTE g_ucDdcciCommandNumber;
  69          EnumDDCCIDebugMode g_enumDDCCIDebugMode = _DEBUG_MODE;
  70          
  71          #if(_DEBUG_MESSAGE_SUPPORT == _ON)
              bit g_bDebugMessageEven = _FALSE;
              WORD g_usFilterPro;
              bit g_bFwHalt = _FALSE;
              bit g_bDebugMessageStart = _FALSE;
              BYTE idata g_pucDebugMessageBUF[4];
              #endif // End of #if(_DEBUG_MESSAGE_SUPPORT == _ON)
  78          
  79          #if(_DUAL_BANK_DEBUG_SUPPORT == _ON)
              StructDualBankBootDebug g_stDualBankDebug;
              bit g_bDdcciSwitchState = _FALSE;
              #endif
  83          
  84          #if(_SMBUS_BLOCK_READ_WRITE_COMMAND_SUPPORT == _ON)
              StructSmbusBlockRWCmd g_stSmbusBlockRWCmd;
              #endif
  87          
  88          
  89          //****************************************************************************
  90          // FUNCTION DECLARATIONS
  91          //****************************************************************************
  92          void ScalerDebugSelectDDCCIDebugMode(EnumDDCCIDebugMode enumMode);
  93          EnumDDCCIDebugMode ScalerDebugGetDDCCIDebugMode(void);
  94          
  95          #if(_DEBUG_MESSAGE_SUPPORT == _ON)
              void ScalerDebugMessage(BYTE *pucArray1, DWORD ulArray2);
              bit ScalerDebugCheckDebugPort(BYTE ucInputPort);
              #endif // End of #if(_DEBUG_MESSAGE_SUPPORT == _ON)
  99          
 100          void ScalerDebugIntProc_EXINT1(void);
 101          void ScalerDebug(void);
 102          
 103          #if(_DUAL_BANK_DEBUG_SUPPORT == _ON)
              #if(_DEBUG_MESSAGE_SUPPORT == _OFF)
              BYTE ScalerDebugGetDdcciSwitchState_EXINT1(void);
              #endif
              BYTE ScalerDebugGetDdcciSwitchState(void);
C51 COMPILER V9.60.0.0   SCALERCOMMONDEBUG                                                 04/23/2026 13:54:17 PAGE 3   

              void ScalerDebugSetDdcciSwitchState(void);
              void ScalerDebugDualBankSetDebugInfo(BYTE ucRevCmd, BYTE ucOpCode, BYTE ucSubOpCode);
              BYTE ScalerDebugDualBankGetDebugInfo(BYTE *pucOpCode, BYTE *pucSubOpCode);
              #endif
 112          void ScalerDebugSendData(BYTE ucLen, BYTE *pucSendArray);
 113          void ScalerDebugGetRegisters(void);
 114          void ScalerDebugSetRegisters(void);
 115          void ScalerDebugGetCurrentFwInfo(void);
 116          void ScalerDebugDualBankHandler(BYTE ucSubCode);
 117          
 118          
 119          #if(_SMBUS_BLOCK_READ_WRITE_COMMAND_SUPPORT == _ON)
              void ScalerDebugSetSmbusBlockProtocolCommandEnable(void);
              #endif
 122          #if(_DUAL_BANK_BUNDLE_VERSION_SUPPORT == _ON)
              EnumISPBundleVerResult ScalerDebugUpdateBundleVersion(void);
              #endif
 125          
 126          #if(_ISP_FW_CHECK_PROJECT_ID_SUPPORT == _ON)
              void ScalerDebugFwCheck(BYTE *pucCmdArry);
              #endif
 129          //****************************************************************************
 130          // FUNCTION DEFINITIONS
 131          //****************************************************************************
 132          //--------------------------------------------------
 133          // Description  : DDC-CI or Debug mode Select
 134          // Input Value  : enumMode --> _DEBUG_MODE / _DDCCI_MODE
 135          // Output Value : None
 136          //--------------------------------------------------
 137          void ScalerDebugSelectDDCCIDebugMode(EnumDDCCIDebugMode enumMode)
 138          {
 139   1          g_enumDDCCIDebugMode = enumMode;
 140   1      }
 141          
 142          //--------------------------------------------------
 143          // Description  : Get DDC-CI or Debug mode
 144          // Input Value  : None
 145          // Output Value : enumMode --> _DEBUG_MODE / _DDCCI_MODE
 146          //--------------------------------------------------
 147          EnumDDCCIDebugMode ScalerDebugGetDDCCIDebugMode(void)
 148          {
 149   1          return g_enumDDCCIDebugMode;
 150   1      }
 151          
 152          #if(_DEBUG_MESSAGE_SUPPORT == _ON)
              //--------------------------------------------------
              // Description  : Debug Message process
              // Input Value  : None
              // Output Value : None
              //--------------------------------------------------
              void ScalerDebugMessage(BYTE *pucArray1, DWORD ulArray2)
              {
                  BYTE ucCnt = 0;
                  BYTE ucLength = 0;
                  BYTE ucCheckSum = 0;
                  BYTE ucIndex = 0;
              
                  if(g_pucDdcciData[0] == 0x55)
                  {
                      g_bDebugMessageEven = _TRUE;
                  }
              
C51 COMPILER V9.60.0.0   SCALERCOMMONDEBUG                                                 04/23/2026 13:54:17 PAGE 4   

                  if(g_bDebugMessageEven == _FALSE)
                  {
                      return;
                  }
              
                  if(*pucArray1 == 0)
                  {
                      return;
                  }
              
                  if((g_usFilterPro & 0xF800) == 0xC800)
                  {
                      if((pucArray1[0] >= '0') && (pucArray1[0] <= '9'))
                      {
                          if((g_usFilterPro & (1 << (pucArray1[0] - '0'))) == 0)
                          {
                              return;
                          }
                      }
                      else
                      {
                          if((g_usFilterPro & (_BIT2 << 8)) == 0)
                          {
                              return;
                          }
                      }
                  }
              
                  g_bDebugMessageStart = 0;
                  g_bFwHalt = 1;
              
                  for(ucCheckSum = 0; ucCheckSum < 4; ucCheckSum++)
                  {
                      g_pucDebugMessageBUF[ucCheckSum] = 0;
                  }
              
                  do
                  {
                      if(g_bRunCommand == _TRUE)
                      {
                          MCU_FF2A_IIC_IRQ_CONTROL2 |= 0x20;
                          ucCnt = 0;
              
                          switch(g_pucDdcciData[0])
                          {
                              case 0x20: // Handshake Setting
                              case 0x55:
              
                                  if(g_pucDdcciData[1] == 0x5A)
                                  {
                                      do
                                      {
                                          MCU_FF2A_IIC_IRQ_CONTROL2 |= 0x40;
                                          MCU_FF26_IIC_DATA_OUT = 0xE7;
                                      }
                                      while(((MCU_FF35_DDCCI_REMAIN_DATA & 0x1F) != 0x01) && ((ucCnt++) < _DATA_OUT_COUN
             -T));
                                  }
                                  else if(g_pucDdcciData[1] == 0xA5)
                                  {
                                      do
                                      {
C51 COMPILER V9.60.0.0   SCALERCOMMONDEBUG                                                 04/23/2026 13:54:17 PAGE 5   

                                          MCU_FF2A_IIC_IRQ_CONTROL2 |= 0x40;
                                          MCU_FF26_IIC_DATA_OUT = 0xEC;
                                      }
                                      while(((MCU_FF35_DDCCI_REMAIN_DATA & 0x1F) != 0x01) && ((ucCnt++) < _DATA_OUT_COUN
             -T));
                                  }
                                  else
                                  {
                                      do
                                      {
                                          MCU_FF2A_IIC_IRQ_CONTROL2 |= 0x40;
                                          MCU_FF26_IIC_DATA_OUT = 0xF1;
                                      }
                                      while(((MCU_FF35_DDCCI_REMAIN_DATA & 0x1F) != 0x01) && ((ucCnt++) < _DATA_OUT_COUN
             -T));
                                  }
              
                                  break;
              
                              case 0x25: // Debug Message Start
              
                                  if(g_pucDdcciData[1] == 0)
                                  {
                                      do
                                      {
                                          MCU_FF2A_IIC_IRQ_CONTROL2 |= 0x40;
                                          ucLength = 0; // Total Length
                                          ucIndex = 0;
                                          ucCheckSum = 0x00; // Initial checksum
              
                                          do
                                          {
                                              ucCheckSum += pucArray1[ucLength];
                                          }
                                          while((pucArray1[ucLength++] != 0) && (ucLength < 240)); // To count the lengt
             -h of pArray1 and checksum
              
                                          g_pucDebugMessageBUF[0] = (BYTE)(ulArray2 >> 24);
                                          g_pucDebugMessageBUF[1] = (BYTE)(ulArray2 >> 16);
                                          g_pucDebugMessageBUF[2] = (BYTE)(ulArray2 >> 8);
                                          g_pucDebugMessageBUF[3] = (BYTE)(ulArray2);
                                          ucLength = ucLength - 1;
              
                                          MCU_FF26_IIC_DATA_OUT = 0xFA;
                                          MCU_FF26_IIC_DATA_OUT = 0xF5;
                                          MCU_FF26_IIC_DATA_OUT = ucLength;
                                          MCU_FF26_IIC_DATA_OUT = g_pucDebugMessageBUF[0];
                                          MCU_FF26_IIC_DATA_OUT = g_pucDebugMessageBUF[1];
                                          MCU_FF26_IIC_DATA_OUT = g_pucDebugMessageBUF[2];
                                          MCU_FF26_IIC_DATA_OUT = g_pucDebugMessageBUF[3];
              
                                          ucIndex = ucCheckSum;
                                          ucCheckSum = 0x0F;
                                          ucCheckSum = ucCheckSum + ucLength + g_pucDebugMessageBUF[0] + g_pucDebugMessa
             -geBUF[1] + g_pucDebugMessageBUF[2] + g_pucDebugMessageBUF[3];
              
                                          g_pucDebugMessageBUF[0] = ucCheckSum + ucIndex; // Save checksum for all strin
             -g and data
                                          MCU_FF26_IIC_DATA_OUT = g_pucDebugMessageBUF[0]; // Checksum for all string an
             -d data
                                          MCU_FF26_IIC_DATA_OUT = ucCheckSum + g_pucDebugMessageBUF[0];
                                      }
C51 COMPILER V9.60.0.0   SCALERCOMMONDEBUG                                                 04/23/2026 13:54:17 PAGE 6   

                                      while(((MCU_FF35_DDCCI_REMAIN_DATA & 0x1F) != 0x09) && ((ucCnt++) < _DATA_OUT_COUN
             -T));
                                  }
                                  else
                                  {
                                      do
                                      {
                                          MCU_FF2A_IIC_IRQ_CONTROL2 |= 0x40;
                                          ucIndex = (g_pucDdcciData[1] - 1) * 15;
                                          ucCheckSum = g_pucDdcciData[1] + 0x0F;
                                          g_pucDebugMessageBUF[0] = 1;
              
                                          do
                                          {
                                              MCU_FF26_IIC_DATA_OUT = pucArray1[ucIndex];
                                              ucCheckSum += pucArray1[ucIndex];
                                              ucIndex++;
                                              g_pucDebugMessageBUF[0] = g_pucDebugMessageBUF[0] + 1;
                                          }
                                          while((ucIndex < (g_pucDdcciData[1] * 15)) && (pucArray1[ucIndex] != 0));
              
                                          MCU_FF26_IIC_DATA_OUT = ucCheckSum;
                                      }
                                      while(((MCU_FF35_DDCCI_REMAIN_DATA & 0x1F) != g_pucDebugMessageBUF[0]) && ((ucCnt+
             -+) < _DATA_OUT_COUNT));
                                      g_bDebugMessageStart = 1;
                                  }
              
                                  break;
              
                              case 0x2A: // Debug Message End
              
                                  if(g_bDebugMessageStart == _TRUE)
                                  {
                                      g_bDebugMessageStart = 0; // Debug Message End
                                      g_bFwHalt = 0;
                                      do
                                      {
                                          MCU_FF2A_IIC_IRQ_CONTROL2 |= 0x40;
                                          MCU_FF26_IIC_DATA_OUT = 0xF7;
                                      }
                                      while(((MCU_FF35_DDCCI_REMAIN_DATA & 0x1F) != 0x01) && ((ucCnt++) < _DATA_OUT_COUN
             -T));
                                  }
              
                                  break;
              
                              case 0x2F: // Debug Message Event finsih
              
                                  do
                                  {
                                      MCU_FF2A_IIC_IRQ_CONTROL2 |= 0x40;
                                      MCU_FF26_IIC_DATA_OUT = 0xF5;
                                  }
                                  while(((MCU_FF35_DDCCI_REMAIN_DATA & 0x1F) != 0x01) && ((ucCnt++) < _DATA_OUT_COUNT));
              
                                  g_bDebugMessageEven = 0;
                                  g_bFwHalt = 0;
                                  MCU_FF2A_IIC_IRQ_CONTROL2 &= 0xBF;
                                  break;
              
                              default:
C51 COMPILER V9.60.0.0   SCALERCOMMONDEBUG                                                 04/23/2026 13:54:17 PAGE 7   

                                  break;
                          }
              
                          g_bRunCommand = 0;
                          g_ucDdcciCommandNumber = 0;
              
                          MCU_FF2A_IIC_IRQ_CONTROL2 &= 0xDF;
              
                          // Delay Time us [30,x] Avoid MCU Clock too fast lead to Tool Communication Fail.
                          DELAY_30US();
              
              // Release SCL Pin
              #if(_DEBUG_DDC_CHANNEL_SEL == _DDC5)
                          MCU_FE81_DDC5_DDC_CONTROL_2 &= ~_BIT0;
              #elif(_DEBUG_DDC_CHANNEL_SEL == _DDC4)
                          MCU_FE78_DDC4_DDC_CONTROL_2 &= ~_BIT0;
              #elif(_DEBUG_DDC_CHANNEL_SEL == _DDC3)
                          MCU_FE6F_DDC3_DDC_CONTROL_2 &= ~_BIT0;
              #elif(_DEBUG_DDC_CHANNEL_SEL == _DDC2)
                          MCU_FE66_DDC2_DDC_CONTROL_2 &= ~_BIT0;
              #elif(_DEBUG_DDC_CHANNEL_SEL == _DDC1)
                          MCU_FF2E_DDC1_DDC_CONTROL_2 &= ~_BIT0;
              #elif(_DEBUG_DDC_CHANNEL_SEL == _DDC0)
                          MCU_FF20_DDC0_DDC_CONTROL_2 &= ~_BIT0;
              #elif((_DEBUG_DDC_CHANNEL_SEL == _VGA_DDC) || (_DEBUG_DDC_CHANNEL_SEL == _VGA_DDC2))
                          CLR_VGADDC_SCL_FORCE_LOW();
              #endif
                      }
                  }
                  while(g_bFwHalt != 0);
              
                  g_bDebugMessageStart = 0;
                  g_bFwHalt = 0;
              }
              
              //--------------------------------------------------
              // Description  : Check Ddc For Debug
              // Input Value  : Input Port
              // Output Value : None
              //--------------------------------------------------
              bit ScalerDebugCheckDebugPort(BYTE ucInputPort)
              {
                  switch(ucInputPort)
                  {
              #if(((_D0_TMDS_SUPPORT == _ON) || (_D0_INPUT_PORT_TYPE == _D0_DP_PORT)) && (_DEBUG_DDC_CHANNEL_SEL == _DDC
             -0))
                      case _D0_INPUT_PORT:
              
                          return _TRUE;
              #endif
              
              #if(((_D1_TMDS_SUPPORT == _ON) || (_D1_INPUT_PORT_TYPE == _D1_DP_PORT)) && (_DEBUG_DDC_CHANNEL_SEL == _DDC
             -1))
                      case _D1_INPUT_PORT:
              
                          return _TRUE;
              #endif
              
              #if(((_D2_TMDS_SUPPORT == _ON) || (_D2_INPUT_PORT_TYPE == _D2_DP_PORT)) && (_DEBUG_DDC_CHANNEL_SEL == _DDC
             -2))
                      case _D2_INPUT_PORT:
              
C51 COMPILER V9.60.0.0   SCALERCOMMONDEBUG                                                 04/23/2026 13:54:17 PAGE 8   

                          return _TRUE;
              #endif
              
              #if((_D3_TMDS_SUPPORT == _ON) && (_DEBUG_DDC_CHANNEL_SEL == _DDC3))
                      case _D3_INPUT_PORT:
              
                          return _TRUE;
              #endif
              
              #if((_D4_TMDS_SUPPORT == _ON) && (_DEBUG_DDC_CHANNEL_SEL == _DDC4))
                      case _D4_INPUT_PORT:
              
                          return _TRUE;
              #endif
              
              #if((_D5_TMDS_SUPPORT == _ON) && (_DEBUG_DDC_CHANNEL_SEL == _DDC5))
                      case _D5_INPUT_PORT:
              
                          return _TRUE;
              #endif
                      default:
              
                          return _FALSE;
                  }
              }
              #endif // End of #if(_DEBUG_MESSAGE_SUPPORT == _ON)
 431          
 432          //--------------------------------------------------
 433          // Description  :
 434          // Input Value  :
 435          // Output Value :
 436          //--------------------------------------------------
 437          void ScalerDebugIntProc_EXINT1(void) using 2
 438          {
 439   1          BYTE ucTempBuf = 0;
 440   1      
 441   1          MCU_FF29_IIC_STATUS2 &= 0xCF;
 442   1      
 443   1          if(g_bRunCommand == _FALSE)
 444   1          {
 445   2              ucTempBuf = MCU_FF27_IIC_STATUS;
 446   2      
 447   2              if((ucTempBuf & 0x02) != 0x00)
 448   2              {
 449   3                  // Clear SUB_I Flag
 450   3                  MCU_FF27_IIC_STATUS = 0xBD;
 451   3      
 452   3                  g_ucDdcciCommandNumber = 0;
 453   3                  g_pucDdcciData[0] = MCU_FF24_IIC_SUB_IN;
 454   3      
 455   3                  // Host write Enable
 456   3                  MCU_FF2A_IIC_IRQ_CONTROL2 &= 0xDF;
 457   3              }
 458   2      
 459   2              if((ucTempBuf & 0x04) != 0x00)
 460   2              {
 461   3                  while((MCU_FF29_IIC_STATUS2 & _BIT1) == 0)
 462   3                  {
 463   4      #if(_SMBUS_BLOCK_READ_WRITE_COMMAND_SUPPORT == _ON)
                              // For  SMBUS block read/write Protocol has byte count issue.
                              // Ingore Byte Count.
                              if((g_ucDdcciCommandNumber == 0) && (g_stSmbusBlockRWCmd.b1SmbusEnable == _TRUE) && (g_stS
C51 COMPILER V9.60.0.0   SCALERCOMMONDEBUG                                                 04/23/2026 13:54:17 PAGE 9   

             -mbusBlockRWCmd.b1FilterFlag == _FALSE))
                              {
                                  g_pucDdcciData[1] = MCU_FF25_IIC_DATA_IN;
                                  g_stSmbusBlockRWCmd.b1FilterFlag = _TRUE;
                                  continue;
                              }
              #endif
 473   4                      // Avoid buffer overflow
 474   4                      if((g_ucDdcciCommandNumber + 1) < sizeof(g_pucDdcciData))
 475   4                      {
 476   5                          g_ucDdcciCommandNumber++;
 477   5                      }
 478   4                      else
 479   4                      {
 480   5                          // Reset data buffer
 481   5                          MCU_FF2A_IIC_IRQ_CONTROL2 |= _BIT6;
 482   5      
 483   5                          g_ucDdcciCommandNumber = 0;
 484   5      
 485   5                          break;
 486   5                      }
 487   4      
 488   4                      g_pucDdcciData[g_ucDdcciCommandNumber] = MCU_FF25_IIC_DATA_IN;
 489   4                  }
 490   3      
 491   3                  // Clear D_IN_I Flag
 492   3                  MCU_FF27_IIC_STATUS = 0xBB;
 493   3              }
 494   2      
 495   2              if((ucTempBuf & _BIT4) == _BIT4)
 496   2              {
 497   3                  MCU_FF27_IIC_STATUS = 0xAF;
 498   3      
 499   3                  if(g_ucDdcciCommandNumber > 0)
 500   3                  {
 501   4      // Hold Scl Pin
 502   4      #if(_DEBUG_DDC_CHANNEL_SEL == _DDC5)
                              MCU_FE81_DDC5_DDC_CONTROL_2 |= _BIT0;
              #elif(_DEBUG_DDC_CHANNEL_SEL == _DDC4)
                              MCU_FE78_DDC4_DDC_CONTROL_2 |= _BIT0;
              #elif(_DEBUG_DDC_CHANNEL_SEL == _DDC3)
                              MCU_FE6F_DDC3_DDC_CONTROL_2 |= _BIT0;
              #elif(_DEBUG_DDC_CHANNEL_SEL == _DDC2)
 509   4                      MCU_FE66_DDC2_DDC_CONTROL_2 |= _BIT0;
 510   4      #elif(_DEBUG_DDC_CHANNEL_SEL == _DDC1)
                              MCU_FF2E_DDC1_DDC_CONTROL_2 |= _BIT0;
              #elif(_DEBUG_DDC_CHANNEL_SEL == _DDC0)
                              MCU_FF20_DDC0_DDC_CONTROL_2 |= _BIT0;
              #elif((_DEBUG_DDC_CHANNEL_SEL == _VGA_DDC) || (_DEBUG_DDC_CHANNEL_SEL == _VGA_DDC2))
                              SET_VGADDC_SCL_FORCE_LOW();
              #endif
 517   4      
 518   4      #if(_DEBUG_MESSAGE_SUPPORT == _ON)
              
                              if(g_pucDdcciData[0] == 0x55)
                              {
                                  if(g_pucDdcciData[1] == 0x00)
                                  {
                                      g_usFilterPro = 0;
                                  }
                                  else
                                  {
C51 COMPILER V9.60.0.0   SCALERCOMMONDEBUG                                                 04/23/2026 13:54:17 PAGE 10  

                                      g_usFilterPro = ((g_pucDdcciData[1] << 8) + g_pucDdcciData[2]);
                                  }
                              }
              
                              if((g_pucDdcciData[0] == 0x2F) && (g_bDebugMessageEven == _TRUE))
                              {
                                  g_bDebugMessageEven = _FALSE;
                                  g_bFwHalt = _FALSE;
                              }
                              else if((g_pucDdcciData[0] == 0x55) && (g_bDebugMessageEven != _TRUE))
                              {
                                  g_bDebugMessageEven = _TRUE;
                              }
              #endif
 542   4      
 543   4                      MCU_FF2A_IIC_IRQ_CONTROL2 |= 0x20;
 544   4                      g_bRunCommand = _TRUE;
 545   4      #if(_SMBUS_BLOCK_READ_WRITE_COMMAND_SUPPORT == _ON)
                              g_stSmbusBlockRWCmd.b1FilterFlag = _FALSE;
                              if(g_stSmbusBlockRWCmd.b1SmbusEnable == _TRUE)
                              {
                                  ScalerTimerCancelTimerEvent_EXINT1(_SCALER_TIMER_EVENT_SMBUS_BLOCK_READ_WRITE);
                              }
              #endif
 552   4                  }
 553   3              }
 554   2          }
 555   1          else
 556   1          {
 557   2              if((MCU_FF27_IIC_STATUS & _BIT1) == _BIT1)
 558   2              {
 559   3                  // Clear SUB_I Flag
 560   3                  MCU_FF27_IIC_STATUS &= ~_BIT1;
 561   3              }
 562   2      
 563   2              if((MCU_FF27_IIC_STATUS & _BIT2) == _BIT2)
 564   2              {
 565   3                  // Clear DATA_I Flag
 566   3                  ucTempBuf = MCU_FF25_IIC_DATA_IN;
 567   3              }
 568   2      
 569   2              if((MCU_FF27_IIC_STATUS & _BIT4) == _BIT4)
 570   2              {
 571   3                  // Clear STOP_I Flag
 572   3                  MCU_FF27_IIC_STATUS &= ~_BIT4;
 573   3              }
 574   2          }
 575   1      }
 576          
 577          //--------------------------------------------------
 578          // Description  : IC Debug Process
 579          // Input Value  : None
 580          // Output Value : None
 581          //--------------------------------------------------
 582          void ScalerDebug(void)
 583          {
 584   1          BYTE ucHalt = 0;
 585   1          BYTE ucCnt = 0;
 586   1          BYTE ucResult = 0;
 587   1          WORD usAddress = 0;
 588   1      
 589   1          if(g_enumDDCCIDebugMode == _DEBUG_MODE)
C51 COMPILER V9.60.0.0   SCALERCOMMONDEBUG                                                 04/23/2026 13:54:17 PAGE 11  

 590   1          {
 591   2              do
 592   2              {
 593   3                  if(g_bRunCommand == _TRUE)
 594   3                  {
 595   4                      ucCnt = 0;
 596   4      
 597   4                      switch(g_pucDdcciData[0])
 598   4                      {
 599   5                          case 0x80:
 600   5                              ucHalt = g_pucDdcciData[1];
 601   5                              break;
 602   5      
 603   5                          case 0x41:
 604   5                              MCU_FF2A_IIC_IRQ_CONTROL2 |= 0x20;
 605   5      
 606   5                              // CScalerRead
 607   5                              MCU_FFF3_SCA_INF_CONTROL |= 0x20;
 608   5                              MCU_FFF4_SCA_INF_ADDR = g_pucDdcciData[1];
 609   5                              ucResult = MCU_FFF5_SCA_INF_DATA;
 610   5      
 611   5                              do
 612   5                              {
 613   6                                  MCU_FF2A_IIC_IRQ_CONTROL2 |= 0x40;
 614   6                                  MCU_FF26_IIC_DATA_OUT = ucResult;
 615   6                              }
 616   5                              while(((MCU_FF35_DDCCI_REMAIN_DATA & 0x1F) != 0x01) && ((ucCnt++) < _DATA_OUT_COUN
             -T));
 617   5      
 618   5                              break;
 619   5      
 620   5                          case 0x44:
 621   5                              MCU_FF2A_IIC_IRQ_CONTROL2 |= 0x20;
 622   5      
 623   5      #if(_DEBUG_IIC_BY_USERINTERFACE == _ON)
 624   5                              if(UserInterfaceDebugIIC(_READ, g_pucDdcciData, &ucResult) == _FALSE)
 625   5      #endif
 626   5                              {
 627   6      #if(_PCB_SYS_EEPROM_IIC == _SW_IIC_PIN_GPIO)
              
                                          SET_SW_IIC_STATUS(_IIC_SYS_EEPROM);
              
              #if(_EEPROM_TYPE == _EEPROM_24LC16)
                                          ScalerMcuIICRead(g_pucDdcciData[2], 1, g_pucDdcciData[1], 1, &ucResult);
              #elif(_EEPROM_TYPE == _EEPROM_24WC64)
                                          ScalerMcuIICRead(g_pucDdcciData[2], 2, ((g_pucDdcciData[4] << 8) & 0xFF00) + (
             -((WORD)g_pucDdcciData[1]) & 0x00FF), 1, &ucResult);
              #endif
              
              #elif(_PCB_SYS_EEPROM_IIC != _NO_IIC_PIN) // Else of #if(_PCB_SYS_EEPROM_IIC == _SW_IIC_PIN_GPIO)
 638   6      
 639   6      #if(_EEPROM_TYPE == _EEPROM_24LC16)
 640   6                                  ScalerMcuHwIICRead(g_pucDdcciData[2], 1, g_pucDdcciData[1], 1, &ucResult, _PCB
             -_SYS_EEPROM_IIC);
 641   6      #elif(_EEPROM_TYPE == _EEPROM_24WC64)
                                          ScalerMcuHwIICRead(g_pucDdcciData[2], 2, ((g_pucDdcciData[4] << 8) & 0xFF00) +
             - (((WORD)g_pucDdcciData[1]) & 0x00FF), 1, &ucResult, _PCB_SYS_EEPROM_IIC);
              #endif
 644   6      
 645   6      #endif  // End of #if(_PCB_SYS_EEPROM_IIC == _SW_IIC_PIN_GPIO)
 646   6                              }
 647   5      
C51 COMPILER V9.60.0.0   SCALERCOMMONDEBUG                                                 04/23/2026 13:54:17 PAGE 12  

 648   5                              do
 649   5                              {
 650   6                                  MCU_FF2A_IIC_IRQ_CONTROL2 |= 0x40;
 651   6                                  MCU_FF26_IIC_DATA_OUT = ucResult;
 652   6                              }
 653   5                              while(((MCU_FF35_DDCCI_REMAIN_DATA & 0x1F) != 0x01) && ((ucCnt++) < _DATA_OUT_COUN
             -T));
 654   5      
 655   5                              break;
 656   5      
 657   5                          case 0x45:
 658   5                              MCU_FF2A_IIC_IRQ_CONTROL2 |= 0x20;
 659   5      
 660   5      #if((_PCB_SYS_EEPROM_IIC != _NO_IIC_PIN) && (_PCB_SYS_EEPROM_IIC != _SW_IIC_PIN_GPIO))
 661   5      
 662   5      #if(_EEPROM_TYPE == _EEPROM_24LC16)
 663   5                              ScalerMcuHwIICRead(g_pucDdcciData[2], 1, g_pucDdcciData[1], 1, &ucResult, _NO_IIC_
             -PIN);
 664   5      #elif(_EEPROM_TYPE == _EEPROM_24WC64)
                                      ScalerMcuHwIICRead(g_pucDdcciData[2], 2, ((g_pucDdcciData[4] << 8) & 0xFF00) + (((
             -WORD)g_pucDdcciData[1]) & 0x00FF), 1, &ucResult, _NO_IIC_PIN);
              #endif
 667   5      
 668   5      #endif // End of #if(_PCB_SYS_EEPROM_IIC != _NO_IIC_PIN) && (_PCB_SYS_EEPROM_IIC != _SW_IIC_PIN_GPIO)
 669   5      
 670   5                              do
 671   5                              {
 672   6                                  MCU_FF2A_IIC_IRQ_CONTROL2 |= 0x40;
 673   6                                  MCU_FF26_IIC_DATA_OUT = ucResult;
 674   6                              }
 675   5                              while(((MCU_FF35_DDCCI_REMAIN_DATA & 0x1F) != 0x01) && ((ucCnt++) < _DATA_OUT_COUN
             -T));
 676   5      
 677   5                              break;
 678   5      
 679   5      #if(_DEBUG_MESSAGE_SUPPORT == _ON)
                                  case 0x2F: // Debug Message Event finsih
                                      MCU_FF2A_IIC_IRQ_CONTROL2 |= 0x20;
              
                                      do
                                      {
                                          MCU_FF2A_IIC_IRQ_CONTROL2 |= 0x40;
                                          MCU_FF2A_IIC_IRQ_CONTROL2 &= 0xBF; // Reset IIC Data Buffer
                                          MCU_FF26_IIC_DATA_OUT = 0xF5;
                                      }
                                      while(((MCU_FF35_DDCCI_REMAIN_DATA & 0x1F) != 0x01) && ((ucCnt++) < _DATA_OUT_COUN
             -T));
              
                                      MCU_FF2A_IIC_IRQ_CONTROL2 &= 0xDF;
                                      g_bDebugMessageStart = 0;
                                      g_bFwHalt = _FALSE;
                                      g_bDebugMessageEven = 0;
                                      break;
              #endif // End of #if(_DEBUG_MESSAGE_SUPPORT == _ON)
 697   5      
 698   5                          case 0x3A:
 699   5                              // Read flash(if the address is max than 0xFF00, read mcu register)
 700   5                              MCU_FF26_IIC_DATA_OUT = ScalerGetByte((g_pucDdcciData[2] << 8) + g_pucDdcciData[1]
             -);
 701   5                              break;
 702   5      
 703   5                          case 0x3B:
C51 COMPILER V9.60.0.0   SCALERCOMMONDEBUG                                                 04/23/2026 13:54:17 PAGE 13  

 704   5                              // Write flash(if the address is max than 0xFF00, write mcu register)
 705   5                              ScalerSetByte((g_pucDdcciData[2] << 8) + g_pucDdcciData[1], g_pucDdcciData[3]);
 706   5                              break;
 707   5      
 708   5      #if(_DUAL_BANK_DEBUG_SUPPORT == _ON)
                                  case 0x71:
                                      // Switch DDCCI to DDCCI Mode, No Matter Which Port as Auto-Switch
                                      ScalerMcuDdcciSwitchPort(_DDCCI_MODE, _A0_INPUT_PORT);
                                      break;
              #endif
 714   5      
 715   5                          case _SCALER_DUAL_BANK_BOOT_PROC_CMD:
 716   5                              ScalerDebugDualBankHandler(g_pucDdcciData[1]);
 717   5                              break;
 718   5                          case _SCALER_READ_REGISTERS_CMD:
 719   5                              ScalerDebugGetRegisters();
 720   5                              break;
 721   5      
 722   5                          case _SCALER_WRITE_REGISTERS_CMD:
 723   5                              ScalerDebugSetRegisters();
 724   5                              break;
 725   5      #if(_CUSTOMER_FW_VERSION_SUPPORT == _ON)
                                  case _SCALER_GET_CURRENT_FW_VER_CMD:
                                      ScalerDebugGetCurrentFwInfo();
                                      break;
              #endif
 730   5      
 731   5      #if(_SMBUS_BLOCK_READ_WRITE_COMMAND_SUPPORT == _ON)
                                  case _SCALER_SET_SMBUS_BLOCK_PROTOCOL_CMD:
                                      ScalerDebugSetSmbusBlockProtocolCommandEnable();
                                      break;
              #endif
 736   5      
 737   5      #if(_ISP_FW_CHECK_PROJECT_ID_SUPPORT == _ON)
                                  case _SCALER_FW_CHECK_CMD:
                                      ScalerDebugFwCheck(&g_pucDdcciData[1]);
                                      break;
              #endif
 742   5      
 743   5      #if(_FW_UPDATE_PROCESS_SUPPORT == _ON)
                                  case _SCALER_FW_UPDATE_CMD:
                                      if(((_FW_UPDATE_BACKGROUND_SUPPORT == _ON) && (g_pucDdcciData[1] == _FW_UPDATE_BAC
             -KGROUND_SUB_OP_CODE)) ||
                                         ((_FW_UPDATE_FOREGROUND_SUPPORT == _ON) && (g_pucDdcciData[1] == _FW_UPDATE_FOR
             -EGROUND_SUB_OP_CODE)))
                                      {
                                          ScalerFwUpdateSwitchState(_DEBUG_MODE, g_pucDdcciData[1]);
                                      }
                                      break;
              #endif
 752   5                          default:
 753   5                              switch(g_pucDdcciData[0] & 0x0F) // Write command
 754   5                              {
 755   6                                  case 0x00:
 756   6      
 757   6                                      // ScalerSetByte(g_pucDdcciData[2], g_pucDdcciData[1]);
 758   6                                      // MCU_FFF3_SCA_INF_CONTROL |= 0x20;
 759   6                                      // MCU_FFF4_SCA_INF_ADDR = g_pucDdcciData[2];
 760   6                                      // MCU_FFF5_SCA_INF_DATA = g_pucDdcciData[1];
 761   6      
 762   6                                      MCU_FFF3_SCA_INF_CONTROL |= 0x20;
 763   6                                      MCU_FFF4_SCA_INF_ADDR = 0x9F;
C51 COMPILER V9.60.0.0   SCALERCOMMONDEBUG                                                 04/23/2026 13:54:17 PAGE 14  

 764   6                                      usAddress = MCU_FFF5_SCA_INF_DATA;
 765   6                                      usAddress = (usAddress << 8) + g_pucDdcciData[2];
 766   6                                      ScalerSetByte(usAddress, g_pucDdcciData[1]);
 767   6                                      break;
 768   6      
 769   6                                  case 0x01:
 770   6                                  case 0x02: // For RTD & I2c Device
 771   6                                      g_pucDdcciData[2] = g_pucDdcciData[1];
 772   6                                      break;
 773   6      
 774   6                                  case 0x06:
 775   6                                  case 0x03: // For I2c Device
 776   6                                      g_pucDdcciData[3] = g_pucDdcciData[1];
 777   6                                      break;
 778   6      
 779   6                                  case 0x05:
 780   6                                      g_pucDdcciData[4] = g_pucDdcciData[1];
 781   6                                      break;
 782   6      
 783   6                                  case 0x04: // For I2c Device
 784   6      
 785   6      #if(_DEBUG_IIC_BY_USERINTERFACE == _ON)
 786   6                                      if(UserInterfaceDebugIIC(_WRITE, g_pucDdcciData, &ucResult) == _FALSE)
 787   6      #endif
 788   6                                      {
 789   7                                          // Disable EEPROM Write Protect
 790   7                                          PCB_EEPROM_WRITE_PROTECT(_EEPROM_WP_DISABLE);
 791   7      
 792   7      #if(_PCB_SYS_EEPROM_IIC == _SW_IIC_PIN_GPIO)
              
                                                  SET_SW_IIC_STATUS(_IIC_SYS_EEPROM);
              
              #if(_EEPROM_TYPE == _EEPROM_24LC16)
                                                  ScalerMcuIICWrite(g_pucDdcciData[2], 1, g_pucDdcciData[1], 1, g_pucDdc
             -ciData + 3);
              #elif(_EEPROM_TYPE == _EEPROM_24WC64)
                                                  ScalerMcuIICWrite(g_pucDdcciData[2], 2, ((g_pucDdcciData[4] << 8) & 0x
             -FF00) + (((WORD)g_pucDdcciData[1]) & 0x00FF), 1, g_pucDdcciData + 3);
              #endif
              
              #elif(_PCB_SYS_EEPROM_IIC != _NO_IIC_PIN)  // Else of #if(_PCB_SYS_EEPROM_IIC == _SW_IIC_PIN_GPIO)
 803   7      
 804   7      #if(_EEPROM_TYPE == _EEPROM_24LC16)
 805   7                                          ScalerMcuHwIICWrite(g_pucDdcciData[2], 1, g_pucDdcciData[1], 1, g_pucD
             -dcciData + 3, _PCB_SYS_EEPROM_IIC);
 806   7      #elif(_EEPROM_TYPE == _EEPROM_24WC64)
                                                  ScalerMcuHwIICWrite(g_pucDdcciData[2], 2, ((g_pucDdcciData[4] << 8) & 
             -0xFF00) + (((WORD)g_pucDdcciData[1]) & 0x00FF), 1, g_pucDdcciData + 3, _PCB_SYS_EEPROM_IIC);
              #endif
 809   7      
 810   7      #endif  // End of #if(_PCB_SYS_EEPROM_IIC == _SW_IIC_PIN_GPIO)
 811   7      
 812   7                                          // Enable EEPROM Write Protect
 813   7                                          PCB_EEPROM_WRITE_PROTECT(_EEPROM_WP_ENABLE);
 814   7                                      }
 815   6      
 816   6                                      break;
 817   6      
 818   6                                  case 0x0F: // For I2c Device
 819   6      
 820   6                                      // Disable EEPROM Write Protect
 821   6                                      PCB_EEPROM_WRITE_PROTECT(_EEPROM_WP_DISABLE);
C51 COMPILER V9.60.0.0   SCALERCOMMONDEBUG                                                 04/23/2026 13:54:17 PAGE 15  

 822   6      
 823   6      #if((_PCB_SYS_EEPROM_IIC != _NO_IIC_PIN) && (_PCB_SYS_EEPROM_IIC != _SW_IIC_PIN_GPIO))
 824   6      
 825   6      #if(_EEPROM_TYPE == _EEPROM_24LC16)
 826   6                                      ScalerMcuHwIICWrite(g_pucDdcciData[2], 1, g_pucDdcciData[1], 1, g_pucDdcci
             -Data + 3, _NO_IIC_PIN);
 827   6      #elif(_EEPROM_TYPE == _EEPROM_24WC64)
                                              ScalerMcuHwIICWrite(g_pucDdcciData[2], 2, ((g_pucDdcciData[4] << 8) & 0xFF
             -00) + (((WORD)g_pucDdcciData[1]) & 0x00FF), 1, g_pucDdcciData + 3, _NO_IIC_PIN);
              #endif
 830   6      
 831   6      #endif // End of #if(_PCB_SYS_EEPROM_IIC != _NO_IIC_PIN) && (_PCB_SYS_EEPROM_IIC != _SW_IIC_PIN_GPIO)
 832   6      
 833   6                                      // Enable EEPROM Write Protect
 834   6                                      PCB_EEPROM_WRITE_PROTECT(_EEPROM_WP_ENABLE);
 835   6      
 836   6                                      break;
 837   6      
 838   6                                  default:
 839   6                                      break;
 840   6                              }
 841   5                              break;
 842   5                      }
 843   4      
 844   4                      g_bRunCommand = 0;
 845   4                      g_ucDdcciCommandNumber = 0;
 846   4      
 847   4                      // Host write Enable
 848   4                      MCU_FF2A_IIC_IRQ_CONTROL2 &= (~_BIT5);
 849   4      
 850   4                      // Delay Time us [30,x] Avoid MCU Clock too fast lead to Tool Communication Fail.
 851   4                      DELAY_30US();
 852   4      
 853   4      // Release Scl Pin
 854   4      #if(_DEBUG_DDC_CHANNEL_SEL == _DDC5)
                              MCU_FE81_DDC5_DDC_CONTROL_2 &= ~_BIT0;
              #elif(_DEBUG_DDC_CHANNEL_SEL == _DDC4)
                              MCU_FE78_DDC4_DDC_CONTROL_2 &= ~_BIT0;
              #elif(_DEBUG_DDC_CHANNEL_SEL == _DDC3)
                              MCU_FE6F_DDC3_DDC_CONTROL_2 &= ~_BIT0;
              #elif(_DEBUG_DDC_CHANNEL_SEL == _DDC2)
 861   4                      MCU_FE66_DDC2_DDC_CONTROL_2 &= ~_BIT0;
 862   4      #elif(_DEBUG_DDC_CHANNEL_SEL == _DDC1)
                              MCU_FF2E_DDC1_DDC_CONTROL_2 &= ~_BIT0;
              #elif(_DEBUG_DDC_CHANNEL_SEL == _DDC0)
                              MCU_FF20_DDC0_DDC_CONTROL_2 &= ~_BIT0;
              #elif((_DEBUG_DDC_CHANNEL_SEL == _VGA_DDC) || (_DEBUG_DDC_CHANNEL_SEL == _VGA_DDC2))
                              CLR_VGADDC_SCL_FORCE_LOW();
              #endif
 869   4                  }
 870   3              }
 871   2              while(ucHalt != 0);
 872   2          }
 873   1      }
 874          
 875          #if(_DUAL_BANK_DEBUG_SUPPORT == _ON)
              #if(_DEBUG_MESSAGE_SUPPORT == _OFF)
              //--------------------------------------------------
              // Description  : Get Current DDCCI Switch State
              // Input Value  : None
              // Output Value : Bit State
              //--------------------------------------------------
C51 COMPILER V9.60.0.0   SCALERCOMMONDEBUG                                                 04/23/2026 13:54:17 PAGE 16  

              BYTE ScalerDebugGetDdcciSwitchState_EXINT1(void) using 2
              {
                  return GET_DDCCI_SWITCH_STATE();
              }
              #endif
              //--------------------------------------------------
              // Description  : Get Current DDCCI Switch State
              // Input Value  : None
              // Output Value : Bit State
              //--------------------------------------------------
              BYTE ScalerDebugGetDdcciSwitchState(void)
              {
                  return GET_DDCCI_SWITCH_STATE();
              }
              
              //--------------------------------------------------
              // Description  : Set Current DDCCI Switch State
              // Input Value  : None
              // Output Value : Bit State
              //--------------------------------------------------
              void ScalerDebugSetDdcciSwitchState(void)
              {
                  SET_DDCCI_SWITCH_STATE();
              }
              
              //--------------------------------------------------
              // Description  : Set dual bank boot debug op code
              // Input Value  : ucOpCode
              // Output Value : None
              //--------------------------------------------------
              void ScalerDebugDualBankSetDebugInfo(BYTE ucRevCmd, BYTE ucOpCode, BYTE ucSubOpCode)
              {
                  g_stDualBankDebug.ucRevDebugCmd = ucRevCmd;
                  g_stDualBankDebug.ucOpCode = ucOpCode;
                  g_stDualBankDebug.ucSubOpCode = ucSubOpCode;
              }
              
              //--------------------------------------------------
              // Description  : Get dual bank boot debug op code
              // Input Value  : ucOpCode
              // Output Value : None
              //--------------------------------------------------
              BYTE ScalerDebugDualBankGetDebugInfo(BYTE *pucOpCode, BYTE *pucSubOpCode)
              {
                  *pucOpCode = g_stDualBankDebug.ucOpCode;
                  *pucSubOpCode = g_stDualBankDebug.ucSubOpCode;
              
                  return g_stDualBankDebug.ucRevDebugCmd;
              }
              #endif // End of #if((_DUAL_BANK_SUPPORT == _ON) || (_DIGITAL_SIGNATURE_SUPPORT == _ON))
 932          
 933          //--------------------------------------------------
 934          // Description  : Scaler Debug Send Data
 935          // Input Value  : ucLen:  Send Data Len
 936          // Output Value : None
 937          //--------------------------------------------------
 938          void ScalerDebugSendData(BYTE ucLen, BYTE *pucSendArray)
 939          {
 940   1          BYTE ucIndex = 0;
 941   1          WORD usTimeOutCnt = 0;
 942   1          bit bReleaseScl = _FALSE;
 943   1      
C51 COMPILER V9.60.0.0   SCALERCOMMONDEBUG                                                 04/23/2026 13:54:17 PAGE 17  

 944   1          // Enable mcu write and reset buffer
 945   1          MCU_FF2A_IIC_IRQ_CONTROL2 |= (_BIT6 | _BIT5);
 946   1      #if(_SMBUS_BLOCK_READ_WRITE_COMMAND_SUPPORT == _ON)
                  if(GET_SMBUS_BLOCK_RW_STATUS() == _TRUE)
                  {
                      MCU_FF26_IIC_DATA_OUT = ucLen;
                  }
              #endif
 952   1          while(ucIndex < (ucLen))
 953   1          {
 954   2              // Load data to DDC-CI buffer until buffer full
 955   2              if((MCU_FF29_IIC_STATUS2 & _BIT2) == 0)
 956   2              {
 957   3                  MCU_FF26_IIC_DATA_OUT = pucSendArray[ucIndex];
 958   3                  ucIndex++;
 959   3                  usTimeOutCnt = _DDCCI_TIMEOUT_LIMIT;
 960   3              }
 961   2              else
 962   2              {
 963   3                  // Release Scl for Tool to read
 964   3                  if(bReleaseScl == _FALSE)
 965   3                  {
 966   4                      bReleaseScl = _TRUE;
 967   4      // Release Scl Pin
 968   4      #if(_DEBUG_DDC_CHANNEL_SEL == _DDC5)
                              MCU_FE81_DDC5_DDC_CONTROL_2 &= ~_BIT0;
              #elif(_DEBUG_DDC_CHANNEL_SEL == _DDC4)
                              MCU_FE78_DDC4_DDC_CONTROL_2 &= ~_BIT0;
              #elif(_DEBUG_DDC_CHANNEL_SEL == _DDC3)
                              MCU_FE6F_DDC3_DDC_CONTROL_2 &= ~_BIT0;
              #elif(_DEBUG_DDC_CHANNEL_SEL == _DDC2)
 975   4                      MCU_FE66_DDC2_DDC_CONTROL_2 &= ~_BIT0;
 976   4      #elif(_DEBUG_DDC_CHANNEL_SEL == _DDC1)
                              MCU_FF2E_DDC1_DDC_CONTROL_2 &= ~_BIT0;
              #elif(_DEBUG_DDC_CHANNEL_SEL == _DDC0)
                              MCU_FF20_DDC0_DDC_CONTROL_2 &= ~_BIT0;
              #elif((_DEBUG_DDC_CHANNEL_SEL == _VGA_DDC) || (_DEBUG_DDC_CHANNEL_SEL == _VGA_DDC2))
                              CLR_VGADDC_SCL_FORCE_LOW();
              #endif
 983   4                  }
 984   3                  ScalerTimerDelayXms(2);
 985   3                  usTimeOutCnt--;
 986   3              }
 987   2      
 988   2              if(usTimeOutCnt == 0)
 989   2              {
 990   3                  break;
 991   3              }
 992   2          }
 993   1      
 994   1          MCU_FF2A_IIC_IRQ_CONTROL2 &= ~_BIT5;
 995   1      
 996   1      #if(_SMBUS_BLOCK_READ_WRITE_COMMAND_SUPPORT == _ON)
                  if(GET_SMBUS_BLOCK_RW_STATUS() == _TRUE)
                  {
                      ScalerTimerReactiveTimerEvent(_SMBUS_BLOCK_READ_WRITE_EXIT_TIMER_COUNT, _SCALER_TIMER_EVENT_SMBUS_
             -BLOCK_READ_WRITE);
                  }
              #endif
1002   1      }
1003          
1004          //--------------------------------------------------
C51 COMPILER V9.60.0.0   SCALERCOMMONDEBUG                                                 04/23/2026 13:54:17 PAGE 18  

1005          // Description  : Scaler Debug Read Registers
1006          // Input Value  : None
1007          // Output Value : None
1008          //--------------------------------------------------
1009          void ScalerDebugGetRegisters(void)
1010          {
1011   1          BYTE ucLen = 0;
1012   1          BYTE ucChecksum = 0;
1013   1          bit bAutoIncrease = _FALSE;
1014   1          WORD usAddress = 0;
1015   1          BYTE ucIndex = 0;
1016   1          BYTE pucDdcciOutData[_SCALER_DEBUG_BUF_LEN];
1017   1      
1018   1          // read date
1019   1          ucLen = g_pucDdcciData[3];
1020   1          bAutoIncrease = (bit)g_pucDdcciData[4];
1021   1          usAddress = ((WORD)g_pucDdcciData[1] << 8) + g_pucDdcciData[2];
1022   1      
1023   1          memset(pucDdcciOutData, 0, sizeof(pucDdcciOutData));
1024   1      
1025   1          // Length Error
1026   1          if(ucLen > _SCALER_DEBUG_DATA_COUNT)
1027   1          {
1028   2              pucDdcciOutData[0] = _SCALER_READ_REGISTERS_CMD;
1029   2              pucDdcciOutData[1] = _SCALER_DEBUG_DATA_LEN_ERROR;
1030   2              ScalerDebugSendData(2, pucDdcciOutData);
1031   2              return;
1032   2          }
1033   1      
1034   1          ucChecksum = 0;
1035   1          for(ucIndex = 1; ucIndex < 5; ucIndex++)
1036   1          {
1037   2              ucChecksum += g_pucDdcciData[ucIndex];
1038   2          }
1039   1      
1040   1          // Check sum Error
1041   1          if(ucChecksum != g_pucDdcciData[5])
1042   1          {
1043   2              pucDdcciOutData[0] = _SCALER_READ_REGISTERS_CMD;
1044   2              pucDdcciOutData[1] = _SCALER_DEBUG_CHECKSUM_ERROR;
1045   2              ScalerDebugSendData(2, pucDdcciOutData);
1046   2              return;
1047   2          }
1048   1      
1049   1          ucChecksum = 0;
1050   1          pucDdcciOutData[0] = _SCALER_READ_REGISTERS_CMD;
1051   1          pucDdcciOutData[1] = ucLen;
1052   1          for(ucIndex = 0; ucIndex < ucLen; ucIndex++)
1053   1          {
1054   2              pucDdcciOutData[2 + ucIndex] = ScalerGetByte(usAddress);
1055   2              ucChecksum += pucDdcciOutData[2 + ucIndex];
1056   2              if(bAutoIncrease == _TRUE)
1057   2              {
1058   3                  usAddress++;
1059   3              }
1060   2          }
1061   1          pucDdcciOutData[ucLen + 2] = ucChecksum;
1062   1          ScalerDebugSendData(ucLen + 3, pucDdcciOutData);
1063   1      }
1064          
1065          //--------------------------------------------------
1066          // Description  : Scaler Debug Write Registers
C51 COMPILER V9.60.0.0   SCALERCOMMONDEBUG                                                 04/23/2026 13:54:17 PAGE 19  

1067          // Input Value  : None
1068          // Output Value : None
1069          //--------------------------------------------------
1070          void ScalerDebugSetRegisters(void)
1071          {
1072   1          BYTE ucLen = 0;
1073   1          BYTE ucChecksum = 0;
1074   1          bit bAutoIncrease = _FALSE;
1075   1          WORD usAddress = 0;
1076   1          BYTE ucIndex = 0;
1077   1          BYTE pucDdcciOutData[_SCALER_DEBUG_BUF_LEN];
1078   1      
1079   1          // Write date
1080   1          ucLen = g_pucDdcciData[3];
1081   1          bAutoIncrease = (bit)g_pucDdcciData[4];
1082   1          usAddress = ((WORD)g_pucDdcciData[1] << 8) + g_pucDdcciData[2];
1083   1      
1084   1          memset(pucDdcciOutData, 0, sizeof(pucDdcciOutData));
1085   1      
1086   1          // Length Error
1087   1          if(ucLen > _SCALER_DEBUG_DATA_COUNT)
1088   1          {
1089   2              pucDdcciOutData[0] = _SCALER_WRITE_REGISTERS_CMD;
1090   2              pucDdcciOutData[1] = _SCALER_DEBUG_DATA_LEN_ERROR;
1091   2              ScalerDebugSendData(2, pucDdcciOutData);
1092   2              return;
1093   2          }
1094   1      
1095   1          ucChecksum = 0;
1096   1          for(ucIndex = 1; ucIndex < (ucLen + 5); ucIndex++)
1097   1          {
1098   2              ucChecksum += g_pucDdcciData[ucIndex];
1099   2          }
1100   1      
1101   1          // Check sum Error
1102   1          if(ucChecksum != g_pucDdcciData[5 + ucLen])
1103   1          {
1104   2              pucDdcciOutData[0] = _SCALER_WRITE_REGISTERS_CMD;
1105   2              pucDdcciOutData[1] = _SCALER_DEBUG_CHECKSUM_ERROR;
1106   2              ScalerDebugSendData(2, pucDdcciOutData);
1107   2              return;
1108   2          }
1109   1      
1110   1          // Checksum OK do write option
1111   1          for(ucIndex = 0; ucIndex < ucLen; ucIndex++)
1112   1          {
1113   2              ScalerSetByte(usAddress, g_pucDdcciData[5 + ucIndex]);
1114   2              if(bAutoIncrease == _TRUE)
1115   2              {
1116   3                  usAddress++;
1117   3              }
1118   2          }
1119   1      
1120   1          pucDdcciOutData[0] = _SCALER_WRITE_REGISTERS_CMD;
1121   1          pucDdcciOutData[1] = _SCALER_DEBUG_NO_ERROR;
1122   1          ScalerDebugSendData(2, pucDdcciOutData);
1123   1      }
1124          
1125          #if(_CUSTOMER_FW_VERSION_SUPPORT == _ON)
              //--------------------------------------------------
              // Description  : Scaler Debug Get Fw Version
              // Input Value  : None
C51 COMPILER V9.60.0.0   SCALERCOMMONDEBUG                                                 04/23/2026 13:54:17 PAGE 20  

              // Output Value : None
              //--------------------------------------------------
              void ScalerDebugGetCurrentFwInfo(void)
              {
                  BYTE pucDdcciOutData[_SCALER_DEBUG_BUF_LEN] = {0};
                  // OpCode
                  pucDdcciOutData[0] = _SCALER_GET_CURRENT_FW_VER_CMD;
              
                  switch(g_pucDdcciData[1])
                  {
                      case _SCALER_GET_CURRENT_FW_VERSION_OP_CODE:
                          // FW Version Byte Count + 2 Byte FW Version
                          ScalerFwInfoGetCurrentVersion(&pucDdcciOutData[1]);
                          ScalerDebugSendData(3, pucDdcciOutData);
                          break;
              
                      case _SCALER_GET_FW_VERSION_LOCATE_OP_CODE:
                          ScalerFwInfoGetFwVersionAddress(&pucDdcciOutData[1]);
                          ScalerDebugSendData(6, pucDdcciOutData);
                          break;
              
                      default:
                          break;
                  }
              }
              #endif
1155          
1156          //--------------------------------------------------
1157          // Description  : Scaler Debug Get Fw Dual Bank Info
1158          // Input Value  : None
1159          // Output Value : None
1160          //--------------------------------------------------
1161          void ScalerDebugDualBankHandler(BYTE ucSubCode)
1162          {
1163   1      #if(_DUAL_BANK_DEBUG_SUPPORT == _ON)
                  ScalerDebugDualBankSetDebugInfo(_TRUE, _SCALER_DUAL_BANK_BOOT_PROC_CMD, ucSubCode);
              #else
1166   1          // Get Dual bank Info , if Duanl bank support is off repley.
1167   1          if(ucSubCode == _SCALER_GET_DUAL_BANK_INFO_OP_CODE)
1168   1          {
1169   2              BYTE pucDdcciOutData[_SCALER_DEBUG_BUF_LEN] = {0};
1170   2              // OpCode
1171   2              pucDdcciOutData[0] = _SCALER_DUAL_BANK_BOOT_PROC_CMD;
1172   2              // Byte Count
1173   2              pucDdcciOutData[1] = 9;
1174   2      
1175   2              // Dual bank Support
1176   2              pucDdcciOutData[2] = _DUAL_BANK_SUPPORT;
1177   2      
1178   2              // Dual bank Type
1179   2              pucDdcciOutData[3] = 0xFF;
1180   2      
1181   2              // Active User(1)
1182   2              pucDdcciOutData[4] = 0xFF;
1183   2      
1184   2              // User1 Version(2) + User2 Version(2) + Reserved(2)
1185   2      #if(_CUSTOMER_FW_VERSION_SUPPORT == _ON)
                      ScalerFwInfoGetCurrentVersion(&pucDdcciOutData[5]);
                      memset(&pucDdcciOutData[7], 0xFFU, 4);
              #else
1189   2              // User1 Version(2) + User2 Version(2) + Reserved(2)
1190   2              memset(&pucDdcciOutData[5], 0xFFU, 6);
C51 COMPILER V9.60.0.0   SCALERCOMMONDEBUG                                                 04/23/2026 13:54:17 PAGE 21  

1191   2      #endif
1192   2      
1193   2              ScalerDebugSendData(13, pucDdcciOutData);
1194   2          }
1195   1      #endif
1196   1      }
1197          
1198          #if(_SMBUS_BLOCK_READ_WRITE_COMMAND_SUPPORT == _ON)
              //--------------------------------------------------
              // Description  : Scaler Debug Get Fw Version
              // Input Value  : None
              // Output Value : None
              //--------------------------------------------------
              void ScalerDebugSetSmbusBlockProtocolCommandEnable(void)
              {
                  BYTE pucDdcciOutData[2] = {0};
                  // OpCode
                  pucDdcciOutData[0] = _SCALER_SET_SMBUS_BLOCK_PROTOCOL_CMD;
                  pucDdcciOutData[1] = 0x00;
                  ScalerDebugSendData(2, pucDdcciOutData);
                  if(g_pucDdcciData[1] != 0)
                  {
                      SET_SMBUS_BLOCK_RW_STATUS(_TRUE);
                      ScalerTimerReactiveTimerEvent(_SMBUS_BLOCK_READ_WRITE_EXIT_TIMER_COUNT, _SCALER_TIMER_EVENT_SMBUS_
             -BLOCK_READ_WRITE);
                  }
                  else
                  {
                      SET_SMBUS_BLOCK_RW_STATUS(_FALSE);
                  }
              }
              #endif
1222          
1223          #if(_DUAL_BANK_BUNDLE_VERSION_SUPPORT == _ON)
              //--------------------------------------------------
              // Description  : isp Duanl bank bundle version Info
              // Input Value  : None
              // Output Value : success or fail
              //--------------------------------------------------
              EnumISPBundleVerResult ScalerDebugUpdateBundleVersion(void)
              {
                  // isp Length != _DUAL_BANK_BUNDLE_VERSION_COUNT return error
                  if(g_pucDdcciData[2] != _DUAL_BANK_BUNDLE_VERSION_COUNT)
                  {
                      return _ISP_FAIL;
                  }
              
                  // Erase Combine FW Info. Data block
                  ScalerFlashErasePage(_DUAL_BANK_BUNDLE_VERSION_LOCATE_BANK, _DUAL_BANK_BUNDLE_VERSION_LOCATE_SECTOR);
              
                  // Recovery sign flag
                  if(ScalerFlashWrite(_DUAL_BANK_BUNDLE_VERSION_LOCATE_BANK, ((WORD)(_DUAL_BANK_BUNDLE_VERSION_LOCATE_SE
             -CTOR << 12)), _DUAL_BANK_BUNDLE_VERSION_COUNT, &g_pucDdcciData[3]) == _FALSE)
                  {
                      return _ISP_FAIL;
                  }
              
                  // Success
                  return _ISP_SUCCESS;
              }
              #endif
1250          
C51 COMPILER V9.60.0.0   SCALERCOMMONDEBUG                                                 04/23/2026 13:54:17 PAGE 22  

1251          #if(_ISP_FW_CHECK_PROJECT_ID_SUPPORT == _ON)
              //--------------------------------------------------
              // Description  : Scaler Debug Fw Check
              // Input Value  : Command arry
              // Output Value : None
              //--------------------------------------------------
              void ScalerDebugFwCheck(BYTE *pucCmdArry)
              {
                  BYTE pucOutData[7] = {0};
                  pucOutData[0] = 0x6A;
                  pucOutData[1] = _SCALER_FW_CHECK_CMD;
              
                  switch(pucCmdArry[0])
                  {
                      case _SCALER_FW_CHECK_SUB_OP_GET_ADDR:
                          ScalerFwCheckGetProjectIDAddress(&pucOutData[2]);
                          ScalerDebugSendData(7, pucOutData);
                          break;
              
                      case _SCALER_FW_CHECK_SUB_OP_VERIFY:
                          pucOutData[2] = ScalerFwCheckProjectIDVerify(&pucCmdArry[1]);
                          ScalerDebugSendData(3, pucOutData);
                          break;
              
                      default:
                          break;
                  }
              }
              #endif
1280          


MODULE INFORMATION:   STATIC OVERLAYABLE
   CODE SIZE        =   1609    ----
   CONSTANT SIZE    =     32    ----
   XDATA SIZE       =     34     118
   PDATA SIZE       =   ----    ----
   DATA SIZE        =   ----    ----
   IDATA SIZE       =   ----    ----
   BIT SIZE         =      1       3
END OF MODULE INFORMATION.


C51 COMPILATION COMPLETE.  1 WARNING(S),  0 ERROR(S)
