C51 COMPILER V9.60.0.0   SCALERCOMMONDPADAPTIVESYNC                                        04/23/2026 13:54:34 PAGE 1   


C51 COMPILER V9.60.0.0, COMPILATION OF MODULE SCALERCOMMONDPADAPTIVESYNC
OBJECT MODULE PLACED IN .\Output\RL6449_Project\ScalerCommonDpAdaptiveSync.obj
COMPILER INVOKED BY: C:\Keil_v5\C51\BIN\C51.EXE Kernel\Scaler\ScalerCommonFunction\Code\ScalerCommonDpAdaptiveSync.c LAR
                    -GE OPTIMIZE(9,SPEED) INCDIR(.\Output\RL6449_Project;.\Project\Header;.\Pcb;.\Panel;.\Kernel\Device\Header;.\Kernel\Commo
                    -n;.\Kernel\System\Header;.\Kernel\Scaler\ScalerFunction\Header;.\Kernel\Scaler\ScalerCommonFunction\Header;.\Kernel\Scal
                    -er\ScalerFunction\Lib\Header;.\Kernel\Scaler\ScalerCommonFunction\Lib\Header;.\Kernel\Scaler\RL6449_Series_Scaler\Header
                    -;.\Kernel\Scaler\RL6449_Series_Scaler\Lib\Header;.\Kernel\Scaler\RL6449_Series_Common\Header;.\Kernel\Scaler\RL6449_Seri
                    -es_Common\Lib\Header;.\Kernel\User Common Function\Header;.\User\RTD Series\RTD2014Function\Header;.\User\RTD Series\RTD
                    -2014Osd\Header;.\User\RTD Factory\Header;.\User\None Series\NoneFunction\Header;.\User\None Series\NoneOsd\Header;.\User
                    -\None Factory\Header;.\User\RTD Factory\Code) DEFINE(_PROJECT=_RL6449_PROJECT,_SCALER_TYPE=_RL6449_SERIES) DEBUG OBJECTE
                    -XTEND PRINT(.\Output\RL6449_Project\ScalerCommonDpAdaptiveSync.lst) TABS(2) OBJECT(.\Output\RL6449_Project\ScalerCommonD
                    -pAdaptiveSync.obj)

line level    source

   1          /********************************************************************************/
   2          /*   Copyright (c) 2021 Realtek Semiconductor Corp. All rights reserved.        */
   3          /*                                                                              */
   4          /*   SPDX-License-Identifier: LicenseRef-Realtek-Proprietary                    */
   5          /*                                                                              */
   6          /*   This software component is confidential and proprietary to Realtek         */
   7          /*   Semiconductor Corp. Disclosure, reproduction, redistribution, in whole     */
   8          /*   or in part, of this work and its derivatives without express permission    */
   9          /*   is prohibited.                                                             */
  10          /********************************************************************************/
  11          
  12          //----------------------------------------------------------------------------------------------------
  13          // ID Code      : ScalerCommonDpAdaptiveSync.c No.0000
  14          // Update Note  :
  15          //----------------------------------------------------------------------------------------------------
  16          
  17          #define __SCALER_COMMON_DP_ADAPTIVESYNC__
  18          
  19          #include "ScalerCommonFunctionInclude.h"
  20          
  21          //****************************************************************************
  22          // DEFINITIONS / MACROS
  23          //****************************************************************************
  24          
  25          //****************************************************************************
  26          // STRUCT / TYPE / ENUM DEFINITTIONS
  27          //****************************************************************************
  28          
  29          //****************************************************************************
  30          // CODE TABLES
  31          //****************************************************************************
  32          
  33          //****************************************************************************
  34          // VARIABLE DECLARATIONS
  35          //****************************************************************************
  36          
  37          //****************************************************************************
  38          // FUNCTION DECLARATIONS
  39          //****************************************************************************
  40          #if(_DP_SUPPORT == _ON)
  41          #if(_DP_ADAPTIVESYNC_SUPPORT == _ON)
              #if(_TRANSLATOR_SUPPORT == _OFF)
              void ScalerDpAdaptiveSyncSupportSwitch(EnumSourceSearchPort enumSourcePort, EnumDpAdaptiveSyncSupport enum
             -Support);
              #endif
              #endif // End of #if(_DP_FREESYNC_SUPPORT == _ON)
C51 COMPILER V9.60.0.0   SCALERCOMMONDPADAPTIVESYNC                                        04/23/2026 13:54:34 PAGE 2   

  46          #endif // End of #if(_DP_SUPPORT == _ON)
  47          
  48          //****************************************************************************
  49          // FUNCTION DEFINITIONS
  50          //****************************************************************************
  51          #if(_DP_SUPPORT == _ON)
  52          #if(_DP_ADAPTIVESYNC_SUPPORT == _ON)
              #if(_TRANSLATOR_SUPPORT == _OFF)
              //--------------------------------------------------
              // Description  : Switch DP ADAPTIVESYNCSYNC Support
              // Input Value  : Hotplug Type and ADAPTIVESYNCSYNC Enable or Not
              // Output Value : None
              //--------------------------------------------------
              void ScalerDpAdaptiveSyncSupportSwitch(EnumSourceSearchPort enumSourcePort, EnumDpAdaptiveSyncSupport enum
             -Support)
              {
                  switch(enumSourcePort)
                  {
              #if(_D0_INPUT_PORT_TYPE == _D0_DP_PORT)
                      case _D0_INPUT_PORT:
              
                          if(GET_DP_RX0_ADAPTIVESYNC_SUPPORT() != enumSupport)
                          {
                              SET_DP_RX_CAPABILITY_SWITCHED();
                              SET_DP_RX0_ADAPTIVESYNC_CAPABILITY_SWITCH();
                              SET_DP_RX0_ADAPTIVESYNC_SUPPORT(enumSupport);
                          }
              
                          break;
              #endif
              
              #if(_D1_INPUT_PORT_TYPE == _D1_DP_PORT)
                      case _D1_INPUT_PORT:
              
                          if(GET_DP_RX1_ADAPTIVESYNC_SUPPORT() != enumSupport)
                          {
                              SET_DP_RX_CAPABILITY_SWITCHED();
                              SET_DP_RX1_ADAPTIVESYNC_CAPABILITY_SWITCH();
                              SET_DP_RX1_ADAPTIVESYNC_SUPPORT(enumSupport);
                          }
              
                          break;
              #endif
              
              #if(_D2_INPUT_PORT_TYPE == _D2_DP_PORT)
                      case _D2_INPUT_PORT:
              
                          if(GET_DP_RX2_ADAPTIVESYNC_SUPPORT() != enumSupport)
                          {
                              SET_DP_RX_CAPABILITY_SWITCHED();
                              SET_DP_RX2_ADAPTIVESYNC_CAPABILITY_SWITCH();
                              SET_DP_RX2_ADAPTIVESYNC_SUPPORT(enumSupport);
                          }
              
                          break;
              #endif
              
              #if((_D0_INPUT_PORT_TYPE == _D0_DP_PORT) && (_D6_INPUT_PORT_TYPE == _D6_DP_PORT) && (_D6_INPUT_PORT_SWITCH
             -_FROM == _SWITCH_FROM_D0))
                      case _D6_INPUT_PORT:
              
                          if(GET_DP_RX6_ADAPTIVESYNC_SUPPORT() != enumSupport)
C51 COMPILER V9.60.0.0   SCALERCOMMONDPADAPTIVESYNC                                        04/23/2026 13:54:34 PAGE 3   

                          {
                              SET_DP_RX_CAPABILITY_SWITCHED();
                              SET_DP_RX6_ADAPTIVESYNC_CAPABILITY_SWITCH();
                              SET_DP_RX6_ADAPTIVESYNC_SUPPORT(enumSupport);
                          }
              
                          break;
              #endif
              
                      default:
                          break;
                  }
              }
              #endif
              
              #endif // End of #if(_DP_ADAPTIVESYNC_SUPPORT == _ON)
 122          #endif // End of #if(_DP_SUPPORT == _ON)
 123          


MODULE INFORMATION:   STATIC OVERLAYABLE
   CODE SIZE        =   ----    ----
   CONSTANT SIZE    =   ----    ----
   XDATA SIZE       =   ----    ----
   PDATA SIZE       =   ----    ----
   DATA SIZE        =   ----    ----
   IDATA SIZE       =   ----    ----
   BIT SIZE         =   ----    ----
END OF MODULE INFORMATION.


C51 COMPILATION COMPLETE.  0 WARNING(S),  0 ERROR(S)
