C51 COMPILER V9.60.0.0   SCALERIR                                                          04/23/2026 13:53:57 PAGE 1   


C51 COMPILER V9.60.0.0, COMPILATION OF MODULE SCALERIR
OBJECT MODULE PLACED IN .\Output\RL6449_Project\ScalerIR.obj
COMPILER INVOKED BY: C:\Keil_v5\C51\BIN\C51.EXE Kernel\Scaler\ScalerFunction\Code\ScalerIR.c LARGE OPTIMIZE(9,SPEED) INC
                    -DIR(.\Output\RL6449_Project;.\Project\Header;.\Pcb;.\Panel;.\Kernel\Device\Header;.\Kernel\Common;.\Kernel\System\Header
                    -;.\Kernel\Scaler\ScalerFunction\Header;.\Kernel\Scaler\ScalerCommonFunction\Header;.\Kernel\Scaler\ScalerFunction\Lib\He
                    -ader;.\Kernel\Scaler\ScalerCommonFunction\Lib\Header;.\Kernel\Scaler\RL6449_Series_Scaler\Header;.\Kernel\Scaler\RL6449_
                    -Series_Scaler\Lib\Header;.\Kernel\Scaler\RL6449_Series_Common\Header;.\Kernel\Scaler\RL6449_Series_Common\Lib\Header;.\K
                    -ernel\User Common Function\Header;.\User\RTD Series\RTD2014Function\Header;.\User\RTD Series\RTD2014Osd\Header;.\User\RT
                    -D Factory\Header;.\User\None Series\NoneFunction\Header;.\User\None Series\NoneOsd\Header;.\User\None Factory\Header;.\U
                    -ser\RTD Factory\Code) DEFINE(_PROJECT=_RL6449_PROJECT,_SCALER_TYPE=_RL6449_SERIES) DEBUG OBJECTEXTEND PRINT(.\Output\RL6
                    -449_Project\ScalerIR.lst) TABS(2) OBJECT(.\Output\RL6449_Project\ScalerIR.obj)

line level    source

   1          /********************************************************************************/
   2          /*   Copyright (c) 2021 Realtek Semiconductor Corp. All rights reserved.        */
   3          /*                                                                              */
   4          /*   SPDX-License-Identifier: LicenseRef-Realtek-Proprietary                    */
   5          /*                                                                              */
   6          /*   This software component is confidential and proprietary to Realtek         */
   7          /*   Semiconductor Corp. Disclosure, reproduction, redistribution, in whole     */
   8          /*   or in part, of this work and its derivatives without express permission    */
   9          /*   is prohibited.                                                             */
  10          /********************************************************************************/
  11          
  12          //----------------------------------------------------------------------------------------------------
  13          // ID Code      : ScalerIR.c No.0000
  14          // Update Note  :
  15          //----------------------------------------------------------------------------------------------------
  16          
  17          #define __SCALER_IR__
  18          
  19          #include "ScalerFunctionInclude.h"
  20          
  21          #if(_IR_SUPPORT == _IR_HW_SUPPORT)
  22          //****************************************************************************
  23          // DEFINITIONS / MACROS
  24          //****************************************************************************
  25          #define _IR_SAMPLE_CLK                  80 // kHz
  26          #define _IR_HW_XTAL_SAMPLE_CLK_DIV      (((WORD)_EXT_XTAL / _IR_SAMPLE_CLK) - 1)
  27          #define _IR_HW_IOSC_SAMPLE_CLK_DIV      (((WORD)_INTERNAL_OSC_XTAL / _IR_SAMPLE_CLK) - 1)
  28          
  29          #define _IR_TABLE_1_LENGTH              10
  30          #define _IR_TABLE_2_LENGTH              6
  31          #define _IR_TABLE_3_LENGTH              8
  32          #define _IR_TABLE_4_LENGTH              2
  33          
  34          #define _IR_TABLE_1_START               0
  35          #define _IR_TABLE_2_START               (_IR_TABLE_1_LENGTH)
  36          #define _IR_TABLE_3_START               (_IR_TABLE_1_LENGTH + _IR_TABLE_2_LENGTH)
  37          #define _IR_TABLE_4_START               (_IR_TABLE_1_LENGTH + _IR_TABLE_2_LENGTH + _IR_TABLE_3_LENGTH)
  38          
  39          //****************************************************************************
  40          // STRUCT / TYPE / ENUM DEFINITTIONS
  41          //****************************************************************************
  42          
  43          
  44          //****************************************************************************
  45          // CODE TABLES
  46          //****************************************************************************
  47          
C51 COMPILER V9.60.0.0   SCALERIR                                                          04/23/2026 13:53:57 PAGE 2   

  48          
  49          //****************************************************************************
  50          // VARIABLE DECLARATIONS
  51          //****************************************************************************
  52          volatile bit g_bIRReceived = 0;
  53          volatile BYTE g_pucIRCode[8];
  54          EnumNECIRStatus g_enumNECIRStatus = _NEC_IR_NONE;
  55          
  56          //****************************************************************************
  57          // FUNCTION DECLARATIONS
  58          //****************************************************************************
  59          void ScalerIRHWModeInitial(void);
  60          void ScalerIRHWModeDecoder(BYTE code *pucIRTableArray, BYTE ucBankNum);
  61          bit ScalerIRHWModeGetData(BYTE *pucBuffer);
  62          void ScalerIRHWModeIntHandler_EXINT0(void);
  63          void ScalerIRHWModeClockSel(EnumClkSel enumClock);
  64          EnumNECIRStatus ScalerIRHWModeGetNECIRStatus(void);
  65          void ScalerIRHWModeClrNECStatus(void);
  66          
  67          //****************************************************************************
  68          // FUNCTION DEFINITIONS
  69          //****************************************************************************
  70          //--------------------------------------------------
  71          // Description  : IRDA Initial Settings
  72          // Input Value  : None
  73          // Output Value : None
  74          //--------------------------------------------------
  75          void ScalerIRHWModeInitial(void)
  76          {
  77   1          // Sample clock divider
  78   1          ScalerSetByte(P23_AA_IR_SF2, HIBYTE(_IR_HW_XTAL_SAMPLE_CLK_DIV));
  79   1          ScalerSetByte(P23_AB_IR_SF3, LOBYTE(_IR_HW_XTAL_SAMPLE_CLK_DIV));
  80   1      
  81   1      
  82   1          // Clear interrupt flag
  83   1          ScalerSetBit(P23_BB_IR_SR3, ~(_BIT6 | _BIT5 | _BIT4 | _BIT3 | _BIT2 | _BIT1 | _BIT0), (_BIT6 | _BIT5 |
             - _BIT4 | _BIT3 | _BIT2 | _BIT1 | _BIT0));
  84   1      
  85   1          // Enable HW interrupt
  86   1          ScalerSetBit(P23_B2_IR_CR2, ~_BIT2, _BIT2);
  87   1      
  88   1          // _BIT0: Enable IR
  89   1          ScalerSetBit(P23_B2_IR_CR2, ~_BIT0, _BIT0);
  90   1      }
  91          
  92          //--------------------------------------------------
  93          // Description  : Set HW IR Table
  94          // Input Value  : User Table
  95          // Output Value : None
  96          //--------------------------------------------------
  97          void ScalerIRHWModeDecoder(BYTE code *pucIRTableArray, BYTE ucBankNum)
  98          {
  99   1          // P23_A0_IR_PSR0 ~ P23_A9_IR_SF1
 100   1          ScalerBurstWrite(pucIRTableArray + _IR_TABLE_1_START, _IR_TABLE_1_LENGTH, ucBankNum, P23_A0_IR_PSR0, _
             -BURSTWRITE_DATA_COMMON_AUTO_INC, _BURSTWRITE_FROM_FLASH);
 101   1      
 102   1          // P23_AC_IR_DPIR0 ~ P23_B3_IR_CR3
 103   1          ScalerBurstWrite(pucIRTableArray + _IR_TABLE_2_START, _IR_TABLE_2_LENGTH, ucBankNum, P23_AE_IR_DPIR2, 
             -_BURSTWRITE_DATA_COMMON_AUTO_INC, _BURSTWRITE_FROM_FLASH);
 104   1      
 105   1          // P23_D0_IR_PSR_UP0 ~ P23_D7_IR_PER_UP3
 106   1          ScalerBurstWrite(pucIRTableArray + _IR_TABLE_3_START, _IR_TABLE_3_LENGTH, ucBankNum, P23_D0_IR_PSR_UP0
C51 COMPILER V9.60.0.0   SCALERIR                                                          04/23/2026 13:53:57 PAGE 3   

             -, _BURSTWRITE_DATA_COMMON_AUTO_INC, _BURSTWRITE_FROM_FLASH);
 107   1      
 108   1          // P23_DA_IR_CTRL_RC62 ~ P23_DB_IR_CTRL_RC63
 109   1          ScalerBurstWrite(pucIRTableArray + _IR_TABLE_4_START, _IR_TABLE_3_LENGTH, ucBankNum, P23_DA_IR_CTRL_RC
             -62, _BURSTWRITE_DATA_COMMON_AUTO_INC, _BURSTWRITE_FROM_FLASH);
 110   1      }
 111          
 112          //--------------------------------------------------
 113          // Description  : Read the IR raw data in fifo
 114          // Input Value  : None
 115          // Output Value : Data ready or not
 116          //--------------------------------------------------
 117          bit ScalerIRHWModeGetData(BYTE *pucBuffer)
 118          {
 119   1          // Wait IR Reset
 120   1          ScalerTimerPollingFlagProc(100, P23_B0_IR_CR0, _BIT7, _FALSE);
 121   1      
 122   1          if(GET_IR_HW_RECEIVED() == _TRUE)
 123   1          {
 124   2              pucBuffer[0] = g_pucIRCode[0];
 125   2              pucBuffer[1] = g_pucIRCode[1];
 126   2              pucBuffer[2] = g_pucIRCode[2];
 127   2              pucBuffer[3] = g_pucIRCode[3];
 128   2              pucBuffer[4] = g_pucIRCode[4];
 129   2              pucBuffer[5] = g_pucIRCode[5];
 130   2              pucBuffer[6] = g_pucIRCode[6];
 131   2              pucBuffer[7] = g_pucIRCode[7];
 132   2      
 133   2      
 134   2      #if(_DEBUG_MESSAGE_IR == _ON)
                      DebugMessageIR("IR0", g_pucIRCode[0]);
                      DebugMessageIR("IR1", g_pucIRCode[1]);
                      DebugMessageIR("IR2", g_pucIRCode[2]);
                      DebugMessageIR("IR3", g_pucIRCode[3]);
              
                      DebugMessageIR("P23_B4_IR_RP0", P23_B4_IR_RP0);
                      DebugMessageIR("P23_B5_IR_RP1", P23_B5_IR_RP1);
              //        DebugMessageIR("P23_B6_IR_RP2",P23_B6_IR_RP2);
              //        DebugMessageIR("P23_B7_IR_RP3",P23_B7_IR_RP3);
              //        DebugMessageIR("P23_DC_IR_RP2_0",P23_DC_IR_RP2_0);
              //        DebugMessageIR("P23_DD_IR_RP2_1",P23_DD_IR_RP2_1);
              //        DebugMessageIR("P23_DE_IR_RP2_2",P23_DE_IR_RP2_2);
              //        DebugMessageIR("P23_DF_IR_RP2_3",P23_DF_IR_RP2_3);
              
              //        
              //        DebugMessageIR("P23_B4_IR_RP0", ScalerGetByte_EXINT(P23_B4_IR_RP0) );
              //        DebugMessageIR("P23_B5_IR_RP1", ScalerGetByte_EXINT(P23_B5_IR_RP1));
              //        DebugMessageIR("P23_B6_IR_RP2",ScalerGetByte_EXINT(P23_B6_IR_RP2));
              //        DebugMessageIR("P23_B7_IR_RP3",ScalerGetByte_EXINT(P23_B7_IR_RP3));
              //        DebugMessageIR("P23_DC_IR_RP2_0",ScalerGetByte_EXINT(P23_DC_IR_RP2_0));
              //        DebugMessageIR("P23_DD_IR_RP2_1",ScalerGetByte_EXINT(P23_DD_IR_RP2_1));
              //        DebugMessageIR("P23_DE_IR_RP2_2",ScalerGetByte_EXINT(P23_DE_IR_RP2_2));
              //        DebugMessageIR("P23_DF_IR_RP2_3",ScalerGetByte_EXINT(P23_DF_IR_RP2_3));
              #endif // End of #if(_DEBUG_MESSAGE_IR == _ON)
 159   2              CLR_IR_HW_RECEIVED();
 160   2      
 161   2              return _TRUE;
 162   2          }
 163   1          else
 164   1          {
 165   2              return _FALSE;
 166   2          }
C51 COMPILER V9.60.0.0   SCALERIR                                                          04/23/2026 13:53:57 PAGE 4   

 167   1      }
 168          
 169          //--------------------------------------------------
 170          // Description  : IR interrupt Handler
 171          // Input Value  : None
 172          // Output Value : None
 173          //--------------------------------------------------
 174          void ScalerIRHWModeIntHandler_EXINT0(void) using 1
 175          {
 176   1          BYTE ucTemp = 0;
 177   1      
 178   1          if((ScalerGetBit_EXINT(P23_B2_IR_CR2, _BIT2) == _BIT2) && (ScalerGetBit_EXINT(P23_BB_IR_SR3, (_BIT1 | 
             -_BIT0)) != 0x00))
 179   1          {
 180   2              ScalerSetBit_EXINT(P23_BB_IR_SR3, ~(_BIT1 | _BIT0), (_BIT1 | _BIT0));
 181   2              if((GET_IR_HW_RECEIVED() == _TRUE) || (ScalerGetBit_EXINT(P23_BB_IR_SR3, (_BIT6 | _BIT5 | _BIT4)) 
             -!= 0x00))
 182   2              {
 183   3                  // Read out unused code to avoid buffer pointer in disorder
 184   3                  ucTemp = ScalerGetByte_EXINT(P23_B4_IR_RP0);
 185   3                  ucTemp = ScalerGetByte_EXINT(P23_B5_IR_RP1);
 186   3                  ucTemp = ScalerGetByte_EXINT(P23_B6_IR_RP2);
 187   3                  ucTemp = ScalerGetByte_EXINT(P23_B7_IR_RP3);
 188   3                  ucTemp = ScalerGetByte_EXINT(P23_DC_IR_RP2_0);
 189   3                  ucTemp = ScalerGetByte_EXINT(P23_DD_IR_RP2_1);
 190   3                  ucTemp = ScalerGetByte_EXINT(P23_DE_IR_RP2_2);
 191   3                  ucTemp = ScalerGetByte_EXINT(P23_DF_IR_RP2_3);
 192   3      
 193   3                  // Clear error flag
 194   3                  ScalerSetBit_EXINT(P23_BB_IR_SR3, ~(_BIT6 | _BIT5 | _BIT4), (_BIT6 | _BIT5 | _BIT4));
 195   3                  // Reset IR
 196   3                  ScalerSetBit_EXINT(P23_B0_IR_CR0, ~(_BIT7), _BIT7);
 197   3              }
 198   2              else
 199   2              {
 200   3                  // Get code
 201   3                  g_pucIRCode[0] = ScalerGetByte_EXINT(P23_B4_IR_RP0);
 202   3                  g_pucIRCode[1] = ScalerGetByte_EXINT(P23_B5_IR_RP1);
 203   3                  g_pucIRCode[2] = ScalerGetByte_EXINT(P23_B6_IR_RP2);
 204   3                  g_pucIRCode[3] = ScalerGetByte_EXINT(P23_B7_IR_RP3);
 205   3                  g_pucIRCode[4] = ScalerGetByte_EXINT(P23_DC_IR_RP2_0);
 206   3                  g_pucIRCode[5] = ScalerGetByte_EXINT(P23_DD_IR_RP2_1);
 207   3                  g_pucIRCode[6] = ScalerGetByte_EXINT(P23_DE_IR_RP2_2);
 208   3                  g_pucIRCode[7] = ScalerGetByte_EXINT(P23_DF_IR_RP2_3);
 209   3      
 210   3                  SET_IR_HW_RECEIVED();
 211   3              }
 212   2          }
 213   1      
 214   1      }
 215          
 216          
 217          //--------------------------------------------------
 218          // Description  : IRDA clock divider switch
 219          // Input Value  : Clock --> _M2PLL_CLK/_EXT_XTAL_CLK(_IOSC_CLK)
 220          // Output Value : None
 221          //--------------------------------------------------
 222          void ScalerIRHWModeClockSel(EnumClkSel enumClock)
 223          {
 224   1          if(enumClock == _EXT_XTAL_CLK)
 225   1          {
 226   2              // HW Sample clock divider
C51 COMPILER V9.60.0.0   SCALERIR                                                          04/23/2026 13:53:57 PAGE 5   

 227   2              ScalerSetByte(P23_AA_IR_SF2, HIBYTE(_IR_HW_XTAL_SAMPLE_CLK_DIV));
 228   2              ScalerSetByte(P23_AB_IR_SF3, LOBYTE(_IR_HW_XTAL_SAMPLE_CLK_DIV));
 229   2          }
 230   1          else if(enumClock == _IOSC_CLK)
 231   1          {
 232   2              // HW Sample clock divider
 233   2              ScalerSetByte(P23_AA_IR_SF2, HIBYTE(_IR_HW_IOSC_SAMPLE_CLK_DIV));
 234   2              ScalerSetByte(P23_AB_IR_SF3, LOBYTE(_IR_HW_IOSC_SAMPLE_CLK_DIV));
 235   2          }
 236   1      }
 237          
 238          //--------------------------------------------------
 239          // Description  : Get NEC IR Status
 240          // Input Value  : None
 241          // Output Value : _NEC_IR_REPEAT or _NEC_IR_DATA
 242          //--------------------------------------------------
 243          EnumNECIRStatus ScalerIRHWModeGetNECIRStatus(void)
 244          {
 245   1          return GET_IR_NEC_STATUS();
 246   1      }
 247          
 248          //--------------------------------------------------
 249          // Description  : Set NEC IR Initial Status
 250          // Input Value  : None
 251          // Output Value : None
 252          //--------------------------------------------------
 253          void ScalerIRHWModeClrNECStatus(void)
 254          {
 255   1          CLR_IR_NEC_STATUS();
 256   1      }
 257          #endif // End of #if(_IR_SUPPORT == _IR_HW_SUPPORT)


MODULE INFORMATION:   STATIC OVERLAYABLE
   CODE SIZE        =    485    ----
   CONSTANT SIZE    =   ----    ----
   XDATA SIZE       =      9       6
   PDATA SIZE       =   ----    ----
   DATA SIZE        =   ----    ----
   IDATA SIZE       =   ----    ----
   BIT SIZE         =      1    ----
END OF MODULE INFORMATION.


C51 COMPILATION COMPLETE.  0 WARNING(S),  0 ERROR(S)
