C51 COMPILER V9.60.0.0   SCALERDDOMAIN                                                     04/23/2026 13:53:49 PAGE 1   


C51 COMPILER V9.60.0.0, COMPILATION OF MODULE SCALERDDOMAIN
OBJECT MODULE PLACED IN .\Output\RL6449_Project\ScalerDDomain.obj
COMPILER INVOKED BY: C:\Keil_v5\C51\BIN\C51.EXE Kernel\Scaler\ScalerFunction\Code\ScalerDDomain.c LARGE OPTIMIZE(9,SPEED
                    -) INCDIR(.\Output\RL6449_Project;.\Project\Header;.\Pcb;.\Panel;.\Kernel\Device\Header;.\Kernel\Common;.\Kernel\System\H
                    -eader;.\Kernel\Scaler\ScalerFunction\Header;.\Kernel\Scaler\ScalerCommonFunction\Header;.\Kernel\Scaler\ScalerFunction\L
                    -ib\Header;.\Kernel\Scaler\ScalerCommonFunction\Lib\Header;.\Kernel\Scaler\RL6449_Series_Scaler\Header;.\Kernel\Scaler\RL
                    -6449_Series_Scaler\Lib\Header;.\Kernel\Scaler\RL6449_Series_Common\Header;.\Kernel\Scaler\RL6449_Series_Common\Lib\Heade
                    -r;.\Kernel\User Common Function\Header;.\User\RTD Series\RTD2014Function\Header;.\User\RTD Series\RTD2014Osd\Header;.\Us
                    -er\RTD Factory\Header;.\User\None Series\NoneFunction\Header;.\User\None Series\NoneOsd\Header;.\User\None Factory\Heade
                    -r;.\User\RTD Factory\Code) DEFINE(_PROJECT=_RL6449_PROJECT,_SCALER_TYPE=_RL6449_SERIES) DEBUG OBJECTEXTEND PRINT(.\Outpu
                    -t\RL6449_Project\ScalerDDomain.lst) TABS(2) OBJECT(.\Output\RL6449_Project\ScalerDDomain.obj)

line level    source

   1          /********************************************************************************/
   2          /*   Copyright (c) 2021 Realtek Semiconductor Corp. All rights reserved.        */
   3          /*                                                                              */
   4          /*   SPDX-License-Identifier: LicenseRef-Realtek-Proprietary                    */
   5          /*                                                                              */
   6          /*   This software component is confidential and proprietary to Realtek         */
   7          /*   Semiconductor Corp. Disclosure, reproduction, redistribution, in whole     */
   8          /*   or in part, of this work and its derivatives without express permission    */
   9          /*   is prohibited.                                                             */
  10          /********************************************************************************/
  11          
  12          //----------------------------------------------------------------------------------------------------
  13          // ID Code      : ScalerDDomain.c No.0000
  14          // Update Note  :
  15          //----------------------------------------------------------------------------------------------------
  16          
  17          #define __SCALER_DDOMAIN__
  18          
  19          #include "ScalerFunctionInclude.h"
  20          
  21          //****************************************************************************
  22          // DEFINITIONS / MACROS
  23          //****************************************************************************
  24          #if(_FREESYNC_OD_MEASURE == _ON)
              #define _FREESYNC_OD_MEASURE_GL_ENABLE_REG    P7_F3_DISP_PG_R_INITIAL
              #define _FREESYNC_OD_MEASURE_GL_VALUE_REG     P7_F4_DISP_PG_G_INITIAL
              #endif
  28          
  29          //****************************************************************************
  30          // STRUCT / TYPE / ENUM DEFINITTIONS
  31          //****************************************************************************
  32          
  33          
  34          //****************************************************************************
  35          // CODE TABLES
  36          //****************************************************************************
  37          
  38          
  39          //****************************************************************************
  40          // VARIABLE DECLARATIONS
  41          //****************************************************************************
  42          #if(_PANEL_EXIST_MULTIPANEL == _ON)
              BYTE g_ucDDomainPanelIndex;
              #endif
  45          
  46          //****************************************************************************
  47          // FUNCTION DECLARATIONS
C51 COMPILER V9.60.0.0   SCALERDDOMAIN                                                     04/23/2026 13:53:49 PAGE 2   

  48          //****************************************************************************
  49          void ScalerDDomainPatternGenEnable(bit bEnable);
  50          void ScalerDDomainPatternGenAdjustColor(BYTE ucRed, BYTE ucGreen, BYTE ucBlue);
  51          #if(_OGC_GEN_TYPE == _OGC_GEN_1)
  52          #if((_OGC_SUPPORT == _ON) || (_OCC_SUPPORT == _ON) || (_OGC_DICOM_SUPPORT == _ON))
  53          void ScalerDDomainPatternGenAdjustColor10bit(WORD usRed, WORD usGreen, WORD usBlue);
  54          #endif
  55          #endif
  56          
  57          #if(_FREESYNC_OD_MEASURE == _ON)
              void ScalerDDomainFREESYNCODSetBackgroundGrayLevel(void);
              #endif
  60          
  61          //****************************************************************************
  62          // FUNCTION DEFINITIONS
  63          //****************************************************************************
  64          //--------------------------------------------------
  65          // Description  : Display Pattern Gen Enable
  66          // Input Value  : _ENABLE or _DISABLE
  67          // Output Value : None
  68          //--------------------------------------------------
  69          void ScalerDDomainPatternGenEnable(bit bEnable)
  70          {
  71   1          if(bEnable == _ENABLE)
  72   1          {
  73   2              // Enable D Domain PG
  74   2              ScalerSetBit(P7_F0_DISP_PG_R_CTRL, ~_BIT7, _BIT7);
  75   2          }
  76   1          else
  77   1          {
  78   2              // Disable D Domain PG
  79   2              ScalerSetBit(P7_F0_DISP_PG_R_CTRL, ~_BIT7, 0x00);
  80   2          }
  81   1      }
  82          
  83          //--------------------------------------------------
  84          // Description  : Set Display Pattern Gen Color
  85          // Input Value  : RGB Color
  86          // Output Value : None
  87          //--------------------------------------------------
  88          void ScalerDDomainPatternGenAdjustColor(BYTE ucRed, BYTE ucGreen, BYTE ucBlue)
  89          {
  90   1          ScalerSetByte(P7_F3_DISP_PG_R_INITIAL, ucRed);
  91   1          ScalerSetByte(P7_F4_DISP_PG_G_INITIAL, ucGreen);
  92   1          ScalerSetByte(P7_F5_DISP_PG_B_INITIAL, ucBlue);
  93   1          ScalerSetBit(P7_FC_D_PG_INITIAL_M_STEP_L, ~(_BIT5 | _BIT4 | _BIT3 | _BIT2 | _BIT1 | _BIT0), 0x00);
  94   1      }
  95          
  96          #if(_OGC_GEN_TYPE == _OGC_GEN_1)
  97          #if((_OGC_SUPPORT == _ON) || (_OCC_SUPPORT == _ON) || (_OGC_DICOM_SUPPORT == _ON))
  98          //--------------------------------------------------
  99          // Description  : Set Display Pattern Gen Color (10bit)
 100          // Input Value  : RGB Color
 101          // Output Value : None
 102          //--------------------------------------------------
 103          void ScalerDDomainPatternGenAdjustColor10bit(WORD usRed, WORD usGreen, WORD usBlue) // 10bit
 104          {
 105   1          ScalerSetByte(P7_F3_DISP_PG_R_INITIAL, (usRed >> 2));
 106   1          ScalerSetByte(P7_F4_DISP_PG_G_INITIAL, (usGreen >> 2));
 107   1          ScalerSetByte(P7_F5_DISP_PG_B_INITIAL, (usBlue >> 2));
 108   1          ScalerSetByte(P7_FC_D_PG_INITIAL_M_STEP_L, ((usRed & 0x03) << 4) | ((usGreen & 0x03) << 2) | (usBlue &
             - 0x03));
C51 COMPILER V9.60.0.0   SCALERDDOMAIN                                                     04/23/2026 13:53:49 PAGE 3   

 109   1          ScalerSetByte(P7_FD_D_PG_INITIAL_L_CTRL, 0x00);
 110   1      }
 111          #endif
 112          #endif
 113          
 114          #if(_FREESYNC_OD_MEASURE == _ON)
              //--------------------------------------------------
              // Description  : Set Background to Gray Level
              //                Specified by OD Calibration Tool
              // Input Value  : None
              // Output Value : None
              //--------------------------------------------------
              void ScalerDDomainFREESYNCODSetBackgroundGrayLevel(void)
              {
                  static BYTE sucSelectedBGGrayLevel = 0x00;
                  static BYTE sucPreviousBGGrayLevel = 0x00;
              
                  // This function borrows two registers from "D-domain pattern generator"
                  // 1. P7_F3_DISP_PG_R_INITIAL served as "specified gray level"
                  // 2. _BIT7 of P7_F4_DISP_PG_G_INITIAL served as "function enable" control bit
                  // OD calibration tool will use these two registers to communicate with firmware
              
                  // Enable Background
                  ScalerDDomainBackgroundEnable(_ENABLE);
              
                  if(ScalerGetBit(_FREESYNC_OD_MEASURE_GL_ENABLE_REG, _BIT7) == _BIT7)
                  {
                      sucPreviousBGGrayLevel = sucSelectedBGGrayLevel;
                      sucSelectedBGGrayLevel = ScalerGetByte(_FREESYNC_OD_MEASURE_GL_VALUE_REG);
              
                      if(sucPreviousBGGrayLevel != sucSelectedBGGrayLevel)
                      {
                          ScalerTimerWaitForEvent(_EVENT_DEN_STOP);
                          ScalerDDomainBackgroundSetColor(sucSelectedBGGrayLevel, sucSelectedBGGrayLevel, sucSelectedBGG
             -rayLevel);
                      }
                  }
                  else
                  {
                      // Enable Red Background
                      ScalerTimerWaitForEvent(_EVENT_DEN_STOP);
                      ScalerDDomainBackgroundSetColor(0xFF, 0x00, 0x00);
                  }
              }
              #endif
 153          


MODULE INFORMATION:   STATIC OVERLAYABLE
   CODE SIZE        =    128    ----
   CONSTANT SIZE    =   ----    ----
   XDATA SIZE       =   ----       2
   PDATA SIZE       =   ----    ----
   DATA SIZE        =   ----    ----
   IDATA SIZE       =   ----    ----
   BIT SIZE         =   ----       1
END OF MODULE INFORMATION.


C51 COMPILATION COMPLETE.  0 WARNING(S),  0 ERROR(S)
