C51 COMPILER V9.60.0.0   SYSMAIN                                                           04/23/2026 13:53:42 PAGE 1   


C51 COMPILER V9.60.0.0, COMPILATION OF MODULE SYSMAIN
OBJECT MODULE PLACED IN .\Output\RL6449_Project\SysMain.obj
COMPILER INVOKED BY: C:\Keil_v5\C51\BIN\C51.EXE Kernel\System\Code\SysMain.c LARGE OPTIMIZE(9,SPEED) INCDIR(.\Output\RL6
                    -449_Project;.\Project\Header;.\Pcb;.\Panel;.\Kernel\Device\Header;.\Kernel\Common;.\Kernel\System\Header;.\Kernel\Scaler
                    -\ScalerFunction\Header;.\Kernel\Scaler\ScalerCommonFunction\Header;.\Kernel\Scaler\ScalerFunction\Lib\Header;.\Kernel\Sc
                    -aler\ScalerCommonFunction\Lib\Header;.\Kernel\Scaler\RL6449_Series_Scaler\Header;.\Kernel\Scaler\RL6449_Series_Scaler\Li
                    -b\Header;.\Kernel\Scaler\RL6449_Series_Common\Header;.\Kernel\Scaler\RL6449_Series_Common\Lib\Header;.\Kernel\User Commo
                    -n Function\Header;.\User\RTD Series\RTD2014Function\Header;.\User\RTD Series\RTD2014Osd\Header;.\User\RTD Factory\Header
                    -;.\User\None Series\NoneFunction\Header;.\User\None Series\NoneOsd\Header;.\User\None Factory\Header;.\User\RTD Factory\
                    -Code) DEFINE(_PROJECT=_RL6449_PROJECT,_SCALER_TYPE=_RL6449_SERIES) DEBUG OBJECTEXTEND PRINT(.\Output\RL6449_Project\SysM
                    -ain.lst) TABS(2) OBJECT(.\Output\RL6449_Project\SysMain.obj)

line level    source

   1          /********************************************************************************/
   2          /*   Copyright (c) 2021 Realtek Semiconductor Corp. All rights reserved.        */
   3          /*                                                                              */
   4          /*   SPDX-License-Identifier: LicenseRef-Realtek-Proprietary                    */
   5          /*                                                                              */
   6          /*   This software component is confidential and proprietary to Realtek         */
   7          /*   Semiconductor Corp. Disclosure, reproduction, redistribution, in whole     */
   8          /*   or in part, of this work and its derivatives without express permission    */
   9          /*   is prohibited.                                                             */
  10          /********************************************************************************/
  11          
  12          //----------------------------------------------------------------------------------------------------
  13          // ID Code      : SysMain.c No.0000
  14          // Update Note  :
  15          //----------------------------------------------------------------------------------------------------
  16          
  17          #define __MAIN__
  18          
  19          #include "SysInclude.h"
  20          
  21          //****************************************************************************
  22          // DEFINITIONS / MACROS
  23          //****************************************************************************
  24          
  25          
  26          //****************************************************************************
  27          // STRUCT / TYPE / ENUM DEFINITTIONS
  28          //****************************************************************************
  29          
  30          
  31          //****************************************************************************
  32          // CODE TABLES
  33          //****************************************************************************
  34          
  35          
  36          //****************************************************************************
  37          // VARIABLE DECLARATIONS
  38          //****************************************************************************
  39          
  40          
  41          //****************************************************************************
  42          // FUNCTION DECLARATIONS
  43          //****************************************************************************
  44          void main(void);
  45          void SysMainSystemInitial(void);
  46          bit SysMainSytemPowerDetect(void);
  47          
C51 COMPILER V9.60.0.0   SYSMAIN                                                           04/23/2026 13:53:42 PAGE 2   

  48          #if((_DUAL_BANK_SUPPORT == _ON) &&\
  49             ((_DUAL_BANK_FLASH_PARTITION_SUPPORT == _OFF) ||\
  50             ((_DUAL_BANK_FLASH_PARTITION_SUPPORT == _ON) && (_DUAL_BANK_FLASH_PARTITION_BOOT_USER_SEL == _DUAL_BANK
             -_FLASH_PARTITION_USER))))
              void SysMainStartUserCode(BYTE ucBankAddress);
              #endif
  53          
  54          //****************************************************************************
  55          // FUNCTION DEFINITIONS
  56          //****************************************************************************
  57          //--------------------------------------------------
  58          // Description  : The main function
  59          // Input Value  : None
  60          // Output Value : None
  61          //--------------------------------------------------
  62          void main(void)
  63          {
  64   1          do
  65   1          {
  66   2              SysMainSystemInitial();
  67   2      
  68   2              while(SysMainSytemPowerDetect() == _TRUE)
  69   2              {
  70   3                  UserInterfaceKeyHandler();
  71   3                  SysPowerHandler();
  72   3                  SysJudgeHandler();
  73   3      
  74   3      #if(_AUDIO_SUPPORT == _ON)
  75   3                  SysAudioHandler();
  76   3      #endif
  77   3                  SysTimerHandler();
  78   3                  SysSourceHandler();
  79   3                  SysModeHandler();
  80   3      
  81   3      #if(_MHL_SUPPORT == _ON)
                          SysMHLMscHandler();
              #endif
  84   3      
  85   3      #if(_DP_TYPE_C_PORT_CTRL_SUPPORT == _ON)
                          SysTypeCHandler();
              
              #endif
  89   3      
  90   3      #if(_DP_SUPPORT == _ON)
  91   3                  SysDpRxHandler();
  92   3      #endif
  93   3      
  94   3      #if((_DVI_SUPPORT == _ON) || (_HDMI_SUPPORT == _ON))
  95   3                  SysTMDSRxHandler();
  96   3      
  97   3      #if(_HDMI_CEC_SUPPORT == _ON)
                          SysCecHandler();
              #endif
 100   3      #endif
 101   3      
 102   3      #if(_DP_TX_SUPPORT == _ON)
                          SysDpTxHandler();
              #endif
 105   3      
 106   3      #if(_EMBEDDED_DP_TX_SUPPORT == _ON)
                          SysDpEmbeddedTxHandler();
              #endif
C51 COMPILER V9.60.0.0   SYSMAIN                                                           04/23/2026 13:53:42 PAGE 3   

 109   3      
 110   3      #if(_DP_MST_SUPPORT == _ON)
                          SysDpMstHandler();
              #endif
 113   3      
 114   3      #if(_HDMI_TX_SUPPORT == _ON)
                          SysHdmiTxHandler();
              #endif
 117   3      
 118   3      #if(_HDCP_2_2_SUPPORT == _ON)
 119   3                  ScalerHdcp2Handler();
 120   3      #endif
 121   3      
 122   3      #if(_BILLBOARD_SCALER_SUPPORT == _ON)
                          ScalerBBHandler();
              #endif
 125   3      
 126   3      #if(_AUTO_TEST_SUPPORT == _ON)
                          SysAutotestHandler();
              #endif
 129   3      
 130   3                  UserCommonInterfaceOsdHandler();
 131   3      
 132   3      #if(_DDCCI_CODE_REDUCTION == _OFF)
 133   3                  UserCommonDdcciHandler();
 134   3      #endif
 135   3                  SysColorHandler();
 136   3                  ScalerDebug();
 137   3      
 138   3      #if(_DUAL_BANK_DEBUG_SUPPORT == _ON)
                          UserCommonDualBankUserDebug();
              #endif
 141   3              }
 142   2          }
 143   1          while(_TRUE);
 144   1      }
 145          
 146          //--------------------------------------------------
 147          // Description  : System AC on initial flow
 148          // Input Value  : None
 149          // Output Value : None
 150          //--------------------------------------------------
 151          void SysMainSystemInitial(void)
 152          {
 153   1          ScalerMcuInitial();
 154   1        UserCommonInterfacePanelPowerAction(_BACKLIGHT_OFF);
 155   1      
 156   1          ScalerPinshareInitial();
 157   1      #if((_DUAL_BANK_FLASH_PARTITION_SUPPORT == _ON) &&\
 158   1          ((_DUAL_BANK_FLASH_PARTITION_BOOT_USER_SEL == _DUAL_BANK_FLASH_PARTITION_BOOT) ||\
 159   1          (_DUAL_BANK_FLASH_PARTITION_BOOT_USER_SEL == _DUAL_BANK_FLASH_PARTITION_BOTH)))
              #if(_DUAL_BANK_FLASH_PARTITION_BOOT_USER_SEL == _DUAL_BANK_FLASH_PARTITION_BOTH)
                  if(GET_CURRENT_BANK_NUMBER() == 0x00)
              #endif
                  {
                      UserCommonDualBankProcess();
                  }
              #endif
 167   1          ScalerTimerInitialTimerEvent();
 168   1      
 169   1          UserCommonInterfaceInitial();
 170   1      
C51 COMPILER V9.60.0.0   SYSMAIN                                                           04/23/2026 13:53:42 PAGE 4   

 171   1          ScalerMcuDdcRamEnable();
 172   1      
 173   1          SysSourceInitial();
 174   1      
 175   1          SysPowerInitial();
 176   1      
 177   1      #if(_IR_SUPPORT == _IR_HW_SUPPORT)
 178   1          ScalerIRHWModeInitial();
 179   1      #endif
 180   1      
 181   1          SET_POWER_STATUS(_POWER_STATUS_AC_ON);
 182   1      
 183   1          if(UserCommonNVRamGetSystemData(_MONITOR_POWER_STATUS) == _ON)
 184   1          {
 185   2              SET_TARGET_POWER_STATUS(_POWER_STATUS_NORMAL);
 186   2          }
 187   1          else
 188   1          {
 189   2              SET_TARGET_POWER_STATUS(_POWER_STATUS_OFF);
 190   2          }
 191   1          SET_MODE_STATE(_MODE_STATUS_POWER_OFF);
 192   1      }
 193          
 194          //--------------------------------------------------
 195          // Description  : System power detect
 196          // Input Value  : None
 197          // Output Value : None
 198          //--------------------------------------------------
 199          bit SysMainSytemPowerDetect(void)
 200          {
 201   1          return PCB_POWER_5V_DETECT();
 202   1      }
 203          #if((_DUAL_BANK_SUPPORT == _ON) &&\
 204             ((_DUAL_BANK_FLASH_PARTITION_SUPPORT == _OFF) ||\
 205             ((_DUAL_BANK_FLASH_PARTITION_SUPPORT == _ON) && (_DUAL_BANK_FLASH_PARTITION_BOOT_USER_SEL == _DUAL_BANK
             -_FLASH_PARTITION_USER))))
              //--------------------------------------------------
              // Description  : Switch bank and jump to user code
              // Input Value  : None
              // Output Value : None
              //--------------------------------------------------
              void SysMainStartUserCode(BYTE ucBankAddress)
              {
              #if(_DUAL_BANK_COMPATIBLE_WITH_OLD_BOOT_SUPPORT == _OFF)
                  // Set bank offset for user code
                  SET_BANK_SWITCH_OFFSET(ucBankAddress);
              
                  // Disable Global INT
                  EA = _DISABLE;
              #endif
              
                  // Switch current bank
                  MCU_FFFF_PBANK_SWITCH = ucBankAddress;
              
                  // The below code is used here to ignore the pre-read code of mcu
                  _nop_();
                  _nop_();
                  _nop_();
                  _nop_();
              
              #if((_DUAL_BANK_FLASH_PARTITION_SUPPORT == _ON) && (_DUAL_BANK_FLASH_PARTITION_BOOT_USER_SEL == _DUAL_BANK
             -_FLASH_PARTITION_BOTH))
C51 COMPILER V9.60.0.0   SYSMAIN                                                           04/23/2026 13:53:42 PAGE 5   

                  if(GET_CURRENT_BANK_NUMBER() != 0x00)
              #endif
                  {
                      // Reset FW after switched to user code
                      ((void (*)(void))0x0000)();
                  }
              }
              #endif
 239          


MODULE INFORMATION:   STATIC OVERLAYABLE
   CODE SIZE        =    127    ----
   CONSTANT SIZE    =   ----    ----
   XDATA SIZE       =   ----    ----
   PDATA SIZE       =   ----    ----
   DATA SIZE        =   ----    ----
   IDATA SIZE       =   ----    ----
   BIT SIZE         =   ----    ----
END OF MODULE INFORMATION.


C51 COMPILATION COMPLETE.  0 WARNING(S),  0 ERROR(S)
