C51 COMPILER V9.60.0.0   USERCOMMONFWUPDATEFOREGROUND                                      04/23/2026 13:55:11 PAGE 1   


C51 COMPILER V9.60.0.0, COMPILATION OF MODULE USERCOMMONFWUPDATEFOREGROUND
OBJECT MODULE PLACED IN .\Output\RL6449_Project\UserCommonFwUpdateForeground.obj
COMPILER INVOKED BY: C:\Keil_v5\C51\BIN\C51.EXE Kernel\User Common Function\Code\UserCommonFwUpdateForeground.c LARGE OP
                    -TIMIZE(9,SPEED) INCDIR(.\Output\RL6449_Project;.\Project\Header;.\Pcb;.\Panel;.\Kernel\Device\Header;.\Kernel\Common;.\K
                    -ernel\System\Header;.\Kernel\Scaler\ScalerFunction\Header;.\Kernel\Scaler\ScalerCommonFunction\Header;.\Kernel\Scaler\Sc
                    -alerFunction\Lib\Header;.\Kernel\Scaler\ScalerCommonFunction\Lib\Header;.\Kernel\Scaler\RL6449_Series_Scaler\Header;.\Ke
                    -rnel\Scaler\RL6449_Series_Scaler\Lib\Header;.\Kernel\Scaler\RL6449_Series_Common\Header;.\Kernel\Scaler\RL6449_Series_Co
                    -mmon\Lib\Header;.\Kernel\User Common Function\Header;.\User\RTD Series\RTD2014Function\Header;.\User\RTD Series\RTD2014O
                    -sd\Header;.\User\RTD Factory\Header;.\User\None Series\NoneFunction\Header;.\User\None Series\NoneOsd\Header;.\User\None
                    - Factory\Header;.\User\RTD Factory\Code) DEFINE(_PROJECT=_RL6449_PROJECT,_SCALER_TYPE=_RL6449_SERIES) DEBUG OBJECTEXTEND
                    - PRINT(.\Output\RL6449_Project\UserCommonFwUpdateForeground.lst) TABS(2) OBJECT(.\Output\RL6449_Project\UserCommonFwUpda
                    -teForeground.obj)

line level    source

   1          /********************************************************************************/
   2          /*   Copyright (c) 2021 Realtek Semiconductor Corp. All rights reserved.        */
   3          /*                                                                              */
   4          /*   SPDX-License-Identifier: LicenseRef-Realtek-Proprietary                    */
   5          /*                                                                              */
   6          /*   This software component is confidential and proprietary to Realtek         */
   7          /*   Semiconductor Corp. Disclosure, reproduction, redistribution, in whole     */
   8          /*   or in part, of this work and its derivatives without express permission    */
   9          /*   is prohibited.                                                             */
  10          /********************************************************************************/
  11          
  12          //----------------------------------------------------------------------------------------------------
  13          // ID Code      : UserCommonFwUpdateForeground.c No.0000
  14          // Update Note  :
  15          //----------------------------------------------------------------------------------------------------
  16          
  17          #define __USER_COMMON_FW_UPDATE_FOREGROUND__
  18          
  19          #include "UserCommonInclude.h"
  20          
  21          #if(_FW_UPDATE_FOREGROUND_SUPPORT == _ON)
              //****************************************************************************
              // DEFINITIONS / MACROS
              //****************************************************************************
              
              //****************************************************************************
              // STRUCT / TYPE / ENUM DEFINITTIONS
              //****************************************************************************
              
              //****************************************************************************
              // CODE TABLES
              //****************************************************************************
              
              
              //****************************************************************************
              // VARIABLE DECLARATIONS
              //****************************************************************************
              StructFwUpdateForgroundScalerInfo g_stFwUpdateForegroundInfo = {_FALSE, _IDLE_STATUS};
              #if(_FW_UPDATE_FOREGROUND_EXIT_TYPE == _FW_UPDATE_FOREGROUND_RESTORE_SCENE)
              EnumPowerStatus g_enumFwUpdateForegroundPowerStatusBackup;
              #endif
              
              //****************************************************************************
              // FUNCTION DECLARATIONS
              //****************************************************************************
              bit UserCommonFwUpdateForegroundHandler(void);
C51 COMPILER V9.60.0.0   USERCOMMONFWUPDATEFOREGROUND                                      04/23/2026 13:55:11 PAGE 2   

              void UserCommonFwUpdateForegroundSetHighPriProcess(void);
              void UserCommonFwUpdateForegroundGetProjectIDAddrProcess(void);
              void UserCommonFwUpdateForegroundVerifyProjectIDProcess(void);
              void UserCommonFwUpdateForegroundStartProcess(void);
              void UserCommonFwUpdateForegroundWriteDataProcess(void);
              bit UserCommonFwUpdateForegroundWriteFwData(WORD usProgramLength);
              void UserCommonFwUpdateForegroundFinishProcess(void);
              void UserCommonFwUpdateForegroundGetFwVersionProcess(void);
              void UserCommonFwUpdateForegroundExitProcess(void);
              void UserCommonFwUpdateForegroundChangeModeProcess(void);
              void UserCommonFwUpdateForegroundSendReply(BYTE ucResult);
              bit UserCommonFwUpdateForegroundCheckProcess(void);
              bit UserCommonFwUpdateForegroundGetHighPriority(void);
              void UserCommonFwUpdateForegroundTimeoutExit(void);
              void UserCommonFwUpdateForegroundExitBeforeProgramData(void);
              
              #if((_DIGITAL_SIGNATURE_SUPPORT == _ON) && (_DIGITAL_SIGNATURE_TYPE == _DIGITAL_SIGNATURE_HW))
              bit UserCommonFwUpdateForegroundWriteKeyAndSignatureData(void);
              #endif
              #if(_FW_UPDATE_FOREGROUND_EXIT_TYPE == _FW_UPDATE_FOREGROUND_RESET)
              void UserCommonFwUpdateForegroundReset(void);
              #endif
              #if(_FW_UPDATE_FOREGROUND_EXIT_TYPE == _FW_UPDATE_FOREGROUND_RESTORE_SCENE)
              void UserCommonFwUpdateForegroundSceneBackup(void);
              void UserCommonFwUpdateForegroundRestoreScene(void);
              #endif
              
              //****************************************************************************
              // FUNCTION DEFINITIONS
              //****************************************************************************
              //--------------------------------------------------
              // Description  : Background Fw Update Handler
              // Input Value  : None
              // Output Value : None
              //--------------------------------------------------
              bit UserCommonFwUpdateForegroundHandler(void)
              {
                  bit bResult = _FALSE;
                  do
                  {
                      if((GET_FW_UPDATE_RUN_COMMAND() == _TRUE) && (GET_FW_UPDATE_MODE() == _FOREGROUND_MODE))
                      {
                          if(g_pucFwUpdateRxBuf[_FW_UPDATE_SUBADDRESS_INDEX] == _FW_UPDATE_FOREGROUND_CMD_SUB_ADDREESS)
                          {
                              ScalerTimerCancelTimerEvent(_SYSTEM_TIMER_EVENT_FW_UPDATE_FOREGROUND_EXIT);
                              switch(g_pucFwUpdateRxBuf[_FW_UPDATE_OPCODE_INDEX])
                              {
                                  case _FW_UPDATE_FOREGROUND_OPCODE_SET_HIGH_PRI_REQ:
                                      UserCommonFwUpdateForegroundSetHighPriProcess();
                                      ScalerTimerReactiveTimerEvent(_FW_UPDATE_FOREGROUND_EXIT_TIMER_COUNT, _SYSTEM_TIME
             -R_EVENT_FW_UPDATE_FOREGROUND_EXIT);
                                      break;
                                  case _FW_UPDATE_FOREGROUND_OPCODE_GET_PROJECT_ID_ADDR_REQ:
                                      UserCommonFwUpdateForegroundGetProjectIDAddrProcess();
                                      ScalerTimerReactiveTimerEvent(_FW_UPDATE_FOREGROUND_EXIT_TIMER_COUNT, _SYSTEM_TIME
             -R_EVENT_FW_UPDATE_FOREGROUND_EXIT);
                                      break;
                                  case _FW_UPDATE_FOREGROUND_OPCODE_VERIFY_PROJECT_ID_REQ:
                                      UserCommonFwUpdateForegroundVerifyProjectIDProcess();
                                      ScalerTimerReactiveTimerEvent(_FW_UPDATE_FOREGROUND_EXIT_TIMER_COUNT, _SYSTEM_TIME
             -R_EVENT_FW_UPDATE_FOREGROUND_EXIT);
                                      break;
C51 COMPILER V9.60.0.0   USERCOMMONFWUPDATEFOREGROUND                                      04/23/2026 13:55:11 PAGE 3   

                                  case _FW_UPDATE_FOREGROUND_OPCODE_START_REQ:
                                      UserCommonFwUpdateForegroundStartProcess();
                                      ScalerTimerReactiveTimerEvent(_FW_UPDATE_FOREGROUND_EXIT_TIMER_COUNT, _SYSTEM_TIME
             -R_EVENT_FW_UPDATE_FOREGROUND_EXIT);
                                      break;
                                  case _FW_UPDATE_FOREGROUND_OPCODE_FINISH_REQ:
                                      UserCommonFwUpdateForegroundFinishProcess();
                                      ScalerTimerReactiveTimerEvent(_FW_UPDATE_FOREGROUND_EXIT_TIMER_COUNT, _SYSTEM_TIME
             -R_EVENT_FW_UPDATE_FOREGROUND_EXIT);
                                      break;
                                  case _FW_UPDATE_FOREGROUND_OPCODE_GET_ACFWVER_REQ:
                                      UserCommonFwUpdateForegroundGetFwVersionProcess();
                                      ScalerTimerReactiveTimerEvent(_FW_UPDATE_FOREGROUND_EXIT_TIMER_COUNT, _SYSTEM_TIME
             -R_EVENT_FW_UPDATE_FOREGROUND_EXIT);
                                      break;
                                  case _FW_UPDATE_FOREGROUND_OPCODE_EXIT_REQ:
                                      UserCommonFwUpdateForegroundExitProcess();
                                      break;
                                  case _FW_UPDATE_FOREGROUND_OPCODE_CHANGE_MODE_REQ:
                                      UserCommonFwUpdateForegroundChangeModeProcess();
                                      break;
                                  default:
                                      ScalerFwUpdateSendReply(_FW_UPDATE_RESULT_COMMAND_ERROR);
                                      break;
                              }
                              bResult = _TRUE;
                          }
                          else if(g_pucFwUpdateRxBuf[_FW_UPDATE_SUBADDRESS_INDEX] == _FW_UPDATE_FOREGROUND_ISP_DATA_SUB_
             -ADDRESS)
                          {
                              ScalerTimerCancelTimerEvent(_SYSTEM_TIMER_EVENT_FW_UPDATE_FOREGROUND_EXIT);
                              UserCommonFwUpdateForegroundWriteDataProcess();
                              ScalerTimerReactiveTimerEvent(_FW_UPDATE_FOREGROUND_EXIT_TIMER_COUNT, _SYSTEM_TIMER_EVENT_
             -FW_UPDATE_FOREGROUND_EXIT);
                              bResult = _TRUE;
                          }
                          else
                          {
                              ScalerFwUpdateSendReply(_FW_UPDATE_RESULT_COMMAND_ERROR);
                              bResult = _TRUE;
                          }
                      }
              
                      if(UserCommonFwUpdateForegroundGetHighPriority() == _TRUE)
                      {
                          SysTimerFwUpdateForegroundHandler();
                      }
                  }while(UserCommonFwUpdateForegroundGetHighPriority() == _TRUE);
                  return bResult;
              }
              
              //--------------------------------------------------
              // Description  : Set Fw Update high Priority
              // Input Value  : None
              // Output Value : None
              //--------------------------------------------------
              void UserCommonFwUpdateForegroundSetHighPriProcess(void)
              {
                  SET_FW_UPDATE_FOREGROUND_HIGH_PRIORITY(g_pucFwUpdateRxBuf[2]);
              
                  // Send Reply
                  UserCommonFwUpdateForegroundSendReply(_FW_UPDATE_RESULT_IDLE_AND_SUCCESS);
C51 COMPILER V9.60.0.0   USERCOMMONFWUPDATEFOREGROUND                                      04/23/2026 13:55:11 PAGE 4   

              }
              
              //--------------------------------------------------
              // Description  : Get Project ID Address
              // Input Value  : None
              // Output Value : None
              //--------------------------------------------------
              void UserCommonFwUpdateForegroundGetProjectIDAddrProcess(void)
              {
                  BYTE pucszBuf[6] = {0};
                  pucszBuf[0] = _FW_UPDATE_RESULT_IDLE_AND_SUCCESS;
              
                  ScalerFwCheckGetProjectIDAddress(&pucszBuf[1]);
                  // Send Data
                  ScalerFwUpdateSendData(6, pucszBuf);
              }
              
              //--------------------------------------------------
              // Description  : Verify Project ID
              // Input Value  : None
              // Output Value : None
              //--------------------------------------------------
              void UserCommonFwUpdateForegroundVerifyProjectIDProcess(void)
              {
                  BYTE pucszBuf[_ISP_FW_CHECK_COMMAND_BUF_LEN] = {0};
                  EnumProjectIDVerifyResult enumResult = _ISP_FW_CHECK_VERIFY_FAIL;
              
                  memcpy(pucszBuf, &g_pucFwUpdateRxBuf[2], _ISP_FW_CHECK_COMMAND_BUF_LEN);
              
                  enumResult = ScalerFwCheckProjectIDVerify(pucszBuf);
                  if(enumResult == _ISP_FW_CHECK_VERIFY_FAIL)
                  {
                      UserCommonFwUpdateForegroundExitBeforeProgramData();
                      ScalerFwUpdateSendReply(_FW_UPDATE_RESULT_IDLE_AND_FAIL);
                      return;
                  }
              
                  SET_FW_UPDATE_VERIFY_ID_PASS(_TRUE);
                  // Send Data
                  UserCommonFwUpdateForegroundSendReply(_FW_UPDATE_RESULT_IDLE_AND_SUCCESS);
              }
              
              //--------------------------------------------------
              // Description  : Background Fw Update Start
              // Input Value  : None
              // Output Value : None
              //--------------------------------------------------
              void UserCommonFwUpdateForegroundStartProcess(void)
              {
                  BYTE ucResult = _FW_UPDATE_RESULT_IDLE_AND_SUCCESS;
                  BYTE ucStartBank = 0;
                  BYTE ucIndex = 0;
              
                  if(GET_FW_UPDATE_VERIFY_ID_PASS() == _FALSE)
                  {
                      UserCommonFwUpdateForegroundSendReply(_FW_UPDATE_RESULT_IDLE_AND_FAIL);
                      return;
                  }
                  g_stFwUpdateUserCommonInfo.usIspPageCount = (WORD)((WORD)(g_pucFwUpdateRxBuf[2] << 8) | g_pucFwUpdateR
             -xBuf[3]);
              #if((_DIGITAL_SIGNATURE_SUPPORT == _ON) && (_DIGITAL_SIGNATURE_TYPE == _DIGITAL_SIGNATURE_HW))
                  if(((_DUAL_BANK_USER_FW_CODE_SIZE * 65536) % g_stFwUpdateUserCommonInfo.usIspPageCount) != 0)
C51 COMPILER V9.60.0.0   USERCOMMONFWUPDATEFOREGROUND                                      04/23/2026 13:55:11 PAGE 5   

                  {
                      UserCommonFwUpdateForegroundSendReply(_FW_UPDATE_RESULT_IDLE_AND_FAIL);
                      return;
                  }
              #endif
              
              #if(_FW_UPDATE_FOREGROUND_EXIT_TYPE == _FW_UPDATE_FOREGROUND_RESTORE_SCENE)
                  if(g_stFwUpdateUserCommonInfo.usIspPageCount > _FW_UPDATE_FOREGROUND_RESTORE_SCENE_MAX_ISP_LEN)
                  {
                      UserCommonFwUpdateForegroundSendReply(_FW_UPDATE_RESULT_IDLE_AND_FAIL);
                      return;
                  }
              #else
                  if(g_stFwUpdateUserCommonInfo.usIspPageCount > _FW_UPDATE_FOREGROUND_RESET_MAX_ISP_LEN)
                  {
                      UserCommonFwUpdateForegroundSendReply(_FW_UPDATE_RESULT_IDLE_AND_FAIL);
                      return;
                  }
                  // Disable INT0
                  EX0 = 0;
              #endif
                  // Get Start Addrtess
                  if(UserCommonFwUpdateGetFwStartAddressAndFlagAddress(&g_stFwUpdateUserCommonInfo.ulFwStartAddress, &g_
             -stFwUpdateUserCommonInfo.stUserDataInfo) == _FALSE)
                  {
                      UserCommonFwUpdateForegroundSendReply(_FW_UPDATE_RESULT_IDLE_AND_FAIL);
                      return;
                  }
              #if(_FW_UPDATE_FOREGROUND_EXIT_TYPE == _FW_UPDATE_FOREGROUND_RESTORE_SCENE)
                  UserCommonFwUpdateForegroundSceneBackup();
              #endif
                  g_stFwUpdateUserCommonInfo.b1IspStartFlag = _TRUE;
                  g_stFwUpdateUserCommonInfo.ucCalCrc = 0;
                  g_stFwUpdateUserCommonInfo.ucFwCrc = 0;
                  g_stFwUpdateUserCommonInfo.ucLastBank = 0xFF;
                  g_stFwUpdateUserCommonInfo.ucLastSector = 0xFF;
                  g_stFwUpdateUserCommonInfo.ulFwCurrentAddress = g_stFwUpdateUserCommonInfo.ulFwStartAddress;
                  g_stFwUpdateUserCommonInfo.ulFwEndAddress = g_stFwUpdateUserCommonInfo.ulFwStartAddress + _DUAL_BANK_U
             -SER_FW_CODE_SIZE * 65536;
                  g_stFwUpdateUserCommonInfo.ulReceivedKeyAndSigLen = 0;
                  g_stFwUpdateUserCommonInfo.usIspKeyLen = 0;
                  g_stFwUpdateUserCommonInfo.usIspSigLen = 0;
                  SET_FW_UPDATE_FOREGROUND_STATUS(_FW_UPDATE_STATUS);
                  if(SysPowerGetPowerStatus() != _POWER_STATUS_NORMAL)
                  {
                      SysPowerSetTargetPowerStatus(_POWER_STATUS_NORMAL);
                  }
              
                  // Clear & Write Flag
                  ucStartBank = LOBYTE(HIWORD(g_stFwUpdateUserCommonInfo.ulFwStartAddress));
                  if((g_stFwUpdateUserCommonInfo.stUserDataInfo.ucUserDataBank >= ucStartBank) && (g_stFwUpdateUserCommo
             -nInfo.stUserDataInfo.ucUserDataBank < (ucStartBank + _DUAL_BANK_USER_FW_CODE_SIZE)))
                  {
                      ScalerFlashWREN(g_stFwUpdateUserCommonInfo.stUserDataInfo.ucUserDataBank, 0xFF);
                      ScalerFlashEraseBank(g_stFwUpdateUserCommonInfo.stUserDataInfo.ucUserDataBank);
                  }
                  else
                  {
                      for(ucIndex = g_stFwUpdateUserCommonInfo.stUserDataInfo.ucUserDataSectorStart; ucIndex <= g_stFwUp
             -dateUserCommonInfo.stUserDataInfo.ucUserDataSectorEnd; ucIndex++)
                      {
                          ScalerFlashErasePage(g_stFwUpdateUserCommonInfo.stUserDataInfo.ucUserDataBank, ucIndex);
C51 COMPILER V9.60.0.0   USERCOMMONFWUPDATEFOREGROUND                                      04/23/2026 13:55:11 PAGE 6   

                      }
                  }
              
                  // Send Data
                  UserCommonFwUpdateForegroundSendReply(ucResult);
              }
              //--------------------------------------------------
              // Description  : Background Fw Update Write Data
              // Input Value  : None
              // Output Value : None
              //--------------------------------------------------
              void UserCommonFwUpdateForegroundWriteDataProcess(void)
              {
                  WORD usIspLength = g_stFwUpdateUserCommonInfo.usIspPageCount;
              #if((_FW_UPDATE_CHECK_TYPE == _FW_UPDATE_CHECK_NONE) || (_FW_UPDATE_CHECK_TYPE == _FW_UPDATE_CHECK_PASSWOR
             -D))
              #if((_DIGITAL_SIGNATURE_SUPPORT == _ON) && (_DIGITAL_SIGNATURE_TYPE == _DIGITAL_SIGNATURE_HW))
                  BYTE ucBankCount = _DUAL_BANK_USER_FW_CODE_SIZE + 1;
              #else
                  BYTE ucBankCount = _DUAL_BANK_USER_FW_CODE_SIZE;
              #endif
                  BYTE xdata *pucIspXram = GET_ISP_XRAM_BUFFER(0);
              #endif
              
                  if(GET_FW_UPDATE_VERIFY_ID_PASS() == _FALSE)
                  {
                      UserCommonFwUpdateForegroundSendReply(_FW_UPDATE_RESULT_IDLE_AND_FAIL);
                      return;
                  }
              
                  if(g_stFwUpdateUserCommonInfo.b1IspStartFlag == _FALSE)
                  {
                      UserCommonFwUpdateForegroundSendReply(_FW_UPDATE_RESULT_IDLE_AND_FAIL);
                      return;
                  }
              
              #if((_FW_UPDATE_CHECK_TYPE == _FW_UPDATE_CHECK_NONE) || (_FW_UPDATE_CHECK_TYPE == _FW_UPDATE_CHECK_PASSWOR
             -D))
                  // Save Crc and fullfill last data 0xFF for CalulateCrc
                  if(((ucBankCount * 65536) % g_stFwUpdateUserCommonInfo.usIspPageCount) == 0)
                  {
                      if((g_stFwUpdateUserCommonInfo.ulFwCurrentAddress + g_stFwUpdateUserCommonInfo.ulReceivedKeyAndSig
             -Len) == (g_stFwUpdateUserCommonInfo.ulFwStartAddress + ucBankCount * 65536 - g_stFwUpdateUserCommonInfo.usIspPageCount))
                      {
                          g_stFwUpdateUserCommonInfo.ucFwCrc = pucIspXram[g_stFwUpdateUserCommonInfo.usIspPageCount - 1]
             -;
                          pucIspXram[g_stFwUpdateUserCommonInfo.usIspPageCount - 1] = 0xFF;
                      }
                  }
                  else
                  {
                      if((g_stFwUpdateUserCommonInfo.ulFwCurrentAddress + g_stFwUpdateUserCommonInfo.ulReceivedKeyAndSig
             -Len) == (g_stFwUpdateUserCommonInfo.ulFwStartAddress + ucBankCount * 65536 - ((ucBankCount * 65536) % g_stFwUpdateUserCo
             -mmonInfo.usIspPageCount)))
                      {
                          // Last packet data
                          usIspLength = ucBankCount * 65536 % g_stFwUpdateUserCommonInfo.usIspPageCount;
                          g_stFwUpdateUserCommonInfo.ucFwCrc = pucIspXram[usIspLength - 1];
                          pucIspXram[usIspLength - 1] = 0xFF;
                      }
                  }
                  g_stFwUpdateUserCommonInfo.ucCalCrc = UserCommonFwUpdateCalculateCrc(usIspLength, pucIspXram, g_stFwUp
C51 COMPILER V9.60.0.0   USERCOMMONFWUPDATEFOREGROUND                                      04/23/2026 13:55:11 PAGE 7   

             -dateUserCommonInfo.ucCalCrc);
              #endif
              
                  if(g_stFwUpdateUserCommonInfo.ulFwCurrentAddress < g_stFwUpdateUserCommonInfo.ulFwEndAddress)
                  {
                      if(UserCommonFwUpdateForegroundWriteFwData(usIspLength) == _FALSE)
                      {
                          UserCommonFwUpdateForegroundSendReply(_FW_UPDATE_RESULT_IDLE_AND_FAIL);
                          return;
                      }
                  }
                  else
                  {
                      // Write Key and Signature
              #if((_DIGITAL_SIGNATURE_SUPPORT == _ON) && (_DIGITAL_SIGNATURE_TYPE == _DIGITAL_SIGNATURE_HW))
                      if(UserCommonFwUpdateForegroundWriteKeyAndSignatureData() == _FALSE)
                      {
                          UserCommonFwUpdateForegroundSendReply(_FW_UPDATE_RESULT_IDLE_AND_FAIL);
                          return;
                      }
              #endif
                  }
                  UserCommonFwUpdateForegroundSendReply(_FW_UPDATE_RESULT_IDLE_AND_SUCCESS);
              }
              
              //--------------------------------------------------
              // Description  : Fw Update Write  Fw Data
              // Input Value  : None
              // Output Value : None
              //--------------------------------------------------
              bit UserCommonFwUpdateForegroundWriteFwData(WORD usProgramLength)
              {
                  BYTE ucCurrentBank = (g_stFwUpdateUserCommonInfo.ulFwCurrentAddress & 0xFF0000) >> 16;
                  BYTE ucCurrentSector = (g_stFwUpdateUserCommonInfo.ulFwCurrentAddress & 0xF000) >> 12;
                  WORD usCurrentAddress = g_stFwUpdateUserCommonInfo.ulFwCurrentAddress & 0xFFFF;
                  WORD usPage = 0;
                  WORD usProgramStartPage = 0;
                  WORD usProgramEndPage = 0;
                  WORD usProgramCurrentAddr = 0;
                  WORD usProgramCurrentLength = 0;
              #if((_FW_UPDATE_CHECK_TYPE == _FW_UPDATE_CHECK_NONE) || (_FW_UPDATE_CHECK_TYPE == _FW_UPDATE_CHECK_PASSWOR
             -D))
                  BYTE pucReadBuf[256] = {0};
              #endif
              
                  if((ucCurrentBank != g_stFwUpdateUserCommonInfo.stUserDataInfo.ucUserDataBank) || (ucCurrentSector != 
             -(g_stFwUpdateUserCommonInfo.stUserDataInfo.usFlagStartAddress >> 12)))
                  {
                      // Start and Dont Flag Sector Don't Erase or Write
                      usProgramStartPage = g_stFwUpdateUserCommonInfo.ulFwCurrentAddress / _FLASH_PROGRAM_SIZE;
                      usProgramEndPage = ((DWORD)g_stFwUpdateUserCommonInfo.ulFwCurrentAddress + g_stFwUpdateUserCommonI
             -nfo.usIspPageCount) / _FLASH_PROGRAM_SIZE;
                      if(((DWORD)g_stFwUpdateUserCommonInfo.ulFwCurrentAddress + g_stFwUpdateUserCommonInfo.usIspPageCou
             -nt) % _FLASH_PROGRAM_SIZE != 0)
                      {
                          usProgramEndPage = usProgramEndPage + 1;
                      }
                      for(usPage = usProgramStartPage; usPage < usProgramEndPage; usPage++)
                      {
                          // Assign usCurrentLength
                          if(((WORD)_FLASH_PROGRAM_SIZE) < ((usCurrentAddress % _FLASH_PROGRAM_SIZE) + usProgramLength))
                          {
C51 COMPILER V9.60.0.0   USERCOMMONFWUPDATEFOREGROUND                                      04/23/2026 13:55:11 PAGE 8   

                              usProgramCurrentLength = (WORD)_FLASH_PROGRAM_SIZE -    (usCurrentAddress % 256);
                          }
                          else
                          {
                              usProgramCurrentLength = usProgramLength;
                          }
                          // Erase Flash
                          if((ucCurrentBank != g_stFwUpdateUserCommonInfo.stUserDataInfo.ucUserDataBank) || (ucCurrentSe
             -ctor != (g_stFwUpdateUserCommonInfo.stUserDataInfo.usFlagStartAddress >> 12)))
                          {
                              if(((ucCurrentBank != g_stFwUpdateUserCommonInfo.ucLastBank)) && (ucCurrentBank != g_stFwU
             -pdateUserCommonInfo.stUserDataInfo.ucUserDataBank))
                              {
                                  ScalerFlashWREN(ucCurrentBank, 0xFF);
                                  ScalerFlashEraseBank(ucCurrentBank);
                              }
                              g_stFwUpdateUserCommonInfo.ucLastBank = ucCurrentBank;
                              g_stFwUpdateUserCommonInfo.ucLastSector = ucCurrentSector;
                              if(ScalerFlashWritePageProgram(ucCurrentBank, usCurrentAddress, usProgramCurrentLength, _F
             -ALSE, _FALSE) == _FALSE)
                              {
                                  return _FALSE;
                              }
              #if((_FW_UPDATE_CHECK_TYPE == _FW_UPDATE_CHECK_NONE) || (_FW_UPDATE_CHECK_TYPE == _FW_UPDATE_CHECK_PASSWOR
             -D))
                              // Read Check
                              memset(pucReadBuf, 0xFF, sizeof(pucReadBuf));
                              ScalerFlashRead(ucCurrentBank, usCurrentAddress, usProgramCurrentLength, pucReadBuf);
                              if(memcmp(GET_ISP_XRAM_BUFFER(0), pucReadBuf, usProgramCurrentLength) != 0)
                              {
                                  return _FALSE;
                              }
              #endif
                          }
                          g_stFwUpdateUserCommonInfo.ulFwCurrentAddress += usProgramCurrentLength;
                          usProgramLength = usProgramLength - usProgramCurrentLength;
                          if((usProgramStartPage != usProgramEndPage) && (usProgramLength != 0))
                          {
                              usProgramCurrentAddr = usProgramCurrentAddr + usProgramCurrentLength;
                              ucCurrentBank = (g_stFwUpdateUserCommonInfo.ulFwCurrentAddress & 0xFF0000) >> 16;
                              ucCurrentSector = (g_stFwUpdateUserCommonInfo.ulFwCurrentAddress & 0xF000) >> 12;
                              usCurrentAddress = g_stFwUpdateUserCommonInfo.ulFwCurrentAddress & 0xFFFF;
                              memcpy(GET_ISP_XRAM_BUFFER(0), GET_ISP_XRAM_BUFFER(usProgramCurrentLength), usProgramLengt
             -h);
                          }
                      }
                  }
                  else
                  {
                      g_stFwUpdateUserCommonInfo.ulFwCurrentAddress += g_stFwUpdateUserCommonInfo.usIspPageCount;
                  }
                  return _TRUE;
              }
              //--------------------------------------------------
              // Description  : Background Fw Update Finish
              // Input Value  : None
              // Output Value : None
              //--------------------------------------------------
              void UserCommonFwUpdateForegroundFinishProcess(void)
              {
                  BYTE ucResult = _FW_UPDATE_RESULT_IDLE_AND_SUCCESS;
              
C51 COMPILER V9.60.0.0   USERCOMMONFWUPDATEFOREGROUND                                      04/23/2026 13:55:11 PAGE 9   

                  if(GET_FW_UPDATE_VERIFY_ID_PASS() == _FALSE)
                  {
                      UserCommonFwUpdateForegroundSendReply(_FW_UPDATE_RESULT_IDLE_AND_FAIL);
                      return;
                  }
              
                  if(g_stFwUpdateUserCommonInfo.b1IspStartFlag == _FALSE)
                  {
                      UserCommonFwUpdateForegroundSendReply(_FW_UPDATE_RESULT_IDLE_AND_FAIL);
                      return;
                  }
              
                  if(UserCommonFwUpdateForegroundCheckProcess() == _FALSE)
                  {
                      ucResult = _FW_UPDATE_RESULT_IDLE_AND_FAIL;
                  }
                  else
                  {
                      if(UserCommonFwUpdateWriteDoneFlag() == _FALSE)
                      {
                          ucResult = _FW_UPDATE_RESULT_IDLE_AND_FAIL;
                      }
                  }
                  UserCommonFwUpdateForegroundSendReply(ucResult);
              
                  g_stFwUpdateUserCommonInfo.b1IspStartFlag = _FALSE;
                  g_stFwUpdateUserCommonInfo.ucCalCrc = 0;
                  g_stFwUpdateUserCommonInfo.ucFwCrc = 0;
                  g_stFwUpdateUserCommonInfo.ucLastBank = 0xFF;
                  g_stFwUpdateUserCommonInfo.ucLastSector = 0xFF;
              }
              
              //---------------------------------------------------------
              // Description  : Background Fw Update Get Active Fw Version
              // Input Value  : None
              // Output Value : None
              //---------------------------------------------------------
              void UserCommonFwUpdateForegroundGetFwVersionProcess(void)
              {
                  BYTE pucVersionReply[7] = {0};
              
                  UserCommonFwUpdateGetFwVersion(pucVersionReply);
              
                  // Enable mcu write and reset buffer
                  ScalerFwUpdateSendData(7, pucVersionReply);
              }
              
              //---------------------------------------------------------
              // Description  : Background Fw Update ExiT
              // Input Value  : None
              // Output Value : None
              //---------------------------------------------------------
              void UserCommonFwUpdateForegroundExitProcess(void)
              {
              #if(_FW_UPDATE_FOREGROUND_EXIT_TYPE == _FW_UPDATE_FOREGROUND_RESET)
                  UserCommonFwUpdateForegroundReset();
              #elif(_FW_UPDATE_FOREGROUND_EXIT_TYPE == _FW_UPDATE_FOREGROUND_RESTORE_SCENE)
                  UserCommonFwUpdateForegroundRestoreScene();
              #endif
              }
              
              //---------------------------------------------------------
C51 COMPILER V9.60.0.0   USERCOMMONFWUPDATEFOREGROUND                                      04/23/2026 13:55:11 PAGE 10  

              // Description  :  Foreground Fw Update Change Mode
              // Input Value  : None
              // Output Value : None
              //---------------------------------------------------------
              void UserCommonFwUpdateForegroundChangeModeProcess(void)
              {
                  ScalerFwUpdateExit();
              }
              
              
              //--------------------------------------------------
              // Description  : Fw Update Forground Send Reply
              // Input Value  : None
              // Output Value : None
              //--------------------------------------------------
              void UserCommonFwUpdateForegroundSendReply(BYTE ucResult)
              {
                  ScalerFwUpdateSendReply(ucResult);
              }
              
              //--------------------------------------------------
              // Description  : Fw Update Forground Check
              // Input Value  : None
              // Output Value : None
              //--------------------------------------------------
              bit UserCommonFwUpdateForegroundCheckProcess(void)
              {
              #if(_FW_UPDATE_CHECK_TYPE == _FW_UPDATE_CHECK_PASSWORD)
                  // Check Password
                  BYTE ucBank = ((g_stFwUpdateUserCommonInfo.ulFwStartAddress >> 16) & 0xFF) + _FW_UPDATE_PASSWORD_BANK;
              #endif
              
              #if((_FW_UPDATE_CHECK_TYPE == _FW_UPDATE_CHECK_NONE) || (_FW_UPDATE_CHECK_TYPE == _FW_UPDATE_CHECK_PASSWOR
             -D))
                  // Check CRC
                  if(g_stFwUpdateUserCommonInfo.ucFwCrc != g_stFwUpdateUserCommonInfo.ucCalCrc)
                  {
                      return _FALSE;
                  }
              #endif
              
              #if(_FW_UPDATE_CHECK_TYPE == _FW_UPDATE_CHECK_PASSWORD)
                  // Check Password
                  return UserCommonFwUpdatePasswordVerify(ucBank, _FW_UPDATE_PASSWORD_ADDRESS);
              #endif
              
              #if(_FW_UPDATE_CHECK_TYPE == _FW_UPDATE_CHECK_RTK_RSA2048)
                  // Check RTK 2048
                  return UserCommonFwUpdateRTKRsa2048SignatureVerify();
              #endif
                  return _TRUE;
              }
              
              //--------------------------------------------------
              // Description  : User Common Get High Priority
              // Input Value  : None
              // Output Value : None
              //--------------------------------------------------
              bit UserCommonFwUpdateForegroundGetHighPriority(void)
              {
                  if(ScalerFwUpdateForegroundGetStatus() == _TRUE)
                  {
C51 COMPILER V9.60.0.0   USERCOMMONFWUPDATEFOREGROUND                                      04/23/2026 13:55:11 PAGE 11  

                      if(SysPowerGetPowerStatus() == _POWER_STATUS_NORMAL)
                      {
                          return GET_FW_UPDATE_FOREGROUND_HIGH_PRIORITY();
                      }
                      else
                      {
                          SysPowerSetTargetPowerStatus(_POWER_STATUS_NORMAL);
                          return _FALSE;
                      }
                  }
                  return GET_FW_UPDATE_FOREGROUND_HIGH_PRIORITY();
              }
              //--------------------------------------------------
              // Description  : Commnad Timeout
              // Input Value  : None
              // Output Value : None
              //--------------------------------------------------
              void UserCommonFwUpdateForegroundTimeoutExit(void)
              {
                  if(GET_FW_UPDATE_FOREGROUND_STATUS() != _FW_UPDATE_STATUS)
                  {
                      UserCommonFwUpdateForegroundExitBeforeProgramData();
                  }
                  else
                  {
                      UserCommonFwUpdateForegroundExitProcess();
                  }
              }
              
              //--------------------------------------------------
              // Description  : Exit Before Program Data
              // Input Value  : None
              // Output Value : None
              //--------------------------------------------------
              void UserCommonFwUpdateForegroundExitBeforeProgramData(void)
              {
                  SET_FW_UPDATE_FOREGROUND_HIGH_PRIORITY(_FALSE);
                  SET_FW_UPDATE_FOREGROUND_STATUS(_IDLE_STATUS);
                  SET_FW_UPDATE_VERIFY_ID_PASS(_FALSE);
                  ScalerFwUpdateExit();
              }
              
              #if((_DIGITAL_SIGNATURE_SUPPORT == _ON) && (_DIGITAL_SIGNATURE_TYPE == _DIGITAL_SIGNATURE_HW))
              //--------------------------------------------------
              // Description  : Fw Update Write Key and Signature Data
              // Input Value  : None
              // Output Value : None
              //--------------------------------------------------
              bit UserCommonFwUpdateForegroundWriteKeyAndSignatureData(void)
              {
                  BYTE pucReadBuf[256] = {0};
                  WORD usCurrentAddress = 0;
                  WORD usTmpKeyLen = 0;
                  WORD usTmpSigLen = 0;
                  DWORD ulTotalLen = ((DWORD)_DIGITAL_SIGNATURE_INFO_HEADER_SIZE + g_stFwUpdateUserCommonInfo.stUserData
             -Info.usKeyLen + g_stFwUpdateUserCommonInfo.stUserDataInfo.usSignatureLen);
              
                  if(g_stFwUpdateUserCommonInfo.ulReceivedKeyAndSigLen >= ulTotalLen)
                  {
                      g_stFwUpdateUserCommonInfo.ulReceivedKeyAndSigLen += g_stFwUpdateUserCommonInfo.usIspPageCount;
                      return _TRUE;
                  }
C51 COMPILER V9.60.0.0   USERCOMMONFWUPDATEFOREGROUND                                      04/23/2026 13:55:11 PAGE 12  

              
                  if(g_stFwUpdateUserCommonInfo.ulReceivedKeyAndSigLen > _DIGITAL_SIGNATURE_INFO_HEADER_SIZE)
                  {
                      // ISP Key;
                      if(g_stFwUpdateUserCommonInfo.usIspKeyLen < g_stFwUpdateUserCommonInfo.stUserDataInfo.usKeyLen)
                      {
                          if((g_stFwUpdateUserCommonInfo.usIspKeyLen + g_stFwUpdateUserCommonInfo.usIspPageCount) < g_st
             -FwUpdateUserCommonInfo.stUserDataInfo.usKeyLen)
                          {
                              usCurrentAddress = g_stFwUpdateUserCommonInfo.stUserDataInfo.usKeyStartAddress + g_stFwUpd
             -ateUserCommonInfo.usIspKeyLen;
                              ScalerFlashWrite(g_stFwUpdateUserCommonInfo.stUserDataInfo.ucUserDataBank, usCurrentAddres
             -s, g_stFwUpdateUserCommonInfo.usIspPageCount, GET_ISP_XRAM_BUFFER(0));
                              // Read Check
                              memset(pucReadBuf, 0xFF, sizeof(pucReadBuf));
                              ScalerFlashRead(g_stFwUpdateUserCommonInfo.stUserDataInfo.ucUserDataBank, usCurrentAddress
             -, g_stFwUpdateUserCommonInfo.usIspPageCount, pucReadBuf);
                              if(memcmp(GET_ISP_XRAM_BUFFER(0), pucReadBuf, g_stFwUpdateUserCommonInfo.usIspPageCount) !
             -= 0)
                              {
                                  return _FALSE;
                              }
                              g_stFwUpdateUserCommonInfo.usIspKeyLen += g_stFwUpdateUserCommonInfo.usIspPageCount;
                          }
                          else
                          {
                              usCurrentAddress = g_stFwUpdateUserCommonInfo.stUserDataInfo.usKeyStartAddress + g_stFwUpd
             -ateUserCommonInfo.usIspKeyLen;
                              usTmpKeyLen = g_stFwUpdateUserCommonInfo.stUserDataInfo.usKeyLen - g_stFwUpdateUserCommonI
             -nfo.usIspKeyLen;
                              if(usTmpKeyLen > 0)
                              {
                                  ScalerFlashWrite(g_stFwUpdateUserCommonInfo.stUserDataInfo.ucUserDataBank, usCurrentAd
             -dress, usTmpKeyLen, GET_ISP_XRAM_BUFFER(0));
                                  // Read Check
                                  memset(pucReadBuf, 0xFF, sizeof(pucReadBuf));
                                  ScalerFlashRead(g_stFwUpdateUserCommonInfo.stUserDataInfo.ucUserDataBank, usCurrentAdd
             -ress, usTmpKeyLen, pucReadBuf);
                                  if(memcmp(GET_ISP_XRAM_BUFFER(0), pucReadBuf, usTmpKeyLen) != 0)
                                  {
                                      return _FALSE;
                                  }
                                  g_stFwUpdateUserCommonInfo.usIspKeyLen += usTmpKeyLen;
                              }
                              // isp Signaure data
                              usTmpSigLen = g_stFwUpdateUserCommonInfo.usIspPageCount - usTmpKeyLen;
                              if(usTmpSigLen > 0)
                              {
                                  usCurrentAddress = g_stFwUpdateUserCommonInfo.stUserDataInfo.usSignatureStartAddress;
                                  memcpy(GET_ISP_XRAM_BUFFER(0), GET_ISP_XRAM_BUFFER(usTmpKeyLen), usTmpSigLen);
                                  ScalerFlashWrite(g_stFwUpdateUserCommonInfo.stUserDataInfo.ucUserDataBank, usCurrentAd
             -dress, usTmpSigLen, GET_ISP_XRAM_BUFFER(0));
                                  // Read Check
                                  memset(pucReadBuf, 0xFF, sizeof(pucReadBuf));
                                  ScalerFlashRead(g_stFwUpdateUserCommonInfo.stUserDataInfo.ucUserDataBank, usCurrentAdd
             -ress, usTmpSigLen, pucReadBuf);
                                  if(memcmp(GET_ISP_XRAM_BUFFER(0), pucReadBuf, usTmpSigLen) != 0)
                                  {
                                      return _FALSE;
                                  }
                                  g_stFwUpdateUserCommonInfo.usIspSigLen += usTmpSigLen;
                              }
C51 COMPILER V9.60.0.0   USERCOMMONFWUPDATEFOREGROUND                                      04/23/2026 13:55:11 PAGE 13  

                          }
                      }
                      else
                      {
                          // ISP Signature;
                          if(g_stFwUpdateUserCommonInfo.usIspSigLen < g_stFwUpdateUserCommonInfo.stUserDataInfo.usSignat
             -ureLen)
                          {
                              if((g_stFwUpdateUserCommonInfo.usIspSigLen + g_stFwUpdateUserCommonInfo.usIspPageCount) < 
             -g_stFwUpdateUserCommonInfo.stUserDataInfo.usSignatureLen)
                              {
                                  usCurrentAddress = g_stFwUpdateUserCommonInfo.stUserDataInfo.usSignatureStartAddress +
             - g_stFwUpdateUserCommonInfo.usIspSigLen;
                                  ScalerFlashWrite(g_stFwUpdateUserCommonInfo.stUserDataInfo.ucUserDataBank, usCurrentAd
             -dress, g_stFwUpdateUserCommonInfo.usIspPageCount, GET_ISP_XRAM_BUFFER(0));
                                  // Read Check
                                  ScalerFlashRead(g_stFwUpdateUserCommonInfo.stUserDataInfo.ucUserDataBank, usCurrentAdd
             -ress, g_stFwUpdateUserCommonInfo.usIspPageCount, pucReadBuf);
                                  if(memcmp(GET_ISP_XRAM_BUFFER(0), pucReadBuf, g_stFwUpdateUserCommonInfo.usIspPageCoun
             -t) != 0)
                                  {
                                      return _FALSE;
                                  }
                                  g_stFwUpdateUserCommonInfo.usIspSigLen += g_stFwUpdateUserCommonInfo.usIspPageCount;
                              }
                              else
                              {
                                  usCurrentAddress = g_stFwUpdateUserCommonInfo.stUserDataInfo.usSignatureStartAddress +
             - g_stFwUpdateUserCommonInfo.usIspSigLen;
                                  usTmpSigLen = g_stFwUpdateUserCommonInfo.stUserDataInfo.usSignatureLen - g_stFwUpdateU
             -serCommonInfo.usIspSigLen;
                                  if(usTmpSigLen > 0)
                                  {
                                      ScalerFlashWrite(g_stFwUpdateUserCommonInfo.stUserDataInfo.ucUserDataBank, usCurre
             -ntAddress, usTmpSigLen, GET_ISP_XRAM_BUFFER(0));
                                      // Read Check
                                      memset(pucReadBuf, 0xFF, sizeof(pucReadBuf));
                                      ScalerFlashRead(g_stFwUpdateUserCommonInfo.stUserDataInfo.ucUserDataBank, usCurren
             -tAddress, usTmpSigLen, pucReadBuf);
                                      if(memcmp(GET_ISP_XRAM_BUFFER(0), pucReadBuf, usTmpSigLen) != 0)
                                      {
                                          return _FALSE;
                                      }
                                      g_stFwUpdateUserCommonInfo.usIspSigLen += usTmpKeyLen;
                                  }
                              }
                          }
                      }
                  }
                  else
                  {
                      if((g_stFwUpdateUserCommonInfo.ulReceivedKeyAndSigLen + g_stFwUpdateUserCommonInfo.usIspPageCount)
             - > _DIGITAL_SIGNATURE_INFO_HEADER_SIZE)
                      {
                          if(g_stFwUpdateUserCommonInfo.usIspPageCount > _DIGITAL_SIGNATURE_INFO_HEADER_SIZE)
                          {
                              usTmpKeyLen = g_stFwUpdateUserCommonInfo.usIspPageCount - _DIGITAL_SIGNATURE_INFO_HEADER_S
             -IZE;
                              usCurrentAddress = g_stFwUpdateUserCommonInfo.stUserDataInfo.usKeyStartAddress;
                              memcpy(GET_ISP_XRAM_BUFFER(0), (volatile BYTE xdata *)(_HW_FLASH_PROG_USING_XRAM_START_ADD
             -R + _DIGITAL_SIGNATURE_INFO_HEADER_SIZE), usTmpKeyLen);
                              ScalerFlashWrite(g_stFwUpdateUserCommonInfo.stUserDataInfo.ucUserDataBank, usCurrentAddres
C51 COMPILER V9.60.0.0   USERCOMMONFWUPDATEFOREGROUND                                      04/23/2026 13:55:11 PAGE 14  

             -s, usTmpKeyLen, GET_ISP_XRAM_BUFFER(0));
                              // Read Check
                              memset(pucReadBuf, 0xFF, sizeof(pucReadBuf));
                              ScalerFlashRead(g_stFwUpdateUserCommonInfo.stUserDataInfo.ucUserDataBank, usCurrentAddress
             -, usTmpKeyLen, pucReadBuf);
                              if(memcmp(GET_ISP_XRAM_BUFFER(0), pucReadBuf, usTmpKeyLen) != 0)
                              {
                                  return _FALSE;
                              }
                              g_stFwUpdateUserCommonInfo.usIspKeyLen += usTmpKeyLen;
                          }
                          else
                          {
                              usTmpKeyLen = (g_stFwUpdateUserCommonInfo.ulReceivedKeyAndSigLen + g_stFwUpdateUserCommonI
             -nfo.usIspPageCount) - _DIGITAL_SIGNATURE_INFO_HEADER_SIZE;
                              usCurrentAddress = g_stFwUpdateUserCommonInfo.stUserDataInfo.usKeyStartAddress;
                              usTmpSigLen = g_stFwUpdateUserCommonInfo.usIspPageCount - usTmpKeyLen;
                              memcpy(GET_ISP_XRAM_BUFFER(0), GET_ISP_XRAM_BUFFER(usTmpSigLen), usTmpKeyLen);
                              ScalerFlashWrite(g_stFwUpdateUserCommonInfo.stUserDataInfo.ucUserDataBank, usCurrentAddres
             -s, usTmpKeyLen, GET_ISP_XRAM_BUFFER(0));
                              // Read Check
                              memset(pucReadBuf, 0xFF, sizeof(pucReadBuf));
                              ScalerFlashRead(g_stFwUpdateUserCommonInfo.stUserDataInfo.ucUserDataBank, usCurrentAddress
             -, usTmpKeyLen, pucReadBuf);
                              if(memcmp(GET_ISP_XRAM_BUFFER(0), pucReadBuf, usTmpKeyLen) != 0)
                              {
                                  return _FALSE;
                              }
                              g_stFwUpdateUserCommonInfo.usIspKeyLen += usTmpKeyLen;
                          }
                      }
                  }
                  g_stFwUpdateUserCommonInfo.ulReceivedKeyAndSigLen += g_stFwUpdateUserCommonInfo.usIspPageCount;
              
                  return _TRUE;
              }
              #endif
              
              #if(_FW_UPDATE_FOREGROUND_EXIT_TYPE == _FW_UPDATE_FOREGROUND_RESET)
              //--------------------------------------------------
              // Description  : Foreground Fw Update Restore Reset
              // Input Value  : none
              // Output Value : None
              //--------------------------------------------------
              void UserCommonFwUpdateForegroundReset(void)
              {
                  ScalerFlashWRDis();
                  ScalerFwUpdateForegroundReset();
              }
              #endif
              
              #if(_FW_UPDATE_FOREGROUND_EXIT_TYPE == _FW_UPDATE_FOREGROUND_RESTORE_SCENE)
              //--------------------------------------------------
              // Description  : Foreground Fw Update Scene Backup
              // Input Value  : none
              // Output Value : None
              //--------------------------------------------------
              void UserCommonFwUpdateForegroundSceneBackup(void)
              {
                  g_enumFwUpdateForegroundPowerStatusBackup = SysPowerGetPowerStatus();
                  ScalerFwUpdateForegroundSceneBackup();
              }
C51 COMPILER V9.60.0.0   USERCOMMONFWUPDATEFOREGROUND                                      04/23/2026 13:55:11 PAGE 15  

              
              //--------------------------------------------------
              // Description  : Foreground Fw Update Restore Scene
              // Input Value  : none
              // Output Value : None
              //--------------------------------------------------
              void UserCommonFwUpdateForegroundRestoreScene(void)
              {
                  ScalerFlashWRDis();
                  UserCommonFwUpdateForegroundExitBeforeProgramData();
                  SysPowerSetTargetPowerStatus(g_enumFwUpdateForegroundPowerStatusBackup);
                  ScalerFwUpdateForegroundRestoreScene();
              }
              #endif
              
              #endif
 809          


MODULE INFORMATION:   STATIC OVERLAYABLE
   CODE SIZE        =   ----    ----
   CONSTANT SIZE    =   ----    ----
   XDATA SIZE       =   ----    ----
   PDATA SIZE       =   ----    ----
   DATA SIZE        =   ----    ----
   IDATA SIZE       =   ----    ----
   BIT SIZE         =   ----    ----
END OF MODULE INFORMATION.


C51 COMPILATION COMPLETE.  0 WARNING(S),  0 ERROR(S)
