C51 COMPILER V9.60.0.0   USERCOMMONDUALBANKUSERTABLEII                                     04/23/2026 13:55:09 PAGE 1   


C51 COMPILER V9.60.0.0, COMPILATION OF MODULE USERCOMMONDUALBANKUSERTABLEII
OBJECT MODULE PLACED IN .\Output\RL6449_Project\UserCommonDualBankUserTableII.obj
COMPILER INVOKED BY: C:\Keil_v5\C51\BIN\C51.EXE Kernel\User Common Function\Code\UserCommonDualBankUserTableII.c LARGE O
                    -PTIMIZE(9,SPEED) INCDIR(.\Output\RL6449_Project;.\Project\Header;.\Pcb;.\Panel;.\Kernel\Device\Header;.\Kernel\Common;.\
                    -Kernel\System\Header;.\Kernel\Scaler\ScalerFunction\Header;.\Kernel\Scaler\ScalerCommonFunction\Header;.\Kernel\Scaler\S
                    -calerFunction\Lib\Header;.\Kernel\Scaler\ScalerCommonFunction\Lib\Header;.\Kernel\Scaler\RL6449_Series_Scaler\Header;.\K
                    -ernel\Scaler\RL6449_Series_Scaler\Lib\Header;.\Kernel\Scaler\RL6449_Series_Common\Header;.\Kernel\Scaler\RL6449_Series_C
                    -ommon\Lib\Header;.\Kernel\User Common Function\Header;.\User\RTD Series\RTD2014Function\Header;.\User\RTD Series\RTD2014
                    -Osd\Header;.\User\RTD Factory\Header;.\User\None Series\NoneFunction\Header;.\User\None Series\NoneOsd\Header;.\User\Non
                    -e Factory\Header;.\User\RTD Factory\Code) DEFINE(_PROJECT=_RL6449_PROJECT,_SCALER_TYPE=_RL6449_SERIES) DEBUG OBJECTEXTEN
                    -D PRINT(.\Output\RL6449_Project\UserCommonDualBankUserTableII.lst) TABS(2) OBJECT(.\Output\RL6449_Project\UserCommonDual
                    -BankUserTableII.obj)

line level    source

   1          /********************************************************************************/
   2          /*   Copyright (c) 2021 Realtek Semiconductor Corp. All rights reserved.        */
   3          /*                                                                              */
   4          /*   SPDX-License-Identifier: LicenseRef-Realtek-Proprietary                    */
   5          /*                                                                              */
   6          /*   This software component is confidential and proprietary to Realtek         */
   7          /*   Semiconductor Corp. Disclosure, reproduction, redistribution, in whole     */
   8          /*   or in part, of this work and its derivatives without express permission    */
   9          /*   is prohibited.                                                             */
  10          /********************************************************************************/
  11          
  12          //----------------------------------------------------------------------------------------------------
  13          // ID Code      : UserCommonDualBankUserTableII.c No.0000
  14          // Update Note  :
  15          //----------------------------------------------------------------------------------------------------
  16          
  17          #define __USER_COMMON_DUAL_BANK_USER_TABLEII__
  18          
  19          #include "UserCommonInclude.h"
  20          
  21          //****************************************************************************
  22          // DEFINITIONS / MACROS
  23          //****************************************************************************
  24          
  25          //****************************************************************************
  26          // STRUCT / TYPE / ENUM DEFINITTIONS
  27          //****************************************************************************
  28          
  29          //****************************************************************************
  30          // CODE TABLES
  31          //****************************************************************************
  32          #if(_DUAL_BANK_USER_II_DATA_TABLE_SUPPORT == _ON)
              BYTE code tDUALBANK_FILLHEXII[_DUALBANK_FILL_LENGTH * 1024] =
              {
              #if(_DUALBANK_FILL_LENGTH >= 1)
              #include <UserCommonDualBankUser1KTable.h>
              #endif
              #if(_DUALBANK_FILL_LENGTH >= 2)
              #include <UserCommonDualBankUser1KTable.h>
              #endif
              #if(_DUALBANK_FILL_LENGTH >= 3)
              #include <UserCommonDualBankUser1KTable.h>
              #endif
              #if(_DUALBANK_FILL_LENGTH >= 4)
              #include <UserCommonDualBankUser1KTable.h>
              #endif
C51 COMPILER V9.60.0.0   USERCOMMONDUALBANKUSERTABLEII                                     04/23/2026 13:55:09 PAGE 2   

              #if(_DUALBANK_FILL_LENGTH >= 5)
              #include <UserCommonDualBankUser1KTable.h>
              #endif
              #if(_DUALBANK_FILL_LENGTH >= 6)
              #include <UserCommonDualBankUser1KTable.h>
              #endif
              #if(_DUALBANK_FILL_LENGTH >= 7)
              #include <UserCommonDualBankUser1KTable.h>
              #endif
              #if(_DUALBANK_FILL_LENGTH >= 8)
              #include <UserCommonDualBankUser1KTable.h>
              #endif
              #if(_DUALBANK_FILL_LENGTH >= 9)
              #include <UserCommonDualBankUser1KTable.h>
              #endif
              #if(_DUALBANK_FILL_LENGTH >= 10)
              #include <UserCommonDualBankUser1KTable.h>
              #endif
              #if(_DUALBANK_FILL_LENGTH >= 11)
              #include <UserCommonDualBankUser1KTable.h>
              #endif
              #if(_DUALBANK_FILL_LENGTH >= 12)
              #include <UserCommonDualBankUser1KTable.h>
              #endif
              };
              #endif
  73          
  74          //****************************************************************************
  75          // VARIABLE DECLARATIONS
  76          //****************************************************************************
  77          
  78          
  79          //****************************************************************************
  80          // FUNCTION DECLARATIONS
  81          //****************************************************************************
  82          
  83          
  84          //****************************************************************************
  85          // FUNCTION DEFINITIONS
  86          //****************************************************************************
  87          


MODULE INFORMATION:   STATIC OVERLAYABLE
   CODE SIZE        =   ----    ----
   CONSTANT SIZE    =   ----    ----
   XDATA SIZE       =   ----    ----
   PDATA SIZE       =   ----    ----
   DATA SIZE        =   ----    ----
   IDATA SIZE       =   ----    ----
   BIT SIZE         =   ----    ----
END OF MODULE INFORMATION.


C51 COMPILATION COMPLETE.  0 WARNING(S),  0 ERROR(S)
