C51 COMPILER V9.60.0.0   USERCOMMONPORTCONTROLLEREMBEDDED                                  04/23/2026 13:55:04 PAGE 1   


C51 COMPILER V9.60.0.0, COMPILATION OF MODULE USERCOMMONPORTCONTROLLEREMBEDDED
OBJECT MODULE PLACED IN .\Output\RL6449_Project\UserCommonPortControllerEmbedded.obj
COMPILER INVOKED BY: C:\Keil_v5\C51\BIN\C51.EXE Kernel\User Common Function\Code\UserCommonPortControllerEmbedded.c LARG
                    -E OPTIMIZE(9,SPEED) INCDIR(.\Output\RL6449_Project;.\Project\Header;.\Pcb;.\Panel;.\Kernel\Device\Header;.\Kernel\Common
                    -;.\Kernel\System\Header;.\Kernel\Scaler\ScalerFunction\Header;.\Kernel\Scaler\ScalerCommonFunction\Header;.\Kernel\Scale
                    -r\ScalerFunction\Lib\Header;.\Kernel\Scaler\ScalerCommonFunction\Lib\Header;.\Kernel\Scaler\RL6449_Series_Scaler\Header;
                    -.\Kernel\Scaler\RL6449_Series_Scaler\Lib\Header;.\Kernel\Scaler\RL6449_Series_Common\Header;.\Kernel\Scaler\RL6449_Serie
                    -s_Common\Lib\Header;.\Kernel\User Common Function\Header;.\User\RTD Series\RTD2014Function\Header;.\User\RTD Series\RTD2
                    -014Osd\Header;.\User\RTD Factory\Header;.\User\None Series\NoneFunction\Header;.\User\None Series\NoneOsd\Header;.\User\
                    -None Factory\Header;.\User\RTD Factory\Code) DEFINE(_PROJECT=_RL6449_PROJECT,_SCALER_TYPE=_RL6449_SERIES) DEBUG OBJECTEX
                    -TEND PRINT(.\Output\RL6449_Project\UserCommonPortControllerEmbedded.lst) TABS(2) OBJECT(.\Output\RL6449_Project\UserComm
                    -onPortControllerEmbedded.obj)

line level    source

   1          /********************************************************************************/
   2          /*   Copyright (c) 2021 Realtek Semiconductor Corp. All rights reserved.        */
   3          /*                                                                              */
   4          /*   SPDX-License-Identifier: LicenseRef-Realtek-Proprietary                    */
   5          /*                                                                              */
   6          /*   This software component is confidential and proprietary to Realtek         */
   7          /*   Semiconductor Corp. Disclosure, reproduction, redistribution, in whole     */
   8          /*   or in part, of this work and its derivatives without express permission    */
   9          /*   is prohibited.                                                             */
  10          /********************************************************************************/
  11          
  12          //----------------------------------------------------------------------------------------------------
  13          // ID Code      : UserCommonPortControllerEmbedded.c No.0000
  14          // Update Note  :
  15          //----------------------------------------------------------------------------------------------------
  16          
  17          #define __USER_COMMON_PORTCONTROLLEREMBEDDED__
  18          
  19          #include "UserCommonInclude.h"
  20          
  21          #if(_DP_TYPE_C_PORT_CTRL_SUPPORT == _ON)
              #if(_PORT_CONTROLLER_EMBEDDED_SUPPORT == _ON)
              
              //****************************************************************************
              // DEFINITIONS / MACROS
              //****************************************************************************
              
              //****************************************************************************
              // STRUCT / TYPE / ENUM DEFINITTIONS
              //****************************************************************************
              
              
              //****************************************************************************
              // CODE TABLES
              //****************************************************************************
              
              
              //****************************************************************************
              // VARIABLE DECLARATIONS
              //****************************************************************************
              
              
              //****************************************************************************
              // FUNCTION DECLARATIONS
              //****************************************************************************
              #if(_USB3_RETIMER_SUPPORT == _ON)
C51 COMPILER V9.60.0.0   USERCOMMONPORTCONTROLLEREMBEDDED                                  04/23/2026 13:55:04 PAGE 2   

              EnumUSBPSSupportStatus UserCommonPortControllerGetUsbPSStatus(void);
              EnumUSBPDSupportStatus UserCommonPortControllerGetUsbPDStatus(void);
              #endif
              #if(_DP_USB_HUB_SUPPORT == _ON)
              EnumHubInputPort UserCommonPortControllerGetHubInputPort(BYTE ucInputPort);
              #endif
              
              //****************************************************************************
              // FUNCTION DEFINITIONS
              //****************************************************************************
              #if(_USB3_RETIMER_SUPPORT == _ON)
              //--------------------------------------------------
              // Description  : Get USB3 Retimer PS Support Status
              // Input Value  : void
              // Output Value : EnumUSBPDSupportStatus
              //--------------------------------------------------
              EnumUSBPSSupportStatus UserCommonPortControllerGetUsbPSStatus(void)
              {
                  // Set USB Power Saving Status for Retimer Power Switch Use
                  ScalerUSB3RetimerSetPSStatus(UserInterfaceGetUSBPSSupportStatus());
              
                  return ScalerUSB3RetimerGetPSStatus();
              }
              
              //--------------------------------------------------
              // Description  : Get USB3 Retimer PS Support Status
              // Input Value  : void
              // Output Value : EnumUSBPDSupportStatus
              //--------------------------------------------------
              EnumUSBPDSupportStatus UserCommonPortControllerGetUsbPDStatus(void)
              {
                  // Set USB Power Off Status for Retimer Power Switch Use
                  ScalerUSB3RetimerSetPDStatus(UserInterfaceGetUSBPDSupportStatus());
              
                  return ScalerUSB3RetimerGetPDStatus();
              }
              #endif
              
              #if(_DP_USB_HUB_SUPPORT == _ON)
              //--------------------------------------------------
              // Description  : Return Hub Input Port to Kernel
              // Input Value  : ucInputPort
              // Output Value : EnumHubInputPort
              //--------------------------------------------------
              EnumHubInputPort UserCommonPortControllerGetHubInputPort(BYTE ucInputPort)
              {
                  EnumHubInputPort enumHubInputPort = _HUB_UFP_TYPE_C_INPUT_PORT;
              
                  switch(ucInputPort)
                  {
              #if(_D0_DP_TYPE_C_USB_HUB_TYPE != _USB_HUB_NONE)
                      case _D0_INPUT_PORT:
              
                          enumHubInputPort = UserInterfaceTypeCHubInputPort(_D0_INPUT_PORT);
              
                          break;
              #endif
              
                      default:
              
                          break;
                  }
C51 COMPILER V9.60.0.0   USERCOMMONPORTCONTROLLEREMBEDDED                                  04/23/2026 13:55:04 PAGE 3   

              
                  return enumHubInputPort;
              }
              #endif
              #endif // End of #if(_PORT_CONTROLLER_EMBEDDED_SUPPORT == _ON)
              #endif // End of #if(_DP_TYPE_C_PORT_CTRL_SUPPORT == _ON)


MODULE INFORMATION:   STATIC OVERLAYABLE
   CODE SIZE        =   ----    ----
   CONSTANT SIZE    =   ----    ----
   XDATA SIZE       =   ----    ----
   PDATA SIZE       =   ----    ----
   DATA SIZE        =   ----    ----
   IDATA SIZE       =   ----    ----
   BIT SIZE         =   ----    ----
END OF MODULE INFORMATION.


C51 COMPILATION COMPLETE.  0 WARNING(S),  0 ERROR(S)
